%%%%%%%%%%%%%%%%%%%%%%%%%%%%%%%%%%%%%%%%%%%%%%%%%%%%%%%%%%%%%%%%%%%%%%%%%%%%%%%%
%% DEVICE INFO:
%% Device Type: SERVO-U0
%% System Version: 1.0
%% Sampling Time: 010
%% Device System SW version: SERVO-U,2.2.0.55516
%% Application Name: SERVO Tracker U/n/air
%% Build Info: Build: Sep 26 2016 / 16:27:37
%% Measurement at Y-piece enabled: 
%% PC Time: 20181205174709
%% Device Time: 20181205182644
%% Servo Serial Number: 26155
%% Protocol Version:  2
%% Log start: 2018-12-05:17:47:27.490
%% Log stop:  2018-12-05:17:48:01.124
%%%%%%%%%%%%%%%%%%%%%%%%%%%%%%%%%%%%%%%%%%%%%%%%%%%%%%%%%%%%%%%%%%%%%%%%%%%%%%%%
% Ch_100 (b/min)     : RR
% Ch_101 (ml)        : TVe
% Ch_102 (ml)        : TVi
% Ch_103 (l/min)     : MVi
% Ch_104 (l/min)     : MVe
% Ch_105 (cmH20)     : Peak Press.
% Ch_106 (cmH20)     : Mean Press.
% Ch_107 (cmH20)     : Pause Press.
% Ch_108 (cmH20)     : End Exp. Press.
% Ch_109 (%)         : O2 conc.
% Ch_110 (mBar)      : Barom. Press.
% Ch_111 (mBar)      : Gas supply, Air
% Ch_112 (mBar)      : Gas supply, O2
% Ch_113 (ml)        : CO2 Tidal Prod.
% Ch_114 (%)         : End Tidal conc.
% Ch_115 (mmHg)      : End tidal conc.
% Ch_116 (kPa)       : End tidal conc.
% Ch_117 (ml/min)    : CO2 Min. Prod.
% Ch_118 (cmh20/l/s) : Exp. Resist.
% Ch_119 (ml/cmH2o)  : Static Compl.
% Ch_120 (ml/s)      : End exp. flow
% Ch_121 (cmh20/l/s) : Insp. Resist.
% Ch_122 ()          : I:E ratio
% Ch_123 (s)         : Ti.
% Ch_124 (ml/cmH2o)  : Fixed value = 0x7EFF
% Ch_125 (ml/cmH2o)  : Dynamic Charact.
% Ch_126 (%)         : Leakage Fraction
% Ch_127 (cmH20/l)   : Elastance
% Ch_128 ()          : Ti/Ttot
% Ch_129 (cmH20)     : Total PEEP
% Ch_130 (b/min)     : Spontaneous RR
% Ch_131 (l/min)     : MVe spont
% Ch_132 ()          : MVe spont/MVe in Bi-Vent/APRV
% Ch_133 (s)         : Time constant
% Ch_134 (j/l)       : WOB ventilator
% Ch_135 (j/l)       : WOB patient
% Ch_136 (cmH20)     : CPAP
% Ch_137 (cmH20)     : P01
% Ch_138 (uV)        : Edi Peak
% Ch_139 (uV)        : Edi min
% Ch_140 (-)         : Trig cause
% Ch_141 (-)         : End Insp. cause
% Ch_142 (-)         : Exp. Trig cause
% Ch_143 (b/min/l)   : Shallow Breathing index
% Ch_144 (min)       : Remaining nebulization time
% Ch_145 (ml/kg)     : VTe/Predicted Body Weight
% Phase: 16=Insp., 32=Pause, 48=Exp.
%%%%%%%%%%%%%%%%%%%%%%%%%%%%%%%%%%%%%%%%%%%%%%%%%%%%%%%%%%%%%%%%%%%%%%%%%%%%%%%%
%% Timestamp	     Counter	      Ch_100	      Ch_101	      Ch_102	      Ch_103	      Ch_104	      Ch_105	      Ch_106	      Ch_107	      Ch_108	      Ch_109	      Ch_110	      Ch_111	      Ch_112	      Ch_113	      Ch_114	      Ch_115	      Ch_116	      Ch_117	      Ch_118	      Ch_119	      Ch_120	      Ch_121	      Ch_122	      Ch_123	      Ch_124	      Ch_125	      Ch_126	      Ch_127	      Ch_128	      Ch_129	      Ch_130	      Ch_131	      Ch_132	      Ch_133	      Ch_134	      Ch_135	      Ch_136	      Ch_137	      Ch_138	      Ch_139	      Ch_140	      Ch_141	      Ch_142	      Ch_143	      Ch_144	      Ch_145	       Phase
        2530	         255	        21.8	        68.4	        46.2	        0.98	        0.95	        11.8	         7.5	       32511	         5.9	        80.3	        1017	        4086	        3974	       32511	       32511	       32511	       32511	       32511	       32511	       32511	         4.0	       32511	       32511	       32511	       32511	        11.6	        15.0	       32511	      0.2500	       32511	        21.8	        0.95	       32511	       32511	        0.32	        0.00	       32511	         0.6	        5.17	        0.41	           5	           2	           2	         319	       32511	        17.1	          16
        5530	         558	        19.7	        56.2	        64.6	        0.96	        1.01	        11.1	         6.8	       32511	         6.5	        80.3	        1017	        4086	        3972	       32511	       32511	       32511	       32511	       32511	       32511	       32511	         3.8	       32511	       32511	       32511	       32511	        12.4	        16.0	       32511	      0.1600	       32511	        19.7	        1.01	       32511	       32511	        0.26	        0.00	       32511	         0.6	        6.82	        0.16	           5	           2	           2	         350	       32511	        14.1	          16
        8330	         841	        21.8	        67.8	        68.6	        1.03	        1.06	        12.5	         7.4	       32511	         6.1	        80.4	        1017	        4086	        3980	       32511	       32511	       32511	       32511	       32511	       32511	       32511	         0.0	       32511	       32511	       32511	       32511	        11.0	        16.0	       32511	      0.2200	       32511	        21.8	        1.06	       32511	       32511	        0.31	        0.00	       32511	         0.7	        8.69	        0.26	           5	           2	           2	         322	       32511	        16.9	          16
       12930	        1304	        19.6	        62.2	        71.8	        1.07	        1.01	        14.5	         7.2	       32511	         6.3	        80.2	        1017	        4084	        3970	       32511	       32511	       32511	       32511	       32511	       32511	       32511	         0.0	       32511	       32511	       32511	       32511	         8.2	        18.0	       32511	      0.1500	       32511	        19.6	        1.01	       32511	       32511	        0.43	        0.00	       32511	         0.7	       12.30	        0.14	           3	           2	           2	         316	       32511	        15.5	          16
       19930	        2013	        17.0	        73.8	        61.4	        0.92	        0.95	        13.7	         7.9	       32511	         6.4	        80.3	        1017	        4092	        3982	       32511	       32511	       32511	       32511	       32511	       32511	       32511	         3.8	       32511	       32511	       32511	       32511	        10.2	        17.0	       32511	      0.2500	       32511	        17.0	        0.95	       32511	       32511	        0.50	        0.00	       32511	         1.4	        6.10	        0.22	           5	           2	           2	         230	       32511	        18.5	          16
       22730	        2296	        17.2	        69.4	        70.0	        1.04	        1.07	        12.7	         7.6	       32511	         5.7	        80.3	        1017	        4086	        3972	       32511	       32511	       32511	       32511	       32511	       32511	       32511	         0.5	       32511	       32511	       32511	       32511	        10.0	        15.0	       32511	      0.2500	       32511	        17.2	        1.07	       32511	       32511	        0.31	        0.00	       32511	         1.3	        9.60	        0.24	           3	           2	           2	         248	       32511	        17.4	          16
       25730	        2599	        17.5	        79.0	        75.8	        1.08	        1.13	        17.7	         8.1	       32511	         6.0	        80.2	        1017	        4090	        3980	       32511	       32511	       32511	       32511	       32511	       32511	       32511	         3.0	       32511	       32511	       32511	       32511	         6.8	        14.0	       32511	      0.2300	       32511	        17.5	        1.13	       32511	       32511	        0.62	        0.00	       32511	         1.2	       13.33	        0.31	           5	           2	           2	         222	       32511	        19.8	          16
       29530	        2982	        17.5	        60.8	        68.0	        1.12	        1.14	        12.7	         7.1	       32511	         6.1	        80.2	        1017	        4086	        3980	       32511	       32511	       32511	       32511	       32511	       32511	       32511	         0.0	       32511	       32511	       32511	       32511	         9.4	        14.0	       32511	      0.1700	       32511	        17.5	        1.14	       32511	       32511	        0.36	        0.00	       32511	         1.3	        9.28	        0.16	           3	           2	           2	         288	       32511	        15.2	          16
       33130	        3345	        15.7	        56.6	        56.6	        1.22	        1.12	        13.9	         7.4	       32511	         6.1	        80.2	        1017	        4086	        3980	       32511	       32511	       32511	       32511	       32511	       32511	       32511	         1.5	       32511	       32511	       32511	       32511	         7.3	        15.0	       32511	      0.2000	       32511	        15.7	        1.12	       32511	       32511	        0.39	        0.00	       32511	         1.2	        7.50	        0.07	           3	           2	           2	         277	       32511	        14.2	          16
