%% Timestamp	     Counter	      Ch_000	      Ch_001	      Ch_002	      Ch_003	       Phase
        9780	         988	       -24.3	         6.7	        30.4	        0.94	          48
        9790	         989	       -23.5	         6.7	        29.8	        0.89	          48
        9800	         990	       -23.5	         6.7	        29.8	        0.89	          48
        9810	         991	       -23.0	         6.7	        29.6	        0.86	          48
        9820	         992	       -22.5	         6.6	        29.4	        0.86	          48
        9830	         993	       -22.8	         6.6	        29.2	        0.83	          48
        9840	         994	       -22.8	         6.6	        29.0	        0.83	          48
        9850	         995	       -22.8	         6.6	        28.8	        0.76	          48
        9860	         996	       -23.0	         6.6	        28.4	        0.70	          48
        9870	         997	       -23.0	         6.6	        28.0	        0.64	          48
        9880	         998	       -23.0	         6.6	        28.0	        0.64	          48
        9890	         999	       -22.8	         6.6	        27.8	        0.60	          48
        9900	        1000	       -22.8	         6.6	        27.6	        0.60	          48
        9910	        1001	       -23.0	         6.6	        27.4	        0.59	          48
        9920	        1002	       -22.8	         6.6	        27.2	        0.59	          48
        9930	        1003	       -22.8	         6.6	        26.8	        0.59	          48
        9940	        1004	       -22.8	         6.6	        26.6	        0.56	          48
        9950	        1005	       -22.8	         6.6	        26.2	        0.51	          48
        9960	        1006	       -22.8	         6.6	        26.2	        0.51	          48
        9970	        1007	       -22.8	         6.6	        26.0	        0.57	          48
        9980	        1008	       -22.3	         6.6	        25.8	        0.57	          48
        9990	        1009	       -22.0	         6.6	        25.6	        0.56	          48
       10000	        1010	       -21.5	         6.5	        25.4	        0.56	          48
       10010	        1011	       -20.5	         6.5	        25.2	        0.60	          48
       10020	        1012	       -20.5	         6.5	        25.0	        0.58	          48
       10030	        1013	       -20.0	         6.5	        24.8	        0.58	          48
       10040	        1014	       -19.8	         6.5	        24.4	        0.48	          48
       10050	        1015	       -19.8	         6.5	        24.4	        0.48	          48
       10060	        1016	       -20.0	         6.5	        24.2	        0.48	          48
       10070	        1017	       -20.3	         6.4	        24.0	        0.46	          48
       10080	        1018	       -19.0	         6.4	        23.8	        0.46	          48
       10090	        1019	       -19.0	         6.4	        23.6	        0.43	          48
       10100	        1020	       -19.3	         6.4	        23.4	        0.43	          48
       10110	        1021	       -18.5	         6.4	        23.2	        0.43	          48
       10120	        1022	       -18.0	         6.4	        23.0	        0.44	          48
       10130	        1023	       -18.5	         6.4	        22.6	        0.39	          48
       10140	        1024	       -18.5	         6.4	        22.6	        0.39	          48
       10150	        1025	       -18.3	         6.4	        22.4	        0.32	          48
       10160	        1026	       -17.8	         6.4	        22.2	        0.32	          48
       10170	        1027	       -18.0	         6.4	        22.0	        0.26	          48
       10180	        1028	       -18.0	         6.4	        21.8	        0.24	          48
       10190	        1029	       -18.3	         6.4	        21.6	        0.24	          48
       10200	        1030	       -18.5	         6.4	        21.6	        0.24	          48
       10210	        1031	       -19.0	         6.4	        21.4	        0.27	          48
       10220	        1032	       -19.0	         6.4	        21.2	        0.27	          48
       10230	        1033	       -19.0	         6.4	        21.0	        0.26	          48
       10240	        1034	       -19.0	         6.4	        20.8	        0.26	          48
       10250	        1035	       -18.3	         6.4	        20.4	        0.25	          48
       10260	        1036	       -18.3	         6.4	        20.4	        0.25	          48
       10270	        1037	       -17.8	         6.4	        20.2	        0.25	          48
       10280	        1038	       -17.3	         6.4	        20.0	        0.23	          48
       10290	        1039	       -16.5	         6.4	        19.8	        0.23	          48
       10300	        1040	       -16.3	         6.4	        19.8	        0.25	          48
       10310	        1041	       -16.3	         6.4	        19.6	        0.26	          48
       10320	        1042	       -16.0	         6.4	        19.4	        0.26	          48
       10330	        1043	       -16.0	         6.4	        19.2	        0.22	          48
       10340	        1044	       -16.5	         6.4	        19.0	        0.18	          48
       10350	        1045	       -16.8	         6.3	        18.8	        0.18	          48
       10360	        1046	       -16.0	         6.3	        18.8	        0.16	          48
       10370	        1047	       -15.5	         6.3	        18.4	        0.15	          48
       10380	        1048	       -15.5	         6.3	        18.4	        0.15	          48
       10390	        1049	       -15.5	         6.3	        18.2	        0.14	          48
       10400	        1050	       -14.8	         6.3	        18.2	        0.14	          48
       10410	        1051	       -14.3	         6.3	        18.0	        0.16	          48
       10420	        1052	       -15.0	         6.3	        17.8	        0.16	          48
       10430	        1053	       -15.3	         6.3	        17.6	        0.16	          48
       10440	        1054	       -15.0	         6.3	        17.6	        0.16	          48
       10450	        1055	       -15.5	         6.3	        17.2	        0.20	          48
       10460	        1056	       -15.5	         6.3	        17.2	        0.20	          48
       10470	        1057	       -15.8	         6.3	        17.0	        0.20	          48
       10480	        1058	       -15.5	         6.3	        16.8	        0.20	          48
       10490	        1059	       -15.0	         6.3	        16.8	        0.20	          48
       10500	        1060	       -15.0	         6.3	        16.6	        0.20	          48
       10510	        1061	       -14.0	         6.3	        16.4	        0.20	          48
       10520	        1062	       -13.5	         6.2	        16.4	        0.20	          48
       10530	        1063	       -12.3	         6.2	        16.2	        0.20	          48
       10540	        1064	       -11.3	         6.2	        16.0	        0.20	          48
       10550	        1065	       -10.0	         6.1	        16.0	        0.20	          48
       10560	        1066	        -8.5	         6.0	        15.8	        0.20	          48
       10570	        1067	        -8.5	         6.0	        15.8	        0.20	          48
       10580	        1068	        -7.5	         6.0	        15.8	        0.20	          48
       10590	        1069	        -7.5	         6.0	        15.6	        0.20	          48
       10600	        1070	        -7.3	         5.9	        15.6	        0.20	          48
       10610	        1071	        -7.0	         5.9	        15.6	        0.20	          48
       10620	        1072	        -6.5	         5.9	        15.4	        0.20	          48
       10630	        1073	        -6.5	         5.8	        15.4	        0.20	          48
       10640	        1074	        -6.5	         5.8	        15.4	        0.20	          48
       10650	        1075	        -6.5	         5.8	        15.2	        0.20	          48
       10660	        1076	        -6.5	         5.8	        15.2	        0.18	          48
       10670	        1077	        -6.8	         5.8	        15.2	        0.18	          48
       10680	        1078	        -7.0	         5.8	        15.0	        0.21	          48
       10690	        1079	        -7.0	         5.8	        15.0	        0.21	          48
       10700	        1080	        -7.0	         5.9	        15.0	        0.26	          48
       10710	        1081	        -7.3	         5.9	        14.8	        0.26	          48
       10720	        1082	        -7.0	         6.0	        14.8	        0.32	          48
       10730	        1083	        -7.3	         6.0	        14.8	        0.27	          48
       10740	        1084	        -7.0	         6.0	        14.6	        0.27	          48
       10750	        1085	        -7.0	         6.1	        14.6	        0.25	          48
       10760	        1086	        -6.8	         6.1	        14.6	        0.23	          48
       10770	        1087	        -6.3	         6.1	        14.4	        0.23	          48
       10780	        1088	        -5.8	         6.1	        14.4	        0.23	          48
       10790	        1089	        -4.5	         6.1	        14.2	        0.24	          48
       10800	        1090	        -4.5	         6.1	        14.2	        0.24	          48
       10810	        1091	        -3.5	         6.1	        14.2	        0.22	          48
       10820	        1092	        -2.8	         6.1	        14.2	        0.22	          48
       10830	        1093	        -2.0	         6.1	        14.2	        0.18	          48
       10840	        1094	        -2.0	         6.1	        14.2	        0.19	          48
       10850	        1095	        -1.5	         6.1	        14.2	        0.19	          48
       10860	        1096	        -1.3	         6.1	        14.2	        0.18	          48
       10870	        1097	        -1.5	         6.0	        14.2	        0.22	          48
       10880	        1098	        -1.5	         6.1	        14.2	        0.22	          48
       10890	        1099	        -2.0	         6.1	        14.2	        0.21	          48
       10900	        1100	        -2.5	         6.1	        14.0	        0.25	          48
       10910	        1101	        -3.0	         6.1	        14.0	        0.31	          48
       10920	        1102	        -3.0	         6.1	        14.0	        0.31	          48
       10930	        1103	        -3.0	         6.1	        14.0	        0.31	          48
       10940	        1104	        -3.5	         6.2	        14.0	        0.32	          48
       10950	        1105	        -3.5	         6.2	        14.0	        0.35	          48
       10960	        1106	        -3.5	         6.2	        13.8	        0.35	          48
       10970	        1107	        -4.0	         6.2	        13.8	        0.38	          48
       10980	        1108	        -4.5	         6.2	        13.8	        0.33	          48
       10990	        1109	        -5.3	         6.3	        13.8	        0.32	          48
       11000	        1110	        -5.3	         6.3	        13.8	        0.32	          48
       11010	        1111	        -5.0	         6.3	        13.6	        0.32	          48
       11020	        1112	        -5.0	         6.3	        13.6	        0.32	          48
       11030	        1113	        -5.0	         6.3	        13.6	        0.32	          48
       11040	        1114	        -5.0	         6.3	        13.6	        0.29	          48
       11050	        1115	        -4.5	         6.3	        13.4	        0.30	          48
       11060	        1116	        -4.3	         6.3	        13.4	        0.30	          48
       11070	        1117	        -4.8	         6.3	        13.4	        0.27	          48
       11080	        1118	        -4.5	         6.2	        13.4	        0.24	          48
       11090	        1119	        -4.0	         6.2	        13.2	        0.24	          48
       11100	        1120	        -3.5	         6.2	        13.2	        0.23	          48
       11110	        1121	        -3.5	         6.2	        13.2	        0.23	          48
       11120	        1122	        -3.3	         6.2	        13.2	        0.23	          48
       11130	        1123	        -3.3	         6.2	        13.2	        0.22	          48
       11140	        1124	        -4.0	         6.2	        13.2	        0.22	          48
       11150	        1125	        -4.5	         6.2	        13.0	        0.21	          48
       11160	        1126	        -4.8	         6.2	        13.0	        0.20	          48
       11170	        1127	        -4.8	         6.2	        13.0	        0.20	          48
       11180	        1128	        -4.0	         6.1	        12.8	        0.19	          48
       11190	        1129	        -4.0	         6.1	        12.8	        0.19	          48
       11200	        1130	        -3.5	         6.1	        12.8	        0.20	          48
       11210	        1131	        -3.0	         6.1	        12.8	        0.20	          48
       11220	        1132	        -3.0	         6.1	        12.8	        0.20	          48
       11230	        1133	        -2.8	         6.1	        12.8	        0.20	          48
       11240	        1134	        -2.8	         6.1	        12.8	        0.20	          48
       11250	        1135	        -3.0	         6.1	        12.8	        0.20	          48
       11260	        1136	        -2.8	         6.1	        12.6	        0.20	          48
       11270	        1137	        -2.5	         6.1	        12.6	        0.20	          48
       11280	        1138	        -2.5	         6.1	        12.6	        0.20	          48
       11290	        1139	        -2.5	         6.2	        12.6	        0.20	          48
       11300	        1140	        -3.3	         6.2	        12.6	        0.20	          48
       11310	        1141	        -2.8	         6.1	        12.6	        0.25	          48
       11320	        1142	        -2.8	         6.1	        12.6	        0.25	          48
       11330	        1143	        -2.5	         6.1	        12.4	        0.25	          48
       11340	        1144	        -2.5	         6.1	        12.4	        0.25	          48
       11350	        1145	        -2.0	         6.1	        12.4	        0.25	          48
       11360	        1146	        -1.0	         6.1	        12.4	        0.23	          48
       11370	        1147	        -1.0	         6.1	        12.4	        0.30	          48
       11380	        1148	        -0.8	         6.0	        12.4	        0.30	          48
       11390	        1149	         0.0	         6.0	        12.4	        0.35	          48
       11400	        1150	         0.0	         6.0	        12.4	        0.35	          48
       11410	        1151	         0.0	         6.0	        12.4	        0.35	          48
       11420	        1152	         0.0	         6.0	        12.4	        0.34	          48
       11430	        1153	         0.0	         6.0	        12.4	        0.34	          48
       11440	        1154	        -0.8	         6.1	        12.4	        0.34	          48
       11450	        1155	        -1.0	         6.1	        12.4	        0.35	          48
       11460	        1156	        -1.5	         6.1	        12.4	        0.35	          48
       11470	        1157	        -1.8	         6.2	        12.4	        0.38	          48
       11480	        1158	        -2.0	         6.2	        12.4	        0.39	          48
       11490	        1159	        -2.3	         6.2	        12.4	        0.39	          48
       11500	        1160	        -2.3	         6.2	        12.2	        0.40	          48
       11510	        1161	        -2.3	         6.3	        12.2	        0.39	          48
       11520	        1162	        -2.3	         6.3	        12.2	        0.39	          48
       11530	        1163	        -2.3	         6.3	        12.2	        0.41	          48
       11540	        1164	        -2.5	         6.3	        12.2	        0.46	          48
       11550	        1165	        -2.8	         6.3	        12.2	        0.46	          48
       11560	        1166	        -2.3	         6.3	        12.2	        0.45	          48
       11570	        1167	        -2.5	         6.3	        12.2	        0.45	          48
       11580	        1168	        -3.0	         6.3	        12.0	        0.43	          48
       11590	        1169	        -3.0	         6.3	        12.0	        0.36	          48
       11600	        1170	        -3.0	         6.3	        12.0	        0.36	          48
       11610	        1171	        -3.0	         6.3	        12.0	        0.31	          48
       11620	        1172	        -3.5	         6.3	        12.0	        0.31	          48
       11630	        1173	        -3.3	         6.3	        12.0	        0.31	          48
       11640	        1174	        -2.3	         6.3	        12.0	        0.31	          48
       11650	        1175	        -2.3	         6.3	        11.8	        0.28	          48
       11660	        1176	        -1.8	         6.3	        11.8	        0.28	          48
       11670	        1177	        -1.5	         6.3	        11.8	        0.24	          48
       11680	        1178	        -1.0	         6.3	        11.8	        0.24	          48
       11690	        1179	        -1.5	         6.3	        11.8	        0.26	          48
       11700	        1180	        -1.5	         6.3	        11.8	        0.26	          48
       11710	        1181	        -1.5	         6.3	        11.8	        0.30	          48
       11720	        1182	        -2.0	         6.3	        11.8	        0.36	          48
       11730	        1183	        -2.5	         6.3	        11.8	        0.36	          48
       11740	        1184	        -3.0	         6.3	        11.8	        0.36	          48
       11750	        1185	        -3.3	         6.3	        11.8	        0.36	          48
       11760	        1186	        -3.3	         6.3	        11.6	        0.36	          48
       11770	        1187	        -3.3	         6.3	        11.6	        0.36	          48
       11780	        1188	        -3.3	         6.3	        11.6	        0.36	          48
       11790	        1189	        -3.0	         6.3	        11.6	        0.36	          48
       11800	        1190	        -3.0	         6.3	        11.6	        0.40	          48
       11810	        1191	        -3.0	         6.3	        11.6	        0.40	          48
       11820	        1192	        -3.0	         6.3	        11.4	        0.40	          48
       11830	        1193	        -2.8	         6.3	        11.4	        0.40	          48
       11840	        1194	        -3.0	         6.3	        11.4	        0.40	          48
       11850	        1195	        -3.3	         6.2	        11.4	        0.40	          48
       11860	        1196	        -3.0	         6.3	        11.4	        0.40	          48
       11870	        1197	        -3.0	         6.3	        11.4	        0.40	          48
       11880	        1198	        -3.5	         6.3	        11.2	        0.40	          48
       11890	        1199	        -3.8	         6.3	        11.2	        0.40	          48
       11900	        1200	        -4.0	         6.3	        11.2	        0.39	          48
       11910	        1201	        -4.0	         6.3	        11.2	        0.39	          48
       11920	        1202	        -4.5	         6.3	        11.2	        0.39	          48
       11930	        1203	        -4.5	         6.3	        11.0	        0.41	          48
       11940	        1204	        -3.8	         6.3	        11.0	        0.41	          48
       11950	        1205	        -3.5	         6.3	        11.0	        0.43	          48
       11960	        1206	        -3.0	         6.3	        11.0	        0.40	          48
       11970	        1207	        -2.5	         6.3	        11.0	        0.40	          48
       11980	        1208	        -1.5	         6.3	        11.0	        0.36	          48
       11990	        1209	        -1.0	         6.2	        11.0	        0.33	          48
       12000	        1210	         0.0	         6.2	        11.0	        0.32	          48
       12010	        1211	         0.8	         6.2	        11.0	        0.31	          48
       12020	        1212	         0.8	         6.2	        11.0	        0.31	          48
       12030	        1213	         1.0	         6.2	        11.0	        0.31	          48
       12040	        1214	         1.0	         6.2	        11.0	        0.30	          48
       12050	        1215	         1.3	         6.1	        11.0	        0.30	          48
       12060	        1216	         1.0	         6.1	        11.0	        0.29	          48
       12070	        1217	         1.3	         6.1	        11.0	        0.34	          48
       12080	        1218	         0.5	         6.1	        11.0	        0.34	          48
       12090	        1219	         0.3	         6.1	        11.0	        0.34	          48
       12100	        1220	         0.0	         6.2	        11.0	        0.34	          48
       12110	        1221	        -0.5	         6.2	        11.0	        0.36	          48
       12120	        1222	        -0.5	         6.2	        11.0	        0.34	          48
       12130	        1223	        -1.3	         6.2	        11.0	        0.34	          48
       12140	        1224	        -1.3	         6.2	        10.8	        0.36	          48
       12150	        1225	        -1.5	         6.3	        10.8	        0.37	          48
       12160	        1226	        -1.8	         6.3	        10.8	        0.37	          48
       12170	        1227	        -2.5	         6.3	        10.8	        0.37	          48
       12180	        1228	        -2.5	         6.3	        10.8	        0.37	          48
       12190	        1229	        -2.3	         6.3	        10.8	        0.35	          48
       12200	        1230	        -2.3	         6.3	        10.8	        0.35	          48
       12210	        1231	        -2.5	         6.3	        10.8	        0.35	          48
       12220	        1232	        -3.0	         6.3	        10.8	        0.33	          48
       12230	        1233	        -3.0	         6.3	        10.6	        0.33	          48
       12240	        1234	        -3.8	         6.4	        10.6	        0.33	          48
       12250	        1235	        -4.0	         6.4	        10.6	        0.33	          48
       12260	        1236	        -4.0	         6.4	        10.6	        0.34	          48
       12270	        1237	        -4.0	         6.4	        10.6	        0.34	          48
       12280	        1238	        -3.8	         6.4	        10.4	        0.33	          48
       12290	        1239	        -3.3	         6.3	        10.4	        0.33	          48
       12300	        1240	        -3.0	         6.3	        10.4	        0.33	          48
       12310	        1241	        -3.0	         6.3	        10.4	        0.33	          48
       12320	        1242	        -3.0	         6.3	        10.4	        0.33	          48
       12330	        1243	        -2.5	         6.3	        10.4	        0.46	          48
       12340	        1244	        -2.0	         6.3	        10.4	        0.45	          48
       12350	        1245	        -1.8	         6.2	        10.4	        0.45	          48
       12360	        1246	        -1.3	         6.2	        10.4	        0.45	          48
       12370	        1247	        -0.5	         6.2	        10.4	        0.45	          48
       12380	        1248	         0.8	         6.1	        10.2	        0.45	          48
       12390	        1249	         0.8	         6.1	        10.2	        0.45	          48
       12400	        1250	         1.0	         6.1	        10.2	        0.45	          48
       12410	        1251	         1.3	         6.0	        10.2	        0.45	          48
       12420	        1252	         1.0	         6.0	        10.2	        0.45	          48
       12430	        1253	         1.3	         6.1	        10.2	        0.45	          48
       12440	        1254	         0.5	         6.1	        10.2	        0.45	          48
       12450	        1255	        -0.8	         6.1	        10.2	        0.45	          48
       12460	        1256	        -1.5	         6.2	        10.2	        0.45	          48
       12470	        1257	        -2.5	         6.2	        10.2	        0.45	          48
       12480	        1258	        -3.0	         6.2	        10.2	        0.45	          48
       12490	        1259	        -3.3	         6.3	        10.2	        0.45	          48
       12500	        1260	        -3.3	         6.3	        10.2	        0.45	          48
       12510	        1261	        -3.0	         6.3	        10.2	        0.45	          48
       12520	        1262	        -3.0	         6.3	        10.0	        0.45	          48
       12530	        1263	        -3.3	         6.4	        10.0	        0.45	          48
       12540	        1264	        -3.5	         6.4	        10.0	        0.46	          48
       12550	        1265	        -4.0	         6.4	        10.0	        0.40	          48
       12560	        1266	        -4.3	         6.4	        10.0	        0.40	          48
       12570	        1267	        -4.5	         6.4	        10.0	        0.39	          48
       12580	        1268	        -4.3	         6.4	         9.8	        0.39	          48
       12590	        1269	        -3.8	         6.4	         9.8	        0.41	          48
       12600	        1270	        -3.0	         6.4	         9.8	        0.45	          48
       12610	        1271	        -3.0	         6.4	         9.8	        0.45	          48
       12620	        1272	        -2.8	         6.4	         9.8	        0.45	          48
       12630	        1273	        -2.5	         6.3	         9.8	        0.45	          48
       12640	        1274	        -1.8	         6.3	         9.6	        0.39	          48
       12650	        1275	        -1.5	         6.2	         9.6	        0.35	          48
       12660	        1276	        -1.0	         6.2	         9.6	        0.36	          48
       12670	        1277	        -0.3	         6.2	         9.6	        0.36	          48
       12680	        1278	         0.8	         6.1	         9.6	        0.34	          48
       12690	        1279	         1.8	         6.1	         9.6	        0.38	          48
       12700	        1280	         3.0	         6.0	         9.6	        0.41	          48
       12710	        1281	         3.0	         6.0	         9.6	        0.41	          48
       12720	        1282	         4.8	         6.0	         0.0	        0.41	          48
       12730	        1284	         2.5	         6.1	         0.2	        0.42	          16
       12740	        1285	         3.8	         6.1	         0.2	        0.42	          16
       12750	        1286	         7.8	         6.1	         0.2	        0.40	          16
       12760	        1287	         6.5	         6.3	         0.4	        0.37	          16
       12770	        1288	         4.5	         6.7	         0.4	        0.37	          16
       12780	        1289	         5.3	         7.3	         0.4	        0.40	          16
       12790	        1290	        20.3	         7.9	         0.8	        0.46	          16
       12800	        1291	        20.3	         7.9	         0.8	        0.46	          16
       12810	        1292	        22.5	         8.0	         1.0	        0.44	          16
       12820	        1293	        30.0	         8.1	         1.2	        0.40	          16
       12830	        1294	        38.8	         8.2	         1.6	        0.40	          16
       12840	        1295	        45.8	         8.2	         2.2	        0.63	          16
       12850	        1296	        49.5	         8.1	         2.6	        0.63	          16
       12860	        1297	        52.0	         8.0	         3.2	        0.83	          16
       12870	        1298	        56.5	         7.8	         3.6	        1.29	          16
       12880	        1299	        62.0	         7.6	         4.4	        1.29	          16
       12890	        1300	        73.5	         7.3	         5.8	        1.69	          16
       12900	        1301	        73.5	         7.3	         5.8	        1.69	          16
       12910	        1302	        78.0	         7.2	         6.4	        1.69	          16
       12920	        1303	        78.5	         7.4	         7.2	        1.56	          16
       12930	        1305	        78.8	         7.8	         8.0	        1.56	          16
       12940	        1306	        84.0	         8.2	         9.0	        1.57	          16
       12950	        1307	        90.8	         8.4	         9.8	        1.57	          16
       12960	        1308	        93.0	         8.6	        10.8	        1.57	          16
       12970	        1309	        98.0	         8.7	        11.8	        1.57	          16
       12980	        1310	       102.5	         8.9	        12.8	        1.57	          16
       12990	        1311	       108.5	         9.0	        13.8	        1.57	          16
       13000	        1312	       107.0	         9.2	        16.0	        1.52	          16
       13010	        1313	       107.0	         9.2	        16.0	        1.52	          16
       13020	        1314	       105.3	         9.2	        17.0	        1.52	          16
       13030	        1315	       101.8	         9.3	        18.0	        1.47	          16
       13040	        1316	       102.8	         9.4	        19.0	        1.47	          16
       13050	        1317	       101.5	         9.4	        20.2	        1.42	          16
       13060	        1318	       101.0	         9.3	        21.2	        1.38	          16
       13070	        1319	       101.5	         9.2	        22.2	        1.38	          16
       13080	        1320	       104.0	         9.0	        23.2	        1.34	          16
       13090	        1321	       106.8	         8.9	        24.2	        1.34	          16
       13100	        1322	       112.0	         8.5	        26.4	        1.31	          16
       13110	        1323	       112.0	         8.5	        26.4	        1.31	          16
       13120	        1325	       111.3	         7.7	        27.6	        1.58	          48
       13130	        1326	       113.0	         6.7	        28.6	        1.58	          48
       13140	        1327	       111.0	         5.7	        29.8	        1.93	          48
       13150	        1328	       106.3	         5.0	        30.8	        1.93	          48
       13160	        1329	        94.5	         4.4	        31.8	        2.02	          48
       13170	        1330	        82.5	         3.9	        32.6	        2.02	          48
       13180	        1331	        59.3	         3.1	        34.0	        2.57	          48
       13190	        1332	        59.3	         3.1	        34.0	        2.57	          48
       13200	        1333	        48.0	         2.8	        34.4	        2.57	          48
       13210	        1334	        39.0	         2.4	        34.8	        3.02	          48
       13220	        1335	        33.5	         2.6	         0.4	        3.02	          48
       13230	        1337	        27.5	         2.2	         0.6	        3.63	          16
       13240	        1338	        32.5	         2.9	         1.0	        3.91	          16
       13250	        1339	        16.5	         4.2	         1.2	        3.91	          16
       13260	        1340	        28.3	         5.7	         1.4	        3.89	          16
       13270	        1341	        43.3	         6.9	         1.8	        3.60	          16
       13280	        1342	        58.8	         7.7	         2.4	        3.43	          16
       13290	        1343	        74.3	         8.3	         3.2	        3.43	          16
       13300	        1344	        96.0	         9.6	         4.8	        3.27	          16
       13310	        1345	        96.0	         9.6	         4.8	        3.27	          16
       13320	        1347	        91.8	         9.4	         5.8	        3.09	          48
       13330	        1348	        84.3	         8.8	         6.6	        3.09	          48
       13340	        1349	        71.3	         8.4	         7.4	        3.19	          48
       13350	        1350	        52.5	         8.2	         7.8	        3.56	          48
       13360	        1351	        38.0	         8.1	         8.2	        3.56	          48
       13370	        1352	        19.0	         8.0	         8.4	        3.85	          48
       13380	        1353	         2.3	         8.0	         8.4	        3.85	          48
       13390	        1354	       -21.0	         7.8	         8.2	        4.13	          48
       13400	        1355	       -22.5	         7.6	         8.0	        4.13	          48
       13410	        1356	       -22.5	         7.6	         8.0	        4.13	          48
       13420	        1357	       -21.5	         7.6	         7.6	        3.84	          48
       13430	        1359	       -21.0	         7.7	         7.4	        3.71	          16
       13440	        1360	       -14.3	         7.9	         0.0	        3.71	          16
       13450	        1361	       -10.5	         7.8	         0.0	        3.88	          16
       13460	        1362	       -10.0	         7.9	         0.0	        4.21	          16
       13470	        1363	       -11.0	         8.2	         0.0	        4.21	          16
       13480	        1364	        -7.0	         8.5	         0.0	        4.23	          16
       13490	        1365	        -0.8	         8.6	         0.0	        4.23	          16
       13500	        1366	        -3.8	         8.6	         0.0	        3.99	          16
       13510	        1367	        -3.0	         8.7	         0.0	        3.90	          16
       13520	        1368	        -3.0	         8.7	         0.0	        3.90	          16
       13530	        1370	        -0.3	         8.7	         0.0	        3.82	          48
       13540	        1371	        -2.5	         8.6	         0.0	        3.75	          48
       13550	        1372	        -7.3	         8.5	         0.0	        3.75	          48
       13560	        1373	       -11.0	         8.5	         0.0	        3.69	          48
       13570	        1374	       -16.0	         8.4	         0.0	        3.69	          48
       13580	        1375	       -21.5	         8.3	         0.0	        3.63	          48
       13590	        1376	       -27.8	         8.2	         0.0	        3.63	          48
       13600	        1377	       -35.0	         8.1	         0.0	        3.57	          48
       13610	        1378	       -41.5	         8.0	         0.0	        3.52	          48
       13620	        1379	       -45.5	         7.9	         0.0	        3.52	          48
       13630	        1380	       -49.0	         7.8	         0.0	        3.48	          48
       13640	        1381	       -51.8	         7.7	         0.0	        3.44	          48
       13650	        1382	       -53.0	         7.6	         0.0	        3.44	          48
       13660	        1383	       -54.0	         7.5	         0.0	        3.40	          48
       13670	        1384	       -54.5	         7.4	         0.0	        3.37	          48
       13680	        1385	       -55.3	         7.3	         0.0	        3.37	          48
       13690	        1386	       -55.5	         7.2	         0.0	        3.12	          48
       13700	        1387	       -55.5	         7.2	         0.0	        2.93	          48
       13710	        1388	       -54.8	         7.1	         0.0	        2.76	          48
       13720	        1389	       -54.8	         7.1	         0.0	        2.76	          48
       13730	        1390	       -54.5	         7.1	         0.0	        2.76	          48
       13740	        1391	       -54.8	         7.0	         0.0	        2.65	          48
       13750	        1392	       -54.5	         7.0	         0.0	        2.65	          48
       13760	        1393	       -54.0	         7.0	         0.0	        2.51	          48
       13770	        1394	       -53.5	         7.0	         0.0	        2.34	          48
       13780	        1395	       -53.0	         7.0	         0.0	        2.34	          48
       13790	        1396	       -52.5	         7.0	         0.0	        2.14	          48
       13800	        1397	       -51.8	         7.0	         0.0	        1.96	          48
       13810	        1398	       -50.3	         6.9	         0.0	        1.82	          48
       13820	        1399	       -50.3	         6.9	         0.0	        1.82	          48
       13830	        1400	       -49.8	         6.9	         0.0	        1.70	          48
       13840	        1401	       -49.3	         6.9	         0.0	        1.70	          48
       13850	        1402	       -48.8	         6.9	         0.0	        1.67	          48
       13860	        1403	       -48.0	         6.9	         0.0	        1.58	          48
       13870	        1404	       -47.5	         6.8	         0.0	        1.58	          48
       13880	        1405	       -47.0	         6.8	         0.0	        1.50	          48
       13890	        1406	       -46.0	         6.8	         0.0	        1.50	          48
       13900	        1407	       -44.5	         6.8	         0.0	        1.40	          48
       13910	        1408	       -43.0	         6.7	         0.0	        1.32	          48
       13920	        1409	       -41.0	         6.7	         0.0	        1.30	          48
       13930	        1410	       -41.0	         6.7	         0.0	        1.30	          48
       13940	        1411	       -39.5	         6.7	         0.0	        1.23	          48
       13950	        1412	       -38.3	         6.7	         0.0	        1.23	          48
       13960	        1413	       -37.5	         6.7	         0.0	        1.18	          48
       13970	        1414	       -36.0	         6.7	         0.0	        1.18	          48
       13980	        1415	       -35.0	         6.6	         0.0	        1.05	          48
       13990	        1416	       -34.5	         6.6	         0.0	        0.99	          48
       14000	        1417	       -33.5	         6.6	         0.0	        0.99	          48
       14010	        1418	       -32.8	         6.6	         0.0	        0.92	          48
       14020	        1419	       -32.0	         6.6	         0.0	        0.91	          48
       14030	        1420	       -31.0	         6.6	         0.0	        0.91	          48
       14040	        1421	       -29.0	         6.6	         0.0	        0.88	          48
       14050	        1422	       -29.0	         6.6	         0.0	        0.88	          48
       14060	        1423	       -28.0	         6.6	         0.0	        0.85	          48
       14070	        1424	       -27.0	         6.6	         0.0	        0.81	          48
       14080	        1425	       -25.8	         6.6	         0.0	        0.81	          48
       14090	        1426	       -25.0	         6.6	         0.0	        0.78	          48
       14100	        1427	       -24.0	         6.5	         0.0	        0.74	          48
       14110	        1428	       -22.5	         6.5	         0.0	        0.74	          48
       14120	        1429	       -21.5	         6.5	         0.0	        0.71	          48
       14130	        1430	       -20.0	         6.4	         0.0	        0.71	          48
       14140	        1431	       -18.0	         6.4	         0.0	        0.68	          48
       14150	        1432	       -17.3	         6.4	         0.0	        0.68	          48
       14160	        1433	       -17.3	         6.4	         0.0	        0.68	          48
       14170	        1434	       -17.0	         6.4	         0.0	        0.67	          48
       14180	        1435	       -16.8	         6.3	         0.0	        0.65	          48
       14190	        1436	       -16.3	         6.3	         0.0	        0.65	          48
       14200	        1437	       -16.3	         6.3	         0.0	        0.64	          48
       14210	        1438	       -16.5	         6.3	         0.0	        0.64	          48
       14220	        1439	       -16.3	         6.3	         0.0	        0.63	          48
       14230	        1440	       -15.5	         6.3	         0.0	        0.62	          48
       14240	        1441	       -15.5	         6.3	         0.0	        0.62	          48
       14250	        1442	       -15.5	         6.3	         0.0	        0.60	          48
       14260	        1443	       -15.5	         6.3	         0.0	        0.58	          48
       14270	        1444	       -14.8	         6.2	         0.0	        0.58	          48
       14280	        1445	       -14.3	         6.2	         0.0	        0.58	          48
       14290	        1446	       -14.0	         6.2	         0.0	        0.59	          48
       14300	        1447	       -13.5	         6.2	         0.0	        0.59	          48
       14310	        1448	       -13.5	         6.2	         0.0	        0.60	          48
       14320	        1449	       -12.8	         6.2	         0.0	        0.60	          48
       14330	        1450	       -12.8	         6.2	         0.0	        0.56	          48
       14340	        1451	       -12.8	         6.2	         0.0	        0.61	          48
       14350	        1452	       -12.8	         6.2	         0.0	        0.61	          48
       14360	        1453	       -12.8	         6.2	         0.0	        0.60	          48
       14370	        1454	       -13.5	         6.2	         0.0	        0.60	          48
       14380	        1455	       -13.5	         6.2	         0.0	        0.60	          48
       14390	        1456	       -13.8	         6.2	         0.0	        0.59	          48
       14400	        1457	       -13.8	         6.2	         0.0	        0.59	          48
       14410	        1458	       -13.8	         6.2	         0.0	        0.59	          48
       14420	        1459	       -13.3	         6.1	         0.0	        0.66	          48
       14430	        1460	       -12.8	         6.1	         0.0	        0.66	          48
       14440	        1461	       -12.3	         6.1	         0.0	        0.64	          48
       14450	        1462	       -11.5	         6.1	         0.0	        0.60	          48
       14460	        1463	       -10.8	         6.1	         0.0	        0.60	          48
       14470	        1464	       -10.3	         6.0	         0.0	        0.58	          48
       14480	        1465	       -10.5	         6.0	         0.0	        0.54	          48
       14490	        1466	       -10.5	         6.0	         0.0	        0.54	          48
       14500	        1467	       -10.3	         6.0	         0.0	        0.54	          48
       14510	        1468	       -10.0	         6.0	         0.0	        0.59	          48
       14520	        1469	       -10.0	         6.0	         0.0	        0.59	          48
       14530	        1470	        -9.8	         5.9	         0.0	        0.60	          48
       14540	        1471	        -9.8	         5.9	         0.0	        0.60	          48
       14550	        1472	        -9.5	         5.9	         0.0	        0.55	          48
       14560	        1473	        -9.3	         5.9	         0.0	        0.55	          48
       14570	        1474	        -9.5	         5.9	         0.0	        0.60	          48
       14580	        1475	        -9.5	         5.9	         0.0	        0.60	          48
       14590	        1476	        -9.5	         6.0	         0.0	        0.61	          48
       14600	        1477	        -9.5	         6.0	         0.0	        0.61	          48
       14610	        1478	        -9.5	         6.0	         0.0	        0.61	          48
       14620	        1479	        -9.8	         6.0	         0.0	        0.61	          48
       14630	        1480	        -9.8	         6.0	         0.0	        0.62	          48
       14640	        1481	        -9.8	         6.0	         0.0	        0.62	          48
       14650	        1482	        -9.5	         6.0	         0.0	        0.62	          48
       14660	        1483	        -9.5	         6.0	         0.0	        0.62	          48
       14670	        1484	        -8.8	         6.0	         0.0	        0.62	          48
       14680	        1485	        -7.0	         6.0	         0.0	        0.62	          48
       14690	        1486	        -7.0	         6.0	         0.0	        0.62	          48
       14700	        1487	        -6.3	         6.0	         0.0	        0.62	          48
       14710	        1488	        -5.5	         5.9	         0.0	        0.62	          48
       14720	        1489	        -4.5	         5.9	         0.0	        0.62	          48
       14730	        1490	        -4.3	         5.9	         0.0	        0.62	          48
       14740	        1491	        -4.0	         5.9	         0.0	        0.62	          48
       14750	        1492	        -3.8	         5.9	         0.0	        0.62	          48
       14760	        1493	        -4.3	         6.0	         0.0	        0.62	          48
       14770	        1494	        -4.5	         6.0	         0.0	        0.62	          48
       14780	        1495	        -4.8	         6.0	         0.0	        0.62	          48
       14790	        1496	        -4.8	         6.1	         0.0	        0.62	          48
       14800	        1497	        -4.8	         6.1	         0.0	        0.62	          48
       14810	        1498	        -5.0	         6.1	         0.0	        0.62	          48
       14820	        1499	        -4.5	         6.1	         0.0	        0.61	          48
       14830	        1500	        -3.8	         6.1	         0.0	        0.61	          48
       14840	        1501	        -3.3	         6.1	         0.0	        0.59	          48
       14850	        1502	        -3.0	         6.1	         0.0	        0.62	          48
       14860	        1503	        -2.0	         6.1	         0.0	        0.62	          48
       14870	        1504	        -1.5	         6.1	         0.0	        0.63	          48
       14880	        1505	        -1.3	         6.1	         0.0	        0.63	          48
       14890	        1506	        -1.0	         6.1	         0.0	        0.64	          48
       14900	        1507	         0.0	         6.1	         0.0	        0.58	          48
       14910	        1508	         0.0	         6.1	         0.0	        0.58	          48
       14920	        1509	         0.5	         6.1	         0.0	        0.52	          48
       14930	        1510	         0.8	         6.1	         0.0	        0.52	          48
       14940	        1511	         1.0	         6.1	         0.0	        0.58	          48
       14950	        1512	         1.0	         6.1	         0.0	        0.60	          48
       14960	        1513	         1.0	         6.1	         0.0	        0.60	          48
       14970	        1514	         1.3	         6.1	         0.0	        0.59	          48
       14980	        1515	         1.3	         6.1	         0.0	        0.56	          48
       14990	        1516	         1.3	         6.1	         0.0	        0.56	          48
       15000	        1517	         1.0	         6.2	         0.0	        0.57	          48
       15010	        1518	         1.0	         6.2	         0.0	        0.57	          48
       15020	        1519	         0.5	         6.2	         0.0	        0.62	          48
       15030	        1520	         0.0	         6.2	         0.0	        0.58	          48
       15040	        1521	        -0.5	         6.3	         0.0	        0.58	          48
       15050	        1522	        -0.8	         6.3	         0.0	        0.59	          48
       15060	        1523	        -1.0	         6.3	         0.0	        0.62	          48
       15070	        1524	        -1.3	         6.3	         0.0	        0.62	          48
       15080	        1525	        -0.8	         6.3	         0.0	        0.66	          48
       15090	        1526	        -0.8	         6.3	         0.0	        0.66	          48
       15100	        1527	        -0.3	         6.3	         0.0	        0.66	          48
       15110	        1528	        -0.5	         6.3	         0.0	        0.65	          48
       15120	        1529	        -0.5	         6.3	         0.0	        0.65	          48
       15130	        1530	        -0.5	         6.3	         0.0	        0.65	          48
       15140	        1531	        -1.0	         6.3	         0.0	        0.66	          48
       15150	        1532	        -0.8	         6.3	         0.0	        0.66	          48
       15160	        1533	        -1.8	         6.3	         0.0	        0.68	          48
       15170	        1534	        -1.5	         6.3	         0.0	        0.66	          48
       15180	        1535	        -1.5	         6.3	         0.0	        0.66	          48
       15190	        1536	        -2.0	         6.4	         0.0	        0.58	          48
       15200	        1537	        -2.5	         6.4	         0.0	        0.58	          48
       15210	        1538	        -3.0	         6.4	         0.0	        0.54	          48
       15220	        1539	        -3.0	         6.4	         0.0	        0.52	          48
       15230	        1540	        -2.8	         6.4	         0.0	        0.52	          48
       15240	        1541	        -2.3	         6.3	         0.0	        0.50	          48
       15250	        1542	        -1.5	         6.3	         0.0	        0.50	          48
       15260	        1543	        -0.8	         6.3	         0.0	        0.47	          48
       15270	        1544	         0.0	         6.3	         0.0	        0.45	          48
       15280	        1545	         0.5	         6.3	         0.0	        0.45	          48
       15290	        1546	         0.8	         6.3	         0.0	        0.42	          48
       15300	        1547	         0.8	         6.3	         0.0	        0.42	          48
       15310	        1548	         0.3	         6.2	         0.0	        0.42	          48
       15320	        1549	         0.0	         6.2	         0.0	        0.40	          48
       15330	        1550	        -0.5	         6.2	         0.0	        0.40	          48
       15340	        1551	        -0.8	         6.2	         0.0	        0.39	          48
       15350	        1552	        -0.8	         6.2	         0.0	        0.37	          48
       15360	        1553	        -1.0	         6.2	         0.0	        0.37	          48
       15370	        1554	        -0.8	         6.2	         0.0	        0.36	          48
       15380	        1555	        -1.0	         6.2	         0.0	        0.36	          48
       15390	        1556	        -0.5	         6.2	         0.0	        0.35	          48
       15400	        1557	        -0.5	         6.2	         0.0	        0.35	          48
       15410	        1558	        -0.3	         6.2	         0.0	        0.35	          48
       15420	        1559	        -0.5	         6.2	         0.0	        0.39	          48
       15430	        1560	        -0.8	         6.2	         0.0	        0.36	          48
       15440	        1561	        -1.3	         6.3	         0.0	        0.36	          48
       15450	        1562	        -1.8	         6.3	         0.0	        0.35	          48
       15460	        1563	        -2.3	         6.3	         0.0	        0.35	          48
       15470	        1564	        -2.3	         6.3	         0.0	        0.33	          48
       15480	        1565	        -2.0	         6.3	         0.0	        0.31	          48
       15490	        1566	        -2.3	         6.3	         0.0	        0.31	          48
       15500	        1567	        -2.0	         6.3	         0.0	        0.31	          48
       15510	        1568	        -0.8	         6.3	         0.0	        0.32	          48
       15520	        1569	        -0.8	         6.3	         0.0	        0.32	          48
       15530	        1570	        -1.0	         6.3	         0.0	        0.31	          48
       15540	        1571	        -0.8	         6.3	         0.0	        0.33	          48
       15550	        1572	        -0.8	         6.3	         0.0	        0.33	          48
       15560	        1573	        -0.5	         6.3	         0.0	        0.36	          48
       15570	        1574	        -0.8	         6.3	         0.0	        0.37	          48
       15580	        1575	        -1.0	         6.4	         0.0	        0.37	          48
       15590	        1576	        -0.8	         6.4	         0.0	        0.40	          48
       15600	        1577	        -1.5	         6.4	         0.0	        0.40	          48
       15610	        1578	        -1.3	         6.4	         0.0	        0.43	          48
       15620	        1579	        -1.3	         6.4	         0.0	        0.43	          48
       15630	        1580	        -1.3	         6.4	         0.0	        0.44	          48
       15640	        1581	        -1.8	         6.4	         0.0	        0.45	          48
       15650	        1582	        -2.0	         6.4	         0.0	        0.45	          48
       15660	        1583	        -1.8	         6.4	         0.0	        0.46	          48
       15670	        1584	        -2.5	         6.4	         0.0	        0.49	          48
       15680	        1585	        -2.8	         6.4	         0.0	        0.49	          48
       15690	        1586	        -3.0	         6.4	         0.0	        0.49	          48
       15700	        1587	        -3.5	         6.4	         0.0	        0.49	          48
       15710	        1588	        -4.3	         6.5	         0.0	        0.53	          48
       15720	        1589	        -4.3	         6.5	         0.0	        0.53	          48
       15730	        1590	        -4.3	         6.5	         0.0	        0.53	          48
       15740	        1591	        -4.5	         6.5	         0.0	        0.57	          48
       15750	        1592	        -5.0	         6.5	         0.0	        0.57	          48
       15760	        1593	        -5.8	         6.5	         0.0	        0.61	          48
       15770	        1594	        -6.3	         6.6	         0.0	        0.64	          48
       15780	        1595	        -7.0	         6.6	         0.0	        0.66	          48
       15790	        1596	        -7.8	         6.6	         0.0	        0.66	          48
       15800	        1597	        -9.3	         6.6	         0.0	        0.64	          48
       15810	        1598	       -10.8	         6.7	         0.0	        0.59	          48
       15820	        1599	       -10.8	         6.7	         0.0	        0.59	          48
       15830	        1600	       -11.8	         6.7	         0.0	        0.56	          48
       15840	        1601	       -12.5	         6.7	         0.0	        0.56	          48
       15850	        1602	       -13.0	         6.7	         0.0	        0.55	          48
       15860	        1603	       -13.5	         6.7	         0.0	        0.59	          48
       15870	        1604	       -14.8	         6.8	         0.0	        0.59	          48
       15880	        1605	       -15.0	         6.8	         0.0	        0.55	          48
       15890	        1606	       -15.3	         6.8	         0.0	        0.55	          48
       15900	        1607	       -16.3	         6.8	         0.0	        0.53	          48
       15910	        1608	       -17.3	         6.8	         0.0	        0.55	          48
       15920	        1609	       -17.3	         6.8	         0.0	        0.55	          48
       15930	        1610	       -17.5	         6.8	         0.0	        0.56	          48
       15940	        1611	       -17.5	         6.8	         0.0	        0.58	          48
       15950	        1612	       -18.0	         6.8	         0.0	        0.58	          48
       15960	        1613	       -18.0	         6.8	         0.0	        0.56	          48
       15970	        1614	       -17.5	         6.8	         0.0	        0.54	          48
       15980	        1615	       -17.5	         6.7	         0.0	        0.54	          48
       15990	        1616	       -17.5	         6.7	         0.0	        0.55	          48
       16000	        1617	       -18.0	         6.7	         0.0	        0.50	          48
       16010	        1618	       -18.3	         6.7	         0.0	        0.54	          48
       16020	        1619	       -18.3	         6.7	         0.0	        0.54	          48
       16030	        1620	       -18.5	         6.7	         0.0	        0.54	          48
       16040	        1621	       -18.8	         6.7	         0.0	        0.54	          48
       16050	        1622	       -18.5	         6.7	         0.0	        0.58	          48
       16060	        1623	       -18.3	         6.7	         0.0	        0.58	          48
       16070	        1624	       -18.0	         6.7	         0.0	        0.52	          48
       16080	        1625	       -17.3	         6.7	         0.0	        0.52	          48
       16090	        1626	       -17.5	         6.6	         0.0	        0.48	          48
       16100	        1627	       -17.5	         6.6	         0.0	        0.48	          48
       16110	        1628	       -19.0	         6.7	         0.0	        0.46	          48
       16120	        1629	       -19.0	         6.7	         0.0	        0.46	          48
       16130	        1630	       -20.0	         6.7	         0.0	        0.42	          48
       16140	        1631	       -21.0	         6.7	         0.0	        0.42	          48
       16150	        1632	       -21.8	         6.7	         0.0	        0.39	          48
       16160	        1633	       -23.0	         6.8	         0.0	        0.39	          48
       16170	        1634	       -24.3	         6.8	         0.0	        0.32	          48
       16180	        1635	       -24.3	         6.8	         0.0	        0.32	          48
       16190	        1636	       -25.0	         6.9	         0.0	        0.32	          48
       16200	        1637	       -25.5	         6.9	         0.0	        0.35	          48
       16210	        1638	       -25.8	         6.9	         0.0	        0.31	          48
       16220	        1639	       -25.5	         6.9	         0.0	        0.31	          48
       16230	        1640	       -25.5	         6.9	         0.0	        0.30	          48
       16240	        1641	       -25.5	         6.9	         0.0	        0.30	          48
       16250	        1642	       -25.0	         6.9	         0.0	        0.33	          48
       16260	        1643	       -24.5	         6.9	         0.0	        0.39	          48
       16270	        1644	       -24.3	         6.8	         0.0	        0.39	          48
       16280	        1645	       -24.0	         6.8	         0.0	        0.40	          48
       16290	        1646	       -23.5	         6.8	         0.0	        0.35	          48
       16300	        1647	       -21.8	         6.7	         0.0	        0.36	          48
       16310	        1648	       -21.8	         6.7	         0.0	        0.36	          48
       16320	        1649	       -21.0	         6.6	         0.0	        0.36	          48
       16330	        1650	       -20.5	         6.6	         0.0	        0.34	          48
       16340	        1651	       -19.5	         6.5	         0.0	        0.32	          48
       16350	        1652	       -18.5	         6.5	         0.0	        0.32	          48
       16360	        1653	       -17.5	         6.4	         0.0	        0.30	          48
       16370	        1654	       -16.0	         6.3	         0.0	        0.30	          48
       16380	        1655	       -15.0	         6.3	         0.0	        0.29	          48
       16390	        1656	       -12.0	         6.1	         0.0	        0.28	          48
       16400	        1657	       -12.0	         6.1	         0.0	        0.28	          48
       16410	        1658	       -10.8	         6.0	         0.0	        0.27	          48
       16420	        1659	        -9.5	         6.0	         0.0	        0.26	          48
       16430	        1660	        -8.5	         5.9	         0.0	        0.26	          48
       16440	        1661	        -7.5	         5.8	         0.0	        0.25	          48
       16450	        1662	        -6.5	         5.7	         0.0	        0.25	          48
       16460	        1663	        -5.5	         5.6	         0.0	        0.24	          48
       16470	        1664	        -4.0	         5.6	         0.0	        0.23	          48
       16480	        1665	        -3.0	         5.4	         0.0	        0.23	          48
       16490	        1666	        -1.8	         5.4	         0.0	        0.22	          48
       16500	        1667	         0.8	         5.2	         0.0	        0.27	          48
       16510	        1668	         1.8	         5.2	         0.0	        0.32	          48
       16520	        1669	         1.8	         5.2	         0.0	        0.32	          48
       16530	        1670	         2.5	         5.1	         0.0	        0.38	          48
       16540	        1671	         3.3	         5.1	         0.0	        0.38	          48
       16550	        1672	         4.3	         5.0	         0.0	        0.49	          48
       16560	        1673	         6.0	         4.9	         0.0	        0.49	          48
       16570	        1674	         8.5	         4.8	         0.0	        0.52	          48
       16580	        1675	        12.5	         4.7	         0.2	        0.52	          48
       16590	        1677	        15.5	         4.6	         0.4	        0.62	          16
       16600	        1678	        32.8	         4.3	         1.0	        0.83	          16
       16610	        1679	        32.8	         4.3	         1.0	        0.83	          16
       16620	        1680	        36.5	         4.6	         1.2	        1.15	          16
       16630	        1681	        49.8	         5.1	         1.8	        1.31	          16
       16640	        1682	        63.3	         5.7	         2.4	        1.31	          16
       16650	        1683	        79.5	         6.4	         3.2	        1.50	          16
       16660	        1684	        92.0	         7.1	         4.2	        1.50	          16
       16670	        1685	       113.8	         7.5	         5.2	        1.74	          16
       16680	        1686	       139.8	         7.8	         6.6	        2.23	          16
       16690	        1687	       157.5	         7.9	         8.2	        2.23	          16
       16700	        1688	       183.8	         8.0	        11.8	        2.76	          16
       16710	        1689	       193.5	         8.1	        13.8	        2.76	          16
       16720	        1690	       193.5	         8.1	        13.8	        2.76	          16
       16730	        1691	       199.0	         8.2	        15.8	        3.09	          16
       16740	        1692	       202.5	         8.3	        17.8	        3.09	          16
       16750	        1693	       202.5	         8.4	        19.8	        3.57	          16
       16760	        1694	       205.0	         8.6	        21.8	        4.09	          16
       16770	        1695	       207.0	         8.9	        24.0	        4.09	          16
       16780	        1696	       206.5	         9.2	        26.0	        4.85	          16
       16790	        1697	       204.5	         9.5	        28.0	        5.26	          16
       16800	        1698	       203.0	         9.9	        30.0	        5.26	          16
       16810	        1699	       202.0	        10.3	        32.0	        5.34	          16
       16820	        1700	       196.0	        11.1	        36.0	        5.44	          16
       16830	        1701	       196.0	        11.1	        36.0	        5.44	          16
       16840	        1702	       192.3	        11.5	        38.0	        5.51	          16
       16850	        1703	       191.3	        11.7	        39.8	        5.42	          16
       16860	        1704	       186.5	        11.9	        41.8	        5.42	          16
       16870	        1705	       181.8	        12.0	        43.6	        5.38	          16
       16880	        1706	       175.5	        12.1	        45.2	        5.38	          16
       16890	        1707	       169.0	        12.2	        47.0	        5.63	          16
       16900	        1708	       162.5	        12.3	        48.6	        5.63	          16
       16910	        1709	       152.5	        12.3	        50.2	        5.57	          16
       16920	        1710	       143.8	        12.4	        51.6	        5.57	          16
       16930	        1711	       134.5	        12.5	        53.0	        5.68	          16
       16940	        1712	       126.0	        12.5	        54.2	        5.68	          16
       16950	        1713	       117.0	        12.6	        55.4	        5.64	          16
       16960	        1714	       107.5	        12.6	        56.4	        5.64	          16
       16970	        1715	        99.0	        12.7	        57.4	        5.88	          16
       16980	        1716	        89.5	        12.7	        58.2	        5.82	          16
       16990	        1717	        82.5	        12.7	        59.2	        5.82	          16
       17000	        1718	        67.5	        12.8	        60.6	        5.79	          16
       17010	        1719	        67.5	        12.8	        60.6	        5.79	          16
       17020	        1720	        60.5	        12.7	        61.2	        5.79	          16
       17030	        1721	        54.0	        12.7	        61.6	        5.75	          16
       17040	        1722	        49.5	        12.7	        62.2	        5.75	          16
       17050	        1723	        42.8	        12.6	        62.6	        5.82	          16
       17060	        1724	        37.5	        12.6	        63.0	        5.61	          16
       17070	        1725	        32.5	        12.5	        63.4	        5.61	          16
       17080	        1726	        27.5	        12.5	        63.6	        5.53	          16
       17090	        1727	        23.0	        12.5	        63.8	        5.53	          16
       17100	        1728	        14.3	        12.4	        64.2	        5.75	          16
       17110	        1729	        14.3	        12.4	        64.2	        5.75	          16
       17120	        1730	        11.0	        12.3	        64.2	        5.75	          16
       17130	        1731	         7.5	        12.3	        64.4	        6.08	          16
       17140	        1732	         4.5	        12.3	        64.4	        6.08	          16
       17150	        1733	         1.3	        12.3	        64.4	        6.10	          16
       17160	        1734	        -2.3	        12.3	        64.4	        5.93	          16
       17170	        1735	        -4.5	        12.3	        64.4	        5.93	          16
       17180	        1736	        -9.0	        12.4	        64.2	        5.82	          16
       17190	        1737	        -9.0	        12.4	        64.2	        5.82	          16
       17200	        1738	       -10.0	        12.4	        64.0	        5.82	          16
       17210	        1739	       -12.0	        12.5	        64.0	        5.77	          16
       17220	        1740	       -12.8	        12.6	        63.8	        5.72	          16
       17230	        1741	       -14.0	        12.7	        63.6	        5.72	          16
       17240	        1742	       -14.5	        12.7	        63.6	        5.68	          16
       17250	        1743	       -14.5	        12.8	        63.4	        5.68	          16
       17260	        1744	       -15.5	        12.9	        63.2	        5.64	          16
       17270	        1745	       -15.0	        13.0	        63.0	        5.61	          16
       17280	        1746	       -14.5	        13.0	        63.0	        5.61	          16
       17290	        1747	       -14.0	        13.1	        62.8	        5.58	          16
       17300	        1748	       -14.5	        13.3	        62.4	        5.55	          16
       17310	        1749	       -14.5	        13.3	        62.4	        5.55	          16
       17320	        1750	       -13.8	        13.3	        62.4	        5.52	          16
       17330	        1751	       -13.0	        13.4	        62.2	        5.50	          16
       17340	        1752	       -12.5	        13.4	        62.0	        5.50	          16
       17350	        1753	       -12.3	        13.5	        62.0	        5.12	          16
       17360	        1754	       -12.3	        13.6	        61.8	        5.12	          16
       17370	        1755	       -13.8	        13.7	        61.6	        4.52	          16
       17380	        1756	       -13.8	        13.7	        61.6	        4.52	          16
       17390	        1757	       -16.0	        13.8	        61.4	        4.52	          16
       17400	        1758	       -16.8	        13.9	        61.2	        4.20	          16
       17410	        1760	       -18.5	        14.0	        61.0	        4.20	          48
       17420	        1761	       -18.3	        14.1	        60.8	        4.00	          48
       17430	        1762	       -31.5	        14.0	        60.6	        3.82	          48
       17440	        1763	       -43.0	        13.4	        60.2	        3.82	          48
       17450	        1764	       -60.5	        12.6	        59.6	        3.55	          48
       17460	        1765	       -78.5	        11.5	        58.8	        3.32	          48
       17470	        1766	       -89.5	        10.3	        57.8	        3.32	          48
       17480	        1767	       -97.3	         8.3	        55.8	        3.17	          48
       17490	        1768	       -97.3	         8.3	        55.8	        3.17	          48
       17500	        1769	       -97.0	         7.7	        55.0	        3.02	          48
       17510	        1770	       -89.5	         7.5	        54.0	        2.88	          48
       17520	        1771	       -84.8	         7.6	        53.2	        2.88	          48
       17530	        1772	       -87.0	         7.9	        52.4	        2.67	          48
       17540	        1773	       -89.8	         8.1	        51.4	        2.67	          48
       17550	        1774	       -91.5	         8.2	        50.4	        2.54	          48
       17560	        1775	       -92.5	         8.3	        49.6	        2.43	          48
       17570	        1776	       -93.5	         8.3	        48.6	        2.43	          48
       17580	        1777	       -91.5	         8.2	        47.8	        2.29	          48
       17590	        1778	       -87.5	         8.0	        46.0	        2.11	          48
       17600	        1779	       -87.5	         8.0	        46.0	        2.11	          48
       17610	        1780	       -86.5	         7.8	        45.0	        2.00	          48
       17620	        1781	       -85.8	         7.7	        44.2	        1.85	          48
       17630	        1782	       -84.3	         7.6	        43.4	        1.85	          48
       17640	        1783	       -82.5	         7.5	        42.6	        1.73	          48
       17650	        1784	       -80.5	         7.5	        41.8	        1.73	          48
       17660	        1785	       -78.3	         7.4	        41.0	        1.66	          48
       17670	        1786	       -76.0	         7.4	        40.2	        1.54	          48
       17680	        1787	       -73.5	         7.3	        39.4	        1.54	          48
       17690	        1788	       -71.5	         7.3	        38.8	        1.43	          48
       17700	        1789	       -67.8	         7.3	        37.4	        1.34	          48
       17710	        1790	       -67.8	         7.3	        37.4	        1.34	          48
       17720	        1791	       -66.3	         7.2	        36.8	        1.28	          48
       17730	        1792	       -64.8	         7.2	        36.0	        1.27	          48
       17740	        1793	       -63.0	         7.2	        35.4	        1.27	          48
       17750	        1794	       -62.0	         7.2	        34.8	        1.25	          48
       17760	        1795	       -60.8	         7.1	        34.2	        1.25	          48
       17770	        1796	       -59.8	         7.1	        33.6	        1.18	          48
       17780	        1797	       -58.8	         7.1	        33.0	        1.10	          48
       17790	        1798	       -57.8	         7.0	        32.4	        1.10	          48
       17800	        1799	       -57.0	         7.0	        31.8	        0.99	          48
       17810	        1800	       -54.3	         7.0	        30.8	        0.91	          48
       17820	        1801	       -54.3	         7.0	        30.8	        0.91	          48
       17830	        1802	       -53.0	         6.9	        30.2	        0.82	          48
       17840	        1803	       -52.0	         6.9	        29.8	        0.82	          48
       17850	        1804	       -51.0	         6.9	        29.2	        0.77	          48
       17860	        1805	       -50.0	         6.9	        28.8	        0.74	          48
       17870	        1806	       -48.5	         6.8	        28.2	        0.74	          48
       17880	        1807	       -48.0	         6.8	        27.8	        0.77	          48
       17890	        1808	       -47.0	         6.8	        27.2	        0.77	          48
       17900	        1809	       -46.3	         6.8	        26.8	        0.73	          48
       17910	        1810	       -45.0	         6.8	        26.4	        0.69	          48
       17920	        1811	       -43.5	         6.8	        26.0	        0.69	          48
       17930	        1812	       -43.0	         6.7	        25.6	        0.62	          48
       17940	        1813	       -42.0	         6.7	        25.0	        0.59	          48
       17950	        1814	       -41.0	         6.7	        24.6	        0.59	          48
       17960	        1815	       -40.0	         6.7	        24.2	        0.58	          48
       17970	        1816	       -39.3	         6.7	        23.8	        0.58	          48
       17980	        1817	       -39.0	         6.7	        23.6	        0.50	          48
       17990	        1818	       -38.3	         6.7	        23.2	        0.43	          48
       18000	        1819	       -37.5	         6.7	        22.8	        0.43	          48
       18010	        1820	       -36.8	         6.7	        22.4	        0.41	          48
       18020	        1821	       -35.0	         6.7	        21.6	        0.41	          48
       18030	        1822	       -35.0	         6.7	        21.6	        0.41	          48
       18040	        1823	       -34.3	         6.7	        21.4	        0.38	          48
       18050	        1824	       -33.5	         6.7	        21.0	        0.38	          48
       18060	        1825	       -32.5	         6.7	        20.6	        0.34	          48
       18070	        1826	       -32.0	         6.7	        20.4	        0.33	          48
       18080	        1827	       -31.5	         6.7	        20.0	        0.33	          48
       18090	        1828	       -31.0	         6.7	        19.8	        0.35	          48
       18100	        1829	       -30.5	         6.7	        19.4	        0.37	          48
       18110	        1830	       -30.0	         6.7	        19.2	        0.37	          48
       18120	        1831	       -29.8	         6.7	        18.8	        0.38	          48
       18130	        1832	       -29.3	         6.7	        18.2	        0.33	          48
       18140	        1833	       -29.3	         6.7	        18.2	        0.33	          48
       18150	        1834	       -29.0	         6.7	        18.0	        0.30	          48
       18160	        1835	       -28.8	         6.7	        17.6	        0.30	          48
       18170	        1836	       -28.5	         6.7	        17.4	        0.33	          48
       18180	        1837	       -28.3	         6.7	        17.0	        0.39	          48
       18190	        1838	       -27.5	         6.7	        16.8	        0.39	          48
       18200	        1839	       -27.3	         6.7	        16.6	        0.34	          48
       18210	        1840	       -27.3	         6.7	        16.2	        0.34	          48
       18220	        1841	       -26.8	         6.7	        16.0	        0.33	          48
       18230	        1842	       -26.5	         6.7	        15.8	        0.32	          48
       18240	        1843	       -26.8	         6.6	        15.2	        0.31	          48
       18250	        1844	       -27.0	         6.6	        15.0	        0.30	          48
       18260	        1845	       -27.0	         6.6	        15.0	        0.30	          48
       18270	        1846	       -26.8	         6.6	        14.6	        0.30	          48
       18280	        1847	       -27.0	         6.6	        14.4	        0.29	          48
       18290	        1848	       -27.0	         6.6	        14.2	        0.29	          48
       18300	        1849	       -26.5	         6.6	        13.8	        0.28	          48
       18310	        1850	       -26.3	         6.6	        13.6	        0.27	          48
       18320	        1851	       -26.3	         6.6	        13.4	        0.27	          48
       18330	        1852	       -26.0	         6.6	        13.0	        0.27	          48
       18340	        1853	       -25.8	         6.6	        12.8	        0.26	          48
       18350	        1854	       -25.0	         6.6	        12.6	        0.26	          48
       18360	        1855	       -24.5	         6.6	        12.0	        0.25	          48
       18370	        1856	       -24.5	         6.6	        12.0	        0.25	          48
       18380	        1857	       -24.0	         6.5	        11.8	        0.25	          48
       18390	        1858	       -23.5	         6.5	        11.6	        0.24	          48
       18400	        1859	       -23.3	         6.5	        11.4	        0.24	          48
       18410	        1860	       -23.8	         6.5	        11.2	        0.24	          48
       18420	        1861	       -24.0	         6.5	        10.8	        0.23	          48
       18430	        1862	       -23.8	         6.5	        10.6	        0.23	          48
       18440	        1863	       -23.5	         6.5	        10.4	        0.23	          48
       18450	        1864	       -23.5	         6.5	        10.2	        0.25	          48
       18460	        1865	       -23.8	         6.5	        10.0	        0.25	          48
       18470	        1866	       -23.3	         6.5	         9.4	        0.23	          48
       18480	        1867	       -23.5	         6.5	         9.2	        0.22	          48
       18490	        1868	       -23.5	         6.5	         9.2	        0.22	          48
       18500	        1869	       -23.5	         6.5	         9.0	        0.22	          48
       18510	        1870	       -23.5	         6.5	         8.8	        0.25	          48
       18520	        1871	       -24.0	         6.5	         8.6	        0.26	          48
       18530	        1872	       -24.5	         6.5	         8.2	        0.31	          48
       18540	        1873	       -24.5	         6.5	         8.0	        0.31	          48
       18550	        1874	       -25.0	         6.5	         7.8	        0.33	          48
       18560	        1875	       -25.3	         6.5	         7.6	        0.33	          48
       18570	        1876	       -25.5	         6.5	         7.2	        0.35	          48
       18580	        1877	       -25.0	         6.5	         7.0	        0.35	          48
       18590	        1878	       -24.0	         6.5	         6.6	        0.34	          48
       18600	        1879	       -24.0	         6.5	         6.6	        0.34	          48
       18610	        1880	       -23.5	         6.5	         6.4	        0.41	          48
       18620	        1881	       -22.8	         6.5	         6.0	        0.41	          48
       18630	        1882	       -22.3	         6.5	         5.8	        0.41	          48
       18640	        1883	       -22.0	         6.4	         5.6	        0.41	          48
       18650	        1884	       -21.8	         6.4	         5.4	        0.37	          48
       18660	        1885	       -21.3	         6.4	         5.2	        0.40	          48
       18670	        1886	       -20.8	         6.4	         5.0	        0.40	          48
       18680	        1887	       -20.3	         6.4	         4.8	        0.41	          48
       18690	        1888	       -20.3	         6.4	         4.6	        0.42	          48
       18700	        1889	       -20.0	         6.3	         4.2	        0.43	          48
       18710	        1890	       -20.0	         6.3	         4.2	        0.43	          48
       18720	        1891	       -19.8	         6.3	         4.0	        0.43	          48
       18730	        1892	       -19.8	         6.3	         3.8	        0.48	          48
       18740	        1893	       -20.0	         6.3	         3.6	        0.48	          48
       18750	        1894	       -19.8	         6.3	         3.4	        0.46	          48
       18760	        1895	       -19.8	         6.3	         3.2	        0.47	          48
       18770	        1896	       -20.3	         6.4	         3.0	        0.47	          48
       18780	        1897	       -20.3	         6.4	         2.8	        0.45	          48
       18790	        1898	       -20.5	         6.4	         2.6	        0.48	          48
       18800	        1899	       -20.5	         6.4	         2.4	        0.48	          48
       18810	        1900	       -21.3	         6.4	         2.0	        0.51	          48
       18820	        1901	       -21.3	         6.4	         2.0	        0.51	          48
       18830	        1902	       -21.5	         6.5	         1.8	        0.51	          48
       18840	        1903	       -21.8	         6.5	         1.6	        0.54	          48
       18850	        1904	       -21.8	         6.5	         1.4	        0.54	          48
       18860	        1905	       -22.0	         6.5	         1.2	        0.47	          48
       18870	        1906	       -22.0	         6.5	         0.8	        0.45	          48
       18880	        1907	       -22.0	         6.6	         0.6	        0.45	          48
       18890	        1908	       -22.0	         6.6	         0.4	        0.40	          48
       18900	        1909	       -22.0	         6.6	         0.2	        0.34	          48
       18910	        1910	       -22.0	         6.6	         0.0	        0.36	          48
       18920	        1911	       -22.0	         6.6	         0.0	        0.36	          48
       18930	        1912	       -22.0	         6.6	         0.0	        0.36	          48
       18940	        1913	       -22.0	         6.6	         0.0	        0.36	          48
       18950	        1914	       -21.8	         6.6	         0.0	        0.33	          48
       18960	        1915	       -21.8	         6.6	         0.0	        0.33	          48
       18970	        1916	       -21.5	         6.5	         0.0	        0.34	          48
       18980	        1917	       -20.5	         6.5	         0.0	        0.36	          48
       18990	        1918	       -20.8	         6.5	         0.0	        0.36	          48
       19000	        1919	       -20.0	         6.5	         0.0	        0.36	          48
       19010	        1920	       -20.0	         6.5	         0.0	        0.36	          48
       19020	        1921	       -19.8	         6.5	         0.0	        0.38	          48
       19030	        1922	       -20.0	         6.5	         0.0	        0.41	          48
       19040	        1923	       -20.8	         6.5	         0.0	        0.41	          48
       19050	        1924	       -20.5	         6.5	         0.0	        0.37	          48
       19060	        1925	       -20.3	         6.5	         0.0	        0.36	          48
       19070	        1926	       -20.8	         6.5	         0.0	        0.36	          48
       19080	        1927	       -21.0	         6.5	         0.0	        0.33	          48
       19090	        1928	       -20.8	         6.5	         0.0	        0.33	          48
       19100	        1929	       -20.8	         6.5	         0.0	        0.31	          48
       19110	        1930	       -20.8	         6.5	         0.0	        0.31	          48
       19120	        1931	       -20.5	         6.5	         0.0	        0.31	          48
       19130	        1932	       -20.3	         6.5	         0.0	        0.29	          48
       19140	        1933	       -20.0	         6.5	         0.0	        0.30	          48
       19150	        1934	       -19.5	         6.5	         0.0	        0.30	          48
       19160	        1935	       -19.3	         6.5	         0.0	        0.33	          48
       19170	        1936	       -19.0	         6.5	         0.0	        0.33	          48
       19180	        1937	       -18.3	         6.4	         0.0	        0.34	          48
       19190	        1938	       -18.3	         6.4	         0.0	        0.34	          48
       19200	        1939	       -18.0	         6.4	         0.0	        0.34	          48
       19210	        1940	       -18.0	         6.4	         0.0	        0.37	          48
       19220	        1941	       -17.8	         6.4	         0.0	        0.38	          48
       19230	        1942	       -17.3	         6.4	         0.0	        0.38	          48
       19240	        1943	       -17.0	         6.3	         0.0	        0.37	          48
       19250	        1944	       -17.0	         6.3	         0.0	        0.37	          48
       19260	        1945	       -16.5	         6.3	         0.0	        0.33	          48
       19270	        1946	       -16.3	         6.3	         0.0	        0.32	          48
       19280	        1947	       -16.0	         6.3	         0.0	        0.32	          48
       19290	        1948	       -15.5	         6.3	         0.0	        0.30	          48
       19300	        1949	       -15.0	         6.3	         0.0	        0.30	          48
       19310	        1950	       -15.0	         6.2	         0.0	        0.29	          48
       19320	        1951	       -15.0	         6.2	         0.0	        0.29	          48
       19330	        1952	       -14.0	         6.2	         0.0	        0.28	          48
       19340	        1953	       -13.5	         6.2	         0.0	        0.28	          48
       19350	        1954	       -13.0	         6.1	         0.0	        0.27	          48
       19360	        1955	       -12.5	         6.1	         0.0	        0.27	          48
       19370	        1956	       -11.8	         6.1	         0.0	        0.26	          48
       19380	        1957	       -11.8	         6.1	         0.0	        0.26	          48
       19390	        1958	       -11.0	         6.0	         0.0	        0.25	          48
       19400	        1959	       -11.0	         6.0	         0.0	        0.25	          48
       19410	        1960	       -10.5	         5.9	         0.0	        0.25	          48
       19420	        1961	       -10.3	         5.9	         0.0	        0.25	          48
       19430	        1962	        -9.8	         5.9	         0.0	        0.24	          48
       19440	        1963	        -8.8	         5.9	         0.0	        0.24	          48
       19450	        1964	        -8.3	         5.8	         0.0	        0.24	          48
       19460	        1965	        -8.0	         5.8	         0.0	        0.24	          48
       19470	        1966	        -7.5	         5.8	         0.0	        0.22	          48
       19480	        1967	        -7.3	         5.8	         0.0	        0.28	          48
       19490	        1968	        -7.0	         5.8	         0.0	        0.28	          48
       19500	        1969	        -7.5	         5.8	         0.0	        0.26	          48
       19510	        1970	        -7.5	         5.8	         0.0	        0.26	          48
       19520	        1971	        -7.5	         5.8	         0.0	        0.26	          48
       19530	        1972	        -7.3	         5.8	         0.0	        0.29	          48
       19540	        1973	        -7.5	         5.9	         0.0	        0.29	          48
       19550	        1974	        -7.8	         5.9	         0.0	        0.30	          48
       19560	        1975	        -8.0	         6.0	         0.0	        0.30	          48
       19570	        1976	        -8.0	         6.0	         0.0	        0.36	          48
       19580	        1977	        -8.0	         6.1	         0.0	        0.36	          48
       19590	        1978	        -8.8	         6.1	         0.0	        0.35	          48
       19600	        1979	        -9.0	         6.2	         0.0	        0.34	          48
       19610	        1980	        -9.0	         6.2	         0.0	        0.34	          48
       19620	        1981	        -9.5	         6.3	         0.0	        0.34	          48
       19630	        1982	       -10.0	         6.4	         0.0	        0.33	          48
       19640	        1983	       -10.5	         6.4	         0.0	        0.31	          48
       19650	        1984	       -10.8	         6.5	         0.0	        0.31	          48
       19660	        1985	       -11.3	         6.5	         0.0	        0.33	          48
       19670	        1986	       -11.5	         6.6	         0.0	        0.33	          48
       19680	        1987	       -11.3	         6.6	         0.0	        0.38	          48
       19690	        1988	       -11.3	         6.6	         0.0	        0.39	          48
       19700	        1989	       -11.3	         6.6	         0.0	        0.41	          48
       19710	        1990	       -11.3	         6.6	         0.0	        0.41	          48
       19720	        1991	       -10.3	         6.5	         0.0	        0.40	          48
       19730	        1992	       -10.0	         6.5	         0.0	        0.40	          48
       19740	        1993	        -9.5	         6.4	         0.0	        0.48	          48
       19750	        1994	        -8.5	         6.4	         0.0	        0.50	          48
       19760	        1995	        -7.3	         6.3	         0.0	        0.50	          48
       19770	        1996	        -6.5	         6.2	         0.0	        0.54	          48
       19780	        1997	        -5.5	         6.1	         0.0	        0.64	          48
