%% Timestamp	     Counter	      Ch_000	      Ch_001	      Ch_002	      Ch_003	       Phase
       19790	        1998	        -4.0	         6.0	         0.0	        0.64	          48
       19800	        1999	        -2.0	         5.9	         0.0	        0.74	          48
       19810	        2000	         4.3	         5.6	         0.0	        0.94	          48
       19820	        2001	         4.3	         5.6	         0.0	        0.94	          48
       19830	        2003	         8.5	         5.4	         0.2	        1.23	          16
       19840	        2004	        17.5	         5.2	         0.4	        1.23	          16
       19850	        2005	        25.5	         5.1	         0.6	        1.79	          16
       19860	        2006	        26.0	         5.5	         0.8	        1.79	          16
       19870	        2007	        32.3	         6.3	         1.2	        2.19	          16
       19880	        2008	        66.8	         7.1	         2.4	        2.64	          16
       19890	        2009	        66.8	         7.1	         2.4	        2.64	          16
       19900	        2010	        80.8	         7.1	         3.2	        2.64	          16
       19910	        2011	        93.0	         7.0	         4.0	        3.17	          16
       19920	        2012	       114.3	         7.0	         5.2	        3.17	          16
       19930	        2014	       132.5	         7.0	         6.6	        3.59	          16
       19940	        2015	       141.5	         6.9	         8.0	        3.70	          16
       19950	        2016	       147.8	         6.7	         9.4	        3.70	          16
       19960	        2017	       151.5	         6.6	        11.0	        4.08	          16
       19970	        2018	       158.8	         6.7	        12.6	        4.60	          16
       19980	        2019	       165.5	         6.7	        14.2	        4.60	          16
       19990	        2020	       174.0	         7.0	        17.6	        5.27	          16
       20000	        2021	       174.0	         7.0	        17.6	        5.27	          16
       20010	        2022	       178.0	         7.1	        19.4	        6.07	          16
       20020	        2023	       184.0	         7.4	        21.2	        6.07	          16
       20030	        2024	       188.5	         7.7	        23.2	        6.75	          16
       20040	        2025	       193.3	         8.1	        25.0	        6.75	          16
       20050	        2026	       196.3	         8.5	        27.0	        7.29	          16
       20060	        2027	       199.0	         8.9	        29.0	        7.29	          16
       20070	        2028	       200.3	         9.3	        31.0	        7.22	          16
       20080	        2029	       202.3	         9.7	        33.0	        7.22	          16
       20090	        2030	       204.8	        10.0	        35.0	        7.23	          16
       20100	        2031	       201.5	        10.5	        39.2	        7.34	          16
       20110	        2032	       201.5	        10.5	        39.2	        7.34	          16
       20120	        2033	       200.5	        10.6	        41.2	        7.72	          16
       20130	        2034	       197.0	        10.7	        43.2	        7.72	          16
       20140	        2035	       192.5	        10.8	        45.0	        7.98	          16
       20150	        2036	       185.3	        10.9	        46.8	        8.26	          16
       20160	        2037	       172.0	        11.2	        50.4	        8.23	          16
       20170	        2038	       164.3	        11.4	        52.0	        8.11	          16
       20180	        2039	       164.3	        11.4	        52.0	        8.11	          16
       20190	        2040	       158.0	        11.6	        53.6	        8.11	          16
       20200	        2041	       150.5	        11.7	        55.2	        8.17	          16
       20210	        2042	       145.0	        11.8	        56.6	        8.17	          16
       20220	        2043	       138.8	        11.9	        58.0	        7.94	          16
       20230	        2044	       132.3	        11.9	        59.2	        8.02	          16
       20240	        2045	       124.5	        12.0	        60.6	        8.02	          16
       20250	        2046	       115.5	        12.0	        61.6	        8.18	          16
       20260	        2047	       107.0	        12.1	        62.8	        8.42	          16
       20270	        2048	        98.3	        12.2	        63.8	        8.42	          16
       20280	        2049	        89.8	        12.2	        64.6	        8.60	          16
       20290	        2050	        73.5	        12.3	        66.2	        8.75	          16
       20300	        2051	        66.5	        12.3	        66.8	        8.90	          16
       20310	        2052	        66.5	        12.3	        66.8	        8.90	          16
       20320	        2053	        59.5	        12.4	        67.4	        8.90	          16
       20330	        2054	        53.3	        12.4	        68.0	        9.03	          16
       20340	        2055	        47.8	        12.4	        68.4	        9.15	          16
       20350	        2056	        42.0	        12.4	        68.8	        9.15	          16
       20360	        2057	        36.0	        12.4	        69.2	        9.25	          16
       20370	        2058	        31.0	        12.4	        69.6	        9.35	          16
       20380	        2059	        26.3	        12.5	        69.8	        9.35	          16
       20390	        2060	        21.8	        12.5	        70.0	        9.44	          16
       20400	        2061	        13.8	        12.5	        70.4	        9.52	          16
       20410	        2062	        13.8	        12.5	        70.4	        9.52	          16
       20420	        2063	        10.5	        12.5	        70.4	        9.52	          16
       20430	        2064	         7.3	        12.4	        70.6	        9.60	          16
       20440	        2065	         4.0	        12.4	        70.6	        9.16	          16
       20450	        2066	         1.5	        12.4	        70.6	        8.59	          16
       20460	        2067	        -1.0	        12.4	        70.6	        8.59	          16
       20470	        2068	        -4.8	        12.5	        70.6	        8.14	          16
       20480	        2069	        -7.3	        12.5	        70.4	        8.14	          16
       20490	        2070	        -9.8	        12.6	        70.4	        7.89	          16
       20500	        2071	       -11.0	        12.7	        70.2	        7.50	          16
       20510	        2072	       -12.5	        12.8	        70.0	        7.50	          16
       20520	        2073	       -12.5	        12.8	        70.0	        7.50	          16
       20530	        2074	       -14.0	        13.0	        69.8	        6.68	          16
       20540	        2076	       -14.8	        13.1	        69.6	        6.68	          48
       20550	        2077	       -15.0	        13.2	        69.6	        6.41	          48
       20560	        2078	       -19.3	        13.2	        69.4	        6.41	          48
       20570	        2079	       -34.8	        12.8	        69.0	        6.07	          48
       20580	        2080	       -45.3	        12.0	        68.6	        5.74	          48
       20590	        2081	       -63.5	        11.0	        67.8	        5.74	          48
       20600	        2082	       -86.0	         8.8	        66.2	        5.34	          48
       20610	        2083	       -86.0	         8.8	        66.2	        5.34	          48
       20620	        2084	       -92.5	         7.9	        65.4	        5.01	          48
       20630	        2085	       -86.0	         7.4	        64.4	        4.73	          48
       20640	        2086	       -85.0	         7.1	        63.6	        4.73	          48
       20650	        2087	       -77.5	         7.1	        62.8	        4.55	          48
       20660	        2088	       -75.5	         7.4	        62.0	        4.55	          48
       20670	        2089	       -79.0	         7.6	        61.2	        4.20	          48
       20680	        2090	       -79.3	         7.8	        60.6	        3.93	          48
       20690	        2091	       -81.0	         7.9	        59.6	        3.62	          48
       20700	        2092	       -81.3	         7.9	        58.0	        3.46	          48
       20710	        2093	       -81.3	         7.9	        58.0	        3.46	          48
       20720	        2094	       -78.8	         7.8	        57.2	        3.46	          48
       20730	        2095	       -77.5	         7.7	        56.6	        3.32	          48
       20740	        2096	       -77.5	         7.6	        55.8	        3.16	          48
       20750	        2097	       -77.5	         7.5	        55.0	        3.16	          48
       20760	        2098	       -77.5	         7.4	        54.2	        2.98	          48
       20770	        2099	       -77.3	         7.4	        53.4	        2.98	          48
       20780	        2100	       -76.5	         7.3	        52.6	        2.74	          48
       20790	        2101	       -75.5	         7.2	        51.8	        2.74	          48
       20800	        2102	       -72.3	         7.2	        50.4	        2.41	          48
       20810	        2103	       -70.8	         7.2	        49.8	        2.26	          48
       20820	        2104	       -70.8	         7.2	        49.8	        2.26	          48
       20830	        2105	       -68.8	         7.1	        49.0	        2.26	          48
       20840	        2106	       -67.3	         7.1	        48.4	        2.13	          48
       20850	        2107	       -66.3	         7.1	        47.6	        2.13	          48
       20860	        2108	       -65.5	         7.1	        47.0	        1.96	          48
       20870	        2109	       -64.8	         7.1	        46.4	        1.86	          48
       20880	        2110	       -64.0	         7.1	        45.8	        1.86	          48
       20890	        2111	       -63.3	         7.1	        45.2	        1.79	          48
       20900	        2112	       -62.5	         7.0	        44.6	        1.70	          48
       20910	        2113	       -61.0	         7.0	        43.2	        1.57	          48
       20920	        2114	       -61.0	         7.0	        43.2	        1.57	          48
       20930	        2115	       -60.0	         7.0	        42.6	        1.57	          48
       20940	        2116	       -59.3	         6.9	        42.0	        1.51	          48
       20950	        2117	       -58.5	         6.9	        41.4	        1.48	          48
       20960	        2118	       -58.0	         6.9	        41.0	        1.48	          48
       20970	        2119	       -56.5	         6.8	        40.4	        1.46	          48
       20980	        2120	       -55.8	         6.8	        39.8	        1.36	          48
       20990	        2121	       -55.0	         6.8	        39.2	        1.36	          48
       21000	        2122	       -54.3	         6.8	        38.8	        1.23	          48
       21010	        2123	       -52.5	         6.8	        37.6	        1.12	          48
       21020	        2124	       -52.5	         6.8	        37.6	        1.12	          48
       21030	        2125	       -51.8	         6.7	        37.2	        1.10	          48
       21040	        2126	       -50.5	         6.7	        36.6	        1.10	          48
       21050	        2127	       -49.5	         6.7	        36.2	        1.08	          48
       21060	        2128	       -48.0	         6.7	        35.6	        1.04	          48
       21070	        2129	       -46.3	         6.7	        35.2	        1.04	          48
       21080	        2130	       -45.0	         6.7	        34.8	        0.95	          48
       21090	        2131	       -44.0	         6.7	        34.2	        0.95	          48
       21100	        2132	       -42.5	         6.7	        33.4	        0.94	          48
       21110	        2133	       -42.5	         6.7	        33.4	        0.94	          48
       21120	        2134	       -41.3	         6.7	        33.0	        0.94	          48
       21130	        2135	       -40.8	         6.6	        32.6	        0.88	          48
       21140	        2136	       -40.8	         6.6	        32.2	        0.87	          48
       21150	        2137	       -40.5	         6.6	        31.8	        0.87	          48
       21160	        2138	       -40.3	         6.6	        31.4	        0.83	          48
       21170	        2139	       -40.0	         6.6	        31.0	        0.83	          48
       21180	        2140	       -40.0	         6.6	        30.2	        0.77	          48
       21190	        2141	       -40.0	         6.6	        30.2	        0.77	          48
       21200	        2142	       -39.0	         6.6	        29.8	        0.77	          48
       21210	        2143	       -38.8	         6.6	        29.4	        0.74	          48
       21220	        2144	       -38.5	         6.6	        29.0	        0.71	          48
       21230	        2145	       -38.3	         6.6	        28.6	        0.71	          48
       21240	        2146	       -37.8	         6.6	        28.2	        0.69	          48
       21250	        2147	       -37.0	         6.6	        28.0	        0.69	          48
       21260	        2148	       -36.5	         6.6	        27.6	        0.66	          48
       21270	        2149	       -35.5	         6.6	        27.2	        0.64	          48
       21280	        2150	       -34.5	         6.6	        26.8	        0.64	          48
       21290	        2151	       -33.5	         6.5	        26.6	        0.62	          48
       21300	        2152	       -32.3	         6.5	        25.8	        0.60	          48
       21310	        2153	       -32.3	         6.5	        25.8	        0.60	          48
       21320	        2154	       -32.0	         6.5	        25.6	        0.58	          48
       21330	        2155	       -32.0	         6.5	        25.2	        0.57	          48
       21340	        2156	       -31.3	         6.6	        25.0	        0.57	          48
       21350	        2157	       -31.3	         6.6	        24.6	        0.55	          48
       21360	        2158	       -31.3	         6.6	        24.2	        0.55	          48
       21370	        2159	       -31.0	         6.6	        24.0	        0.54	          48
       21380	        2160	       -30.0	         6.6	        23.6	        0.53	          48
       21390	        2161	       -30.0	         6.7	        23.0	        0.46	          48
       21400	        2162	       -30.0	         6.7	        23.0	        0.46	          48
       21410	        2163	       -29.3	         6.7	        22.8	        0.45	          48
       21420	        2164	       -29.0	         6.7	        22.4	        0.45	          48
       21430	        2165	       -29.0	         6.7	        22.2	        0.47	          48
       21440	        2166	       -29.0	         6.7	        22.0	        0.47	          48
       21450	        2167	       -29.0	         6.8	        21.6	        0.48	          48
       21460	        2168	       -29.5	         6.8	        21.4	        0.48	          48
       21470	        2169	       -30.0	         6.8	        21.0	        0.47	          48
       21480	        2170	       -30.0	         6.8	        20.8	        0.45	          48
       21490	        2171	       -30.3	         6.8	        20.4	        0.45	          48
       21500	        2172	       -30.3	         6.8	        20.2	        0.45	          48
       21510	        2173	       -29.8	         6.8	        19.6	        0.46	          48
       21520	        2174	       -29.8	         6.8	        19.6	        0.46	          48
       21530	        2175	       -30.0	         6.8	        19.2	        0.46	          48
       21540	        2176	       -29.8	         6.8	        19.0	        0.49	          48
       21550	        2177	       -29.5	         6.8	        18.6	        0.49	          48
       21560	        2178	       -29.8	         6.8	        18.4	        0.48	          48
       21570	        2179	       -29.5	         6.8	        18.0	        0.48	          48
       21580	        2180	       -28.5	         6.8	        17.8	        0.49	          48
       21590	        2181	       -28.5	         6.7	        17.4	        0.49	          48
       21600	        2182	       -28.3	         6.7	        17.0	        0.47	          48
       21610	        2183	       -28.3	         6.7	        17.0	        0.47	          48
       21620	        2184	       -28.3	         6.7	        16.6	        0.47	          48
       21630	        2185	       -28.5	         6.7	        16.4	        0.46	          48
       21640	        2186	       -29.0	         6.7	        16.0	        0.41	          48
       21650	        2187	       -28.8	         6.7	        15.8	        0.39	          48
       21660	        2188	       -28.5	         6.6	        15.4	        0.39	          48
       21670	        2189	       -29.0	         6.6	        15.2	        0.33	          48
       21680	        2190	       -29.3	         6.6	        14.8	        0.33	          48
       21690	        2191	       -29.0	         6.6	        14.6	        0.33	          48
       21700	        2192	       -28.5	         6.6	        14.0	        0.35	          48
       21710	        2193	       -28.5	         6.6	        13.8	        0.35	          48
       21720	        2194	       -28.5	         6.6	        13.8	        0.35	          48
       21730	        2195	       -28.5	         6.6	        13.4	        0.33	          48
       21740	        2196	       -28.0	         6.6	        13.2	        0.33	          48
       21750	        2197	       -28.0	         6.6	        12.8	        0.30	          48
       21760	        2198	       -28.0	         6.6	        12.6	        0.30	          48
       21770	        2199	       -28.0	         6.6	        12.4	        0.33	          48
       21780	        2200	       -28.0	         6.6	        12.0	        0.39	          48
       21790	        2201	       -27.5	         6.6	        11.8	        0.39	          48
       21800	        2202	       -27.5	         6.6	        11.6	        0.37	          48
       21810	        2203	       -27.0	         6.5	        11.2	        0.37	          48
       21820	        2204	       -26.0	         6.5	        10.8	        0.31	          48
       21830	        2205	       -26.0	         6.5	        10.8	        0.31	          48
       21840	        2206	       -25.0	         6.5	        10.4	        0.31	          48
       21850	        2207	       -24.5	         6.5	        10.2	        0.30	          48
       21860	        2208	       -23.8	         6.4	        10.0	        0.28	          48
       21870	        2209	       -23.3	         6.4	         9.8	        0.28	          48
       21880	        2210	       -23.0	         6.4	         9.6	        0.29	          48
       21890	        2211	       -22.5	         6.4	         9.2	        0.29	          48
       21900	        2212	       -22.5	         6.4	         9.0	        0.28	          48
       21910	        2213	       -22.0	         6.4	         8.8	        0.28	          48
       21920	        2214	       -22.0	         6.3	         8.6	        0.28	          48
       21930	        2215	       -20.5	         6.3	         8.2	        0.29	          48
       21940	        2216	       -20.5	         6.3	         8.2	        0.29	          48
       21950	        2217	       -20.3	         6.3	         8.0	        0.29	          48
       21960	        2218	       -19.8	         6.3	         7.8	        0.28	          48
       21970	        2219	       -18.8	         6.3	         7.6	        0.28	          48
       21980	        2220	       -18.3	         6.3	         7.4	        0.28	          48
       21990	        2221	       -18.8	         6.3	         7.2	        0.30	          48
       22000	        2222	       -18.5	         6.2	         7.0	        0.30	          48
       22010	        2223	       -17.5	         6.2	         6.8	        0.27	          48
       22020	        2224	       -17.5	         6.2	         6.8	        0.24	          48
       22030	        2225	       -17.5	         6.2	         6.6	        0.24	          48
       22040	        2226	       -17.3	         6.2	         6.4	        0.26	          48
       22050	        2227	       -16.8	         6.2	         6.0	        0.27	          48
       22060	        2228	       -16.8	         6.2	         6.0	        0.27	          48
       22070	        2229	       -16.8	         6.2	         5.8	        0.29	          48
       22080	        2230	       -16.5	         6.2	         5.8	        0.29	          48
       22090	        2231	       -16.3	         6.2	         5.6	        0.29	          48
       22100	        2232	       -16.3	         6.2	         5.4	        0.28	          48
       22110	        2233	       -16.3	         6.2	         5.2	        0.28	          48
       22120	        2234	       -16.0	         6.2	         5.0	        0.35	          48
       22130	        2235	       -16.0	         6.2	         4.8	        0.34	          48
       22140	        2236	       -15.5	         6.2	         4.6	        0.43	          48
       22150	        2237	       -15.5	         6.2	         4.4	        0.43	          48
       22160	        2238	       -15.5	         6.2	         4.4	        0.43	          48
       22170	        2239	       -15.5	         6.2	         4.2	        0.46	          48
       22180	        2240	       -15.5	         6.2	         4.2	        0.45	          48
       22190	        2241	       -15.0	         6.2	         4.0	        0.45	          48
       22200	        2242	       -15.0	         6.2	         3.8	        0.42	          48
       22210	        2243	       -15.0	         6.2	         3.6	        0.42	          48
       22220	        2244	       -15.0	         6.2	         3.6	        0.42	          48
       22230	        2245	       -14.5	         6.2	         3.4	        0.38	          48
       22240	        2246	       -14.3	         6.2	         3.2	        0.38	          48
       22250	        2247	       -14.0	         6.2	         3.0	        0.40	          48
       22260	        2248	       -13.5	         6.2	         2.8	        0.39	          48
       22270	        2249	       -13.5	         6.2	         2.8	        0.39	          48
       22280	        2250	       -13.0	         6.2	         2.6	        0.38	          48
       22290	        2251	       -12.8	         6.2	         2.6	        0.38	          48
       22300	        2252	       -12.5	         6.2	         2.4	        0.38	          48
       22310	        2253	       -12.0	         6.1	         2.4	        0.37	          48
       22320	        2254	       -11.8	         6.1	         2.2	        0.37	          48
       22330	        2255	       -11.5	         6.1	         2.0	        0.37	          48
       22340	        2256	       -11.3	         6.1	         2.0	        0.36	          48
       22350	        2257	       -10.8	         6.1	         1.8	        0.36	          48
       22360	        2258	       -10.3	         6.0	         1.8	        0.36	          48
       22370	        2259	       -10.0	         6.0	         1.6	        0.35	          48
       22380	        2260	       -10.0	         6.0	         1.6	        0.35	          48
       22390	        2261	        -9.3	         6.0	         1.4	        0.35	          48
       22400	        2262	        -9.0	         5.9	         1.4	        0.35	          48
       22410	        2263	        -9.0	         5.9	         1.2	        0.35	          48
       22420	        2264	        -8.0	         5.9	         1.2	        0.34	          48
       22430	        2265	        -7.5	         5.9	         1.2	        0.34	          48
       22440	        2266	        -7.0	         5.8	         1.0	        0.29	          48
       22450	        2267	        -6.5	         5.8	         1.0	        0.29	          48
       22460	        2268	        -6.0	         5.8	         1.0	        0.28	          48
       22470	        2269	        -5.3	         5.8	         0.8	        0.30	          48
       22480	        2270	        -4.8	         5.7	         0.8	        0.30	          48
       22490	        2271	        -4.0	         5.7	         0.8	        0.33	          48
       22500	        2272	        -3.5	         5.7	         0.8	        0.33	          48
       22510	        2273	        -3.5	         5.7	         0.8	        0.33	          48
       22520	        2274	        -3.5	         5.7	         0.6	        0.35	          48
       22530	        2275	        -3.0	         5.7	         0.6	        0.35	          48
       22540	        2276	        -2.5	         5.7	         0.6	        0.35	          48
       22550	        2277	        -2.5	         5.7	         0.6	        0.38	          48
       22560	        2278	        -2.0	         5.8	         0.6	        0.38	          48
       22570	        2279	        -1.5	         5.8	         0.6	        0.37	          48
       22580	        2280	        -1.3	         5.8	         0.6	        0.40	          48
       22590	        2281	        -0.5	         5.9	         0.6	        0.40	          48
       22600	        2282	         0.0	         5.9	         0.6	        0.43	          48
       22610	        2283	         0.0	         5.9	         0.6	        0.43	          48
       22620	        2284	         1.0	         5.9	         0.6	        0.44	          48
       22630	        2285	         3.0	         5.9	         0.0	        0.50	          48
       22640	        2287	         2.8	         6.0	         0.2	        0.50	          16
       22650	        2288	         6.0	         6.0	         0.2	        0.61	          16
       22660	        2289	        11.3	         6.0	         0.2	        0.61	          16
       22670	        2290	        10.5	         6.2	         0.4	        0.79	          16
       22680	        2291	         9.8	         6.7	         0.4	        0.98	          16
       22690	        2292	        24.0	         7.6	         0.8	        1.06	          16
       22700	        2293	        24.0	         7.6	         0.8	        1.06	          16
       22710	        2294	        29.5	         8.1	         1.2	        1.17	          16
       22720	        2295	        36.3	         8.5	         1.6	        1.17	          16
       22730	        2297	        51.8	         8.8	         2.0	        1.55	          16
       22740	        2298	        71.5	         8.7	         2.8	        1.70	          16
       22750	        2299	        84.0	         8.5	         3.6	        1.70	          16
       22760	        2300	        96.0	         8.3	         4.6	        2.06	          16
       22770	        2301	       107.3	         8.1	         5.6	        2.06	          16
       22780	        2302	       119.5	         7.9	         6.8	        2.66	          16
       22790	        2303	       129.5	         7.7	         8.2	        3.24	          16
       22800	        2304	       143.8	         7.6	        11.0	        3.63	          16
       22810	        2305	       143.8	         7.6	        11.0	        3.63	          16
       22820	        2306	       149.5	         7.7	        12.4	        3.63	          16
       22830	        2307	       159.3	         8.0	        14.0	        3.85	          16
       22840	        2308	       165.0	         8.2	        15.6	        4.33	          16
       22850	        2309	       172.8	         8.5	        17.4	        4.33	          16
       22860	        2310	       176.8	         8.8	        19.2	        4.89	          16
       22870	        2311	       182.8	         9.1	        21.0	        5.11	          16
       22880	        2312	       189.0	         9.5	        22.8	        5.11	          16
       22890	        2313	       193.3	         9.8	        24.8	        5.38	          16
       22900	        2314	       197.3	        10.0	        26.8	        5.38	          16
       22910	        2315	       202.8	        10.6	        30.8	        6.40	          16
       22920	        2316	       202.8	        10.6	        30.8	        6.40	          16
       22930	        2317	       202.5	        10.8	        32.8	        7.27	          16
       22940	        2318	       203.3	        11.0	        34.8	        7.27	          16
       22950	        2319	       202.0	        11.3	        36.8	        8.16	          16
       22960	        2320	       200.0	        11.6	        38.8	        8.16	          16
       22970	        2321	       198.0	        11.9	        40.8	        8.93	          16
       22980	        2322	       194.3	        12.3	        42.8	        8.93	          16
       22990	        2323	       193.8	        12.6	        44.8	        9.62	          16
       23000	        2324	       187.0	        13.5	        48.6	       10.25	          16
       23010	        2325	       184.5	        13.9	        50.4	       10.82	          16
       23020	        2326	       184.5	        13.9	        50.4	       10.82	          16
       23030	        2327	       180.8	        14.3	        52.2	       11.34	          16
       23040	        2328	       177.0	        14.7	        54.0	       11.34	          16
       23050	        2329	       172.8	        15.0	        55.6	       11.82	          16
       23060	        2330	       167.8	        15.4	        57.4	       12.25	          16
       23070	        2331	       162.5	        15.7	        59.0	       12.25	          16
       23080	        2332	       156.5	        16.0	        60.6	       12.64	          16
       23090	        2333	       150.5	        16.2	        62.0	       12.64	          16
       23100	        2334	       136.3	        16.7	        64.8	       13.33	          16
       23110	        2335	       136.3	        16.7	        64.8	       13.33	          16
       23120	        2336	       128.3	        16.9	        66.2	       13.33	          16
       23130	        2337	       121.0	        17.1	        67.4	       13.12	          16
       23140	        2338	       111.0	        17.3	        68.4	       13.12	          16
       23150	        2339	        94.0	        17.6	        70.4	       11.92	          16
       23160	        2340	        94.0	        17.6	        70.4	       11.92	          16
       23170	        2341	        85.5	        17.7	        71.2	       11.34	          16
       23180	        2342	        78.0	        17.7	        72.0	       11.34	          16
       23190	        2343	        69.0	        17.7	        72.8	       10.82	          16
       23200	        2344	        61.5	        17.6	        73.4	       10.82	          16
       23210	        2345	        53.3	        17.6	        73.8	       10.39	          16
       23220	        2346	        45.0	        17.5	        74.4	       10.01	          16
       23230	        2347	        37.3	        17.4	        74.6	       10.01	          16
       23240	        2348	        30.0	        17.3	        75.0	        9.60	          16
       23250	        2349	        25.8	        17.1	        75.2	        9.37	          16
       23260	        2351	        22.3	        17.0	        75.4	        9.37	          48
       23270	        2352	        18.0	        16.8	        75.6	        8.89	          48
       23280	        2353	        12.0	        16.7	        75.8	        8.89	          48
       23290	        2354	        -1.8	        16.2	        75.8	        8.31	          48
       23300	        2355	       -14.5	        15.7	        75.6	        7.93	          48
       23310	        2356	       -36.3	        14.8	        75.2	        7.93	          48
       23320	        2357	       -55.5	        13.6	        74.6	        7.57	          48
       23330	        2358	       -68.3	        12.2	        74.0	        7.57	          48
       23340	        2359	       -77.0	        10.8	        73.2	        7.49	          48
       23350	        2360	       -76.3	         9.7	        72.4	        7.45	          48
       23360	        2361	       -69.0	         8.5	        71.0	        7.16	          48
       23370	        2362	       -69.0	         8.5	        71.0	        7.16	          48
       23380	        2363	       -65.5	         8.5	        70.4	        7.16	          48
       23390	        2364	       -68.3	         8.6	        69.6	        6.75	          48
       23400	        2365	       -71.3	         8.8	        69.0	        6.30	          48
       23410	        2366	       -75.0	         8.9	        68.2	        6.30	          48
       23420	        2367	       -76.8	         9.0	        67.4	        5.83	          48
       23430	        2368	       -78.0	         9.0	        66.6	        5.41	          48
       23440	        2369	       -77.5	         8.9	        66.0	        5.41	          48
       23450	        2370	       -76.8	         8.8	        65.2	        5.15	          48
       23460	        2371	       -76.3	         8.7	        64.4	        4.92	          48
       23470	        2372	       -77.5	         8.5	        62.8	        4.68	          48
       23480	        2373	       -77.5	         8.5	        62.8	        4.68	          48
       23490	        2374	       -78.5	         8.4	        62.0	        4.68	          48
       23500	        2375	       -79.3	         8.3	        61.2	        4.34	          48
       23510	        2376	       -79.5	         8.2	        60.4	        4.34	          48
       23520	        2377	       -79.5	         8.1	        59.6	        4.02	          48
       23530	        2378	       -79.3	         8.1	        58.8	        3.83	          48
       23540	        2379	       -79.3	         8.0	        58.0	        3.60	          48
       23550	        2380	       -78.5	         8.0	        57.2	        3.60	          48
       23560	        2381	       -77.8	         7.9	        56.6	        3.38	          48
       23570	        2382	       -75.3	         7.8	        55.0	        3.16	          48
       23580	        2383	       -75.3	         7.8	        55.0	        3.16	          48
       23590	        2384	       -74.0	         7.8	        54.2	        2.97	          48
       23600	        2385	       -72.5	         7.7	        53.6	        2.97	          48
       23610	        2386	       -71.3	         7.7	        52.8	        2.83	          48
       23620	        2387	       -70.0	         7.6	        52.2	        2.79	          48
       23630	        2388	       -68.8	         7.6	        51.4	        2.79	          48
       23640	        2389	       -67.8	         7.6	        50.8	        2.71	          48
       23650	        2390	       -66.5	         7.5	        50.0	        2.71	          48
       23660	        2391	       -65.3	         7.5	        49.4	        2.64	          48
       23670	        2392	       -64.0	         7.4	        48.8	        2.57	          48
       23680	        2393	       -62.0	         7.3	        47.6	        2.51	          48
       23690	        2394	       -61.0	         7.3	        47.0	        2.46	          48
       23700	        2395	       -61.0	         7.3	        47.0	        2.46	          48
       23710	        2396	       -59.8	         7.3	        46.4	        2.46	          48
       23720	        2397	       -59.0	         7.2	        45.8	        2.41	          48
       23730	        2398	       -58.0	         7.2	        45.2	        2.41	          48
       23740	        2399	       -57.0	         7.2	        44.6	        2.36	          48
       23750	        2400	       -55.8	         7.2	        44.0	        2.32	          48
       23760	        2401	       -54.5	         7.1	        43.6	        2.32	          48
       23770	        2402	       -54.0	         7.1	        43.0	        2.28	          48
       23780	        2403	       -52.5	         7.1	        42.4	        2.25	          48
       23790	        2404	       -50.8	         7.0	        41.4	        2.22	          48
       23800	        2405	       -50.8	         7.0	        41.4	        2.22	          48
       23810	        2406	       -50.5	         7.0	        41.0	        2.22	          48
       23820	        2407	       -50.0	         7.0	        40.4	        2.09	          48
       23830	        2408	       -49.0	         7.0	        40.0	        1.96	          48
       23840	        2409	       -49.3	         7.0	        39.4	        1.96	          48
       23850	        2410	       -49.0	         7.0	        39.0	        1.83	          48
       23860	        2411	       -49.0	         7.0	        38.4	        1.74	          48
       23870	        2412	       -49.3	         7.0	        38.0	        1.74	          48
       23880	        2413	       -49.0	         7.0	        37.4	        1.58	          48
       23890	        2414	       -49.3	         7.0	        37.0	        1.58	          48
       23900	        2415	       -48.0	         6.9	        36.0	        1.39	          48
       23910	        2416	       -48.0	         6.9	        36.0	        1.39	          48
       23920	        2417	       -48.0	         6.9	        35.6	        1.39	          48
       23930	        2418	       -47.8	         6.9	        35.0	        1.35	          48
       23940	        2419	       -47.5	         6.9	        34.6	        1.27	          48
       23950	        2420	       -47.0	         6.9	        34.2	        1.27	          48
       23960	        2421	       -47.0	         6.9	        33.6	        1.22	          48
       23970	        2422	       -46.8	         6.8	        33.2	        1.13	          48
       23980	        2423	       -46.5	         6.8	        32.6	        1.13	          48
       23990	        2424	       -45.8	         6.8	        32.2	        1.08	          48
       24000	        2425	       -44.5	         6.8	        31.4	        1.07	          48
       24010	        2426	       -43.8	         6.8	        31.0	        1.03	          48
       24020	        2427	       -43.8	         6.8	        31.0	        1.03	          48
       24030	        2428	       -43.5	         6.7	        30.4	        1.03	          48
       24040	        2429	       -42.8	         6.7	        30.0	        0.94	          48
       24050	        2430	       -42.3	         6.7	        29.6	        0.90	          48
       24060	        2431	       -41.8	         6.7	        29.2	        0.90	          48
       24070	        2432	       -41.3	         6.7	        28.8	        0.87	          48
       24080	        2433	       -41.0	         6.7	        28.4	        0.87	          48
       24090	        2434	       -40.8	         6.7	        28.0	        0.84	          48
       24100	        2435	       -40.5	         6.7	        27.2	        0.79	          48
       24110	        2436	       -40.5	         6.7	        27.2	        0.79	          48
       24120	        2437	       -40.5	         6.7	        26.8	        0.74	          48
       24130	        2438	       -41.3	         6.7	        26.4	        0.69	          48
       24140	        2439	       -41.8	         6.7	        26.0	        0.69	          48
       24150	        2440	       -41.5	         6.7	        25.6	        0.62	          48
       24160	        2441	       -41.5	         6.7	        25.0	        0.62	          48
       24170	        2442	       -41.8	         6.7	        24.2	        0.55	          48
       24180	        2443	       -42.0	         6.7	        23.8	        0.55	          48
       24190	        2444	       -42.0	         6.7	        23.8	        0.55	          48
       24200	        2445	       -41.3	         6.7	        23.4	        0.53	          48
       24210	        2446	       -41.0	         6.6	        23.0	        0.49	          48
       24220	        2447	       -40.8	         6.6	        22.6	        0.49	          48
       24230	        2448	       -41.0	         6.6	        22.2	        0.46	          48
       24240	        2449	       -40.8	         6.6	        21.8	        0.46	          48
       24250	        2450	       -40.0	         6.6	        21.4	        0.45	          48
       24260	        2451	       -40.0	         6.6	        21.0	        0.45	          48
       24270	        2452	       -40.0	         6.6	        20.6	        0.44	          48
       24280	        2453	       -39.8	         6.6	        20.2	        0.48	          48
       24290	        2454	       -39.5	         6.6	        19.8	        0.54	          48
       24300	        2455	       -38.8	         6.6	        19.0	        0.58	          48
       24310	        2456	       -38.8	         6.6	        19.0	        0.58	          48
       24320	        2457	       -38.5	         6.6	        18.6	        0.58	          48
       24330	        2458	       -38.0	         6.6	        18.2	        0.54	          48
       24340	        2459	       -37.5	         6.6	        17.8	        0.54	          48
       24350	        2460	       -37.0	         6.6	        17.6	        0.50	          48
       24360	        2461	       -36.5	         6.6	        17.2	        0.49	          48
       24370	        2462	       -35.5	         6.6	        16.4	        0.47	          48
       24380	        2463	       -35.5	         6.6	        16.4	        0.47	          48
       24390	        2464	       -35.0	         6.6	        16.0	        0.47	          48
       24400	        2465	       -34.8	         6.6	        15.8	        0.47	          48
       24410	        2466	       -34.3	         6.6	        15.4	        0.45	          48
       24420	        2467	       -33.8	         6.6	        15.0	        0.45	          48
       24430	        2468	       -33.3	         6.6	        14.8	        0.43	          48
       24440	        2469	       -32.8	         6.6	        14.4	        0.43	          48
       24450	        2470	       -32.0	         6.6	        14.0	        0.46	          48
       24460	        2471	       -31.3	         6.6	        13.8	        0.46	          48
       24470	        2472	       -30.5	         6.6	        13.4	        0.43	          48
       24480	        2473	       -30.0	         6.6	        13.2	        0.43	          48
       24490	        2474	       -29.0	         6.6	        12.6	        0.49	          48
       24500	        2475	       -29.0	         6.6	        12.6	        0.49	          48
       24510	        2476	       -28.8	         6.6	        12.2	        0.49	          48
       24520	        2477	       -28.3	         6.6	        12.0	        0.55	          48
       24530	        2478	       -27.5	         6.6	        11.8	        0.55	          48
       24540	        2479	       -27.8	         6.7	        11.4	        0.58	          48
       24550	        2480	       -28.0	         6.7	        11.2	        0.58	          48
       24560	        2481	       -27.0	         6.7	        11.0	        0.58	          48
       24570	        2482	       -26.5	         6.7	        10.6	        0.58	          48
       24580	        2483	       -26.5	         6.7	        10.4	        0.57	          48
       24590	        2484	       -26.5	         6.7	        10.2	        0.57	          48
       24600	        2485	       -25.3	         6.6	         9.6	        0.55	          48
       24610	        2486	       -25.3	         6.6	         9.6	        0.55	          48
       24620	        2487	       -25.5	         6.6	         9.4	        0.53	          48
       24630	        2488	       -25.5	         6.6	         9.0	        0.53	          48
       24640	        2489	       -25.0	         6.6	         8.8	        0.53	          48
       24650	        2490	       -24.8	         6.6	         8.6	        0.56	          48
       24660	        2491	       -25.0	         6.6	         8.4	        0.54	          48
       24670	        2492	       -24.5	         6.6	         8.0	        0.54	          48
       24680	        2493	       -24.3	         6.6	         7.8	        0.59	          48
       24690	        2494	       -24.0	         6.6	         7.6	        0.59	          48
       24700	        2495	       -23.5	         6.6	         7.4	        0.60	          48
       24710	        2496	       -21.8	         6.5	         7.0	        0.60	          48
       24720	        2497	       -21.8	         6.5	         7.0	        0.60	          48
       24730	        2498	       -21.8	         6.5	         6.8	        0.60	          48
       24740	        2499	       -21.5	         6.5	         6.6	        0.60	          48
       24750	        2500	       -21.0	         6.5	         6.2	        0.60	          48
       24760	        2501	       -20.8	         6.5	         6.0	        0.60	          48
       24770	        2502	       -21.0	         6.4	         5.8	        0.60	          48
       24780	        2503	       -20.5	         6.4	         5.6	        0.60	          48
       24790	        2504	       -20.0	         6.4	         5.4	        0.60	          48
       24800	        2505	       -19.3	         6.4	         5.2	        0.60	          48
       24810	        2506	       -18.5	         6.3	         5.0	        0.60	          48
       24820	        2507	       -18.5	         6.3	         5.0	        0.60	          48
       24830	        2508	       -17.0	         6.3	         4.8	        0.60	          48
       24840	        2509	       -17.0	         6.3	         4.6	        0.60	          48
       24850	        2510	       -16.8	         6.3	         4.4	        0.60	          48
       24860	        2511	       -16.3	         6.3	         4.2	        0.60	          48
       24870	        2512	       -16.0	         6.3	         4.0	        0.60	          48
       24880	        2513	       -15.8	         6.3	         4.0	        0.60	          48
       24890	        2514	       -16.0	         6.2	         3.8	        0.56	          48
       24900	        2515	       -16.0	         6.2	         3.6	        0.50	          48
       24910	        2516	       -15.8	         6.2	         3.2	        0.47	          48
       24920	        2517	       -15.8	         6.2	         3.2	        0.47	          48
       24930	        2518	       -15.5	         6.2	         3.2	        0.47	          48
       24940	        2519	       -14.3	         6.2	         3.0	        0.45	          48
       24950	        2520	       -13.8	         6.2	         2.8	        0.45	          48
       24960	        2521	       -13.3	         6.2	         2.8	        0.45	          48
       24970	        2522	       -12.8	         6.1	         2.6	        0.41	          48
       24980	        2523	       -12.3	         6.1	         2.4	        0.40	          48
       24990	        2524	       -12.5	         6.1	         2.2	        0.41	          48
       25000	        2525	       -12.5	         6.1	         2.2	        0.41	          48
       25010	        2526	       -12.5	         6.1	         2.0	        0.41	          48
       25020	        2527	       -12.0	         6.1	         2.0	        0.39	          48
       25030	        2528	       -11.5	         6.1	         1.8	        0.37	          48
       25040	        2529	       -11.5	         6.1	         1.8	        0.37	          48
       25050	        2530	       -11.3	         6.1	         1.6	        0.36	          48
       25060	        2531	       -11.0	         6.0	         1.6	        0.34	          48
       25070	        2532	       -10.5	         6.0	         1.4	        0.34	          48
       25080	        2533	       -11.0	         6.0	         1.4	        0.33	          48
       25090	        2534	       -11.0	         6.0	         1.2	        0.33	          48
       25100	        2535	       -11.3	         6.0	         1.0	        0.40	          48
       25110	        2536	       -11.3	         6.0	         1.0	        0.40	          48
       25120	        2537	       -11.3	         6.0	         0.8	        0.40	          48
       25130	        2538	       -11.5	         6.0	         0.8	        0.39	          48
       25140	        2539	       -11.8	         6.0	         0.6	        0.38	          48
       25150	        2540	       -11.0	         6.0	         0.6	        0.38	          48
       25160	        2541	       -10.5	         6.0	         0.4	        0.38	          48
       25170	        2542	       -10.0	         6.0	         0.4	        0.38	          48
       25180	        2543	        -9.3	         5.9	         0.2	        0.36	          48
       25190	        2544	        -9.3	         5.9	         0.2	        0.36	          48
       25200	        2545	        -8.8	         5.9	         0.0	        0.36	          48
       25210	        2546	        -9.5	         5.9	         0.0	        0.44	          48
       25220	        2547	        -9.8	         5.9	         0.0	        0.44	          48
       25230	        2548	       -10.0	         6.0	         0.0	        0.45	          48
       25240	        2549	       -10.0	         6.0	         0.0	        0.45	          48
       25250	        2550	       -10.0	         6.0	         0.0	        0.45	          48
       25260	        2551	       -10.3	         6.0	         0.0	        0.43	          48
       25270	        2552	       -10.0	         6.0	         0.0	        0.43	          48
       25280	        2553	       -10.5	         6.1	         0.0	        0.41	          48
       25290	        2554	       -10.5	         6.1	         0.0	        0.41	          48
       25300	        2555	       -10.3	         6.1	         0.0	        0.39	          48
       25310	        2556	       -10.5	         6.1	         0.0	        0.39	          48
       25320	        2557	       -10.5	         6.2	         0.0	        0.43	          48
       25330	        2558	       -10.3	         6.2	         0.0	        0.43	          48
       25340	        2559	        -9.5	         6.2	         0.0	        0.43	          48
       25350	        2560	        -9.5	         6.2	         0.0	        0.43	          48
       25360	        2561	        -9.8	         6.2	         0.0	        0.43	          48
       25370	        2562	        -9.5	         6.2	         0.0	        0.40	          48
       25380	        2563	       -10.0	         6.3	         0.0	        0.39	          48
       25390	        2564	       -10.5	         6.3	         0.0	        0.36	          48
       25400	        2565	       -10.5	         6.3	         0.0	        0.36	          48
       25410	        2566	       -10.5	         6.2	         0.0	        0.36	          48
       25420	        2567	       -10.5	         6.2	         0.0	        0.36	          48
       25430	        2568	       -10.5	         6.2	         0.0	        0.37	          48
       25440	        2569	       -10.0	         6.2	         0.0	        0.37	          48
       25450	        2570	       -10.0	         6.2	         0.0	        0.33	          48
       25460	        2571	        -9.5	         6.1	         0.0	        0.31	          48
       25470	        2572	        -9.0	         6.1	         0.0	        0.31	          48
       25480	        2573	        -8.5	         6.1	         0.0	        0.35	          48
       25490	        2574	        -8.3	         6.0	         0.0	        0.35	          48
       25500	        2575	        -8.0	         6.0	         0.0	        0.42	          48
       25510	        2576	        -6.5	         5.9	         0.0	        0.42	          48
       25520	        2577	        -6.5	         5.9	         0.0	        0.42	          48
       25530	        2578	        -6.0	         5.9	         0.0	        0.42	          48
       25540	        2579	        -5.5	         5.9	         0.0	        0.50	          48
       25550	        2580	        -4.3	         5.8	         0.0	        0.50	          48
       25560	        2581	        -3.0	         5.8	         0.0	        0.64	          48
       25570	        2582	        -2.0	         5.7	         0.0	        0.64	          48
       25580	        2583	        -0.5	         5.7	         0.0	        0.78	          48
       25590	        2584	         1.3	         5.6	         0.0	        1.02	          48
       25600	        2586	         7.5	         5.5	         0.2	        1.49	          16
       25610	        2587	         7.5	         5.5	         0.2	        1.49	          16
       25620	        2588	        14.5	         5.5	         0.2	        1.63	          16
       25630	        2589	        16.8	         5.6	         0.4	        1.63	          16
       25640	        2590	        16.8	         6.3	         0.6	        1.93	          16
       25650	        2591	        23.8	         7.1	         0.8	        1.93	          16
       25660	        2592	        43.0	         7.6	         1.2	        2.21	          16
       25670	        2593	        55.0	         7.7	         1.8	        2.60	          16
       25680	        2594	        67.0	         7.6	         2.4	        2.60	          16
       25690	        2595	       101.8	         7.4	         4.4	        3.39	          16
       25700	        2596	       101.8	         7.4	         4.4	        3.39	          16
       25710	        2597	       118.3	         7.3	         5.6	        3.39	          16
       25720	        2598	       125.3	         7.0	         6.8	        4.15	          16
       25730	        2600	       131.8	         6.7	         8.0	        4.15	          16
       25740	        2601	       138.0	         6.6	         9.4	        4.55	          16
       25750	        2602	       147.0	         6.5	        11.0	        5.07	          16
       25760	        2603	       153.5	         6.6	        12.4	        5.07	          16
       25770	        2604	       157.5	         6.8	        14.0	        5.46	          16
       25780	        2605	       163.0	         7.0	        15.6	        5.46	          16
       25790	        2606	       168.5	         7.3	        17.4	        5.82	          16
       25800	        2607	       179.5	         8.0	        20.8	        6.14	          16
       25810	        2608	       179.5	         8.0	        20.8	        6.14	          16
       25820	        2609	       184.8	         8.3	        22.8	        6.44	          16
       25830	        2610	       189.5	         8.6	        24.6	        6.71	          16
       25840	        2611	       192.5	         8.9	        26.6	        6.71	          16
       25850	        2612	       194.5	         9.1	        28.4	        6.95	          16
       25860	        2613	       198.0	         9.4	        30.4	        6.95	          16
       25870	        2614	       198.8	         9.6	        32.4	        7.18	          16
       25880	        2615	       198.5	         9.8	        34.4	        7.38	          16
       25890	        2616	       195.8	        10.1	        38.4	        7.56	          16
       25900	        2617	       195.8	        10.1	        38.4	        7.56	          16
       25910	        2618	       193.0	        10.3	        40.4	        7.73	          16
       25920	        2619	       189.8	        10.4	        42.2	        7.73	          16
       25930	        2620	       185.5	        10.6	        44.0	        8.26	          16
       25940	        2621	       180.3	        10.8	        45.8	        8.26	          16
       25950	        2622	       174.8	        11.0	        47.6	        8.45	          16
       25960	        2623	       168.5	        11.2	        49.2	        8.37	          16
       25970	        2624	       162.5	        11.5	        51.0	        8.29	          16
       25980	        2625	       155.3	        11.7	        52.4	        8.29	          16
       25990	        2626	       149.3	        11.9	        54.0	        8.22	          16
       26000	        2627	       134.8	        12.2	        56.8	        8.34	          16
       26010	        2628	       134.8	        12.2	        56.8	        8.34	          16
       26020	        2629	       127.0	        12.3	        58.0	        8.34	          16
       26030	        2630	       118.5	        12.4	        59.2	        8.34	          16
       26040	        2631	       109.8	        12.4	        60.2	        8.58	          16
       26050	        2632	       100.3	        12.5	        61.2	        8.58	          16
       26060	        2633	        91.5	        12.5	        62.2	        9.10	          16
       26070	        2634	        83.3	        12.5	        63.0	        9.10	          16
       26080	        2635	        73.5	        12.5	        63.8	        9.28	          16
       26090	        2636	        66.0	        12.6	        64.4	        9.13	          16
       26100	        2637	        51.8	        12.7	        65.6	        8.77	          16
       26110	        2638	        51.8	        12.7	        65.6	        8.77	          16
       26120	        2639	        45.8	        12.7	        66.0	        8.49	          16
       26130	        2640	        40.0	        12.7	        66.4	        8.01	          16
       26140	        2641	        36.3	        12.7	        66.8	        8.01	          16
       26150	        2642	        31.0	        12.7	        67.0	        7.74	          16
       26160	        2643	        21.3	        12.6	        67.6	        7.32	          16
       26170	        2644	        21.3	        12.6	        67.6	        7.32	          16
       26180	        2645	        18.0	        12.5	        67.8	        7.13	          16
       26190	        2646	        12.5	        12.5	        67.8	        7.13	          16
       26200	        2647	         7.8	        12.4	        68.0	        6.87	          16
       26210	        2648	         4.3	        12.4	        68.0	        6.51	          16
       26220	        2650	         2.0	        12.4	        68.0	        6.51	          48
       26230	        2651	        -0.5	        12.4	        68.0	        6.14	          48
       26240	        2652	        -6.0	        12.4	        68.0	        6.14	          48
       26250	        2653	       -18.5	        12.0	        67.8	        5.95	          48
       26260	        2654	       -28.3	        11.4	        67.4	        5.57	          48
       26270	        2655	       -44.5	        10.6	        67.0	        5.57	          48
       26280	        2656	       -67.8	         8.8	        65.8	        5.35	          48
       26290	        2657	       -67.8	         8.8	        65.8	        5.35	          48
       26300	        2658	       -73.0	         8.0	        65.0	        5.17	          48
       26310	        2659	       -71.3	         7.5	        64.2	        4.96	          48
       26320	        2660	       -72.8	         7.1	        63.6	        4.96	          48
       26330	        2661	       -67.8	         7.1	        62.8	        4.67	          48
       26340	        2662	       -65.8	         7.2	        62.2	        4.67	          48
       26350	        2663	       -69.5	         7.4	        61.6	        4.37	          48
       26360	        2664	       -73.5	         7.6	        60.8	        4.09	          48
       26370	        2665	       -75.5	         7.8	        60.0	        4.09	          48
       26380	        2666	       -76.3	         7.8	        59.2	        3.85	          48
       26390	        2667	       -77.0	         7.8	        57.8	        3.63	          48
       26400	        2668	       -77.0	         7.8	        57.8	        3.63	          48
       26410	        2669	       -76.5	         7.7	        57.0	        3.43	          48
       26420	        2670	       -77.0	         7.6	        56.2	        3.43	          48
       26430	        2671	       -77.0	         7.5	        55.4	        3.25	          48
       26440	        2672	       -77.8	         7.5	        54.6	        3.09	          48
       26450	        2673	       -78.3	         7.4	        53.8	        3.09	          48
       26460	        2674	       -78.0	         7.3	        53.0	        2.94	          48
       26470	        2675	       -77.5	         7.3	        52.4	        2.81	          48
       26480	        2676	       -76.8	         7.2	        51.6	        2.81	          48
       26490	        2677	       -76.0	         7.2	        50.8	        2.68	          48
       26500	        2678	       -74.8	         7.2	        50.0	        2.68	          48
       26510	        2679	       -72.0	         7.1	        48.6	        2.47	          48
       26520	        2680	       -72.0	         7.1	        48.6	        2.47	          48
       26530	        2681	       -71.0	         7.1	        47.8	        2.38	          48
       26540	        2682	       -70.0	         7.1	        47.2	        2.38	          48
       26550	        2683	       -69.0	         7.1	        46.4	        2.29	          48
       26560	        2684	       -67.8	         7.1	        45.8	        2.29	          48
       26570	        2685	       -67.0	         7.0	        45.2	        2.22	          48
       26580	        2686	       -66.3	         7.0	        44.4	        2.22	          48
       26590	        2687	       -65.0	         7.0	        43.8	        2.15	          48
       26600	        2688	       -62.8	         6.9	        42.6	        1.95	          48
       26610	        2689	       -62.8	         6.9	        42.6	        1.95	          48
       26620	        2690	       -61.8	         6.9	        42.0	        1.95	          48
       26630	        2691	       -60.8	         6.9	        41.4	        1.93	          48
       26640	        2692	       -59.5	         6.8	        40.8	        1.93	          48
       26650	        2693	       -58.3	         6.8	        40.2	        1.80	          48
       26660	        2694	       -57.3	         6.8	        39.6	        1.71	          48
       26670	        2695	       -55.8	         6.8	        39.0	        1.71	          48
       26680	        2696	       -54.0	         6.7	        38.4	        1.67	          48
       26690	        2697	       -52.5	         6.7	        38.0	        1.59	          48
       26700	        2698	       -51.3	         6.7	        37.4	        1.59	          48
       26710	        2699	       -48.3	         6.7	        36.4	        1.48	          48
       26720	        2700	       -48.3	         6.7	        36.4	        1.48	          48
       26730	        2701	       -47.8	         6.7	        36.0	        1.37	          48
       26740	        2702	       -46.8	         6.7	        35.6	        1.32	          48
       26750	        2703	       -45.5	         6.7	        35.0	        1.32	          48
       26760	        2704	       -44.5	         6.7	        34.6	        1.23	          48
       26770	        2705	       -44.0	         6.7	        34.2	        1.13	          48
       26780	        2706	       -42.8	         6.7	        33.8	        1.13	          48
       26790	        2707	       -41.5	         6.6	        33.4	        1.08	          48
       26800	        2708	       -40.8	         6.6	        33.0	        1.08	          48
       26810	        2709	       -38.5	         6.6	        32.2	        1.01	          48
       26820	        2710	       -38.5	         6.6	        32.2	        1.01	          48
       26830	        2711	       -37.0	         6.6	        31.8	        1.01	          48
       26840	        2712	       -36.3	         6.6	        31.4	        0.97	          48
       26850	        2713	       -35.0	         6.5	        31.0	        0.90	          48
       26860	        2714	       -33.5	         6.5	        30.8	        0.90	          48
       26870	        2715	       -32.3	         6.5	        30.4	        0.89	          48
       26880	        2716	       -30.5	         6.5	        30.2	        0.89	          48
       26890	        2717	       -29.0	         6.5	        29.8	        0.80	          48
       26900	        2718	       -28.0	         6.5	        29.6	        0.71	          48
       26910	        2719	       -26.8	         6.5	        29.2	        0.71	          48
       26920	        2720	       -25.8	         6.5	        29.0	        0.64	          48
       26930	        2721	       -24.8	         6.5	        28.8	        0.64	          48
       26940	        2722	       -24.0	         6.5	        28.6	        0.60	          48
       26950	        2723	       -23.5	         6.5	        28.2	        0.57	          48
       26960	        2724	       -23.0	         6.5	        28.0	        0.57	          48
       26970	        2725	       -22.8	         6.5	        27.8	        0.57	          48
       26980	        2726	       -22.3	         6.5	        27.6	        0.60	          48
       26990	        2727	       -21.8	         6.5	        27.4	        0.60	          48
       27000	        2728	       -22.0	         6.5	        27.0	        0.61	          48
       27010	        2729	       -22.0	         6.5	        27.0	        0.61	          48
       27020	        2730	       -22.0	         6.5	        26.8	        0.61	          48
       27030	        2731	       -21.5	         6.6	        26.6	        0.61	          48
       27040	        2732	       -21.0	         6.5	        26.2	        0.61	          48
       27050	        2733	       -20.0	         6.5	        26.0	        0.61	          48
       27060	        2734	       -19.0	         6.5	        26.0	        0.61	          48
       27070	        2735	       -18.0	         6.5	        25.8	        0.61	          48
       27080	        2736	       -16.8	         6.4	        25.6	        0.61	          48
       27090	        2737	       -16.0	         6.4	        25.4	        0.61	          48
       27100	        2738	       -15.5	         6.4	        25.2	        0.58	          48
       27110	        2739	       -15.5	         6.4	        25.0	        0.57	          48
       27120	        2740	       -15.5	         6.4	        25.0	        0.57	          48
       27130	        2741	       -15.3	         6.3	        24.8	        0.56	          48
       27140	        2742	       -14.8	         6.3	        24.6	        0.55	          48
       27150	        2743	       -14.8	         6.3	        24.4	        0.55	          48
       27160	        2744	       -14.8	         6.3	        24.4	        0.54	          48
       27170	        2745	       -15.0	         6.3	        24.2	        0.54	          48
       27180	        2746	       -15.5	         6.3	        23.8	        0.52	          48
       27190	        2747	       -15.5	         6.3	        23.8	        0.52	          48
       27200	        2748	       -16.0	         6.4	        23.8	        0.52	          48
       27210	        2749	       -16.3	         6.4	        23.6	        0.51	          48
       27220	        2750	       -16.3	         6.4	        23.4	        0.49	          48
       27230	        2751	       -15.8	         6.4	        23.2	        0.49	          48
       27240	        2752	       -15.0	         6.4	        23.0	        0.49	          48
       27250	        2753	       -15.0	         6.4	        23.0	        0.49	          48
       27260	        2754	       -15.0	         6.4	        22.8	        0.49	          48
       27270	        2755	       -14.8	         6.3	        22.6	        0.49	          48
       27280	        2756	       -14.0	         6.3	        22.6	        0.49	          48
       27290	        2757	       -13.5	         6.3	        22.4	        0.46	          48
       27300	        2758	       -12.8	         6.3	        22.2	        0.47	          48
       27310	        2759	       -12.8	         6.3	        22.2	        0.47	          48
       27320	        2760	       -12.5	         6.3	        22.0	        0.45	          48
       27330	        2761	       -12.0	         6.2	        21.8	        0.45	          48
       27340	        2762	       -11.5	         6.2	        21.8	        0.50	          48
       27350	        2763	       -11.8	         6.2	        21.6	        0.56	          48
       27360	        2764	       -11.5	         6.2	        21.6	        0.56	          48
       27370	        2765	       -11.5	         6.2	        21.4	        0.57	          48
       27380	        2766	       -11.8	         6.2	        21.2	        0.59	          48
       27390	        2767	       -11.8	         6.2	        21.2	        0.59	          48
       27400	        2768	       -12.0	         6.2	        21.0	        0.54	          48
       27410	        2769	       -11.8	         6.2	        20.8	        0.48	          48
       27420	        2770	       -11.8	         6.2	        20.8	        0.48	          48
       27430	        2771	       -11.8	         6.2	        20.6	        0.45	          48
       27440	        2772	       -11.5	         6.2	        20.6	        0.45	          48
       27450	        2773	       -12.0	         6.2	        20.4	        0.38	          48
       27460	        2774	       -12.3	         6.2	        20.4	        0.35	          48
       27470	        2775	       -12.5	         6.2	        20.2	        0.35	          48
       27480	        2776	       -12.3	         6.2	        20.0	        0.36	          48
       27490	        2777	       -12.0	         6.2	        20.0	        0.37	          48
       27500	        2778	       -12.0	         6.2	        19.8	        0.37	          48
       27510	        2779	       -11.8	         6.2	        19.8	        0.40	          48
       27520	        2780	       -11.5	         6.2	        19.6	        0.42	          48
       27530	        2781	       -11.5	         6.2	        19.6	        0.42	          48
       27540	        2782	       -11.0	         6.2	        19.4	        0.39	          48
       27550	        2783	       -11.0	         6.2	        19.2	        0.39	          48
       27560	        2784	       -10.8	         6.2	        19.2	        0.36	          48
       27570	        2785	       -10.5	         6.1	        19.0	        0.36	          48
       27580	        2786	       -10.0	         6.1	        19.0	        0.41	          48
       27590	        2787	        -9.5	         6.1	        18.8	        0.41	          48
       27600	        2788	        -9.3	         6.1	        18.8	        0.41	          48
       27610	        2789	        -9.5	         6.1	        18.6	        0.43	          48
       27620	        2790	        -9.5	         6.1	        18.6	        0.43	          48
       27630	        2791	       -10.3	         6.1	        18.4	        0.46	          48
       27640	        2792	       -10.5	         6.1	        18.2	        0.46	          48
       27650	        2793	       -10.5	         6.1	        18.2	        0.46	          48
       27660	        2794	       -10.5	         6.1	        18.2	        0.46	          48
       27670	        2795	       -10.3	         6.1	        18.0	        0.46	          48
       27680	        2796	       -10.0	         6.1	        18.0	        0.46	          48
       27690	        2797	        -9.8	         6.0	        17.8	        0.46	          48
       27700	        2798	        -9.5	         6.0	        17.8	        0.46	          48
       27710	        2799	        -9.3	         6.0	        17.6	        0.46	          48
       27720	        2800	        -8.8	         6.0	        17.6	        0.45	          48
       27730	        2801	        -8.8	         6.0	        17.6	        0.45	          48
       27740	        2802	        -9.0	         6.0	        17.4	        0.45	          48
       27750	        2803	        -9.0	         6.0	        17.4	        0.45	          48
       27760	        2804	        -8.8	         6.0	        17.2	        0.45	          48
       27770	        2805	        -8.8	         6.0	        17.2	        0.45	          48
       27780	        2806	        -9.3	         6.0	        17.0	        0.45	          48
       27790	        2807	        -9.0	         6.0	        17.0	        0.45	          48
       27800	        2808	        -8.3	         5.9	        17.0	        0.45	          48
       27810	        2809	        -8.0	         5.9	        16.8	        0.45	          48
       27820	        2810	        -7.5	         5.9	        16.8	        0.45	          48
       27830	        2811	        -6.8	         5.9	        16.6	        0.45	          48
       27840	        2812	        -6.5	         5.9	        16.6	        0.45	          48
       27850	        2813	        -6.0	         5.9	        16.6	        0.43	          48
       27860	        2814	        -5.5	         5.9	        16.4	        0.48	          48
       27870	        2815	        -5.5	         5.9	        16.4	        0.48	          48
       27880	        2816	        -6.0	         5.9	        16.4	        0.51	          48
       27890	        2817	        -6.0	         6.0	        16.4	        0.51	          48
       27900	        2818	        -6.0	         6.0	        16.2	        0.49	          48
       27910	        2819	        -6.8	         6.1	        16.2	        0.51	          48
       27920	        2820	        -6.8	         6.1	        16.2	        0.51	          48
       27930	        2821	        -7.0	         6.2	        16.0	        0.44	          48
       27940	        2822	        -7.5	         6.2	        16.0	        0.43	          48
       27950	        2823	        -6.8	         6.2	        15.8	        0.45	          48
       27960	        2824	        -6.8	         6.2	        15.8	        0.45	          48
       27970	        2825	        -5.5	         6.2	        15.8	        0.45	          48
       27980	        2826	        -5.3	         6.2	        15.8	        0.46	          48
       27990	        2827	        -5.0	         6.2	        15.6	        0.44	          48
       28000	        2828	        -4.3	         6.3	        15.6	        0.44	          48
       28010	        2829	        -4.5	         6.3	        15.6	        0.43	          48
       28020	        2830	        -4.5	         6.3	        15.6	        0.44	          48
       28030	        2831	        -4.8	         6.3	        15.6	        0.44	          48
       28040	        2832	        -4.5	         6.3	        15.4	        0.44	          48
       28050	        2833	        -4.5	         6.3	        15.4	        0.44	          48
       28060	        2834	        -4.5	         6.3	        15.4	        0.43	          48
       28070	        2835	        -4.5	         6.3	        15.2	        0.40	          48
       28080	        2836	        -4.5	         6.3	        15.2	        0.40	          48
       28090	        2837	        -4.5	         6.3	        15.2	        0.38	          48
       28100	        2838	        -4.8	         6.3	        15.2	        0.35	          48
       28110	        2839	        -5.0	         6.3	        15.2	        0.35	          48
       28120	        2840	        -4.8	         6.2	        15.0	        0.30	          48
       28130	        2841	        -4.3	         6.2	        15.0	        0.30	          48
       28140	        2842	        -4.0	         6.2	        15.0	        0.30	          48
       28150	        2843	        -3.5	         6.2	        15.0	        0.32	          48
       28160	        2844	        -3.5	         6.2	        15.0	        0.32	          48
       28170	        2845	        -3.5	         6.2	        14.8	        0.31	          48
       28180	        2846	        -3.5	         6.2	        14.8	        0.31	          48
       28190	        2847	        -4.0	         6.2	        14.8	        0.31	          48
       28200	        2848	        -4.5	         6.2	        14.8	        0.29	          48
       28210	        2849	        -4.8	         6.2	        14.8	        0.29	          48
       28220	        2850	        -5.5	         6.2	        14.6	        0.39	          48
       28230	        2851	        -6.0	         6.3	        14.6	        0.44	          48
       28240	        2852	        -7.0	         6.3	        14.6	        0.44	          48
       28250	        2853	        -7.8	         6.3	        14.4	        0.48	          48
       28260	        2854	        -8.8	         6.4	        14.4	        0.48	          48
       28270	        2855	       -10.0	         6.4	        14.2	        0.48	          48
       28280	        2856	       -10.0	         6.4	        14.2	        0.48	          48
       28290	        2857	       -10.3	         6.5	        14.0	        0.48	          48
       28300	        2858	       -10.3	         6.5	        14.0	        0.50	          48
       28310	        2859	       -10.0	         6.5	        13.8	        0.50	          48
       28320	        2860	        -9.8	         6.5	        13.8	        0.50	          48
       28330	        2861	       -10.3	         6.5	        13.6	        0.48	          48
       28340	        2862	       -10.5	         6.5	        13.6	        0.49	          48
       28350	        2863	       -10.8	         6.5	        13.4	        0.49	          48
       28360	        2864	       -11.0	         6.5	        13.4	        0.49	          48
       28370	        2865	       -12.8	         6.5	        13.2	        0.50	          48
       28380	        2866	       -12.8	         6.5	        13.2	        0.50	          48
       28390	        2867	       -12.3	         6.5	        13.0	        0.50	          48
       28400	        2868	       -12.0	         6.5	        12.8	        0.50	          48
       28410	        2869	       -11.5	         6.5	        12.8	        0.52	          48
       28420	        2870	       -11.3	         6.5	        12.6	        0.52	          48
       28430	        2871	       -10.3	         6.4	        12.6	        0.49	          48
       28440	        2872	        -9.5	         6.4	        12.4	        0.49	          48
       28450	        2873	        -9.3	         6.4	        12.4	        0.49	          48
       28460	        2874	        -8.8	         6.3	        12.2	        0.51	          48
       28470	        2875	        -7.8	         6.3	        12.2	        0.51	          48
       28480	        2876	        -7.3	         6.3	        12.2	        0.49	          48
       28490	        2877	        -6.8	         6.2	        12.0	        0.46	          48
       28500	        2878	        -6.5	         6.2	        12.0	        0.47	          48
       28510	        2879	        -6.5	         6.2	        12.0	        0.47	          48
       28520	        2880	        -6.5	         6.1	        11.8	        0.46	          48
       28530	        2881	        -6.5	         6.1	        11.8	        0.46	          48
       28540	        2882	        -7.0	         6.1	        11.8	        0.40	          48
       28550	        2883	        -6.8	         6.1	        11.6	        0.40	          48
       28560	        2884	        -7.5	         6.2	        11.6	        0.37	          48
       28570	        2885	        -8.0	         6.2	        11.4	        0.31	          48
       28580	        2886	        -8.3	         6.2	        11.4	        0.31	          48
       28590	        2887	        -9.0	         6.3	        11.4	        0.26	          48
       28600	        2888	       -10.5	         6.4	        11.2	        0.21	          48
       28610	        2889	       -10.5	         6.4	        11.2	        0.21	          48
       28620	        2890	       -10.8	         6.4	        11.0	        0.16	          48
       28630	        2891	       -10.8	         6.4	        10.8	        0.17	          48
       28640	        2892	       -11.5	         6.4	        10.8	        0.17	          48
       28650	        2893	       -11.0	         6.4	        10.6	        0.23	          48
       28660	        2894	       -11.0	         6.4	        10.6	        0.23	          48
       28670	        2895	       -10.5	         6.5	        10.4	        0.23	          48
       28680	        2896	       -10.3	         6.5	        10.4	        0.23	          48
       28690	        2897	       -10.3	         6.5	        10.2	        0.23	          48
       28700	        2898	        -9.5	         6.5	        10.2	        0.23	          48
       28710	        2899	        -9.5	         6.5	        10.0	        0.23	          48
       28720	        2900	        -9.5	         6.5	        10.0	        0.23	          48
       28730	        2901	        -9.5	         6.4	         9.8	        0.23	          48
       28740	        2902	        -9.0	         6.4	         9.8	        0.23	          48
       28750	        2903	        -8.3	         6.4	         9.6	        0.23	          48
       28760	        2904	        -8.0	         6.3	         9.6	        0.23	          48
       28770	        2905	        -7.8	         6.3	         9.6	        0.23	          48
       28780	        2906	        -7.3	         6.3	         9.4	        0.23	          48
       28790	        2907	        -6.5	         6.2	         9.4	        0.23	          48
       28800	        2908	        -6.5	         6.2	         9.4	        0.23	          48
       28810	        2909	        -6.0	         6.2	         9.2	        0.23	          48
       28820	        2910	        -5.5	         6.1	         9.2	        0.23	          48
       28830	        2911	        -4.5	         6.1	         9.2	        0.23	          48
       28840	        2912	        -4.0	         6.1	         9.2	        0.23	          48
       28850	        2913	        -3.5	         6.0	         9.2	        0.28	          48
       28860	        2914	        -3.0	         6.0	         9.0	        0.28	          48
       28870	        2915	        -2.5	         5.9	         9.0	        0.31	          48
       28880	        2916	        -2.3	         5.9	         9.0	        0.31	          48
       28890	        2917	        -2.3	         5.9	         9.0	        0.29	          48
       28900	        2918	        -1.8	         5.9	         9.0	        0.29	          48
       28910	        2919	        -2.3	         6.0	         9.0	        0.29	          48
       28920	        2920	        -2.3	         6.0	         9.0	        0.29	          48
       28930	        2921	        -3.0	         6.0	         9.0	        0.30	          48
       28940	        2922	        -3.5	         6.1	         8.8	        0.30	          48
       28950	        2923	        -3.8	         6.1	         8.8	        0.28	          48
       28960	        2924	        -4.5	         6.2	         8.8	        0.28	          48
       28970	        2925	        -5.3	         6.3	         8.8	        0.33	          48
       28980	        2926	        -5.8	         6.3	         8.6	        0.33	          48
       28990	        2927	        -6.0	         6.4	         8.6	        0.33	          48
       29000	        2928	        -7.0	         6.6	         8.4	        0.29	          48
       29010	        2929	        -7.0	         6.6	         8.4	        0.29	          48
       29020	        2930	        -7.0	         6.6	         8.4	        0.29	          48
       29030	        2931	        -7.0	         6.7	         8.4	        0.29	          48
       29040	        2932	        -7.3	         6.7	         8.2	        0.29	          48
       29050	        2933	        -7.5	         6.7	         8.2	        0.31	          48
       29060	        2934	        -7.5	         6.7	         8.2	        0.31	          48
       29070	        2935	        -7.8	         6.7	         8.0	        0.30	          48
       29080	        2936	        -8.0	         6.7	         8.0	        0.30	          48
       29090	        2937	        -8.0	         6.7	         7.8	        0.30	          48
       29100	        2938	        -7.5	         6.7	         7.8	        0.33	          48
       29110	        2939	        -7.0	         6.7	         7.6	        0.33	          48
       29120	        2940	        -7.0	         6.7	         7.6	        0.33	          48
       29130	        2941	        -6.8	         6.6	         7.6	        0.31	          48
       29140	        2942	        -6.5	         6.6	         7.6	        0.31	          48
       29150	        2943	        -6.0	         6.5	         7.4	        0.34	          48
       29160	        2944	        -6.0	         6.5	         7.4	        0.30	          48
       29170	        2945	        -5.5	         6.4	         7.4	        0.30	          48
       29180	        2946	        -4.3	         6.3	         7.2	        0.29	          48
       29190	        2947	        -4.3	         6.3	         7.2	        0.29	          48
       29200	        2948	        -4.0	         6.3	         7.2	        0.29	          48
       29210	        2949	        -4.0	         6.2	         7.2	        0.29	          48
       29220	        2950	        -3.0	         6.2	         7.2	        0.29	          48
       29230	        2951	        -2.5	         6.1	         7.2	        0.33	          48
       29240	        2952	        -1.5	         6.1	         7.2	        0.33	          48
       29250	        2953	        -1.0	         6.1	         7.2	        0.33	          48
       29260	        2954	         0.0	         6.0	         7.2	        0.30	          48
       29270	        2955	         1.3	         6.0	         7.2	        0.38	          48
       29280	        2956	         2.0	         5.9	         7.2	        0.38	          48
       29290	        2957	         3.3	         5.9	         7.2	        0.47	          48
       29300	        2958	         6.0	         5.7	         7.2	        0.47	          48
       29310	        2959	        10.0	         5.5	         0.2	        0.47	          48
       29320	        2960	        10.0	         5.5	         0.2	        0.47	          48
       29330	        2962	        12.8	         5.5	         0.2	        0.47	          16
       29340	        2963	        20.5	         5.3	         0.4	        0.47	          16
       29350	        2964	        27.0	         5.1	         0.8	        0.47	          16
       29360	        2965	        28.5	         5.3	         1.0	        0.47	          16
       29370	        2966	        39.5	         6.3	         1.8	        0.77	          16
       29380	        2967	        39.5	         6.3	         1.8	        0.77	          16
       29390	        2968	        51.5	         6.7	         2.2	        0.77	          16
       29400	        2969	        60.5	         7.0	         2.8	        0.77	          16
       29410	        2970	        66.0	         7.4	         3.6	        0.77	          16
       29420	        2971	        78.8	         7.9	         4.4	        0.77	          16
       29430	        2972	        92.0	         8.4	         5.2	        0.77	          16
       29440	        2973	       105.0	         8.7	         6.2	        0.77	          16
       29450	        2974	       114.0	         8.6	         7.4	        0.77	          16
       29460	        2975	       119.3	         8.5	         8.6	        0.77	          16
       29470	        2976	       127.8	         8.4	        10.0	        0.77	          16
       29480	        2977	       133.5	         8.4	        11.2	        1.26	          16
       29490	        2978	       136.0	         8.2	        14.0	        1.39	          16
       29500	        2979	       136.0	         8.2	        14.0	        1.39	          16
       29510	        2980	       132.8	         8.2	        15.4	        1.36	          16
       29520	        2981	       129.0	         8.3	        16.6	        1.36	          16
       29530	        2983	       128.0	         8.5	        17.8	        1.50	          16
       29540	        2984	       127.0	         8.8	        19.2	        1.76	          16
       29550	        2985	       124.0	         9.0	        20.4	        1.76	          16
       29560	        2986	       120.5	         9.1	        21.6	        2.00	          16
       29570	        2987	       118.0	         9.3	        22.8	        2.00	          16
       29580	        2988	       116.3	         9.7	        25.2	        2.20	          16
       29590	        2989	       116.3	         9.7	        25.2	        2.20	          16
       29600	        2990	       115.0	         9.7	        26.2	        2.20	          16
       29610	        2991	       114.0	         9.8	        27.4	        2.64	          16
       29620	        2992	       112.5	         9.8	        28.6	        2.95	          16
       29630	        2993	       111.5	         9.8	        29.6	        2.95	          16
       29640	        2994	       110.0	         9.8	        30.8	        3.02	          16
       29650	        2995	       106.0	         9.9	        31.8	        3.02	          16
       29660	        2996	       102.8	        10.1	        32.8	        3.37	          16
       29670	        2997	        99.5	        10.2	        33.8	        3.72	          16
       29680	        2998	        98.3	        10.3	        34.8	        3.72	          16
       29690	        2999	        96.3	        10.4	        35.8	        4.29	          16
       29700	        3000	        94.8	        10.6	        37.6	        4.75	          16
       29710	        3001	        94.8	        10.6	        37.6	        4.75	          16
       29720	        3002	        94.5	        10.8	        38.6	        4.75	          16
       29730	        3003	        93.8	        10.9	        39.6	        5.56	          16
       29740	        3004	        94.3	        11.0	        40.4	        5.56	          16
       29750	        3005	        94.0	        11.2	        41.4	        5.96	          16
       29760	        3006	        94.8	        11.3	        42.4	        5.96	          16
       29770	        3007	        94.0	        11.5	        43.4	        6.01	          16
       29780	        3008	        94.0	        11.7	        44.2	        5.76	          16
       29790	        3009	        93.3	        11.9	        45.2	        5.76	          16
