%%%%%%%%%%%%%%%%%%%%%%%%%%%%%%%%%%%%%%%%%%%%%%%%%%%%%%%%%%%%%%%%%%%%%%%%%%%%%%%%
%% DEVICE INFO:
%% Device Type: SERVO-U0
%% System Version: 1.0
%% Sampling Time: 010
%% Device System SW version: SERVO-U,2.2.0.55516
%% Application Name: SERVO Tracker U/n/air
%% Build Info: Build: Sep 26 2016 / 16:27:37
%% Measurement at Y-piece enabled: 
%% PC Time: 20181205174709
%% Device Time: 20181205182644
%% Servo Serial Number: 26155
%% Protocol Version:  2
%% Log start: 2018-12-05:17:47:27.490
%% Log stop:  2018-12-05:17:48:01.124
%%%%%%%%%%%%%%%%%%%%%%%%%%%%%%%%%%%%%%%%%%%%%%%%%%%%%%%%%%%%%%%%%%%%%%%%%%%%%%%%
% Ch_000 (ml/s)      : Flow
% Ch_001 (cmH20)     : Pressure
% Ch_002 (ml)        : Volume
% Ch_003 (uV)        : Edi
% Phase: 16=Insp., 32=Pause, 48=Exp.
%%%%%%%%%%%%%%%%%%%%%%%%%%%%%%%%%%%%%%%%%%%%%%%%%%%%%%%%%%%%%%%%%%%%%%%%%%%%%%%%
%% Timestamp	     Counter	      Ch_000	      Ch_001	      Ch_002	      Ch_003	       Phase
           0	           0	       151.0	         8.8	        18.2	        1.70	          16
          10	           1	       151.0	         8.8	        18.2	        1.70	          16
          20	           2	       147.0	         9.1	        19.6	        1.75	          16
          30	           3	       141.8	         9.3	        21.0	        1.75	          16
          40	           4	       136.8	         9.4	        22.4	        2.08	          16
          50	           5	       133.5	         9.5	        23.8	        2.08	          16
          60	           6	       130.3	         9.6	        25.0	        2.66	          16
          70	           7	       128.5	         9.7	        26.4	        3.31	          16
          80	           8	       124.8	         9.7	        27.6	        3.31	          16
          90	           9	       121.3	         9.8	        28.8	        3.62	          16
         100	          10	       111.8	        10.2	        31.0	        3.62	          16
         110	          11	       111.8	        10.2	        31.0	        3.62	          16
         120	          12	       107.5	        10.4	        32.2	        3.83	          16
         130	          13	       102.5	        10.7	        33.2	        3.83	          16
         140	          14	        97.8	        10.9	        34.2	        4.09	          16
         150	          15	        92.0	        11.1	        35.0	        4.26	          16
         160	          16	        88.3	        11.3	        36.0	        4.26	          16
         170	          17	        77.8	        11.6	        37.6	        4.43	          16
         180	          18	        77.8	        11.6	        37.6	        4.43	          16
         190	          19	        73.3	        11.6	        38.2	        4.34	          16
         200	          20	        68.5	        11.7	        39.0	        4.39	          16
         210	          21	        65.3	        11.7	        39.6	        4.72	          16
         220	          22	        60.8	        11.6	        40.2	        4.72	          16
         230	          23	        56.8	        11.6	        40.8	        5.01	          16
         240	          24	        53.5	        11.5	        41.4	        5.01	          16
         250	          25	        49.3	        11.4	        41.8	        4.99	          16
         260	          26	        45.0	        11.5	        42.2	        4.69	          16
         270	          27	        41.3	        11.5	        42.6	        4.69	          16
         280	          28	        39.0	        11.5	        43.0	        4.70	          16
         290	          29	        35.8	        11.4	        43.8	        4.99	          16
         300	          30	        33.8	        11.4	        44.2	        5.03	          16
         310	          31	        33.8	        11.4	        44.2	        5.03	          16
         320	          32	        33.5	        11.4	        44.4	        5.03	          16
         330	          33	        32.0	        11.4	        44.8	        5.11	          16
         340	          34	        30.0	        11.4	        45.0	        5.11	          16
         350	          35	        25.5	        11.4	        45.4	        5.17	          16
         360	          36	        22.5	        11.5	        45.6	        5.00	          16
         370	          37	        18.8	        11.6	        45.8	        5.00	          16
         380	          38	        14.5	        11.7	        46.0	        4.73	          16
         390	          39	         7.0	        11.8	        46.0	        4.55	          16
         400	          40	         5.3	        11.9	        46.2	        4.38	          16
         410	          41	         5.3	        11.9	        46.2	        4.38	          16
         420	          42	         3.5	        11.8	        46.2	        4.22	          16
         430	          43	         2.0	        11.7	        46.2	        4.22	          16
         440	          44	         1.5	        11.7	        46.2	        4.08	          16
         450	          45	         0.5	        11.6	        46.2	        3.77	          16
         460	          47	        -1.0	        11.6	        46.2	        3.77	          48
         470	          48	        -2.5	        11.5	        46.2	        3.77	          48
         480	          49	        -5.0	        11.5	        46.2	        3.55	          48
         490	          50	       -10.5	        11.3	        46.0	        3.36	          48
         500	          51	       -17.0	        11.0	        45.8	        3.18	          48
         510	          52	       -27.5	        10.7	        45.6	        3.18	          48
         520	          53	       -27.5	        10.7	        45.6	        3.18	          48
         530	          54	       -52.5	         9.7	        44.6	        3.01	          48
         540	          55	       -62.3	         9.2	        44.0	        2.87	          48
         550	          56	       -66.3	         8.6	        43.4	        2.73	          48
         560	          57	       -69.8	         8.1	        42.6	        2.73	          48
         570	          58	       -68.8	         7.8	        42.0	        2.72	          48
         580	          59	       -67.0	         7.6	        41.4	        2.72	          48
         590	          60	       -65.5	         7.5	        40.6	        2.67	          48
         600	          61	       -70.3	         7.6	        39.2	        2.30	          48
         610	          62	       -70.3	         7.6	        39.2	        2.30	          48
         620	          63	       -73.3	         7.7	        38.6	        2.30	          48
         630	          64	       -76.3	         7.8	        37.8	        2.11	          48
         640	          65	       -78.3	         7.9	        37.0	        2.11	          48
         650	          66	       -80.3	         7.9	        36.2	        2.01	          48
         660	          67	       -81.5	         7.9	        35.4	        2.01	          48
         670	          68	       -83.0	         7.9	        34.6	        1.86	          48
         680	          69	       -84.3	         7.8	        33.8	        1.69	          48
         690	          70	       -85.3	         7.7	        32.8	        1.69	          48
         700	          71	       -85.5	         7.6	        31.2	        1.61	          48
         710	          72	       -85.5	         7.6	        31.2	        1.61	          48
         720	          73	       -85.5	         7.6	        31.2	        1.61	          48
         730	          74	       -85.0	         7.4	        29.4	        1.43	          48
         740	          75	       -84.0	         7.4	        28.6	        1.31	          48
         750	          76	       -83.0	         7.3	        27.8	        1.31	          48
         760	          77	       -81.5	         7.3	        27.0	        1.27	          48
         770	          78	       -80.0	         7.2	        26.2	        1.27	          48
         780	          79	       -75.5	         7.2	        24.6	        1.11	          48
         790	          80	       -75.5	         7.2	        24.6	        1.11	          48
         800	          81	       -73.3	         7.2	        23.8	        1.11	          48
         810	          82	       -71.0	         7.1	        23.2	        1.04	          48
         820	          83	       -68.5	         7.1	        22.6	        1.01	          48
         830	          84	       -66.0	         7.1	        21.8	        1.01	          48
         840	          85	       -64.5	         7.0	        21.2	        0.96	          48
         850	          86	       -62.8	         7.0	        20.6	        0.96	          48
         860	          87	       -61.3	         7.0	        20.0	        0.98	          48
         870	          88	       -59.3	         6.9	        19.4	        0.94	          48
         880	          89	       -57.5	         6.9	        18.8	        0.94	          48
         890	          90	       -56.8	         6.9	        18.2	        0.87	          48
         900	          91	       -53.8	         6.8	        17.2	        0.81	          48
         910	          92	       -53.8	         6.8	        17.2	        0.81	          48
         920	          93	       -52.0	         6.8	        16.6	        0.76	          48
         930	          94	       -51.3	         6.8	        16.0	        0.76	          48
         940	          95	       -50.5	         6.8	        15.6	        0.73	          48
         950	          96	       -48.8	         6.8	        15.2	        0.67	          48
         960	          97	       -48.0	         6.7	        14.6	        0.67	          48
         970	          98	       -47.3	         6.7	        14.2	        0.62	          48
         980	          99	       -46.8	         6.7	        13.6	        0.62	          48
         990	         100	       -44.8	         6.7	        12.8	        0.59	          48
        1000	         101	       -44.8	         6.7	        12.8	        0.59	          48
        1010	         102	       -44.3	         6.7	        12.4	        0.59	          48
        1020	         103	       -43.3	         6.7	        12.0	        0.57	          48
        1030	         104	       -42.5	         6.7	        11.4	        0.55	          48
        1040	         105	       -41.0	         6.7	        11.0	        0.55	          48
        1050	         106	       -39.5	         6.6	        10.6	        0.53	          48
        1060	         107	       -38.3	         6.6	        10.2	        0.51	          48
        1070	         108	       -37.3	         6.6	        10.0	        0.51	          48
        1080	         109	       -35.8	         6.6	         9.6	        0.50	          48
        1090	         110	       -34.3	         6.6	         9.2	        0.50	          48
        1100	         111	       -33.0	         6.6	         8.6	        0.47	          48
        1110	         112	       -33.0	         6.6	         8.6	        0.47	          48
        1120	         113	       -32.8	         6.6	         8.2	        0.47	          48
        1130	         114	       -31.8	         6.6	         8.0	        0.46	          48
        1140	         115	       -31.0	         6.6	         7.6	        0.45	          48
        1150	         116	       -30.0	         6.6	         7.0	        0.44	          48
        1160	         117	       -30.0	         6.6	         7.0	        0.44	          48
        1170	         118	       -29.0	         6.6	         6.8	        0.44	          48
        1180	         119	       -28.0	         6.6	         6.4	        0.43	          48
        1190	         120	       -28.0	         6.6	         6.2	        0.41	          48
        1200	         121	       -28.3	         6.6	         5.8	        0.41	          48
        1210	         122	       -28.0	         6.6	         5.6	        0.42	          48
        1220	         123	       -27.8	         6.6	         5.4	        0.46	          48
        1230	         124	       -27.8	         6.6	         5.0	        0.46	          48
        1240	         125	       -28.0	         6.6	         4.8	        0.44	          48
        1250	         126	       -27.3	         6.6	         4.4	        0.44	          48
        1260	         127	       -26.5	         6.6	         4.2	        0.44	          48
        1270	         128	       -26.0	         6.6	         4.0	        0.46	          48
        1280	         129	       -26.0	         6.6	         3.4	        0.51	          48
        1290	         130	       -26.0	         6.6	         3.4	        0.51	          48
        1300	         131	       -26.3	         6.6	         3.2	        0.54	          48
        1310	         132	       -26.8	         6.7	         2.8	        0.54	          48
        1320	         133	       -27.3	         6.7	         2.6	        0.52	          48
        1330	         134	       -27.5	         6.7	         2.4	        0.53	          48
        1340	         135	       -27.5	         6.7	         2.0	        0.53	          48
        1350	         136	       -27.3	         6.7	         1.8	        0.48	          48
        1360	         137	       -27.0	         6.7	         1.6	        0.48	          48
        1370	         138	       -25.8	         6.6	         1.0	        0.47	          48
        1380	         139	       -25.8	         6.6	         1.0	        0.47	          48
        1390	         140	       -25.5	         6.6	         0.8	        0.47	          48
        1400	         141	       -25.5	         6.6	         0.4	        0.46	          48
        1410	         142	       -26.0	         6.7	         0.2	        0.45	          48
        1420	         143	       -26.3	         6.7	         0.0	        0.45	          48
        1430	         144	       -27.3	         6.7	         0.0	        0.45	          48
        1440	         145	       -28.0	         6.7	         0.0	        0.45	          48
        1450	         146	       -28.3	         6.7	         0.0	        0.51	          48
        1460	         147	       -28.5	         6.7	         0.0	        0.49	          48
        1470	         148	       -29.0	         6.7	         0.0	        0.49	          48
        1480	         149	       -29.0	         6.7	         0.0	        0.49	          48
        1490	         150	       -29.0	         6.7	         0.0	        0.49	          48
        1500	         151	       -29.0	         6.7	         0.0	        0.49	          48
        1510	         152	       -29.3	         6.7	         0.0	        0.55	          48
        1520	         153	       -29.5	         6.7	         0.0	        0.55	          48
        1530	         154	       -29.3	         6.7	         0.0	        0.55	          48
        1540	         155	       -29.8	         6.8	         0.0	        0.55	          48
        1550	         156	       -30.3	         6.8	         0.0	        0.55	          48
        1560	         157	       -30.5	         6.8	         0.0	        0.59	          48
        1570	         158	       -30.8	         6.8	         0.0	        0.59	          48
        1580	         159	       -31.0	         6.8	         0.0	        0.61	          48
        1590	         160	       -31.5	         6.8	         0.0	        0.63	          48
        1600	         161	       -31.3	         6.8	         0.0	        0.63	          48
        1610	         162	       -31.3	         6.8	         0.0	        0.64	          48
        1620	         163	       -31.0	         6.8	         0.0	        0.66	          48
        1630	         164	       -30.5	         6.7	         0.0	        0.66	          48
        1640	         165	       -30.5	         6.7	         0.0	        0.71	          48
        1650	         166	       -30.0	         6.7	         0.0	        0.71	          48
        1660	         167	       -29.8	         6.7	         0.0	        0.71	          48
        1670	         168	       -29.0	         6.7	         0.0	        0.71	          48
        1680	         169	       -29.3	         6.6	         0.0	        0.71	          48
        1690	         170	       -29.3	         6.6	         0.0	        0.65	          48
        1700	         171	       -28.5	         6.6	         0.0	        0.64	          48
        1710	         172	       -28.3	         6.6	         0.0	        0.62	          48
        1720	         173	       -28.3	         6.6	         0.0	        0.62	          48
        1730	         174	       -28.0	         6.5	         0.0	        0.62	          48
        1740	         175	       -27.3	         6.5	         0.0	        0.59	          48
        1750	         176	       -27.0	         6.5	         0.0	        0.60	          48
        1760	         177	       -26.8	         6.5	         0.0	        0.60	          48
        1770	         178	       -26.3	         6.5	         0.0	        0.60	          48
        1780	         179	       -25.5	         6.4	         0.0	        0.54	          48
        1790	         180	       -25.0	         6.4	         0.0	        0.54	          48
        1800	         181	       -25.0	         6.4	         0.0	        0.52	          48
        1810	         182	       -24.8	         6.4	         0.0	        0.52	          48
        1820	         183	       -24.5	         6.4	         0.0	        0.57	          48
        1830	         184	       -24.5	         6.4	         0.0	        0.57	          48
        1840	         185	       -24.5	         6.4	         0.0	        0.57	          48
        1850	         186	       -24.5	         6.4	         0.0	        0.51	          48
        1860	         187	       -24.0	         6.4	         0.0	        0.51	          48
        1870	         188	       -23.8	         6.4	         0.0	        0.51	          48
        1880	         189	       -23.5	         6.4	         0.0	        0.48	          48
        1890	         190	       -23.3	         6.4	         0.0	        0.48	          48
        1900	         191	       -23.0	         6.3	         0.0	        0.52	          48
        1910	         192	       -22.8	         6.3	         0.0	        0.52	          48
        1920	         193	       -22.5	         6.3	         0.0	        0.52	          48
        1930	         194	       -22.0	         6.3	         0.0	        0.54	          48
        1940	         195	       -22.0	         6.3	         0.0	        0.54	          48
        1950	         196	       -21.5	         6.3	         0.0	        0.54	          48
        1960	         197	       -21.3	         6.3	         0.0	        0.56	          48
        1970	         198	       -21.0	         6.3	         0.0	        0.58	          48
        1980	         199	       -20.5	         6.3	         0.0	        0.58	          48
        1990	         200	       -20.5	         6.3	         0.0	        0.56	          48
        2000	         201	       -20.0	         6.3	         0.0	        0.56	          48
        2010	         202	       -20.0	         6.3	         0.0	        0.60	          48
        2020	         203	       -19.5	         6.2	         0.0	        0.57	          48
        2030	         204	       -19.0	         6.2	         0.0	        0.57	          48
        2040	         205	       -19.0	         6.2	         0.0	        0.57	          48
        2050	         206	       -18.5	         6.2	         0.0	        0.57	          48
        2060	         207	       -18.5	         6.2	         0.0	        0.57	          48
        2070	         208	       -17.8	         6.2	         0.0	        0.54	          48
        2080	         209	       -17.3	         6.2	         0.0	        0.54	          48
        2090	         210	       -17.3	         6.2	         0.0	        0.56	          48
        2100	         211	       -17.0	         6.1	         0.0	        0.57	          48
        2110	         212	       -16.5	         6.1	         0.0	        0.57	          48
        2120	         213	       -16.3	         6.1	         0.0	        0.60	          48
        2130	         214	       -16.3	         6.1	         0.0	        0.60	          48
        2140	         215	       -16.5	         6.1	         0.0	        0.60	          48
        2150	         216	       -16.3	         6.1	         0.0	        0.60	          48
        2160	         217	       -16.3	         6.1	         0.0	        0.60	          48
        2170	         218	       -16.5	         6.1	         0.0	        0.60	          48
        2180	         219	       -16.3	         6.1	         0.0	        0.60	          48
        2190	         220	       -16.3	         6.1	         0.0	        0.60	          48
        2200	         221	       -16.3	         6.1	         0.0	        0.60	          48
        2210	         222	       -16.3	         6.1	         0.0	        0.60	          48
        2220	         223	       -16.5	         6.1	         0.0	        0.60	          48
        2230	         224	       -16.8	         6.2	         0.0	        0.60	          48
        2240	         225	       -17.0	         6.2	         0.0	        0.60	          48
        2250	         226	       -17.5	         6.2	         0.0	        0.60	          48
        2260	         227	       -17.8	         6.2	         0.0	        0.60	          48
        2270	         228	       -18.0	         6.2	         0.0	        0.60	          48
        2280	         229	       -17.3	         6.2	         0.0	        0.60	          48
        2290	         230	       -17.3	         6.2	         0.0	        0.60	          48
        2300	         231	       -17.0	         6.2	         0.0	        0.60	          48
        2310	         232	       -16.0	         6.2	         0.0	        0.57	          48
        2320	         233	       -15.0	         6.2	         0.0	        0.57	          48
        2330	         234	       -14.0	         6.2	         0.0	        0.55	          48
        2340	         235	       -13.5	         6.1	         0.0	        0.54	          48
        2350	         236	       -12.5	         6.1	         0.0	        0.54	          48
        2360	         237	       -11.5	         6.0	         0.0	        0.69	          48
        2370	         238	       -11.0	         6.0	         0.0	        0.66	          48
        2380	         239	       -10.5	         5.9	         0.0	        0.66	          48
        2390	         240	        -9.5	         5.9	         0.0	        0.77	          48
        2400	         241	        -8.5	         5.8	         0.0	        0.77	          48
        2410	         242	        -7.5	         5.7	         0.0	        0.82	          48
        2420	         243	        -6.3	         5.6	         0.0	        0.82	          48
        2430	         244	        -4.0	         5.5	         0.0	        0.81	          48
        2440	         245	        -1.3	         5.4	         0.0	        0.81	          48
        2450	         246	         1.8	         5.2	         0.0	        0.92	          48
        2460	         247	         7.0	         5.0	         0.2	        1.28	          48
        2470	         249	        10.8	         4.9	         0.2	        1.51	          16
        2480	         250	        33.8	         4.6	         0.8	        1.79	          16
        2490	         251	        33.8	         4.6	         0.8	        1.79	          16
        2500	         252	        36.5	         5.0	         1.2	        1.78	          16
        2510	         253	        47.8	         5.8	         1.6	        1.78	          16
        2520	         254	        64.3	         6.4	         2.2	        2.05	          16
        2530	         256	        90.0	         6.6	         3.2	        2.58	          16
        2540	         257	       102.8	         6.6	         4.2	        2.58	          16
        2550	         258	       119.5	         6.6	         5.4	        3.04	          16
        2560	         259	       142.3	         6.7	         6.8	        3.04	          16
        2570	         260	       159.3	         6.7	         8.4	        3.38	          16
        2580	         261	       170.8	         6.7	        10.2	        3.80	          16
        2590	         262	       180.0	         6.6	        13.6	        3.91	          16
        2600	         263	       180.0	         6.6	        13.6	        3.91	          16
        2610	         264	       185.0	         6.6	        15.6	        4.28	          16
        2620	         265	       191.5	         6.7	        17.4	        4.28	          16
        2630	         266	       194.8	         6.8	        19.4	        4.90	          16
        2640	         267	       195.0	         7.0	        21.4	        4.90	          16
        2650	         268	       195.8	         7.2	        23.2	        5.33	          16
        2660	         269	       197.5	         7.5	        25.2	        5.33	          16
        2670	         270	       198.8	         7.8	        27.2	        6.00	          16
        2680	         271	       198.5	         8.1	        29.2	        6.50	          16
        2690	         272	       198.3	         8.4	        31.2	        6.50	          16
        2700	         273	       199.5	         9.1	        35.2	        6.82	          16
        2710	         274	       199.0	         9.5	        37.2	        6.82	          16
        2720	         275	       199.0	         9.5	        37.2	        6.82	          16
        2730	         276	       197.3	         9.8	        39.2	        6.75	          16
        2740	         277	       195.8	        10.1	        41.2	        6.75	          16
        2750	         278	       193.5	        10.3	        43.0	        6.42	          16
        2760	         279	       188.5	        10.4	        45.0	        6.11	          16
        2770	         280	       184.3	        10.6	        46.8	        6.11	          16
        2780	         281	       178.0	        10.7	        48.6	        5.75	          16
        2790	         282	       171.3	        10.8	        50.2	        5.30	          16
        2800	         283	       163.3	        10.8	        52.0	        5.30	          16
        2810	         284	       153.5	        10.9	        53.4	        5.18	          16
        2820	         285	       145.3	        11.0	        54.8	        5.30	          16
        2830	         286	       135.5	        11.1	        56.2	        5.30	          16
        2840	         287	       126.0	        11.1	        57.6	        5.25	          16
        2850	         288	       116.3	        11.2	        58.6	        5.25	          16
        2860	         289	       122.8	        11.2	        60.0	        4.93	          16
        2870	         291	       119.5	        10.7	        61.0	        4.72	          48
        2880	         292	       102.5	         9.9	        62.2	        4.72	          48
        2890	         293	        76.5	         8.5	        63.8	        4.55	          48
        2900	         294	        76.5	         8.5	        63.8	        4.55	          48
        2910	         295	        56.5	         8.0	        64.4	        4.55	          48
        2920	         296	        22.5	         7.7	        64.6	        4.48	          48
        2930	         297	         0.5	         7.4	        64.6	        4.48	          48
        2940	         298	        -6.3	         7.2	        64.6	        4.70	          48
        2950	         299	       -15.5	         7.1	        64.4	        4.70	          48
        2960	         300	       -24.3	         7.0	        64.2	        4.70	          48
        2970	         301	       -23.5	         7.0	        63.8	        4.70	          48
        2980	         302	       -23.8	         7.0	        63.6	        4.70	          48
        2990	         303	       -24.5	         7.0	        63.4	        4.70	          48
        3000	         304	       -27.8	         7.0	        62.8	        4.70	          48
        3010	         305	       -27.8	         7.0	        62.8	        4.70	          48
        3020	         306	       -28.3	         7.1	        62.6	        4.70	          48
        3030	         307	       -29.8	         7.2	        62.2	        4.70	          48
        3040	         308	       -31.0	         7.2	        62.0	        4.70	          48
        3050	         309	       -32.3	         7.3	        61.6	        4.70	          48
        3060	         310	       -33.8	         7.4	        61.4	        4.70	          48
        3070	         311	       -35.3	         7.4	        61.0	        4.70	          48
        3080	         312	       -37.3	         7.5	        60.6	        4.70	          48
        3090	         313	       -38.8	         7.5	        60.2	        4.70	          48
        3100	         314	       -39.8	         7.6	        59.8	        4.70	          48
        3110	         315	       -42.5	         7.6	        59.0	        4.70	          48
        3120	         316	       -42.5	         7.6	        59.0	        4.70	          48
        3130	         317	       -43.5	         7.6	        58.6	        4.47	          48
        3140	         318	       -44.3	         7.7	        58.0	        4.23	          48
        3150	         319	       -45.8	         7.7	        57.6	        4.23	          48
        3160	         320	       -47.8	         7.7	        57.2	        3.91	          48
        3170	         321	       -50.3	         7.7	        56.6	        3.66	          48
        3180	         322	       -55.0	         7.7	        55.6	        3.40	          48
        3190	         323	       -55.0	         7.7	        55.6	        3.40	          48
        3200	         324	       -58.0	         7.6	        55.0	        3.40	          48
        3210	         325	       -60.8	         7.6	        54.4	        3.21	          48
        3220	         326	       -63.3	         7.5	        53.8	        2.97	          48
        3230	         327	       -65.5	         7.5	        53.0	        2.97	          48
        3240	         328	       -68.5	         7.4	        52.4	        2.83	          48
        3250	         329	       -70.3	         7.4	        51.8	        2.68	          48
        3260	         330	       -71.3	         7.3	        51.0	        2.68	          48
        3270	         331	       -71.5	         7.3	        50.2	        2.54	          48
        3280	         332	       -72.0	         7.2	        49.6	        2.54	          48
        3290	         333	       -70.8	         7.2	        48.8	        2.35	          48
        3300	         334	       -68.3	         7.1	        47.4	        2.12	          48
        3310	         335	       -68.3	         7.1	        47.4	        2.12	          48
        3320	         336	       -66.8	         7.0	        46.8	        2.01	          48
        3330	         337	       -65.8	         7.0	        46.2	        1.88	          48
        3340	         338	       -64.5	         7.0	        45.6	        1.88	          48
        3350	         339	       -63.8	         7.0	        44.8	        1.76	          48
        3360	         340	       -63.0	         7.0	        44.2	        1.76	          48
        3370	         341	       -62.3	         7.0	        43.6	        1.64	          48
        3380	         342	       -62.0	         7.0	        43.0	        1.52	          48
        3390	         343	       -61.3	         7.0	        42.4	        1.52	          48
        3400	         344	       -59.3	         6.9	        41.2	        1.35	          48
        3410	         345	       -59.3	         6.9	        41.2	        1.35	          48
        3420	         346	       -58.5	         6.9	        40.6	        1.26	          48
        3430	         347	       -57.3	         6.8	        40.0	        1.26	          48
        3440	         348	       -55.8	         6.8	        39.4	        1.26	          48
        3450	         349	       -54.8	         6.8	        39.0	        1.18	          48
        3460	         350	       -53.8	         6.8	        38.4	        1.11	          48
        3470	         351	       -52.5	         6.8	        37.8	        1.11	          48
        3480	         352	       -51.0	         6.8	        37.4	        1.05	          48
        3490	         353	       -50.0	         6.8	        36.8	        1.05	          48
        3500	         354	       -49.0	         6.8	        36.4	        1.02	          48
        3510	         355	       -46.8	         6.8	        35.4	        0.93	          48
        3520	         356	       -46.8	         6.8	        35.4	        0.93	          48
        3530	         357	       -45.5	         6.7	        35.0	        0.83	          48
        3540	         358	       -44.3	         6.7	        34.6	        0.79	          48
        3550	         359	       -43.3	         6.7	        34.0	        0.79	          48
        3560	         360	       -41.8	         6.7	        33.6	        0.77	          48
        3570	         361	       -40.5	         6.6	        33.2	        0.77	          48
        3580	         362	       -39.5	         6.6	        32.8	        0.75	          48
        3590	         363	       -38.8	         6.6	        32.4	        0.71	          48
        3600	         364	       -36.5	         6.6	        31.8	        0.77	          48
        3610	         365	       -36.5	         6.6	        31.8	        0.77	          48
        3620	         366	       -36.0	         6.5	        31.4	        0.79	          48
        3630	         367	       -34.8	         6.5	        31.0	        0.79	          48
        3640	         368	       -33.8	         6.5	        30.6	        0.77	          48
        3650	         369	       -33.3	         6.5	        30.4	        0.77	          48
        3660	         370	       -32.0	         6.4	        30.0	        0.79	          48
        3670	         371	       -31.3	         6.4	        29.8	        0.75	          48
        3680	         372	       -30.5	         6.4	        29.4	        0.75	          48
        3690	         373	       -29.3	         6.4	        29.2	        0.69	          48
        3700	         374	       -27.3	         6.3	        28.6	        0.71	          48
        3710	         375	       -27.3	         6.3	        28.6	        0.71	          48
        3720	         376	       -26.5	         6.3	        28.2	        0.67	          48
        3730	         377	       -25.8	         6.3	        28.0	        0.67	          48
        3740	         378	       -25.0	         6.3	        27.8	        0.66	          48
        3750	         379	       -24.0	         6.2	        27.6	        0.65	          48
        3760	         380	       -23.0	         6.2	        27.4	        0.65	          48
        3770	         381	       -22.3	         6.2	        27.0	        0.64	          48
        3780	         382	       -21.3	         6.2	        26.8	        0.64	          48
        3790	         383	       -18.8	         6.1	        26.4	        0.59	          48
        3800	         384	       -18.8	         6.1	        26.4	        0.59	          48
        3810	         385	       -18.0	         6.1	        26.4	        0.59	          48
        3820	         386	       -17.0	         6.1	        26.2	        0.56	          48
        3830	         387	       -16.5	         6.1	        26.0	        0.53	          48
        3840	         388	       -16.5	         6.1	        25.8	        0.53	          48
        3850	         389	       -16.3	         6.1	        25.6	        0.50	          48
        3860	         390	       -16.0	         6.1	        25.4	        0.47	          48
        3870	         391	       -15.8	         6.1	        25.4	        0.47	          48
        3880	         392	       -15.5	         6.1	        25.2	        0.45	          48
        3890	         393	       -15.5	         6.1	        25.0	        0.42	          48
        3900	         394	       -14.8	         6.1	        24.8	        0.41	          48
        3910	         395	       -14.5	         6.1	        24.6	        0.41	          48
        3920	         396	       -14.5	         6.1	        24.6	        0.41	          48
        3930	         397	       -14.8	         6.1	        24.4	        0.44	          48
        3940	         398	       -15.5	         6.1	        24.2	        0.44	          48
        3950	         399	       -15.3	         6.1	        24.2	        0.44	          48
        3960	         400	       -15.8	         6.1	        24.0	        0.48	          48
        3970	         401	       -16.0	         6.2	        23.8	        0.50	          48
        3980	         402	       -16.5	         6.2	        23.6	        0.50	          48
        3990	         403	       -16.0	         6.2	        23.4	        0.48	          48
        4000	         404	       -16.0	         6.2	        23.2	        0.52	          48
        4010	         405	       -16.0	         6.2	        23.2	        0.52	          48
        4020	         406	       -16.0	         6.3	        23.0	        0.47	          48
        4030	         407	       -16.0	         6.3	        22.8	        0.47	          48
        4040	         408	       -15.5	         6.3	        22.6	        0.45	          48
        4050	         409	       -15.5	         6.3	        22.6	        0.46	          48
        4060	         410	       -14.8	         6.3	        22.4	        0.46	          48
        4070	         411	       -14.5	         6.3	        22.2	        0.48	          48
        4080	         412	       -14.8	         6.3	        22.0	        0.48	          48
        4090	         413	       -14.3	         6.3	        22.0	        0.52	          48
        4100	         414	       -15.0	         6.3	        21.6	        0.55	          48
        4110	         415	       -15.0	         6.3	        21.6	        0.55	          48
        4120	         416	       -15.3	         6.3	        21.6	        0.53	          48
        4130	         417	       -15.5	         6.4	        21.4	        0.51	          48
        4140	         418	       -15.5	         6.4	        21.2	        0.51	          48
        4150	         419	       -16.0	         6.4	        21.0	        0.49	          48
        4160	         420	       -15.3	         6.4	        20.8	        0.50	          48
        4170	         421	       -15.3	         6.4	        20.6	        0.49	          48
        4180	         422	       -15.3	         6.4	        20.6	        0.49	          48
        4190	         423	       -16.0	         6.4	        20.4	        0.49	          48
        4200	         424	       -16.0	         6.4	        20.2	        0.46	          48
        4210	         425	       -16.0	         6.5	        20.0	        0.44	          48
        4220	         426	       -16.5	         6.5	        20.0	        0.44	          48
        4230	         427	       -17.0	         6.5	        19.8	        0.44	          48
        4240	         428	       -17.8	         6.5	        19.6	        0.44	          48
        4250	         429	       -17.5	         6.5	        19.4	        0.43	          48
        4260	         430	       -17.5	         6.6	        19.2	        0.40	          48
        4270	         431	       -18.0	         6.6	        19.0	        0.40	          48
        4280	         432	       -18.3	         6.6	        18.8	        0.39	          48
        4290	         433	       -17.8	         6.6	        18.6	        0.41	          48
        4300	         434	       -18.0	         6.6	        18.4	        0.41	          48
        4310	         435	       -18.0	         6.6	        18.4	        0.41	          48
        4320	         436	       -18.0	         6.6	        18.2	        0.41	          48
        4330	         437	       -18.0	         6.6	        18.0	        0.41	          48
        4340	         438	       -18.0	         6.6	        17.8	        0.43	          48
        4350	         439	       -18.3	         6.6	        17.6	        0.43	          48
        4360	         440	       -18.3	         6.6	        17.4	        0.44	          48
        4370	         441	       -18.0	         6.6	        17.2	        0.45	          48
        4380	         442	       -18.0	         6.6	        17.0	        0.45	          48
        4390	         443	       -17.8	         6.6	        16.6	        0.43	          48
        4400	         444	       -17.8	         6.6	        16.6	        0.43	          48
        4410	         445	       -17.5	         6.6	        16.6	        0.42	          48
        4420	         446	       -17.3	         6.6	        16.4	        0.42	          48
        4430	         447	       -17.5	         6.6	        16.2	        0.42	          48
        4440	         448	       -17.5	         6.5	        16.0	        0.40	          48
        4450	         449	       -16.5	         6.5	        15.8	        0.40	          48
        4460	         450	       -16.3	         6.5	        15.6	        0.39	          48
        4470	         451	       -16.5	         6.5	        15.6	        0.36	          48
        4480	         452	       -16.5	         6.5	        15.4	        0.36	          48
        4490	         453	       -15.8	         6.5	        15.2	        0.34	          48
        4500	         454	       -15.8	         6.4	        15.0	        0.36	          48
        4510	         455	       -15.0	         6.4	        14.8	        0.42	          48
        4520	         456	       -15.0	         6.4	        14.8	        0.42	          48
        4530	         457	       -14.5	         6.4	        14.6	        0.42	          48
        4540	         458	       -14.0	         6.4	        14.4	        0.50	          48
        4550	         459	       -13.5	         6.4	        14.4	        0.56	          48
        4560	         460	       -12.8	         6.3	        14.2	        0.56	          48
        4570	         461	       -12.5	         6.3	        14.0	        0.58	          48
        4580	         462	       -12.8	         6.3	        14.0	        0.59	          48
        4590	         463	       -12.5	         6.3	        13.8	        0.59	          48
        4600	         464	       -13.3	         6.3	        13.6	        0.51	          48
        4610	         465	       -13.3	         6.3	        13.6	        0.51	          48
        4620	         466	       -13.3	         6.3	        13.4	        0.43	          48
        4630	         467	       -13.5	         6.3	        13.2	        0.40	          48
        4640	         468	       -13.3	         6.3	        13.2	        0.40	          48
        4650	         469	       -13.0	         6.3	        13.0	        0.40	          48
        4660	         470	       -12.5	         6.3	        12.8	        0.35	          48
        4670	         471	       -12.3	         6.3	        12.8	        0.35	          48
        4680	         472	       -12.0	         6.3	        12.6	        0.31	          48
        4690	         473	       -12.0	         6.3	        12.6	        0.31	          48
        4700	         474	       -12.0	         6.3	        12.2	        0.30	          48
        4710	         475	       -12.0	         6.3	        12.2	        0.30	          48
        4720	         476	       -12.0	         6.3	        12.2	        0.30	          48
        4730	         477	       -11.5	         6.2	        12.0	        0.33	          48
        4740	         478	       -11.8	         6.2	        12.0	        0.31	          48
        4750	         479	       -11.8	         6.2	        11.8	        0.31	          48
        4760	         480	       -11.8	         6.2	        11.6	        0.28	          48
        4770	         481	       -11.5	         6.2	        11.6	        0.28	          48
        4780	         482	       -11.5	         6.2	        11.4	        0.27	          48
        4790	         483	       -11.3	         6.2	        11.4	        0.25	          48
        4800	         484	       -11.0	         6.2	        11.2	        0.25	          48
        4810	         485	        -9.3	         6.2	        11.0	        0.22	          48
        4820	         486	        -9.3	         6.2	        11.0	        0.22	          48
        4830	         487	        -9.0	         6.2	        11.0	        0.22	          48
        4840	         488	        -8.8	         6.1	        10.8	        0.21	          48
        4850	         489	        -8.5	         6.1	        10.8	        0.21	          48
        4860	         490	        -8.0	         6.1	        10.8	        0.20	          48
        4870	         491	        -8.3	         6.1	        10.6	        0.18	          48
        4880	         492	        -7.8	         6.1	        10.6	        0.18	          48
        4890	         493	        -7.5	         6.1	        10.4	        0.18	          48
        4900	         494	        -7.3	         6.0	        10.4	        0.17	          48
        4910	         495	        -6.5	         6.0	        10.4	        0.17	          48
        4920	         496	        -6.3	         6.0	        10.2	        0.16	          48
        4930	         497	        -5.5	         5.9	        10.2	        0.21	          48
        4940	         498	        -6.0	         5.9	        10.2	        0.21	          48
        4950	         499	        -5.3	         5.9	        10.2	        0.21	          48
        4960	         500	        -5.0	         5.8	        10.0	        0.25	          48
        4970	         501	        -4.8	         5.8	        10.0	        0.28	          48
        4980	         502	        -4.5	         5.8	        10.0	        0.28	          48
        4990	         503	        -4.0	         5.8	        10.0	        0.31	          48
        5000	         504	        -3.3	         5.8	         9.8	        0.29	          48
        5010	         505	        -2.5	         5.8	         9.8	        0.29	          48
        5020	         506	        -2.5	         5.8	         9.8	        0.29	          48
        5030	         507	        -2.3	         5.8	         9.8	        0.25	          48
        5040	         508	        -1.8	         5.8	         9.8	        0.25	          48
        5050	         509	        -1.5	         5.8	         9.8	        0.23	          48
        5060	         510	        -1.8	         5.9	         9.8	        0.23	          48
        5070	         511	        -2.0	         5.9	         9.8	        0.22	          48
        5080	         512	        -2.0	         6.0	         9.8	        0.19	          48
        5090	         513	        -2.0	         6.0	         9.6	        0.19	          48
        5100	         514	        -2.5	         6.1	         9.6	        0.17	          48
        5110	         515	        -2.5	         6.2	         9.6	        0.23	          48
        5120	         516	        -2.5	         6.2	         9.6	        0.23	          48
        5130	         517	        -2.0	         6.2	         9.6	        0.25	          48
        5140	         518	        -2.0	         6.2	         9.6	        0.25	          48
        5150	         519	        -1.8	         6.3	         9.6	        0.25	          48
        5160	         520	        -1.3	         6.3	         9.6	        0.30	          48
        5170	         521	        -1.5	         6.4	         9.6	        0.30	          48
        5180	         522	        -1.5	         6.4	         9.6	        0.28	          48
        5190	         523	        -1.5	         6.4	         9.4	        0.28	          48
        5200	         524	        -1.5	         6.4	         9.4	        0.28	          48
        5210	         525	        -2.0	         6.5	         9.4	        0.25	          48
        5220	         526	        -2.0	         6.5	         9.4	        0.20	          48
        5230	         527	        -2.3	         6.5	         9.4	        0.20	          48
        5240	         528	        -2.8	         6.5	         9.4	        0.17	          48
        5250	         529	        -3.5	         6.6	         9.4	        0.17	          48
        5260	         530	        -4.5	         6.6	         9.4	        0.17	          48
        5270	         531	        -5.3	         6.6	         9.2	        0.20	          48
        5280	         532	        -6.3	         6.6	         9.2	        0.20	          48
        5290	         533	        -7.0	         6.6	         9.2	        0.23	          48
        5300	         534	        -7.8	         6.6	         9.0	        0.24	          48
        5310	         535	        -7.8	         6.6	         9.0	        0.25	          48
        5320	         536	        -7.8	         6.6	         9.0	        0.25	          48
        5330	         537	        -8.0	         6.6	         8.8	        0.25	          48
        5340	         538	        -7.5	         6.6	         8.8	        0.25	          48
        5350	         539	        -7.0	         6.5	         8.6	        0.25	          48
        5360	         540	        -6.3	         6.5	         8.6	        0.25	          48
        5370	         541	        -6.0	         6.4	         8.6	        0.27	          48
        5380	         542	        -5.5	         6.4	         8.4	        0.27	          48
        5390	         543	        -3.5	         6.3	         8.4	        0.37	          48
        5400	         544	        -3.5	         6.3	         8.4	        0.37	          48
        5410	         545	        -3.0	         6.2	         8.4	        0.37	          48
        5420	         546	        -2.3	         6.2	         8.4	        0.59	          48
        5430	         547	        -0.5	         6.1	         8.4	        1.00	          48
        5440	         549	        -4.5	         6.1	         8.4	        1.00	          16
        5450	         550	         6.0	         6.0	         0.2	        1.15	          16
        5460	         551	        13.0	         5.9	         0.2	        1.15	          16
        5470	         552	        12.3	         6.2	         0.4	        1.35	          16
        5480	         553	        14.0	         6.9	         0.6	        1.70	          16
        5490	         554	        23.8	         7.5	         0.8	        1.70	          16
        5500	         555	        58.3	         7.6	         1.8	        2.52	          16
        5510	         556	        71.0	         7.3	         2.6	        2.52	          16
        5520	         557	        71.0	         7.3	         2.6	        2.52	          16
        5530	         559	        89.8	         7.1	         3.4	        3.16	          16
        5540	         560	       109.8	         7.0	         4.6	        3.75	          16
        5550	         561	       123.8	         6.8	         5.8	        3.75	          16
        5560	         562	       132.5	         6.5	         7.0	        4.29	          16
        5570	         563	       138.3	         6.3	         8.4	        4.29	          16
        5580	         564	       145.8	         6.3	        10.0	        4.77	          16
        5590	         565	       165.0	         6.5	        13.2	        5.21	          16
        5600	         566	       165.0	         6.5	        13.2	        5.21	          16
        5610	         567	       172.5	         6.7	        14.8	        5.61	          16
        5620	         568	       178.8	         6.9	        16.6	        5.61	          16
        5630	         569	       187.5	         7.2	        18.6	        5.98	          16
        5640	         570	       194.3	         7.5	        20.4	        6.31	          16
        5650	         571	       202.8	         7.8	        22.4	        6.31	          16
        5660	         572	       206.8	         8.2	        24.6	        6.62	          16
        5670	         573	       210.3	         8.6	        26.6	        6.89	          16
        5680	         574	       212.0	         8.9	        28.8	        6.89	          16
        5690	         575	       212.5	         9.3	        30.8	        7.14	          16
        5700	         576	       210.8	         9.9	        35.2	        7.37	          16
        5710	         577	       210.8	         9.9	        35.2	        7.37	          16
        5720	         578	       208.5	        10.2	        37.2	        7.58	          16
        5730	         579	       206.0	        10.5	        39.2	        7.58	          16
        5740	         580	       202.0	        10.7	        41.2	        8.05	          16
        5750	         581	       195.5	        11.0	        43.2	        8.05	          16
        5760	         582	       191.3	        11.2	        45.2	        8.44	          16
        5770	         583	       185.5	        11.3	        47.0	        8.53	          16
        5780	         584	       179.0	        11.5	        48.8	        8.53	          16
        5790	         585	       172.5	        11.7	        50.6	        8.35	          16
        5800	         586	       164.5	        11.9	        52.2	        8.39	          16
        5810	         587	       151.3	        12.2	        55.2	        8.16	          16
        5820	         588	       151.3	        12.2	        55.2	        8.16	          16
        5830	         589	       144.0	        12.3	        56.8	        8.22	          16
        5840	         590	       137.3	        12.3	        58.0	        8.22	          16
        5850	         591	       128.5	        12.3	        59.4	        8.18	          16
        5860	         592	       121.5	        12.4	        60.6	        8.42	          16
        5870	         593	       112.0	        12.4	        61.8	        8.42	          16
        5880	         594	       103.3	        12.4	        62.8	        8.36	          16
        5890	         595	        93.5	        12.4	        63.6	        8.36	          16
        5900	         596	        84.5	        12.5	        64.6	        8.43	          16
        5910	         597	        67.0	        12.5	        66.0	        8.61	          16
        5920	         598	        67.0	        12.5	        66.0	        8.61	          16
        5930	         599	        58.8	        12.5	        66.6	        8.69	          16
        5940	         600	        50.5	        12.5	        67.0	        8.51	          16
        5950	         601	        43.0	        12.6	        67.4	        8.51	          16
        5960	         602	        36.3	        12.5	        67.8	        8.34	          16
        5970	         603	        30.0	        12.5	        68.2	        8.34	          16
        5980	         604	        24.3	        12.5	        68.4	        8.19	          16
        5990	         605	        19.8	        12.4	        68.6	        7.78	          16
        6000	         606	        10.5	        12.2	        68.8	        7.41	          16
        6010	         607	        10.5	        12.2	        68.8	        7.41	          16
        6020	         608	         6.0	        12.2	        68.8	        7.17	          16
        6030	         609	         3.0	        12.2	        69.0	        7.17	          16
        6040	         610	        -0.5	        12.2	        69.0	        6.99	          16
        6050	         611	        -4.0	        12.2	        68.8	        6.99	          16
        6060	         612	        -5.3	        12.2	        68.8	        6.71	          16
        6070	         613	        -7.3	        12.3	        68.8	        6.45	          16
        6080	         614	        -8.8	        12.4	        68.6	        6.45	          16
        6090	         615	       -10.5	        12.5	        68.6	        6.11	          16
        6100	         617	       -16.3	        12.6	        68.2	        5.78	          48
        6110	         618	       -16.3	        12.6	        68.2	        5.78	          48
        6120	         619	       -27.5	        12.5	        68.0	        5.54	          48
        6130	         620	       -39.5	        11.9	        67.6	        5.54	          48
        6140	         621	       -54.3	        11.1	        67.0	        5.48	          48
        6150	         622	       -70.0	        10.2	        66.4	        5.42	          48
        6160	         623	       -81.3	         9.1	        65.6	        5.42	          48
        6170	         624	       -86.0	         8.2	        64.6	        5.10	          48
        6180	         625	       -83.5	         7.2	        63.0	        4.94	          48
        6190	         626	       -83.5	         7.2	        63.0	        4.94	          48
        6200	         627	       -79.3	         7.0	        62.2	        4.80	          48
        6210	         628	       -75.0	         7.2	        61.4	        4.80	          48
        6220	         629	       -76.0	         7.4	        60.6	        4.67	          48
        6230	         630	       -79.3	         7.6	        59.8	        4.55	          48
        6240	         631	       -79.3	         7.7	        59.2	        4.55	          48
        6250	         632	       -80.3	         7.8	        58.4	        4.26	          48
        6260	         633	       -79.8	         7.8	        57.6	        4.01	          48
        6270	         634	       -79.0	         7.8	        56.8	        4.01	          48
        6280	         635	       -77.5	         7.7	        56.0	        3.79	          48
        6290	         636	       -76.8	         7.6	        55.2	        3.79	          48
        6300	         637	       -77.5	         7.5	        53.6	        3.41	          48
        6310	         638	       -77.5	         7.5	        53.6	        3.41	          48
        6320	         639	       -78.0	         7.4	        52.8	        3.41	          48
        6330	         640	       -78.0	         7.3	        52.0	        3.24	          48
        6340	         641	       -77.8	         7.3	        51.2	        3.09	          48
        6350	         642	       -77.3	         7.3	        50.6	        3.09	          48
        6360	         643	       -76.0	         7.2	        49.8	        2.94	          48
        6370	         644	       -74.8	         7.2	        49.0	        2.71	          48
        6380	         645	       -74.0	         7.2	        48.2	        2.71	          48
        6390	         646	       -73.0	         7.2	        47.6	        2.52	          48
        6400	         647	       -71.3	         7.1	        46.0	        2.37	          48
        6410	         648	       -71.0	         7.1	        45.4	        2.37	          48
        6420	         649	       -71.0	         7.1	        45.4	        2.37	          48
        6430	         650	       -70.3	         7.1	        44.6	        2.26	          48
        6440	         651	       -69.0	         7.1	        44.0	        2.11	          48
        6450	         652	       -67.8	         7.1	        43.4	        2.11	          48
        6460	         653	       -67.0	         7.0	        42.6	        2.01	          48
        6470	         654	       -66.0	         7.0	        42.0	        1.95	          48
        6480	         655	       -64.8	         7.0	        41.4	        1.95	          48
        6490	         656	       -63.8	         6.9	        40.8	        1.82	          48
        6500	         657	       -63.0	         6.9	        40.0	        1.74	          48
        6510	         658	       -62.3	         6.9	        39.4	        1.74	          48
        6520	         659	       -61.5	         6.9	        38.8	        1.67	          48
        6530	         660	       -60.5	         6.9	        38.2	        1.67	          48
        6540	         661	       -59.5	         6.8	        37.6	        1.61	          48
        6550	         662	       -58.5	         6.8	        37.0	        1.50	          48
        6560	         663	       -57.5	         6.8	        36.4	        1.50	          48
        6570	         664	       -55.5	         6.8	        36.0	        1.40	          48
        6580	         665	       -54.0	         6.7	        35.4	        1.30	          48
        6590	         666	       -52.5	         6.7	        34.8	        1.30	          48
        6600	         667	       -51.5	         6.7	        34.4	        1.28	          48
        6610	         668	       -50.0	         6.7	        33.8	        1.28	          48
        6620	         669	       -48.3	         6.7	        32.8	        1.08	          48
        6630	         670	       -48.3	         6.7	        32.8	        1.08	          48
        6640	         671	       -47.8	         6.7	        32.4	        1.08	          48
        6650	         672	       -47.3	         6.7	        32.0	        0.98	          48
        6660	         673	       -46.8	         6.7	        31.4	        0.94	          48
        6670	         674	       -46.3	         6.7	        31.0	        0.94	          48
        6680	         675	       -45.5	         6.7	        30.6	        0.87	          48
        6690	         676	       -45.0	         6.7	        30.0	        0.87	          48
        6700	         677	       -44.8	         6.7	        29.6	        0.89	          48
        6710	         678	       -44.3	         6.7	        29.2	        0.86	          48
        6720	         679	       -44.0	         6.7	        28.8	        0.86	          48
        6730	         680	       -44.0	         6.7	        27.8	        0.84	          48
        6740	         681	       -43.8	         6.7	        27.4	        0.84	          48
        6750	         682	       -43.8	         6.7	        27.4	        0.84	          48
        6760	         683	       -43.8	         6.7	        27.0	        0.86	          48
        6770	         684	       -43.8	         6.7	        26.6	        0.86	          48
        6780	         685	       -43.3	         6.7	        26.2	        0.84	          48
        6790	         686	       -43.5	         6.6	        25.6	        0.85	          48
        6800	         687	       -43.3	         6.6	        25.2	        0.85	          48
        6810	         688	       -42.8	         6.6	        24.8	        0.81	          48
        6820	         689	       -42.5	         6.6	        24.4	        0.81	          48
        6830	         690	       -41.8	         6.6	        24.0	        0.81	          48
        6840	         691	       -41.5	         6.6	        23.6	        0.79	          48
        6850	         692	       -40.0	         6.6	        22.8	        0.77	          48
        6860	         693	       -40.0	         6.6	        22.8	        0.77	          48
        6870	         694	       -39.3	         6.6	        22.4	        0.76	          48
        6880	         695	       -38.5	         6.5	        22.0	        0.76	          48
        6890	         696	       -37.5	         6.5	        21.6	        0.74	          48
        6900	         697	       -36.8	         6.5	        21.2	        0.68	          48
        6910	         698	       -35.3	         6.5	        21.0	        0.68	          48
        6920	         699	       -34.3	         6.5	        20.6	        0.65	          48
        6930	         700	       -33.0	         6.5	        20.2	        0.65	          48
        6940	         701	       -31.3	         6.5	        19.6	        0.61	          48
        6950	         702	       -31.3	         6.5	        19.6	        0.61	          48
        6960	         703	       -30.5	         6.5	        19.2	        0.61	          48
        6970	         704	       -30.3	         6.5	        19.0	        0.60	          48
        6980	         705	       -30.0	         6.5	        18.6	        0.58	          48
        6990	         706	       -29.5	         6.6	        18.4	        0.58	          48
        7000	         707	       -28.8	         6.6	        18.2	        0.57	          48
        7010	         708	       -28.3	         6.6	        17.8	        0.55	          48
        7020	         709	       -27.8	         6.6	        17.6	        0.55	          48
        7030	         710	       -27.0	         6.6	        17.2	        0.52	          48
        7040	         711	       -26.3	         6.6	        17.0	        0.52	          48
        7050	         712	       -25.8	         6.6	        16.8	        0.48	          48
        7060	         713	       -25.0	         6.6	        16.2	        0.43	          48
        7070	         714	       -25.0	         6.6	        16.2	        0.43	          48
        7080	         715	       -24.3	         6.6	        16.0	        0.41	          48
        7090	         716	       -23.8	         6.6	        15.8	        0.41	          48
        7100	         717	       -23.5	         6.6	        15.6	        0.41	          48
        7110	         718	       -23.3	         6.6	        15.4	        0.44	          48
        7120	         719	       -23.0	         6.6	        15.0	        0.44	          48
        7130	         720	       -22.5	         6.6	        14.8	        0.43	          48
        7140	         721	       -22.5	         6.6	        14.6	        0.41	          48
        7150	         722	       -22.3	         6.6	        14.4	        0.41	          48
        7160	         723	       -21.5	         6.6	        14.0	        0.40	          48
        7170	         724	       -21.5	         6.6	        14.0	        0.40	          48
        7180	         725	       -21.0	         6.5	        13.8	        0.34	          48
        7190	         726	       -21.0	         6.5	        13.6	        0.30	          48
        7200	         727	       -20.5	         6.5	        13.4	        0.30	          48
        7210	         728	       -20.5	         6.5	        13.2	        0.29	          48
        7220	         729	       -20.0	         6.5	        13.0	        0.33	          48
        7230	         730	       -19.8	         6.5	        12.8	        0.33	          48
        7240	         731	       -19.8	         6.5	        12.6	        0.34	          48
        7250	         732	       -19.8	         6.5	        12.4	        0.45	          48
        7260	         733	       -20.0	         6.5	        12.2	        0.45	          48
        7270	         734	       -19.5	         6.5	        12.0	        0.47	          48
        7280	         735	       -18.8	         6.4	        11.6	        0.44	          48
        7290	         736	       -18.3	         6.4	        11.4	        0.40	          48
        7300	         737	       -18.3	         6.4	        11.4	        0.40	          48
        7310	         738	       -18.3	         6.4	        11.2	        0.40	          48
        7320	         739	       -17.8	         6.4	        11.0	        0.38	          48
        7330	         740	       -17.8	         6.4	        10.8	        0.35	          48
        7340	         741	       -18.0	         6.4	        10.6	        0.35	          48
        7350	         742	       -18.0	         6.4	        10.4	        0.34	          48
        7360	         743	       -17.8	         6.4	        10.4	        0.34	          48
        7370	         744	       -17.5	         6.4	        10.0	        0.32	          48
        7380	         745	       -17.5	         6.4	        10.0	        0.32	          48
        7390	         746	       -17.3	         6.3	         9.8	        0.32	          48
        7400	         747	       -16.5	         6.3	         9.6	        0.34	          48
        7410	         748	       -16.3	         6.3	         9.4	        0.37	          48
        7420	         749	       -16.3	         6.3	         9.2	        0.37	          48
        7430	         750	       -16.0	         6.3	         9.2	        0.39	          48
        7440	         751	       -15.5	         6.3	         9.0	        0.39	          48
        7450	         752	       -15.3	         6.3	         8.8	        0.39	          48
        7460	         753	       -15.5	         6.3	         8.6	        0.44	          48
        7470	         754	       -15.5	         6.3	         8.6	        0.44	          48
        7480	         755	       -15.5	         6.3	         8.4	        0.42	          48
        7490	         756	       -15.5	         6.3	         8.0	        0.39	          48
        7500	         757	       -15.3	         6.3	         8.0	        0.39	          48
        7510	         758	       -15.3	         6.3	         8.0	        0.39	          48
        7520	         759	       -15.0	         6.3	         7.8	        0.39	          48
        7530	         760	       -15.0	         6.3	         7.6	        0.38	          48
        7540	         761	       -14.8	         6.3	         7.4	        0.37	          48
        7550	         762	       -14.5	         6.3	         7.4	        0.37	          48
        7560	         763	       -14.3	         6.2	         7.2	        0.32	          48
        7570	         764	       -14.0	         6.2	         7.0	        0.32	          48
        7580	         765	       -13.8	         6.2	         6.8	        0.32	          48
        7590	         766	       -13.5	         6.2	         6.8	        0.26	          48
        7600	         767	       -13.0	         6.2	         6.4	        0.29	          48
        7610	         768	       -13.0	         6.2	         6.4	        0.29	          48
        7620	         769	       -12.5	         6.2	         6.4	        0.29	          48
        7630	         770	       -12.0	         6.2	         6.2	        0.29	          48
        7640	         771	       -11.8	         6.2	         6.2	        0.32	          48
        7650	         772	       -11.8	         6.2	         6.0	        0.34	          48
        7660	         773	       -11.8	         6.1	         5.8	        0.34	          48
        7670	         774	       -11.3	         6.1	         5.8	        0.41	          48
        7680	         775	       -11.5	         6.1	         5.6	        0.41	          48
        7690	         776	       -11.5	         6.1	         5.6	        0.39	          48
        7700	         777	       -11.5	         6.1	         5.4	        0.40	          48
        7710	         778	       -11.5	         6.1	         5.2	        0.39	          48
        7720	         779	       -11.5	         6.1	         5.2	        0.39	          48
        7730	         780	       -11.8	         6.1	         5.0	        0.39	          48
        7740	         781	       -11.5	         6.1	         5.0	        0.45	          48
        7750	         782	       -11.8	         6.1	         4.8	        0.44	          48
        7760	         783	       -11.8	         6.1	         4.8	        0.44	          48
        7770	         784	       -11.0	         6.1	         4.6	        0.44	          48
        7780	         785	       -10.5	         6.1	         4.6	        0.46	          48
        7790	         786	       -10.5	         6.1	         4.4	        0.46	          48
        7800	         787	       -10.8	         6.1	         4.4	        0.43	          48
        7810	         788	       -10.8	         6.1	         4.0	        0.46	          48
        7820	         789	       -10.8	         6.1	         4.0	        0.46	          48
        7830	         790	       -11.3	         6.1	         4.0	        0.45	          48
        7840	         791	       -11.5	         6.1	         3.8	        0.45	          48
        7850	         792	       -11.3	         6.0	         3.8	        0.44	          48
        7860	         793	       -10.8	         6.0	         3.6	        0.49	          48
        7870	         794	       -10.5	         6.0	         3.6	        0.49	          48
        7880	         795	       -10.5	         6.0	         3.4	        0.47	          48
        7890	         796	       -10.5	         6.0	         3.4	        0.47	          48
        7900	         797	       -10.3	         6.0	         3.2	        0.50	          48
        7910	         798	       -10.3	         6.0	         3.2	        0.55	          48
        7920	         799	       -10.0	         6.0	         3.0	        0.55	          48
        7930	         800	       -10.5	         6.0	         3.0	        0.55	          48
        7940	         801	       -10.0	         6.0	         2.8	        0.55	          48
        7950	         802	        -9.5	         6.0	         2.8	        0.55	          48
        7960	         803	        -9.0	         5.9	         2.6	        0.55	          48
        7970	         804	        -8.5	         5.9	         2.6	        0.55	          48
        7980	         805	        -9.0	         5.9	         2.4	        0.55	          48
        7990	         806	        -8.0	         5.9	         2.4	        0.55	          48
        8000	         807	        -8.0	         5.9	         2.2	        0.55	          48
        8010	         808	        -8.0	         5.9	         2.2	        0.55	          48
        8020	         809	        -8.5	         5.9	         2.2	        0.55	          48
        8030	         810	        -8.0	         5.9	         2.0	        0.55	          48
        8040	         811	        -7.8	         5.9	         2.0	        0.55	          48
        8050	         812	        -8.0	         6.0	         2.0	        0.55	          48
        8060	         813	        -8.0	         6.0	         1.8	        0.55	          48
        8070	         814	        -8.0	         6.0	         1.8	        0.55	          48
        8080	         815	        -7.3	         6.0	         1.6	        0.55	          48
        8090	         816	        -7.5	         6.0	         1.6	        0.55	          48
        8100	         817	        -6.3	         6.0	         1.4	        0.52	          48
        8110	         818	        -6.3	         6.0	         1.4	        0.52	          48
        8120	         819	        -6.0	         6.1	         1.4	        0.51	          48
        8130	         820	        -6.0	         6.1	         1.4	        0.51	          48
        8140	         821	        -5.8	         6.1	         1.2	        0.53	          48
        8150	         822	        -5.3	         6.1	         1.2	        0.53	          48
        8160	         823	        -4.8	         6.1	         1.2	        0.53	          48
        8170	         824	        -4.8	         6.1	         1.2	        0.49	          48
        8180	         825	        -3.3	         6.1	         1.0	        0.45	          48
        8190	         826	        -3.3	         6.1	         1.0	        0.45	          48
        8200	         827	        -3.3	         6.1	         1.0	        0.47	          48
        8210	         828	        -3.0	         6.1	         1.0	        0.47	          48
        8220	         829	        -2.5	         6.1	         1.0	        0.46	          48
        8230	         830	        -2.0	         6.1	         1.0	        0.49	          48
        8240	         831	        -1.3	         6.0	         1.0	        0.49	          48
        8250	         832	        -0.3	         6.0	         1.0	        0.49	          48
        8260	         833	         1.3	         6.0	         1.0	        0.49	          48
        8270	         834	         2.8	         5.9	         1.0	        0.63	          48
        8280	         835	         6.5	         5.7	         1.0	        0.76	          48
        8290	         836	        10.3	         5.6	         0.2	        1.15	          48
        8300	         837	        10.3	         5.6	         0.2	        1.15	          48
        8310	         839	        19.5	         5.5	         0.4	        1.78	          16
        8320	         840	        28.0	         5.3	         0.6	        1.78	          16
        8330	         842	        31.8	         5.4	         1.0	        2.37	          16
        8340	         843	        34.3	         6.0	         1.2	        2.79	          16
        8350	         844	        46.5	         6.7	         1.8	        2.79	          16
        8360	         845	        64.8	         7.0	         2.4	        3.43	          16
        8370	         846	        94.5	         6.8	         4.2	        4.04	          16
        8380	         847	        94.5	         6.8	         4.2	        4.04	          16
        8390	         848	       112.0	         6.7	         5.2	        4.52	          16
        8400	         849	       133.5	         6.7	         6.6	        4.52	          16
        8410	         850	       145.8	         6.7	         8.0	        4.92	          16
        8420	         851	       151.8	         6.8	         9.6	        5.55	          16
        8430	         852	       155.5	         6.8	        11.2	        5.55	          16
        8440	         853	       160.8	         7.0	        12.8	        6.19	          16
        8450	         854	       168.8	         7.3	        14.4	        6.19	          16
        8460	         855	       177.5	         7.5	        16.2	        6.74	          16
        8470	         856	       183.5	         7.8	        18.0	        7.04	          16
        8480	         857	       193.5	         8.5	        21.8	        7.04	          16
        8490	         858	       193.5	         8.5	        21.8	        7.04	          16
        8500	         859	       196.8	         8.9	        23.8	        7.32	          16
        8510	         860	       200.5	         9.3	        25.8	        7.32	          16
        8520	         861	       200.5	         9.6	        27.8	        7.44	          16
        8530	         862	       200.8	         9.9	        29.8	        7.44	          16
        8540	         863	       202.8	        10.1	        31.8	        7.83	          16
        8550	         864	       200.5	        10.3	        33.8	        8.24	          16
        8560	         865	       200.0	        10.4	        35.8	        8.24	          16
        8570	         866	       197.0	        10.6	        37.8	        8.89	          16
        8580	         867	       192.8	        10.8	        39.8	        9.47	          16
        8590	         868	       184.8	        11.2	        43.4	       10.07	          16
        8600	         869	       184.8	        11.2	        43.4	       10.07	          16
        8610	         870	       179.3	        11.4	        45.2	       10.35	          16
        8620	         871	       174.3	        11.7	        47.0	       10.35	          16
        8630	         872	       169.5	        12.0	        48.8	       10.87	          16
        8640	         873	       165.5	        12.3	        50.4	       10.87	          16
        8650	         874	       160.8	        12.6	        52.0	       11.43	          16
        8660	         875	       154.5	        12.9	        53.6	       11.43	          16
        8670	         876	       150.5	        13.1	        55.0	       11.65	          16
        8680	         877	       145.3	        13.4	        56.4	       11.58	          16
        8690	         878	       138.3	        13.7	        57.8	       11.58	          16
        8700	         879	       132.3	        13.9	        59.2	       11.60	          16
        8710	         880	       119.0	        14.3	        61.6	       11.88	          16
        8720	         881	       119.0	        14.3	        61.6	       11.88	          16
        8730	         882	       112.0	        14.3	        62.8	       11.87	          16
        8740	         883	       103.5	        14.4	        63.8	       11.87	          16
        8750	         884	        97.0	        14.4	        64.8	       11.99	          16
        8760	         885	        88.5	        14.5	        65.6	       12.10	          16
        8770	         886	        80.8	        14.5	        66.4	       12.10	          16
        8780	         887	        73.0	        14.4	        67.2	       12.20	          16
        8790	         888	        64.0	        14.4	        67.8	       12.30	          16
        8800	         889	        58.0	        14.4	        68.4	       12.30	          16
        8810	         890	        46.0	        14.3	        69.4	       11.74	          16
        8820	         891	        46.0	        14.3	        69.4	       11.74	          16
        8830	         892	        40.0	        14.3	        69.8	       11.74	          16
        8840	         893	        34.8	        14.2	        70.2	       11.58	          16
        8850	         894	        31.5	        14.2	        70.4	       11.58	          16
        8860	         895	        27.3	        14.1	        70.8	       11.43	          16
        8870	         896	        22.8	        14.1	        71.0	       11.29	          16
        8880	         897	        19.8	        14.1	        71.2	       11.29	          16
        8890	         898	        16.5	        14.0	        71.4	       11.17	          16
        8900	         899	        14.5	        13.9	        71.4	       10.58	          16
        8910	         900	         9.5	        13.8	        71.6	        9.88	          16
        8920	         901	         9.5	        13.8	        71.6	        9.88	          16
        8930	         902	         7.5	        13.8	        71.8	        9.88	          16
        8940	         903	         4.5	        13.8	        71.8	        9.51	          16
        8950	         904	         2.5	        13.8	        71.8	        9.11	          16
        8960	         905	        -1.5	        13.8	        71.8	        9.11	          16
        8970	         906	        -3.5	        13.8	        71.8	        8.52	          16
        8980	         908	        -5.5	        13.8	        71.8	        7.89	          48
        8990	         909	       -10.3	        13.9	        71.6	        7.89	          48
        9000	         910	       -34.0	        13.1	        71.0	        7.38	          48
        9010	         911	       -48.8	        12.4	        70.6	        6.90	          48
        9020	         912	       -48.8	        12.4	        70.6	        6.90	          48
        9030	         913	       -65.0	        11.4	        70.0	        6.44	          48
        9040	         914	       -76.3	        10.2	        69.2	        6.44	          48
        9050	         915	       -81.0	         9.1	        68.4	        6.12	          48
        9060	         916	       -81.0	         8.3	        67.6	        6.12	          48
        9070	         917	       -78.0	         7.7	        66.8	        5.83	          48
        9080	         918	       -73.5	         7.5	        66.0	        5.44	          48
        9090	         919	       -69.0	         7.5	        65.4	        5.44	          48
        9100	         920	       -70.5	         7.7	        64.6	        5.13	          48
        9110	         921	       -75.3	         8.1	        63.2	        4.81	          48
        9120	         922	       -75.3	         8.1	        63.2	        4.81	          48
        9130	         923	       -77.0	         8.1	        62.4	        4.53	          48
        9140	         924	       -77.3	         8.2	        60.8	        4.23	          48
        9150	         925	       -76.0	         8.1	        60.0	        3.97	          48
        9160	         926	       -76.0	         8.1	        60.0	        3.97	          48
        9170	         927	       -76.0	         8.0	        59.2	        3.97	          48
        9180	         928	       -76.8	         7.9	        58.6	        3.86	          48
        9190	         929	       -77.5	         7.8	        57.8	        3.86	          48
        9200	         930	       -78.0	         7.7	        57.0	        3.81	          48
        9210	         931	       -77.3	         7.6	        56.2	        3.78	          48
        9220	         932	       -76.5	         7.5	        55.4	        3.78	          48
        9230	         933	       -75.0	         7.5	        54.6	        3.57	          48
        9240	         934	       -73.8	         7.4	        54.0	        3.33	          48
        9250	         935	       -72.0	         7.4	        53.2	        3.33	          48
        9260	         936	       -70.8	         7.4	        52.6	        3.17	          48
        9270	         937	       -69.5	         7.3	        51.8	        2.96	          48
        9280	         938	       -68.0	         7.3	        51.2	        2.80	          48
        9290	         939	       -66.8	         7.3	        50.4	        2.80	          48
        9300	         940	       -65.3	         7.3	        49.8	        2.58	          48
        9310	         941	       -64.3	         7.2	        49.2	        2.58	          48
        9320	         942	       -63.3	         7.2	        48.6	        2.42	          48
        9330	         943	       -62.5	         7.2	        48.0	        2.42	          48
        9340	         944	       -61.3	         7.2	        47.4	        2.27	          48
        9350	         945	       -60.5	         7.2	        46.8	        2.17	          48
        9360	         946	       -59.8	         7.1	        46.2	        2.17	          48
        9370	         947	       -57.8	         7.1	        45.0	        2.02	          48
        9380	         948	       -57.8	         7.1	        45.0	        2.02	          48
        9390	         949	       -57.0	         7.0	        44.4	        2.02	          48
        9400	         950	       -56.3	         7.0	        43.8	        1.96	          48
        9410	         951	       -55.0	         6.9	        43.2	        1.96	          48
        9420	         952	       -54.0	         6.9	        42.8	        1.91	          48
        9430	         953	       -53.0	         6.9	        42.2	        1.85	          48
        9440	         954	       -51.5	         6.8	        41.6	        1.85	          48
        9450	         955	       -50.0	         6.8	        41.2	        1.81	          48
        9460	         956	       -48.3	         6.8	        40.6	        1.72	          48
        9470	         957	       -46.8	         6.8	        40.2	        1.72	          48
        9480	         958	       -43.5	         6.7	        39.4	        1.65	          48
        9490	         959	       -43.5	         6.7	        39.4	        1.65	          48
        9500	         960	       -42.0	         6.7	        39.0	        1.58	          48
        9510	         961	       -40.8	         6.7	        38.6	        1.52	          48
        9520	         962	       -39.5	         6.7	        38.2	        1.52	          48
        9530	         963	       -38.3	         6.6	        37.8	        1.47	          48
        9540	         964	       -37.3	         6.6	        37.4	        1.42	          48
        9550	         965	       -36.5	         6.6	        37.0	        1.42	          48
        9560	         966	       -35.5	         6.6	        36.6	        1.38	          48
        9570	         967	       -33.3	         6.6	        36.0	        1.32	          48
        9580	         968	       -33.3	         6.6	        36.0	        1.32	          48
        9590	         969	       -32.3	         6.6	        35.6	        1.26	          48
        9600	         970	       -31.5	         6.6	        35.4	        1.26	          48
        9610	         971	       -30.8	         6.6	        35.0	        1.18	          48
        9620	         972	       -30.0	         6.6	        34.8	        1.12	          48
        9630	         973	       -30.0	         6.7	        34.4	        1.12	          48
        9640	         974	       -30.3	         6.7	        34.2	        1.10	          48
        9650	         975	       -30.0	         6.7	        33.8	        1.10	          48
        9660	         976	       -29.5	         6.7	        33.6	        1.08	          48
        9670	         977	       -29.0	         6.7	        33.2	        1.07	          48
        9680	         978	       -29.0	         6.8	        33.0	        1.07	          48
        9690	         979	       -27.5	         6.8	        32.4	        1.04	          48
        9700	         980	       -27.5	         6.8	        32.4	        1.04	          48
        9710	         981	       -27.3	         6.8	        32.2	        1.04	          48
        9720	         982	       -27.0	         6.8	        31.8	        1.01	          48
        9730	         983	       -26.8	         6.8	        31.6	        1.01	          48
        9740	         984	       -25.8	         6.8	        31.4	        0.97	          48
        9750	         985	       -25.3	         6.7	        31.0	        0.91	          48
        9760	         986	       -25.0	         6.7	        30.8	        0.91	          48
        9770	         987	       -24.8	         6.7	        30.6	        0.91	          48
