%% Timestamp	     Counter	      Ch_000	      Ch_001	      Ch_002	      Ch_003	       Phase
       29800	        3010	        90.3	        12.1	        46.2	        5.83	          16
       29810	        3011	        87.5	        12.3	        47.8	        6.20	          16
       29820	        3012	        87.5	        12.3	        47.8	        6.20	          16
       29830	        3013	        85.3	        12.4	        48.8	        6.84	          16
       29840	        3014	        82.5	        12.4	        49.6	        6.84	          16
       29850	        3015	        79.0	        12.5	        50.4	        7.34	          16
       29860	        3016	        74.8	        12.6	        51.0	        7.50	          16
       29870	        3017	        69.3	        12.8	        51.8	        7.50	          16
       29880	        3018	        64.3	        13.0	        52.4	        7.34	          16
       29890	        3019	        58.8	        13.2	        53.0	        7.34	          16
       29900	        3020	        54.8	        13.4	        53.6	        6.89	          16
       29910	        3021	        47.3	        13.7	        54.6	        6.63	          16
       29920	        3022	        47.3	        13.7	        54.6	        6.63	          16
       29930	        3023	        43.8	        13.8	        55.0	        6.39	          16
       29940	        3024	        38.5	        13.8	        55.4	        6.18	          16
       29950	        3025	        34.5	        13.9	        55.8	        6.18	          16
       29960	        3026	        27.5	        13.9	        56.0	        5.99	          16
       29970	        3027	        21.5	        13.9	        56.2	        5.99	          16
       29980	        3028	        16.5	        13.8	        56.4	        5.81	          16
       29990	        3029	         8.3	        13.7	        56.6	        5.65	          16
       30000	        3030	         5.5	        13.6	        56.6	        5.50	          16
       30010	        3031	         5.5	        13.6	        56.6	        5.50	          16
       30020	        3032	         4.5	        13.5	        56.6	        5.37	          16
       30030	        3034	         3.3	        13.4	        56.6	        5.37	          48
       30040	        3035	         3.3	        13.4	        56.8	        5.25	          48
       30050	        3036	         1.0	        13.3	        56.8	        5.25	          48
       30060	        3037	        -5.0	        13.0	        56.6	        5.14	          48
       30070	        3038	       -14.5	        12.7	        56.6	        5.04	          48
       30080	        3039	       -26.5	        12.3	        56.2	        5.04	          48
       30090	        3040	       -40.5	        11.7	        55.8	        4.81	          48
       30100	        3041	       -55.0	        10.9	        55.4	        4.50	          48
       30110	        3042	       -66.3	         9.3	        54.0	        4.27	          48
       30120	        3043	       -66.3	         9.3	        54.0	        4.27	          48
       30130	        3044	       -67.3	         8.7	        53.4	        4.27	          48
       30140	        3045	       -67.5	         8.2	        52.6	        4.01	          48
       30150	        3046	       -65.5	         8.0	        52.0	        4.01	          48
       30160	        3047	       -65.5	         8.0	        51.4	        3.80	          48
       30170	        3048	       -69.8	         8.1	        50.6	        3.59	          48
       30180	        3049	       -77.3	         8.3	        49.2	        3.34	          48
       30190	        3050	       -77.3	         8.3	        49.2	        3.34	          48
       30200	        3051	       -78.0	         8.3	        48.4	        3.11	          48
       30210	        3052	       -79.0	         8.3	        47.6	        3.11	          48
       30220	        3053	       -79.3	         8.3	        46.8	        2.85	          48
       30230	        3054	       -79.0	         8.2	        46.0	        2.57	          48
       30240	        3055	       -78.8	         8.2	        45.2	        2.57	          48
       30250	        3056	       -79.0	         8.1	        44.4	        2.32	          48
       30260	        3057	       -79.5	         8.0	        43.6	        2.16	          48
       30270	        3058	       -79.8	         7.9	        42.8	        2.16	          48
       30280	        3059	       -79.8	         7.9	        42.0	        2.00	          48
       30290	        3060	       -79.0	         7.8	        41.2	        1.83	          48
       30300	        3061	       -77.0	         7.7	        39.6	        1.73	          48
       30310	        3062	       -77.0	         7.7	        39.6	        1.73	          48
       30320	        3063	       -76.0	         7.6	        39.0	        1.73	          48
       30330	        3064	       -74.0	         7.6	        38.2	        1.67	          48
       30340	        3065	       -72.5	         7.5	        37.4	        1.57	          48
       30350	        3066	       -70.8	         7.5	        36.8	        1.57	          48
       30360	        3067	       -69.3	         7.4	        36.0	        1.43	          48
       30370	        3068	       -67.0	         7.4	        35.4	        1.39	          48
       30380	        3069	       -65.0	         7.3	        34.8	        1.39	          48
       30390	        3070	       -63.3	         7.3	        34.2	        1.29	          48
       30400	        3071	       -58.5	         7.2	        33.0	        1.24	          48
       30410	        3072	       -58.5	         7.2	        33.0	        1.24	          48
       30420	        3073	       -56.0	         7.1	        32.4	        1.13	          48
       30430	        3074	       -54.0	         7.1	        31.8	        1.13	          48
       30440	        3075	       -52.0	         7.0	        31.4	        1.11	          48
       30450	        3076	       -50.3	         7.0	        30.8	        1.11	          48
       30460	        3077	       -48.8	         7.0	        30.4	        1.02	          48
       30470	        3078	       -47.5	         7.0	        29.8	        0.94	          48
       30480	        3079	       -47.0	         7.0	        29.4	        0.94	          48
       30490	        3080	       -46.3	         7.0	        29.0	        0.91	          48
       30500	        3081	       -45.3	         7.0	        28.4	        0.87	          48
       30510	        3082	       -44.8	         7.0	        27.6	        0.84	          48
       30520	        3083	       -44.8	         7.0	        27.6	        0.84	          48
       30530	        3084	       -44.0	         6.9	        27.2	        0.84	          48
       30540	        3085	       -43.8	         6.9	        26.6	        0.81	          48
       30550	        3086	       -43.3	         6.9	        26.2	        0.79	          48
       30560	        3087	       -42.3	         6.9	        25.8	        0.79	          48
       30570	        3088	       -41.0	         6.8	        25.4	        0.76	          48
       30580	        3089	       -39.8	         6.8	        25.0	        0.71	          48
       30590	        3090	       -38.5	         6.8	        24.6	        0.71	          48
       30600	        3091	       -37.0	         6.7	        24.2	        0.67	          48
       30610	        3092	       -35.5	         6.7	        24.0	        0.67	          48
       30620	        3093	       -34.5	         6.7	        23.6	        0.64	          48
       30630	        3094	       -33.5	         6.7	        23.2	        0.61	          48
       30640	        3095	       -32.5	         6.7	        22.8	        0.61	          48
       30650	        3096	       -31.5	         6.7	        22.6	        0.58	          48
       30660	        3097	       -30.5	         6.7	        22.2	        0.56	          48
       30670	        3098	       -29.5	         6.7	        22.0	        0.56	          48
       30680	        3099	       -28.5	         6.6	        21.6	        0.53	          48
       30690	        3100	       -27.0	         6.6	        21.4	        0.53	          48
       30700	        3101	       -25.5	         6.6	        21.0	        0.54	          48
       30710	        3102	       -25.5	         6.6	        21.0	        0.54	          48
       30720	        3103	       -24.3	         6.6	        20.6	        0.54	          48
       30730	        3104	       -23.8	         6.6	        20.4	        0.60	          48
       30740	        3105	       -23.5	         6.6	        20.2	        0.57	          48
       30750	        3106	       -23.0	         6.6	        20.0	        0.57	          48
       30760	        3107	       -22.8	         6.6	        19.8	        0.53	          48
       30770	        3108	       -22.0	         6.6	        19.6	        0.53	          48
       30780	        3109	       -21.5	         6.6	        19.4	        0.59	          48
       30790	        3110	       -20.8	         6.5	        19.0	        0.56	          48
       30800	        3111	       -19.5	         6.5	        19.0	        0.56	          48
       30810	        3112	       -18.5	         6.5	        18.6	        0.56	          48
       30820	        3113	       -18.3	         6.5	        18.4	        0.56	          48
       30830	        3114	       -18.3	         6.5	        18.4	        0.56	          48
       30840	        3115	       -17.8	         6.5	        18.2	        0.53	          48
       30850	        3116	       -17.8	         6.5	        18.0	        0.53	          48
       30860	        3117	       -18.0	         6.5	        17.8	        0.58	          48
       30870	        3118	       -18.0	         6.5	        17.6	        0.55	          48
       30880	        3119	       -17.8	         6.5	        17.4	        0.55	          48
       30890	        3120	       -17.8	         6.5	        17.2	        0.52	          48
       30900	        3121	       -17.8	         6.5	        17.0	        0.50	          48
       30910	        3122	       -17.8	         6.5	        17.0	        0.50	          48
       30920	        3123	       -18.0	         6.5	        16.6	        0.54	          48
       30930	        3124	       -18.0	         6.5	        16.6	        0.54	          48
       30940	        3125	       -18.0	         6.5	        16.4	        0.54	          48
       30950	        3126	       -18.0	         6.5	        16.2	        0.50	          48
       30960	        3127	       -18.0	         6.5	        16.0	        0.50	          48
       30970	        3128	       -18.3	         6.5	        15.8	        0.48	          48
       30980	        3129	       -18.0	         6.5	        15.6	        0.48	          48
       30990	        3130	       -18.0	         6.5	        15.4	        0.48	          48
       31000	        3131	       -18.0	         6.5	        15.2	        0.44	          48
       31010	        3132	       -18.0	         6.5	        15.2	        0.44	          48
       31020	        3133	       -18.0	         6.5	        15.0	        0.44	          48
       31030	        3134	       -17.5	         6.5	        14.6	        0.40	          48
       31040	        3135	       -17.3	         6.5	        14.4	        0.38	          48
       31050	        3136	       -17.3	         6.5	        14.4	        0.38	          48
       31060	        3137	       -17.0	         6.5	        14.2	        0.37	          48
       31070	        3138	       -16.5	         6.4	        14.0	        0.37	          48
       31080	        3139	       -15.5	         6.4	        14.0	        0.39	          48
       31090	        3140	       -15.0	         6.4	        13.8	        0.39	          48
       31100	        3141	       -15.0	         6.4	        13.6	        0.43	          48
       31110	        3142	       -15.3	         6.4	        13.4	        0.38	          48
       31120	        3143	       -15.3	         6.4	        13.4	        0.38	          48
       31130	        3144	       -15.5	         6.4	        13.0	        0.33	          48
       31140	        3145	       -15.5	         6.4	        13.0	        0.33	          48
       31150	        3146	       -15.5	         6.4	        12.8	        0.33	          48
       31160	        3147	       -15.0	         6.3	        12.6	        0.32	          48
       31170	        3148	       -14.5	         6.3	        12.6	        0.29	          48
       31180	        3149	       -14.3	         6.3	        12.4	        0.29	          48
       31190	        3150	       -14.3	         6.3	        12.2	        0.28	          48
       31200	        3151	       -13.5	         6.3	        12.2	        0.28	          48
       31210	        3152	       -12.8	         6.2	        12.0	        0.28	          48
       31220	        3153	       -12.5	         6.2	        11.8	        0.28	          48
       31230	        3154	       -11.8	         6.2	        11.8	        0.28	          48
       31240	        3155	       -11.0	         6.2	        11.6	        0.35	          48
       31250	        3156	       -10.3	         6.1	        11.4	        0.40	          48
       31260	        3157	       -10.3	         6.1	        11.4	        0.40	          48
       31270	        3158	       -10.0	         6.1	        11.4	        0.38	          48
       31280	        3159	        -9.8	         6.1	        11.2	        0.38	          48
       31290	        3160	       -10.5	         6.1	        11.2	        0.39	          48
       31300	        3161	       -10.5	         6.1	        11.0	        0.39	          48
       31310	        3162	       -11.0	         6.0	        11.0	        0.37	          48
       31320	        3163	       -10.8	         6.0	        10.8	        0.38	          48
       31330	        3164	       -11.0	         6.0	        10.8	        0.38	          48
       31340	        3165	       -11.0	         6.0	        10.6	        0.36	          48
       31350	        3166	       -10.5	         6.0	        10.4	        0.29	          48
       31360	        3167	       -10.5	         6.0	        10.4	        0.29	          48
       31370	        3168	       -10.5	         6.0	        10.2	        0.31	          48
       31380	        3169	       -11.0	         6.0	        10.2	        0.30	          48
       31390	        3170	       -11.0	         6.0	        10.0	        0.30	          48
       31400	        3171	       -11.0	         6.0	        10.0	        0.29	          48
       31410	        3172	       -10.5	         6.0	         9.8	        0.30	          48
       31420	        3173	       -10.5	         6.0	         9.8	        0.30	          48
       31430	        3174	       -10.3	         6.0	         9.6	        0.32	          48
       31440	        3175	        -9.5	         5.9	         9.6	        0.32	          48
       31450	        3176	        -9.3	         5.9	         9.4	        0.35	          48
       31460	        3177	        -9.0	         5.9	         9.2	        0.35	          48
       31470	        3178	        -8.5	         5.9	         9.2	        0.42	          48
       31480	        3179	        -8.5	         5.9	         9.2	        0.42	          48
       31490	        3180	        -8.0	         6.0	         9.2	        0.47	          48
       31500	        3181	        -8.3	         6.0	         9.0	        0.47	          48
       31510	        3182	        -8.0	         6.0	         9.0	        0.47	          48
       31520	        3183	        -7.5	         6.0	         8.8	        0.47	          48
       31530	        3184	        -8.0	         6.1	         8.8	        0.50	          48
       31540	        3185	        -8.0	         6.1	         8.8	        0.50	          48
       31550	        3186	        -8.5	         6.2	         8.6	        0.48	          48
       31560	        3187	        -8.3	         6.2	         8.6	        0.47	          48
       31570	        3188	        -8.0	         6.2	         8.4	        0.45	          48
       31580	        3189	        -7.8	         6.2	         8.4	        0.44	          48
       31590	        3190	        -7.8	         6.2	         8.4	        0.44	          48
       31600	        3191	        -7.3	         6.3	         8.2	        0.44	          48
       31610	        3192	        -6.8	         6.2	         8.2	        0.42	          48
       31620	        3193	        -6.5	         6.2	         8.2	        0.41	          48
       31630	        3194	        -6.3	         6.2	         8.0	        0.41	          48
       31640	        3195	        -5.5	         6.2	         8.0	        0.40	          48
       31650	        3196	        -5.3	         6.2	         8.0	        0.40	          48
       31660	        3197	        -5.5	         6.2	         7.8	        0.39	          48
       31670	        3198	        -5.0	         6.1	         7.8	        0.38	          48
       31680	        3199	        -4.8	         6.1	         7.8	        0.38	          48
       31690	        3200	        -4.5	         6.1	         7.6	        0.37	          48
       31700	        3201	        -4.5	         6.1	         7.6	        0.37	          48
       31710	        3202	        -4.3	         6.1	         7.6	        0.37	          48
       31720	        3203	        -3.8	         6.0	         7.6	        0.36	          48
       31730	        3204	        -4.0	         6.0	         7.6	        0.36	          48
       31740	        3205	        -3.8	         6.0	         7.6	        0.35	          48
       31750	        3206	        -3.8	         6.0	         7.6	        0.32	          48
       31760	        3207	        -3.3	         6.0	         7.4	        0.32	          48
       31770	        3208	        -3.3	         6.0	         7.4	        0.34	          48
       31780	        3209	        -2.8	         6.0	         7.4	        0.34	          48
       31790	        3210	        -2.3	         6.0	         7.4	        0.34	          48
       31800	        3211	        -2.5	         6.0	         7.4	        0.25	          48
       31810	        3212	        -2.5	         6.0	         7.4	        0.25	          48
       31820	        3213	        -2.5	         6.0	         7.4	        0.25	          48
       31830	        3214	        -2.5	         6.0	         7.2	        0.25	          48
       31840	        3215	        -2.5	         6.0	         7.2	        0.25	          48
       31850	        3216	        -2.3	         6.1	         7.2	        0.31	          48
       31860	        3217	        -2.0	         6.1	         7.2	        0.33	          48
       31870	        3218	        -1.5	         6.1	         7.2	        0.33	          48
       31880	        3219	        -1.5	         6.1	         7.2	        0.28	          48
       31890	        3220	        -1.5	         6.2	         7.2	        0.28	          48
       31900	        3221	        -1.8	         6.2	         7.2	        0.26	          48
       31910	        3222	        -1.5	         6.2	         7.2	        0.22	          48
       31920	        3223	        -1.5	         6.2	         7.2	        0.22	          48
       31930	        3224	        -1.8	         6.2	         7.2	        0.21	          48
       31940	        3225	        -1.5	         6.3	         7.0	        0.21	          48
       31950	        3226	        -2.0	         6.3	         7.0	        0.21	          48
       31960	        3227	        -2.5	         6.3	         7.0	        0.23	          48
       31970	        3228	        -3.0	         6.4	         7.0	        0.23	          48
       31980	        3229	        -3.8	         6.4	         7.0	        0.26	          48
       31990	        3230	        -4.3	         6.4	         7.0	        0.26	          48
       32000	        3231	        -5.0	         6.5	         6.8	        0.23	          48
       32010	        3232	        -5.0	         6.5	         6.8	        0.29	          48
       32020	        3233	        -5.0	         6.5	         6.8	        0.29	          48
       32030	        3234	        -5.5	         6.5	         6.8	        0.29	          48
       32040	        3235	        -5.5	         6.5	         6.6	        0.32	          48
       32050	        3236	        -5.3	         6.5	         6.6	        0.32	          48
       32060	        3237	        -5.3	         6.5	         6.6	        0.38	          48
       32070	        3238	        -5.8	         6.5	         6.6	        0.40	          48
       32080	        3239	        -5.5	         6.5	         6.4	        0.40	          48
       32090	        3240	        -5.0	         6.5	         6.4	        0.38	          48
       32100	        3241	        -5.0	         6.5	         6.4	        0.38	          48
       32110	        3242	        -5.3	         6.5	         6.2	        0.32	          48
       32120	        3243	        -5.3	         6.5	         6.2	        0.32	          48
       32130	        3244	        -5.5	         6.5	         6.2	        0.34	          48
       32140	        3245	        -5.8	         6.4	         6.2	        0.34	          48
       32150	        3246	        -5.5	         6.4	         6.0	        0.38	          48
       32160	        3247	        -5.3	         6.4	         6.0	        0.38	          48
       32170	        3248	        -5.5	         6.4	         6.0	        0.42	          48
       32180	        3249	        -4.8	         6.4	         5.8	        0.44	          48
       32190	        3250	        -4.8	         6.4	         5.8	        0.44	          48
       32200	        3251	        -5.0	         6.4	         5.8	        0.44	          48
       32210	        3252	        -5.0	         6.4	         5.8	        0.43	          48
       32220	        3253	        -5.5	         6.4	         5.8	        0.43	          48
       32230	        3254	        -6.0	         6.4	         5.6	        0.43	          48
       32240	        3255	        -6.5	         6.4	         5.6	        0.43	          48
       32250	        3256	        -7.0	         6.4	         5.6	        0.42	          48
       32260	        3257	        -7.5	         6.4	         5.4	        0.42	          48
       32270	        3258	        -8.5	         6.5	         5.4	        0.42	          48
       32280	        3259	        -9.3	         6.5	         5.2	        0.42	          48
       32290	        3260	       -10.3	         6.5	         5.2	        0.41	          48
       32300	        3261	       -12.5	         6.6	         5.0	        0.41	          48
       32310	        3262	       -12.5	         6.6	         5.0	        0.41	          48
       32320	        3263	       -13.0	         6.7	         4.8	        0.41	          48
       32330	        3264	       -13.5	         6.7	         4.6	        0.41	          48
       32340	        3265	       -13.5	         6.7	         4.6	        0.41	          48
       32350	        3266	       -13.5	         6.7	         4.4	        0.41	          48
       32360	        3267	       -13.5	         6.7	         4.2	        0.40	          48
       32370	        3268	       -13.0	         6.7	         4.2	        0.40	          48
       32380	        3269	       -12.5	         6.7	         4.0	        0.40	          48
       32390	        3270	       -11.8	         6.6	         3.8	        0.40	          48
       32400	        3271	       -11.8	         6.6	         3.8	        0.40	          48
       32410	        3272	       -11.0	         6.6	         3.6	        0.40	          48
       32420	        3273	       -10.3	         6.5	         3.6	        0.40	          48
       32430	        3274	        -9.5	         6.4	         3.4	        0.38	          48
       32440	        3275	        -8.5	         6.4	         3.4	        0.36	          48
       32450	        3276	        -7.8	         6.3	         3.4	        0.36	          48
       32460	        3277	        -7.5	         6.3	         3.2	        0.33	          48
       32470	        3278	        -7.3	         6.2	         3.2	        0.32	          48
       32480	        3279	        -7.0	         6.2	         3.0	        0.32	          48
       32490	        3280	        -7.0	         6.2	         3.0	        0.31	          48
       32500	        3281	        -7.0	         6.2	         3.0	        0.31	          48
       32510	        3282	        -6.8	         6.1	         2.8	        0.29	          48
       32520	        3283	        -6.8	         6.1	         2.8	        0.29	          48
       32530	        3284	        -6.3	         6.1	         2.8	        0.29	          48
       32540	        3285	        -6.5	         6.1	         2.6	        0.32	          48
       32550	        3286	        -6.3	         6.1	         2.6	        0.35	          48
       32560	        3287	        -5.8	         6.1	         2.6	        0.35	          48
       32570	        3288	        -5.0	         6.1	         2.6	        0.32	          48
       32580	        3289	        -4.5	         6.1	         2.4	        0.32	          48
       32590	        3290	        -4.5	         6.1	         2.4	        0.31	          48
       32600	        3291	        -2.3	         6.1	         2.4	        0.32	          48
       32610	        3292	        -2.3	         6.1	         2.4	        0.32	          48
       32620	        3293	        -1.5	         6.0	         2.4	        0.35	          48
       32630	        3294	        -1.3	         6.0	         2.4	        0.39	          48
       32640	        3295	        -1.0	         6.0	         2.4	        0.39	          48
       32650	        3296	        -0.5	         6.0	         2.4	        0.37	          48
       32660	        3297	        -0.8	         6.0	         2.4	        0.37	          48
       32670	        3298	        -1.0	         6.1	         2.4	        0.35	          48
       32680	        3299	        -0.5	         6.1	         2.4	        0.38	          48
       32690	        3300	        -1.0	         6.1	         2.4	        0.38	          48
       32700	        3301	        -1.3	         6.2	         2.2	        0.38	          48
       32710	        3302	        -2.3	         6.2	         2.2	        0.38	          48
       32720	        3303	        -2.3	         6.2	         2.2	        0.38	          48
       32730	        3304	        -2.8	         6.3	         2.2	        0.40	          48
       32740	        3305	        -4.3	         6.3	         2.2	        0.40	          48
       32750	        3306	        -5.5	         6.4	         2.2	        0.40	          48
       32760	        3307	        -7.0	         6.5	         2.0	        0.40	          48
       32770	        3308	        -8.3	         6.5	         2.0	        0.40	          48
       32780	        3309	        -8.8	         6.6	         1.8	        0.47	          48
       32790	        3310	        -9.8	         6.6	         1.8	        0.51	          48
       32800	        3311	       -10.5	         6.7	         1.6	        0.51	          48
       32810	        3312	       -10.5	         6.7	         1.6	        0.51	          48
       32820	        3313	       -11.0	         6.8	         1.4	        0.48	          48
       32830	        3314	       -11.0	         6.8	         1.4	        0.48	          48
       32840	        3315	       -11.0	         6.8	         1.2	        0.45	          48
       32850	        3316	       -11.0	         6.8	         1.2	        0.45	          48
       32860	        3317	       -10.5	         6.7	         1.0	        0.41	          48
       32870	        3318	       -10.0	         6.7	         1.0	        0.41	          48
       32880	        3319	        -9.5	         6.6	         0.8	        0.37	          48
       32890	        3320	        -9.0	         6.6	         0.8	        0.32	          48
       32900	        3321	        -8.5	         6.5	         0.6	        0.29	          48
       32910	        3322	        -8.0	         6.5	         0.6	        0.29	          48
       32920	        3323	        -7.3	         6.4	         0.6	        0.25	          48
       32930	        3324	        -6.8	         6.3	         0.4	        0.25	          48
       32940	        3325	        -6.0	         6.2	         0.4	        0.22	          48
       32950	        3326	        -5.3	         6.2	         0.4	        0.19	          48
       32960	        3327	        -4.0	         6.1	         0.2	        0.19	          48
       32970	        3328	        -3.5	         6.0	         0.2	        0.17	          48
       32980	        3329	        -2.5	         6.0	         0.2	        0.14	          48
       32990	        3330	        -2.0	         5.9	         0.2	        0.14	          48
       33000	        3331	        -1.5	         5.9	         0.2	        0.12	          48
       33010	        3332	        -1.5	         5.9	         0.2	        0.10	          48
       33020	        3333	        -1.5	         5.9	         0.2	        0.10	          48
       33030	        3334	        -1.5	         6.0	         0.2	        0.09	          48
       33040	        3335	        -2.0	         6.0	         0.2	        0.09	          48
       33050	        3337	        -4.8	         6.2	         0.0	        0.07	          16
       33060	        3338	        -4.5	         6.3	         0.0	        0.07	          16
       33070	        3339	        -1.5	         6.4	         0.0	        0.06	          16
       33080	        3340	        -4.0	         6.6	         0.0	        0.05	          16
       33090	        3341	        -6.8	         7.0	         0.0	        0.05	          16
       33100	        3342	        -6.0	         7.6	         0.0	        0.06	          16
       33110	        3343	         2.0	         8.3	         0.0	        0.06	          16
       33120	        3344	         2.0	         8.3	         0.0	        0.06	          16
       33130	        3346	         3.0	         8.5	         0.0	        0.00	          16
       33140	        3347	         8.8	         8.6	         0.0	        0.02	          16
       33150	        3348	        15.8	         8.6	         0.0	        0.02	          16
       33160	        3349	        19.5	         8.6	         0.2	        0.06	          16
       33170	        3350	        20.5	         8.5	         0.4	        0.08	          16
       33180	        3351	        17.5	         8.5	         0.8	        0.05	          16
       33190	        3352	        17.5	         8.5	         0.8	        0.05	          16
       33200	        3353	        16.3	         8.5	         1.0	        0.05	          16
       33210	        3354	        14.5	         8.4	         1.2	        0.01	          16
       33220	        3355	        12.8	         8.4	         1.4	        0.01	          16
       33230	        3356	        12.0	         8.4	         1.4	        0.03	          16
       33240	        3357	        11.3	         8.4	         1.6	        0.08	          16
       33250	        3358	        11.5	         8.4	         1.6	        0.08	          16
       33260	        3359	        10.8	         8.4	         1.8	        0.14	          16
       33270	        3360	        10.5	         8.4	         1.8	        0.13	          16
       33280	        3361	        10.8	         8.4	         2.0	        0.13	          16
       33290	        3362	        10.3	         8.5	         2.0	        0.17	          16
       33300	        3363	        10.5	         8.4	         2.2	        0.16	          16
       33310	        3364	        10.5	         8.4	         2.4	        0.17	          16
       33320	        3365	        10.5	         8.4	         2.4	        0.17	          16
       33330	        3366	        11.3	         8.4	         2.4	        0.17	          16
       33340	        3367	        11.0	         8.4	         2.6	        0.22	          16
       33350	        3368	        12.0	         8.4	         2.8	        0.26	          16
       33360	        3369	        13.0	         8.3	         2.8	        0.26	          16
       33370	        3370	        12.5	         8.3	         3.0	        0.28	          16
       33380	        3371	        13.3	         8.3	         3.2	        0.27	          16
       33390	        3372	        13.5	         8.3	         3.2	        0.27	          16
       33400	        3373	        14.5	         8.3	         3.6	        0.26	          16
       33410	        3374	        14.5	         8.3	         3.6	        0.25	          16
       33420	        3375	        14.5	         8.3	         3.6	        0.25	          16
       33430	        3376	        15.3	         8.3	         3.8	        0.22	          16
       33440	        3377	        16.0	         8.3	         4.0	        0.22	          16
       33450	        3378	        15.5	         8.3	         4.2	        0.29	          16
       33460	        3379	        15.0	         8.4	         4.2	        0.31	          16
       33470	        3380	        14.8	         8.4	         4.4	        0.31	          16
       33480	        3381	        14.0	         8.5	         4.6	        0.35	          16
       33490	        3382	        13.5	         8.5	         4.8	        0.35	          16
       33500	        3383	        12.3	         8.5	         4.8	        0.32	          16
       33510	        3384	        10.5	         8.6	         5.0	        0.31	          16
       33520	        3385	        10.5	         8.6	         5.0	        0.31	          16
       33530	        3386	         9.0	         8.6	         5.2	        0.35	          16
       33540	        3387	         7.5	         8.7	         5.2	        0.35	          16
       33550	        3388	         6.3	         8.7	         5.2	        0.35	          16
       33560	        3389	         5.5	         8.7	         5.4	        0.35	          16
       33570	        3390	         4.0	         8.6	         5.4	        0.35	          16
       33580	        3391	         2.8	         8.6	         5.4	        0.35	          16
       33590	        3392	         1.8	         8.6	         5.4	        0.35	          16
       33600	        3393	         0.5	         8.6	         5.4	        0.35	          16
       33610	        3394	        -0.3	         8.6	         5.4	        0.35	          16
       33620	        3395	        -1.8	         8.6	         5.4	        0.35	          16
       33630	        3396	        -2.5	         8.6	         5.4	        0.35	          16
       33640	        3397	        -2.5	         8.5	         5.4	        0.35	          16
       33650	        3398	        -2.5	         8.5	         5.4	        0.35	          16
