%%%%%%%%%%%%%%%%%%%%%%%%%%%%%%%%%%%%%%%%%%%%%%%%%%%%%%%%%%%%%%%%%%%%%%%%%%%%%%%%
%% DEVICE INFO:
%% Device Type: SERVO-U0
%% System Version: 1.0
%% Sampling Time: 010
%% Device System SW version: SERVO-U,2.2.0.55516
%% Application Name: SERVO Tracker U/n/air
%% Build Info: Build: Sep 26 2016 / 16:27:37
%% Measurement at Y-piece enabled: 
%% PC Time: 20181205174709
%% Device Time: 20181205182644
%% Servo Serial Number: 26155
%% Protocol Version:  2
%% Log start: 2018-12-05:17:54:19.13
%% Log stop:  2018-12-05:17:54:51.539
%%%%%%%%%%%%%%%%%%%%%%%%%%%%%%%%%%%%%%%%%%%%%%%%%%%%%%%%%%%%%%%%%%%%%%%%%%%%%%%%
% Ch_100 (b/min)     : RR
% Ch_101 (ml)        : TVe
% Ch_102 (ml)        : TVi
% Ch_103 (l/min)     : MVi
% Ch_104 (l/min)     : MVe
% Ch_105 (cmH20)     : Peak Press.
% Ch_106 (cmH20)     : Mean Press.
% Ch_107 (cmH20)     : Pause Press.
% Ch_108 (cmH20)     : End Exp. Press.
% Ch_109 (%)         : O2 conc.
% Ch_110 (mBar)      : Barom. Press.
% Ch_111 (mBar)      : Gas supply, Air
% Ch_112 (mBar)      : Gas supply, O2
% Ch_113 (ml)        : CO2 Tidal Prod.
% Ch_114 (%)         : End Tidal conc.
% Ch_115 (mmHg)      : End tidal conc.
% Ch_116 (kPa)       : End tidal conc.
% Ch_117 (ml/min)    : CO2 Min. Prod.
% Ch_118 (cmh20/l/s) : Exp. Resist.
% Ch_119 (ml/cmH2o)  : Static Compl.
% Ch_120 (ml/s)      : End exp. flow
% Ch_121 (cmh20/l/s) : Insp. Resist.
% Ch_122 ()          : I:E ratio
% Ch_123 (s)         : Ti.
% Ch_124 (ml/cmH2o)  : Fixed value = 0x7EFF
% Ch_125 (ml/cmH2o)  : Dynamic Charact.
% Ch_126 (%)         : Leakage Fraction
% Ch_127 (cmH20/l)   : Elastance
% Ch_128 ()          : Ti/Ttot
% Ch_129 (cmH20)     : Total PEEP
% Ch_130 (b/min)     : Spontaneous RR
% Ch_131 (l/min)     : MVe spont
% Ch_132 ()          : MVe spont/MVe in Bi-Vent/APRV
% Ch_133 (s)         : Time constant
% Ch_134 (j/l)       : WOB ventilator
% Ch_135 (j/l)       : WOB patient
% Ch_136 (cmH20)     : CPAP
% Ch_137 (cmH20)     : P01
% Ch_138 (uV)        : Edi Peak
% Ch_139 (uV)        : Edi min
% Ch_140 (-)         : Trig cause
% Ch_141 (-)         : End Insp. cause
% Ch_142 (-)         : Exp. Trig cause
% Ch_143 (b/min/l)   : Shallow Breathing index
% Ch_144 (min)       : Remaining nebulization time
% Ch_145 (ml/kg)     : VTe/Predicted Body Weight
% Phase: 16=Insp., 32=Pause, 48=Exp.
%%%%%%%%%%%%%%%%%%%%%%%%%%%%%%%%%%%%%%%%%%%%%%%%%%%%%%%%%%%%%%%%%%%%%%%%%%%%%%%%
%% Timestamp	     Counter	      Ch_100	      Ch_101	      Ch_102	      Ch_103	      Ch_104	      Ch_105	      Ch_106	      Ch_107	      Ch_108	      Ch_109	      Ch_110	      Ch_111	      Ch_112	      Ch_113	      Ch_114	      Ch_115	      Ch_116	      Ch_117	      Ch_118	      Ch_119	      Ch_120	      Ch_121	      Ch_122	      Ch_123	      Ch_124	      Ch_125	      Ch_126	      Ch_127	      Ch_128	      Ch_129	      Ch_130	      Ch_131	      Ch_132	      Ch_133	      Ch_134	      Ch_135	      Ch_136	      Ch_137	      Ch_138	      Ch_139	      Ch_140	      Ch_141	      Ch_142	      Ch_143	      Ch_144	      Ch_145	       Phase
         180	          19	        42.4	        56.8	        66.4	        1.93	        2.04	        17.4	         8.9	       32511	         6.5	        80.1	        1017	        4086	        3974	       32511	       32511	       32511	       32511	       32511	       32511	       32511	        15.0	       32511	       32511	       32511	       32511	         5.4	         6.0	       32511	      0.3000	       32511	        42.4	        2.04	       32511	       32511	        0.42	        0.00	       32511	         1.7	       13.68	        0.71	           5	           3	           2	         747	       32511	        14.2	          16
        1780	         184	        41.9	        54.6	        61.8	        2.03	        2.12	        19.0	         9.4	       32511	         6.0	        80.0	        1017	        4092	        3982	       32511	       32511	       32511	       32511	       32511	       32511	       32511	         0.0	       32511	       32511	       32511	       32511	         4.2	         7.0	       32511	      0.3000	       32511	        41.9	        2.12	       32511	       32511	        0.50	        0.02	       32511	         2.2	       17.90	        3.16	           3	           2	           2	         768	       32511	        13.6	          16
        3180	         327	        42.1	        62.8	        58.8	        2.03	        2.16	        16.4	         9.7	       32511	         6.8	        80.1	        1017	        4094	        3978	       32511	       32511	       32511	       32511	       32511	       32511	       32511	        44.8	       32511	       32511	       32511	       32511	         6.7	         7.0	       32511	      0.3500	       32511	        42.1	        2.16	       32511	       32511	        0.48	        0.01	       32511	         1.4	       11.29	        0.97	           5	           2	           2	         672	       32511	        15.7	          16
        4980	         510	        41.3	        61.4	        49.4	        2.02	        2.13	        16.6	         9.4	       32511	         6.3	        80.3	        1017	        4092	        3980	       32511	       32511	       32511	       32511	       32511	       32511	       32511	        15.5	       32511	       32511	       32511	       32511	         6.0	         6.0	       32511	      0.3500	       32511	        41.3	        2.13	       32511	       32511	        0.35	        0.00	       32511	         1.5	       12.77	        0.66	           5	           2	           2	         673	       32511	        15.3	          16
        5780	         593	        42.2	        39.8	        55.2	        2.01	        2.16	        13.3	         8.7	       32511	         7.5	        80.3	        1017	        4090	        3980	       32511	       32511	       32511	       32511	       32511	       32511	       32511	        75.0	       32511	       32511	       32511	       32511	         7.5	         6.0	       32511	      0.4900	       32511	        42.2	        2.16	       32511	       32511	        0.23	        0.01	       32511	         1.3	        7.75	        2.19	           5	           2	           2	        1060	       32511	        10.0	          16
        6990	         717	        42.7	        37.4	         8.2	        1.99	        2.14	         8.4	         7.1	       32511	         6.1	        80.3	        1017	        4082	        3962	       32511	       32511	       32511	       32511	       32511	       32511	       32511	        16.5	       32511	       32511	       32511	       32511	        18.1	         6.0	       32511	      0.2100	       32511	        42.7	        2.14	       32511	       32511	        0.07	        0.00	       32511	         1.5	        5.72	        0.30	           5	           2	           2	        1143	       32511	         9.3	          16
        8590	         880	        42.8	        54.8	        54.6	        2.04	        2.19	        16.5	         8.8	       32511	         6.1	        80.3	        1017	        4086	        3970	       32511	       32511	       32511	       32511	       32511	       32511	       32511	         2.0	       32511	       32511	       32511	       32511	         5.3	         5.0	       32511	      0.2900	       32511	        42.8	        2.19	       32511	       32511	        0.30	        0.00	       32511	         1.8	       12.17	        0.54	           5	           3	           2	         782	       32511	        13.7	          16
        9990	        1023	        43.2	        48.6	        53.2	        2.03	        2.20	        12.9	         7.7	       32511	         6.4	        80.2	        1017	        4092	        3980	       32511	       32511	       32511	       32511	       32511	       32511	       32511	         0.0	       32511	       32511	       32511	       32511	         7.6	         5.0	       32511	      0.2800	       32511	        43.2	        2.20	       32511	       32511	        0.22	        0.01	       32511	         2.3	        6.44	        0.49	           5	           3	           2	         890	       32511	        12.1	          16
       10980	        1125	        42.9	        37.4	        38.8	        2.01	        2.16	        10.3	         7.6	       32511	         6.4	        80.2	        1017	        4090	        3974	       32511	       32511	       32511	       32511	       32511	       32511	       32511	        16.3	       32511	       32511	       32511	       32511	        10.7	         4.0	       32511	      0.3500	       32511	        42.9	        2.16	       32511	       32511	        0.15	        0.02	       32511	         2.2	        3.87	        0.81	           5	           2	           2	        1148	       32511	         9.4	          16
       11980	        1228	        43.3	        39.2	        37.2	        2.03	        2.16	        11.6	         7.7	       32511	         6.5	        80.1	        1017	        4090	        3974	       32511	       32511	       32511	       32511	       32511	       32511	       32511	        18.5	       32511	       32511	       32511	       32511	         8.7	         5.0	       32511	      0.2900	       32511	        43.3	        2.16	       32511	       32511	        0.17	        0.02	       32511	         2.0	        5.91	        1.23	           5	           2	           2	        1108	       32511	         9.8	          16
       13580	        1393	        43.4	        60.4	        98.8	        2.07	        2.18	        21.9	        13.5	       32511	         9.4	        80.0	        1017	        4090	        3974	       32511	       32511	       32511	       32511	       32511	       32511	       32511	       138.8	       32511	       32511	       32511	       32511	         5.1	         7.0	       32511	      0.6900	       32511	        43.4	        2.18	       32511	       32511	        0.61	        0.01	       32511	         2.3	       18.63	        5.80	           5	           3	           2	         719	       32511	        15.1	          16
       14780	        1517	        44.0	        43.4	         0.0	        1.97	        2.17	         8.9	         8.1	       32511	         6.1	        80.1	        1017	        4090	        3978	       32511	       32511	       32511	       32511	       32511	       32511	       32511	        20.5	       32511	       32511	       32511	       32511	         9.5	         6.0	       32511	      0.2900	       32511	        44.0	        2.17	       32511	       32511	        0.00	        0.00	       32511	         2.1	        1.52	        0.81	           1	           2	           2	        1015	       32511	        10.8	          48
       16580	        1701	        43.5	        43.8	        47.4	        2.01	        2.15	        12.7	         7.5	       32511	         6.0	        80.3	        1017	        4092	        3974	       32511	       32511	       32511	       32511	       32511	       32511	       32511	         0.0	       32511	       32511	       32511	       32511	         7.0	         6.0	       32511	      0.2600	       32511	        43.5	        2.15	       32511	       32511	        0.23	        0.02	       32511	         1.9	        9.16	        0.24	           5	           2	           2	         995	       32511	        10.9	          16
       18180	        1864	        43.9	        45.2	        46.8	        2.01	        2.14	        10.6	         7.0	       32511	         5.9	        80.3	        1017	        4090	        3978	       32511	       32511	       32511	       32511	       32511	       32511	       32511	         4.8	       32511	       32511	       32511	       32511	        10.3	         5.0	       32511	      0.2100	       32511	        43.9	        2.14	       32511	       32511	        0.23	        0.01	       32511	         1.4	        5.62	        0.47	           5	           2	           2	         972	       32511	        11.3	          16
       19180	        1968	        44.5	        19.2	         1.2	        1.95	        2.11	        10.8	         8.1	       32511	         7.3	        80.3	        1017	        4094	        3986	       32511	       32511	       32511	       32511	       32511	       32511	       32511	        63.0	       32511	       32511	       32511	       32511	         6.2	         7.0	       32511	      0.7100	       32511	        44.5	        2.11	       32511	       32511	        0.00	        0.00	       32511	         1.0	        3.10	        2.15	           1	           2	           2	        2319	       32511	         4.8	          48
       19780	        2030	        43.7	        37.0	         1.2	        1.95	        2.11	        10.8	         8.0	       32511	         6.9	        80.4	        1017	        4086	        3968	       32511	       32511	       32511	       32511	       32511	       32511	       32511	        30.5	       32511	       32511	       32511	       32511	         9.9	         6.0	       32511	      0.1700	       32511	        43.7	        2.11	       32511	       32511	        0.00	        0.00	       32511	         1.2	        3.10	        0.61	           5	           2	           2	        1180	       32511	         9.3	          16
       21780	        2233	        43.3	        49.2	        52.4	        1.99	        2.09	        11.1	         6.9	       32511	         5.9	        80.4	        1017	        4094	        3984	       32511	       32511	       32511	       32511	       32511	       32511	       32511	         0.0	       32511	       32511	       32511	       32511	         9.6	         7.0	       32511	      0.2000	       32511	        43.3	        2.09	       32511	       32511	        0.09	        0.04	       32511	         1.2	        2.98	        0.34	           3	           2	           2	         882	       32511	        12.3	          16
       23180	        2376	        43.7	        50.2	        55.4	        1.97	        2.08	        13.2	         7.8	       32511	         6.4	        80.3	        1017	        4092	        3978	       32511	       32511	       32511	       32511	       32511	       32511	       32511	        15.8	       32511	       32511	       32511	       32511	         7.6	         5.0	       32511	      0.2800	       32511	        43.7	        2.08	       32511	       32511	        0.35	        0.02	       32511	         1.3	        4.67	        0.53	           5	           2	           2	         873	       32511	        12.5	          16
       24580	        2519	        43.6	        53.0	        46.6	        1.99	        2.04	        14.7	         8.1	       32511	         6.0	        80.2	        1017	        4082	        3964	       32511	       32511	       32511	       32511	       32511	       32511	       32511	         5.0	       32511	       32511	       32511	       32511	         6.4	         6.0	       32511	      0.2300	       32511	        43.6	        2.04	       32511	       32511	        0.28	        0.02	       32511	         1.5	        9.20	        0.29	           5	           3	           2	         825	       32511	        13.2	          16
       26180	        2682	        43.3	        48.6	        50.4	        1.96	        2.02	        16.2	         8.6	       32511	         6.3	        80.2	        1017	        4084	        3962	       32511	       32511	       32511	       32511	       32511	       32511	       32511	         8.5	       32511	       32511	       32511	       32511	         5.0	         6.0	       32511	      0.2700	       32511	        43.3	        2.02	       32511	       32511	        0.39	        0.00	       32511	         1.5	       11.39	        0.38	           5	           3	           2	         893	       32511	        12.1	          16
       27980	        2865	        43.9	        40.6	        49.8	        1.96	        1.99	        11.1	         7.1	       32511	         5.9	        80.3	        1017	        4092	        3980	       32511	       32511	       32511	       32511	       32511	       32511	       32511	         0.0	       32511	       32511	       32511	       32511	         8.2	         7.0	       32511	      0.2200	       32511	        43.9	        1.99	       32511	       32511	        0.28	        0.00	       32511	         1.5	        7.25	        0.30	           3	           2	           2	        1080	       32511	        10.2	          16
       29580	        3028	        43.2	        59.8	        59.0	        2.07	        2.06	        15.4	         8.3	       32511	         6.2	        80.3	        1017	        4082	        3962	       32511	       32511	       32511	       32511	       32511	       32511	       32511	         4.8	       32511	       32511	       32511	       32511	         6.5	         8.0	       32511	      0.2700	       32511	        43.2	        2.06	       32511	       32511	        0.51	        0.02	       32511	         2.0	        8.31	        0.44	           5	           2	           2	         722	       32511	        15.0	          16
       30980	        3171	        43.9	        51.2	        47.0	        2.02	        2.07	        14.0	         8.0	       32511	         6.5	        80.4	        1017	        4090	        3970	       32511	       32511	       32511	       32511	       32511	       32511	       32511	        19.0	       32511	       32511	       32511	       32511	         7.0	         8.0	       32511	      0.2600	       32511	        43.9	        2.07	       32511	       32511	        0.39	        0.01	       32511	         2.1	       10.10	        0.26	           5	           2	           2	         860	       32511	        12.8	          16
