%% Timestamp	     Counter	      Ch_000	      Ch_001	      Ch_002	      Ch_003	       Phase
       29800	        3052	       -94.3	        11.0	        44.0	        5.48	          48
       29810	        3053	      -101.0	        10.1	        43.0	        5.25	          48
       29820	        3054	       -97.5	         9.2	        42.0	        4.83	          48
       29830	        3055	       -87.5	         8.4	        41.2	        4.83	          48
       29840	        3056	       -73.5	         8.0	        39.6	        4.03	          48
       29850	        3057	       -73.5	         8.0	        39.6	        4.03	          48
       29860	        3058	       -78.3	         8.1	        38.8	        4.03	          48
       29870	        3059	       -78.8	         8.5	        38.0	        3.78	          48
       29880	        3060	       -80.3	         8.8	        37.2	        3.78	          48
       29890	        3061	       -91.8	         9.0	        36.4	        3.57	          48
       29900	        3062	       -90.5	         9.0	        35.4	        3.32	          48
       29910	        3063	       -99.3	         8.9	        34.4	        3.32	          48
       29920	        3064	       -96.5	         8.8	        33.4	        3.09	          48
       29930	        3065	       -97.5	         8.7	        32.4	        2.76	          48
       29940	        3066	       -93.5	         8.4	        31.6	        2.76	          48
       29950	        3067	       -89.5	         8.2	        30.6	        2.55	          48
       29960	        3068	       -91.8	         8.0	        28.8	        2.37	          48
       29970	        3069	       -91.8	         8.0	        28.8	        2.37	          48
       29980	        3070	       -87.0	         7.9	        28.0	        2.23	          48
       29990	        3071	       -83.3	         7.9	        27.2	        2.23	          48
       30000	        3072	       -86.3	         7.9	        26.2	        2.11	          48
       30010	        3073	       -84.0	         7.9	        25.4	        1.95	          48
       30020	        3074	       -81.5	         7.8	        24.6	        1.95	          48
       30030	        3075	       -78.3	         7.8	        23.8	        1.83	          48
       30040	        3076	       -77.5	         7.7	        23.0	        1.83	          48
       30050	        3077	       -76.0	         7.7	        22.4	        1.72	          48
       30060	        3078	       -73.5	         7.6	        21.6	        1.59	          48
       30070	        3079	       -71.8	         7.6	        20.8	        1.59	          48
       30080	        3080	       -70.5	         7.5	        20.2	        1.51	          48
       30090	        3081	       -69.3	         7.5	        19.4	        1.51	          48
       30100	        3082	       -67.8	         7.4	        18.8	        1.41	          48
       30110	        3083	       -66.0	         7.4	        18.2	        1.29	          48
       30120	        3084	       -65.0	         7.3	        17.4	        1.17	          48
       30130	        3085	       -63.5	         7.3	        16.8	        1.17	          48
       30140	        3086	       -62.0	         7.2	        16.2	        1.15	          48
       30150	        3087	       -59.3	         7.2	        15.0	        1.07	          48
       30160	        3088	       -58.0	         7.1	        14.4	        1.07	          48
       30170	        3089	       -58.0	         7.1	        14.4	        1.07	          48
       30180	        3090	       -56.3	         7.1	        13.8	        1.05	          48
       30190	        3091	       -54.5	         7.1	        13.4	        0.99	          48
       30200	        3092	       -53.0	         7.1	        12.8	        0.99	          48
       30210	        3093	       -51.5	         7.0	        12.2	        0.96	          48
       30220	        3094	       -49.8	         7.0	        11.8	        0.93	          48
       30230	        3095	       -48.0	         6.9	        11.4	        0.93	          48
       30240	        3096	       -46.0	         6.9	        10.8	        0.88	          48
       30250	        3097	       -44.8	         6.9	        10.4	        0.83	          48
       30260	        3098	       -41.3	         6.8	         9.6	        0.79	          48
       30270	        3099	       -41.3	         6.8	         9.6	        0.79	          48
       30280	        3100	       -39.8	         6.8	         9.2	        0.79	          48
       30290	        3101	       -38.5	         6.8	         8.8	        0.75	          48
       30300	        3102	       -37.8	         6.8	         8.4	        0.72	          48
       30310	        3103	       -36.0	         6.8	         8.0	        0.72	          48
       30320	        3104	       -34.8	         6.7	         7.6	        0.69	          48
       30330	        3105	       -33.5	         6.7	         7.4	        0.70	          48
       30340	        3106	       -31.5	         6.7	         7.0	        0.70	          48
       30350	        3107	       -31.3	         6.7	         6.8	        0.69	          48
       30360	        3108	       -30.0	         6.7	         6.4	        0.69	          48
       30370	        3109	       -28.3	         6.7	         5.8	        0.64	          48
       30380	        3110	       -28.3	         6.7	         5.8	        0.64	          48
       30390	        3111	       -27.5	         6.6	         5.6	        0.64	          48
       30400	        3112	       -27.3	         6.6	         5.4	        0.58	          48
       30410	        3113	       -25.8	         6.6	         5.0	        0.56	          48
       30420	        3114	       -24.5	         6.6	         4.8	        0.56	          48
       30430	        3115	       -24.0	         6.6	         4.6	        0.54	          48
       30440	        3116	       -23.5	         6.6	         4.4	        0.54	          48
       30450	        3117	       -23.0	         6.6	         4.2	        0.47	          48
       30460	        3118	       -22.8	         6.6	         3.8	        0.43	          48
       30470	        3119	       -22.3	         6.6	         3.6	        0.43	          48
       30480	        3120	       -22.3	         6.6	         3.4	        0.40	          48
       30490	        3121	       -22.0	         6.6	         3.0	        0.42	          48
       30500	        3122	       -22.0	         6.6	         3.0	        0.42	          48
       30510	        3123	       -21.5	         6.6	         2.8	        0.41	          48
       30520	        3124	       -21.0	         6.6	         2.6	        0.41	          48
       30530	        3125	       -20.5	         6.6	         2.4	        0.39	          48
       30540	        3126	       -20.5	         6.6	         2.2	        0.39	          48
       30550	        3127	       -20.3	         6.6	         2.0	        0.39	          48
       30560	        3128	       -20.5	         6.6	         1.8	        0.40	          48
       30570	        3129	       -20.5	         6.5	         1.6	        0.37	          48
       30580	        3130	       -19.5	         6.5	         1.2	        0.36	          48
       30590	        3131	       -19.5	         6.5	         1.2	        0.36	          48
       30600	        3132	       -19.0	         6.5	         1.0	        0.36	          48
       30610	        3133	       -19.0	         6.5	         0.8	        0.34	          48
       30620	        3134	       -19.0	         6.5	         0.6	        0.30	          48
       30630	        3135	       -18.5	         6.5	         0.4	        0.30	          48
       30640	        3136	       -19.3	         6.5	         0.2	        0.27	          48
       30650	        3137	       -19.3	         6.5	         0.0	        0.26	          48
       30660	        3138	       -19.3	         6.5	         0.0	        0.26	          48
       30670	        3139	       -19.5	         6.5	         0.0	        0.29	          48
       30680	        3140	       -19.3	         6.5	         0.0	        0.29	          48
       30690	        3141	       -19.3	         6.5	         0.0	        0.32	          48
       30700	        3142	       -20.3	         6.5	         0.0	        0.48	          48
       30710	        3143	       -20.3	         6.5	         0.0	        0.48	          48
       30720	        3144	       -19.8	         6.5	         0.0	        0.63	          48
       30730	        3145	       -19.5	         6.5	         0.0	        0.70	          48
       30740	        3146	       -19.3	         6.5	         0.0	        0.70	          48
       30750	        3147	       -19.5	         6.5	         0.0	        0.70	          48
       30760	        3148	       -18.8	         6.5	         0.0	        0.70	          48
       30770	        3149	       -18.5	         6.5	         0.0	        0.70	          48
       30780	        3150	       -18.8	         6.5	         0.0	        0.70	          48
       30790	        3151	       -19.0	         6.5	         0.0	        0.70	          48
       30800	        3152	       -19.0	         6.5	         0.0	        0.70	          48
       30810	        3153	       -19.5	         6.5	         0.0	        0.70	          48
       30820	        3154	       -19.5	         6.5	         0.0	        0.70	          48
       30830	        3155	       -18.8	         6.5	         0.0	        0.70	          48
       30840	        3156	       -18.5	         6.4	         0.0	        0.72	          48
       30850	        3157	       -17.5	         6.4	         0.0	        0.72	          48
       30860	        3158	       -16.0	         6.3	         0.0	        0.84	          48
       30870	        3160	       -16.0	         6.3	         0.0	        0.84	          16
       30880	        3161	        -7.0	         6.3	         0.0	        1.25	          16
       30890	        3162	         5.0	         6.2	         0.0	        1.72	          16
       30900	        3163	        12.8	         6.2	         0.2	        1.72	          16
       30910	        3164	        21.5	         6.5	         0.4	        2.53	          16
       30920	        3165	        34.8	         6.9	         0.8	        3.37	          16
       30930	        3166	        59.0	         7.0	         1.4	        3.37	          16
       30940	        3167	        76.0	         6.9	         2.0	        4.53	          16
       30950	        3168	        88.8	         6.6	         3.0	        4.53	          16
       30960	        3169	       107.0	         6.5	         4.0	        5.18	          16
       30970	        3170	       122.0	         6.5	         5.2	        5.18	          16
       30980	        3172	       142.5	         6.5	         6.6	        5.72	          16
       30990	        3173	       144.3	         6.6	         8.2	        6.41	          16
       31000	        3174	       154.0	         6.9	         9.6	        6.41	          16
       31010	        3175	       164.5	         7.1	        11.2	        6.79	          16
       31020	        3176	       177.8	         7.3	        13.0	        7.52	          16
       31030	        3177	       195.3	         7.9	        17.0	        7.94	          16
       31040	        3178	       195.3	         7.9	        17.0	        7.94	          16
       31050	        3179	       210.0	         8.3	        19.0	        8.27	          16
       31060	        3180	       213.3	         8.8	        21.2	        8.27	          16
       31070	        3181	       217.0	         9.2	        23.4	        8.82	          16
       31080	        3182	       215.5	         9.8	        25.4	        8.82	          16
       31090	        3183	       217.5	        10.3	        27.6	        9.06	          16
       31100	        3184	       218.3	        10.7	        29.8	        9.06	          16
       31110	        3185	       217.3	        11.0	        32.0	        9.26	          16
       31120	        3186	       217.5	        11.3	        34.2	        9.39	          16
       31130	        3187	       214.3	        11.6	        36.4	        9.39	          16
       31140	        3188	       206.8	        12.0	        40.6	        9.64	          16
       31150	        3189	       206.8	        12.0	        40.6	        9.64	          16
       31160	        3190	       197.3	        12.3	        42.6	        9.64	          16
       31170	        3191	       187.3	        12.5	        44.4	        9.59	          16
       31180	        3192	       174.5	        12.8	        46.2	        9.65	          16
       31190	        3193	       162.3	        13.1	        47.8	        9.65	          16
       31200	        3194	       148.0	        13.4	        49.2	        9.70	          16
       31210	        3195	       132.5	        13.7	        50.6	        9.70	          16
       31220	        3196	       117.0	        14.0	        51.8	        9.76	          16
       31230	        3197	       101.0	        14.2	        52.8	        9.80	          16
       31240	        3198	        67.8	        14.6	        54.2	        9.84	          16
       31250	        3199	        67.8	        14.6	        54.2	        9.84	          16
       31260	        3200	        51.0	        14.7	        54.8	        9.88	          16
       31270	        3201	        35.0	        14.7	        55.2	        9.88	          16
       31280	        3202	        20.0	        14.8	        55.4	        9.92	          16
       31290	        3203	         4.0	        14.9	        55.4	        9.92	          16
       31300	        3204	        -9.5	        15.1	        55.2	        9.95	          16
       31310	        3205	       -17.8	        15.3	        55.0	        9.98	          16
       31320	        3206	       -23.5	        15.5	        54.8	        9.98	          16
       31330	        3207	       -27.8	        15.8	        54.6	       10.01	          16
       31340	        3208	       -30.0	        16.0	        54.2	       10.03	          16
       31350	        3210	       -34.0	        16.4	        53.6	        9.17	          48
       31360	        3211	       -34.0	        16.4	        53.6	        9.17	          48
       31370	        3212	       -43.8	        16.2	        53.2	        8.37	          48
       31380	        3213	       -58.3	        15.8	        52.6	        8.37	          48
       31390	        3214	       -75.0	        14.9	        51.8	        7.66	          48
       31400	        3215	       -93.0	        13.8	        51.0	        7.66	          48
       31410	        3216	      -104.5	        12.3	        50.0	        7.04	          48
       31420	        3217	      -106.5	        10.8	        48.8	        7.04	          48
       31430	        3218	       -89.8	         9.3	        48.0	        6.46	          48
       31440	        3219	       -86.3	         8.5	        47.0	        5.97	          48
       31450	        3220	       -77.5	         8.5	        45.6	        5.50	          48
       31460	        3221	       -77.5	         8.5	        45.6	        5.50	          48
       31470	        3222	       -73.3	         8.8	        44.8	        5.04	          48
       31480	        3223	       -83.3	         9.2	        44.0	        5.04	          48
       31490	        3224	      -102.5	         9.3	        43.0	        4.57	          48
       31500	        3225	      -107.0	         9.5	        41.8	        4.12	          48
       31510	        3226	      -117.3	         9.5	        40.8	        4.12	          48
       31520	        3227	      -115.0	         9.4	        39.6	        3.74	          48
       31530	        3228	      -119.0	         9.1	        38.4	        3.41	          48
       31540	        3229	      -114.0	         8.9	        37.2	        3.41	          48
       31550	        3230	      -111.0	         8.3	        35.0	        3.11	          48
       31560	        3231	      -111.0	         8.3	        35.0	        3.11	          48
       31570	        3232	      -104.0	         8.2	        34.0	        2.84	          48
       31580	        3233	       -99.5	         8.2	        33.0	        2.59	          48
       31590	        3234	      -100.3	         8.0	        32.0	        2.59	          48
       31600	        3235	       -93.0	         8.1	        31.0	        2.37	          48
       31610	        3236	       -94.5	         8.2	        30.0	        2.37	          48
       31620	        3237	       -99.0	         8.2	        29.0	        2.18	          48
       31630	        3238	       -96.3	         8.1	        27.2	        2.01	          48
       31640	        3239	       -96.3	         8.1	        27.2	        2.01	          48
       31650	        3240	       -97.0	         8.2	        26.2	        1.83	          48
       31660	        3241	      -101.3	         8.0	        25.2	        1.70	          48
       31670	        3242	       -93.3	         8.0	        24.2	        1.70	          48
       31680	        3243	       -92.5	         7.9	        23.4	        1.59	          48
       31690	        3244	      -100.0	         7.9	        22.4	        1.54	          48
       31700	        3245	       -93.0	         7.8	        21.4	        1.54	          48
       31710	        3246	       -90.0	         7.7	        20.6	        1.47	          48
       31720	        3247	       -87.5	         7.6	        19.6	        1.47	          48
       31730	        3248	       -85.0	         7.4	        18.8	        1.41	          48
       31740	        3249	       -81.5	         7.4	        18.0	        1.36	          48
       31750	        3250	       -77.0	         7.4	        16.4	        1.33	          48
       31760	        3251	       -77.0	         7.4	        16.4	        1.33	          48
       31770	        3252	       -73.5	         7.4	        15.6	        1.30	          48
       31780	        3253	       -72.0	         7.3	        15.0	        1.30	          48
       31790	        3254	       -72.8	         7.3	        14.2	        1.27	          48
       31800	        3255	       -69.0	         7.2	        13.6	        1.27	          48
       31810	        3256	       -66.0	         7.2	        12.8	        1.24	          48
       31820	        3257	       -63.0	         7.1	        12.2	        1.22	          48
       31830	        3258	       -61.0	         7.1	        11.6	        1.22	          48
       31840	        3259	       -58.5	         7.0	        11.0	        1.13	          48
       31850	        3260	       -54.8	         7.0	        10.0	        1.07	          48
       31860	        3261	       -52.8	         7.0	         9.4	        1.06	          48
       31870	        3262	       -52.8	         7.0	         9.4	        1.06	          48
       31880	        3263	       -50.5	         6.9	         8.8	        1.06	          48
       31890	        3264	       -48.5	         6.9	         8.4	        1.02	          48
       31900	        3265	       -47.0	         6.9	         8.0	        0.98	          48
       31910	        3266	       -45.0	         6.9	         7.4	        0.98	          48
       31920	        3267	       -44.0	         6.9	         7.0	        0.89	          48
       31930	        3268	       -42.5	         6.8	         6.6	        0.82	          48
       31940	        3269	       -41.8	         6.8	         6.2	        0.82	          48
       31950	        3270	       -41.0	         6.8	         5.8	        0.77	          48
       31960	        3271	       -39.8	         6.8	         5.4	        0.79	          48
       31970	        3272	       -38.8	         6.7	         5.0	        0.79	          48
       31980	        3273	       -38.0	         6.7	         4.6	        0.78	          48
       31990	        3274	       -37.3	         6.7	         4.2	        0.78	          48
       32000	        3275	       -36.5	         6.7	         4.0	        0.73	          48
       32010	        3276	       -35.0	         6.7	         3.6	        0.73	          48
       32020	        3277	       -34.0	         6.6	         3.2	        0.75	          48
       32030	        3278	       -32.3	         6.6	         2.8	        0.71	          48
       32040	        3279	       -31.0	         6.6	         2.6	        0.71	          48
       32050	        3280	       -30.5	         6.6	         2.2	        0.71	          48
       32060	        3281	       -29.0	         6.6	         2.0	        0.70	          48
       32070	        3282	       -28.8	         6.6	         1.6	        0.70	          48
       32080	        3283	       -27.8	         6.6	         1.2	        0.60	          48
       32090	        3284	       -27.0	         6.6	         0.8	        0.60	          48
       32100	        3285	       -27.0	         6.6	         0.8	        0.60	          48
       32110	        3286	       -26.0	         6.6	         0.6	        0.54	          48
       32120	        3287	       -25.3	         6.6	         0.4	        0.54	          48
       32130	        3288	       -24.5	         6.6	         0.2	        0.50	          48
       32140	        3289	       -24.0	         6.6	         0.0	        0.47	          48
       32150	        3290	       -23.5	         6.6	         0.0	        0.47	          48
       32160	        3291	       -23.0	         6.6	         0.0	        0.46	          48
       32170	        3292	       -22.8	         6.6	         0.0	        0.44	          48
       32180	        3293	       -22.5	         6.6	         0.0	        0.44	          48
       32190	        3294	       -22.3	         6.6	         0.0	        0.45	          48
       32200	        3295	       -21.8	         6.6	         0.0	        0.45	          48
       32210	        3296	       -21.8	         6.6	         0.0	        0.45	          48
       32220	        3297	       -21.3	         6.6	         0.0	        0.45	          48
       32230	        3298	       -21.0	         6.5	         0.0	        0.45	          48
       32240	        3299	       -20.5	         6.5	         0.0	        0.45	          48
       32250	        3300	       -19.8	         6.5	         0.0	        0.45	          48
       32260	        3301	       -19.5	         6.5	         0.0	        0.45	          48
       32270	        3302	       -19.5	         6.5	         0.0	        0.45	          48
       32280	        3303	       -19.5	         6.5	         0.0	        0.45	          48
       32290	        3304	       -19.3	         6.5	         0.0	        0.45	          48
       32300	        3305	       -19.3	         6.5	         0.0	        0.45	          48
       32310	        3306	       -19.0	         6.5	         0.0	        0.45	          48
       32320	        3307	       -18.5	         6.4	         0.0	        0.45	          48
       32330	        3308	       -18.5	         6.4	         0.0	        0.45	          48
       32340	        3309	       -17.3	         6.4	         0.0	        0.45	          48
       32350	        3310	       -15.8	         6.3	         0.0	        0.40	          48
       32360	        3311	       -14.5	         6.3	         0.0	        0.39	          48
       32370	        3312	       -13.5	         6.3	         0.0	        0.39	          48
       32380	        3313	       -12.5	         6.2	         0.0	        0.41	          48
       32390	        3314	       -11.3	         6.2	         0.0	        0.41	          48
       32400	        3315	       -11.8	         6.2	         0.0	        0.38	          48
       32410	        3316	       -13.8	         6.2	         0.0	        0.38	          48
       32420	        3317	       -14.8	         6.2	         0.0	        0.48	          48
       32430	        3318	       -14.8	         6.2	         0.0	        0.48	          48
       32440	        3319	       -15.0	         6.3	         0.0	        0.48	          48
       32450	        3320	       -15.3	         6.3	         0.0	        0.50	          48
       32460	        3321	       -15.0	         6.2	         0.0	        0.61	          48
       32470	        3322	       -13.5	         6.2	         0.0	        0.61	          48
       32480	        3323	       -12.3	         6.2	         0.0	        0.65	          48
       32490	        3324	       -11.0	         6.1	         0.0	        0.84	          48
       32500	        3325	        -9.0	         6.0	         0.0	        0.84	          48
       32510	        3326	        -5.8	         5.9	         0.0	        1.42	          48
       32520	        3328	        -1.5	         5.8	         0.0	        1.42	          16
