%%%%%%%%%%%%%%%%%%%%%%%%%%%%%%%%%%%%%%%%%%%%%%%%%%%%%%%%%%%%%%%%%%%%%%%%%%%%%%%%
%% DEVICE INFO:
%% Device Type: SERVO-U0
%% System Version: 1.0
%% Sampling Time: 010
%% Device System SW version: SERVO-U,2.2.0.55516
%% Application Name: SERVO Tracker U/n/air
%% Build Info: Build: Sep 26 2016 / 16:27:37
%% Measurement at Y-piece enabled: 
%% PC Time: 20181205174709
%% Device Time: 20181205182644
%% Servo Serial Number: 26155
%% Protocol Version:  2
%% Log start: 2018-12-05:17:54:19.13
%% Log stop:  2018-12-05:17:54:51.539
%%%%%%%%%%%%%%%%%%%%%%%%%%%%%%%%%%%%%%%%%%%%%%%%%%%%%%%%%%%%%%%%%%%%%%%%%%%%%%%%
% Ch_000 (ml/s)      : Flow
% Ch_001 (cmH20)     : Pressure
% Ch_002 (ml)        : Volume
% Ch_003 (uV)        : Edi
% Phase: 16=Insp., 32=Pause, 48=Exp.
%%%%%%%%%%%%%%%%%%%%%%%%%%%%%%%%%%%%%%%%%%%%%%%%%%%%%%%%%%%%%%%%%%%%%%%%%%%%%%%%
%% Timestamp	     Counter	      Ch_000	      Ch_001	      Ch_002	      Ch_003	       Phase
           0	           0	       -14.5	         6.5	        11.4	        0.88	          48
          10	           1	       -13.5	         6.5	        11.4	        0.88	          48
          20	           2	       -13.0	         6.5	        11.2	        0.88	          48
          30	           3	       -12.8	         6.5	        11.0	        0.88	          48
          40	           4	       -13.5	         6.5	        11.0	        0.88	          48
          50	           5	       -15.3	         6.5	        10.6	        0.88	          48
          60	           6	       -15.3	         6.5	        10.6	        0.88	          48
          70	           7	       -15.3	         6.5	        10.4	        0.88	          48
          80	           8	       -15.0	         6.5	        10.4	        0.91	          48
          90	           9	       -14.8	         6.5	        10.2	        1.02	          48
         100	          10	       -14.0	         6.5	        10.0	        1.02	          48
         110	          11	       -13.0	         6.4	        10.0	        1.37	          48
         120	          13	       -17.5	         6.5	         9.8	        1.37	          16
         130	          14	       -12.5	         6.7	         0.0	        1.72	          16
         140	          15	       -11.0	         6.9	         0.0	        1.68	          16
         150	          16	       -16.5	         7.9	         0.0	        1.59	          16
         160	          17	       -16.5	         7.9	         0.0	        1.59	          16
         170	          18	       -19.5	         8.6	         0.0	        1.45	          16
         180	          20	        -9.5	         9.2	         0.0	        1.45	          16
         190	          21	        -9.0	         9.3	         0.0	        1.43	          16
         200	          22	        -7.3	         9.3	         0.0	        1.43	          16
         210	          24	         6.5	         9.1	         0.0	        1.52	          48
         220	          25	         6.5	         9.1	         0.0	        1.52	          48
         230	          26	        11.3	         8.9	         0.0	        1.52	          48
         240	          27	        10.3	         8.7	         0.0	        1.75	          48
         250	          28	         8.8	         8.4	         0.0	        2.29	          48
         260	          29	         9.3	         8.2	         0.0	        2.29	          48
         270	          30	         9.8	         7.9	         0.0	        2.72	          48
         280	          31	        11.5	         7.5	         0.0	        2.72	          48
         290	          32	        16.0	         7.1	         0.0	        3.53	          48
         300	          33	        21.5	         6.7	         0.2	        4.67	          48
         310	          35	        29.5	         6.3	         0.6	        4.67	          16
         320	          36	        55.8	         5.3	         1.4	        6.13	          16
         330	          37	        55.8	         5.3	         1.4	        6.13	          16
         340	          38	        60.3	         5.2	         2.0	        7.22	          16
         350	          39	        74.3	         5.4	         2.8	        7.79	          16
         360	          40	        90.5	         6.0	         3.8	        8.65	          16
         370	          41	       107.0	         6.4	         4.8	        8.65	          16
         380	          42	       133.3	         6.7	         6.2	        9.52	          16
         390	          43	       142.0	         7.1	         7.6	        9.52	          16
         400	          44	       168.3	         7.5	         9.2	       10.72	          16
         410	          45	       185.8	         8.1	        11.0	       10.72	          16
         420	          46	       217.0	         8.9	        15.2	       12.93	          16
         430	          47	       217.0	         8.9	        15.2	       12.93	          16
         440	          48	       221.5	         9.5	        17.6	       12.93	          16
         450	          49	       232.0	        10.1	        19.8	       13.90	          16
         460	          50	       239.0	        10.8	        22.2	       14.78	          16
         470	          51	       244.5	        11.5	        24.6	       14.78	          16
         480	          52	       247.8	        12.2	        27.2	       15.58	          16
         490	          53	       248.5	        12.8	        29.6	       16.03	          16
         500	          54	       249.3	        13.5	        32.2	       16.03	          16
         510	          55	       249.0	        14.1	        34.6	       16.48	          16
         520	          56	       247.5	        14.7	        37.0	       16.48	          16
         530	          57	       246.0	        15.1	        39.6	       16.89	          16
         540	          58	       237.5	        15.5	        42.0	       17.25	          16
         550	          59	       223.0	        16.3	        46.4	       17.59	          16
         560	          60	       223.0	        16.3	        46.4	       17.59	          16
         570	          61	       212.0	        16.7	        48.6	       17.90	          16
         580	          62	       198.5	        17.1	        50.6	       17.90	          16
         590	          63	       181.5	        17.5	        52.4	       16.97	          16
         600	          64	       168.0	        17.8	        54.0	       16.97	          16
         610	          65	       149.5	        18.2	        55.6	       16.17	          16
         620	          66	       115.0	        18.8	        58.0	       15.36	          16
         630	          67	       115.0	        18.8	        58.0	       15.36	          16
         640	          68	        97.5	        19.0	        59.0	       14.66	          16
         650	          69	        83.0	        19.1	        59.8	       14.66	          16
         660	          70	        66.3	        19.1	        60.6	       14.02	          16
         670	          71	        53.5	        18.9	        61.0	       13.13	          16
         680	          72	        38.5	        18.7	        61.4	       12.19	          16
         690	          74	        27.5	        18.6	        61.8	       12.19	          48
         700	          75	        17.5	        18.6	        61.8	       11.50	          48
         710	          76	         3.5	        18.6	        62.0	       11.50	          48
         720	          77	       -14.0	        18.4	        61.8	       10.88	          48
         730	          78	       -34.0	        17.9	        61.4	       10.43	          48
         740	          79	       -55.0	        17.0	        60.8	       10.43	          48
         750	          80	       -88.5	        14.0	        59.2	        9.90	          48
         760	          81	       -88.5	        14.0	        59.2	        9.90	          48
         770	          82	       -98.0	        12.5	        58.2	        9.49	          48
         780	          83	       -97.0	        11.1	        57.4	        9.07	          48
         790	          84	       -96.8	        10.2	        56.4	        9.07	          48
         800	          85	       -92.0	         9.6	        55.4	        8.70	          48
         810	          86	       -90.5	         9.4	        54.6	        8.70	          48
         820	          87	       -94.3	         9.5	        53.6	        8.36	          48
         830	          88	       -99.5	         9.7	        52.6	        8.14	          48
         840	          89	      -109.5	         9.9	        50.4	        7.95	          48
         850	          90	      -109.5	         9.9	        50.4	        7.95	          48
         860	          91	      -111.0	         9.8	        49.4	        8.20	          48
         870	          92	      -110.5	         9.7	        48.2	        8.20	          48
         880	          93	      -108.3	         9.5	        47.2	        8.44	          48
         890	          94	      -104.5	         9.3	        46.0	        8.44	          48
         900	          95	      -101.5	         9.1	        45.0	        8.44	          48
         910	          96	       -99.0	         9.0	        44.0	        8.44	          48
         920	          97	       -96.0	         8.8	        43.2	        8.44	          48
         930	          98	       -94.0	         8.7	        42.2	        8.44	          48
         940	          99	       -91.8	         8.6	        41.2	        8.44	          48
         950	         100	       -88.3	         8.4	        39.4	        8.44	          48
         960	         101	       -86.0	         8.4	        38.6	        8.44	          48
         970	         102	       -86.0	         8.4	        38.6	        8.44	          48
         980	         103	       -84.3	         8.3	        37.8	        8.44	          48
         990	         104	       -82.3	         8.3	        37.0	        8.44	          48
        1000	         105	       -80.5	         8.2	        36.2	        8.44	          48
        1010	         106	       -78.8	         8.1	        35.4	        8.44	          48
        1020	         107	       -77.3	         8.1	        34.6	        8.44	          48
        1030	         108	       -76.0	         8.1	        33.8	        8.44	          48
        1040	         109	       -75.0	         8.0	        33.0	        8.44	          48
        1050	         110	       -73.3	         7.9	        31.6	        8.44	          48
        1060	         111	       -73.3	         7.9	        31.6	        8.44	          48
        1070	         112	       -72.3	         7.8	        30.8	        8.44	          48
        1080	         113	       -71.5	         7.8	        30.2	        8.44	          48
        1090	         114	       -70.5	         7.7	        29.4	        8.44	          48
        1100	         115	       -68.8	         7.7	        28.8	        8.44	          48
        1110	         116	       -67.3	         7.6	        28.2	        8.44	          48
        1120	         117	       -65.5	         7.6	        27.4	        8.44	          48
        1130	         118	       -64.0	         7.5	        26.8	        8.44	          48
        1140	         119	       -59.0	         7.4	        25.6	        8.44	          48
        1150	         120	       -59.0	         7.4	        25.6	        8.44	          48
        1160	         121	       -57.0	         7.3	        25.0	        8.44	          48
        1170	         122	       -55.0	         7.3	        24.4	        8.44	          48
        1180	         123	       -52.0	         7.2	        24.0	        8.23	          48
        1190	         124	       -49.5	         7.2	        23.4	        8.23	          48
        1200	         125	       -47.3	         7.1	        23.0	        8.12	          48
        1210	         126	       -45.3	         7.1	        22.6	        7.83	          48
        1220	         127	       -43.5	         7.1	        22.2	        7.83	          48
        1230	         128	       -42.0	         7.1	        21.6	        7.65	          48
        1240	         129	       -41.5	         7.1	        21.2	        7.50	          48
        1250	         130	       -40.5	         7.1	        20.4	        7.00	          48
        1260	         131	       -40.5	         7.1	        20.4	        7.00	          48
        1270	         132	       -40.0	         7.1	        20.0	        7.00	          48
        1280	         133	       -39.0	         7.0	        19.6	        6.51	          48
        1290	         134	       -38.5	         7.0	        19.2	        6.14	          48
        1300	         135	       -38.0	         7.0	        18.8	        6.14	          48
        1310	         136	       -37.8	         7.0	        18.6	        5.74	          48
        1320	         137	       -37.8	         7.0	        18.2	        5.33	          48
        1330	         138	       -38.0	         7.0	        17.8	        5.33	          48
        1340	         139	       -39.0	         7.0	        17.4	        4.89	          48
        1350	         140	       -39.8	         7.0	        17.0	        4.89	          48
        1360	         141	       -40.8	         7.0	        16.2	        4.45	          48
        1370	         142	       -40.8	         7.0	        16.2	        4.45	          48
        1380	         143	       -41.3	         7.0	        15.8	        4.45	          48
        1390	         144	       -41.8	         7.0	        15.4	        4.14	          48
        1400	         145	       -41.8	         7.0	        15.0	        3.85	          48
        1410	         146	       -41.5	         7.0	        14.4	        3.85	          48
        1420	         147	       -41.5	         6.9	        14.0	        3.77	          48
        1430	         148	       -41.5	         6.9	        13.6	        3.77	          48
        1440	         149	       -41.3	         6.9	        13.2	        3.73	          48
        1450	         150	       -40.5	         6.8	        12.8	        3.73	          48
        1460	         151	       -39.3	         6.8	        12.0	        3.99	          48
        1470	         152	       -39.3	         6.8	        12.0	        3.99	          48
        1480	         153	       -38.3	         6.7	        11.6	        3.99	          48
        1490	         154	       -36.8	         6.7	        11.4	        3.99	          48
        1500	         155	       -35.0	         6.7	        11.0	        3.99	          48
        1510	         156	       -34.0	         6.6	        10.6	        3.99	          48
        1520	         157	       -32.0	         6.6	        10.4	        3.99	          48
        1530	         158	       -30.8	         6.6	        10.0	        3.99	          48
        1540	         159	       -28.8	         6.5	         9.8	        3.99	          48
        1550	         160	       -27.8	         6.5	         9.4	        3.99	          48
        1560	         161	       -25.3	         6.5	         9.0	        3.99	          48
        1570	         162	       -25.3	         6.5	         9.0	        3.99	          48
        1580	         163	       -24.3	         6.5	         8.6	        3.99	          48
        1590	         164	       -22.8	         6.4	         8.4	        3.99	          48
        1600	         165	       -21.5	         6.4	         8.2	        3.99	          48
        1610	         166	       -20.0	         6.4	         8.0	        3.99	          48
        1620	         167	       -18.5	         6.3	         7.8	        3.99	          48
        1630	         168	       -13.5	         6.2	         7.6	        3.76	          48
        1640	         169	       -13.5	         6.2	         7.6	        3.76	          48
        1650	         170	       -10.8	         6.1	         7.4	        3.76	          48
        1660	         171	        -8.5	         6.0	         7.4	        3.56	          48
        1670	         172	        -6.3	         5.9	         7.2	        3.56	          48
        1680	         173	        -4.5	         5.8	         7.2	        3.32	          48
        1690	         174	        -3.0	         5.7	         7.2	        3.16	          48
        1700	         175	        -1.5	         5.6	         7.2	        3.16	          48
        1710	         176	         0.0	         5.5	         7.2	        3.19	          48
        1720	         177	         2.3	         5.4	         7.2	        3.34	          48
        1730	         178	         5.8	         5.2	         7.2	        3.34	          48
        1740	         179	        10.8	         4.9	         0.2	        3.34	          48
        1750	         180	        17.0	         4.6	         0.4	        3.64	          48
        1760	         182	        29.0	         4.3	         0.6	        3.96	          16
        1770	         183	        42.5	         3.8	         1.0	        3.96	          16
        1780	         185	        52.0	         3.8	         1.6	        4.67	          16
        1790	         186	        66.8	         4.0	         2.2	        5.02	          16
        1800	         187	        85.0	         4.7	         3.0	        5.02	          16
        1810	         188	       108.5	         5.4	         4.2	        5.65	          16
        1820	         189	       131.8	         6.0	         5.4	        6.18	          16
        1830	         190	       186.5	         6.6	         9.0	        6.71	          16
        1840	         191	       186.5	         6.6	         9.0	        6.71	          16
        1850	         192	       209.3	         6.9	        11.0	        6.71	          16
        1860	         193	       230.0	         7.3	        13.4	        7.47	          16
        1870	         194	       244.8	         7.6	        15.8	        8.54	          16
        1880	         195	       253.5	         8.0	        18.4	        8.54	          16
        1890	         196	       257.0	         8.4	        20.8	        9.80	          16
        1900	         197	       264.0	         8.9	        23.6	       10.75	          16
        1910	         198	       268.3	         9.4	        26.2	       10.75	          16
        1920	         199	       269.3	        10.0	        28.8	       11.20	          16
        1930	         200	       267.5	        10.7	        31.6	       11.20	          16
        1940	         201	       265.5	        11.4	        34.2	       11.20	          16
        1950	         202	       259.3	        12.2	        36.8	       11.29	          16
        1960	         203	       248.5	        13.5	        41.8	       10.96	          16
        1970	         204	       248.5	        13.5	        41.8	       10.96	          16
        1980	         205	       237.5	        14.1	        44.2	       10.96	          16
        1990	         206	       227.0	        14.6	        46.6	       10.87	          16
        2000	         207	       213.3	        15.0	        48.6	       10.78	          16
        2010	         208	       199.8	        15.3	        50.6	       10.78	          16
        2020	         209	       177.8	        15.6	        52.4	       10.78	          16
        2030	         210	       159.0	        15.8	        54.0	       10.64	          16
        2040	         211	       141.0	        15.9	        55.4	       10.64	          16
        2050	         212	       100.0	        16.1	        57.6	       10.40	          16
        2060	         213	       100.0	        16.1	        57.6	       10.40	          16
        2070	         214	        80.8	        16.1	        58.4	       10.40	          16
        2080	         215	        64.0	        16.1	        59.0	       10.29	          16
        2090	         216	        49.3	        15.8	        59.6	       10.29	          16
        2100	         217	        33.0	        15.7	        59.8	       10.20	          16
        2110	         218	        18.8	        15.6	        60.0	       10.11	          16
        2120	         219	         5.5	        15.6	        60.2	       10.27	          16
        2130	         220	        -6.5	        15.8	        60.0	       10.27	          16
        2140	         221	       -17.8	        16.0	        59.8	        9.99	          16
        2150	         222	       -28.3	        16.3	        59.6	        9.99	          16
        2160	         223	       -40.5	        16.9	        58.8	        8.62	          16
        2170	         224	       -40.5	        16.9	        58.8	        8.62	          16
        2180	         225	       -40.3	        17.2	        58.4	        8.62	          16
        2190	         227	       -41.8	        17.6	        58.0	        8.07	          48
        2200	         228	       -47.5	        17.8	        57.6	        8.07	          48
        2210	         229	       -55.5	        17.8	        57.0	        7.56	          48
        2220	         230	       -71.0	        17.4	        56.2	        7.00	          48
        2230	         231	       -88.0	        16.6	        55.4	        7.00	          48
        2240	         232	      -106.0	        15.3	        54.4	        6.40	          48
        2250	         233	      -118.8	        12.1	        52.0	        5.91	          48
        2260	         234	      -118.8	        12.1	        52.0	        5.91	          48
        2270	         235	      -115.8	        10.8	        50.8	        5.49	          48
        2280	         236	      -109.0	         9.8	        49.8	        5.49	          48
        2290	         237	      -102.8	         9.3	        48.8	        5.18	          48
        2300	         238	       -95.0	         9.1	        47.8	        5.05	          48
        2310	         239	       -97.3	         9.2	        46.8	        5.05	          48
        2320	         240	      -106.0	         9.5	        45.8	        4.78	          48
        2330	         241	      -111.5	         9.9	        44.6	        4.78	          48
        2340	         242	      -118.8	         9.7	        43.4	        4.51	          48
        2350	         243	      -122.5	        10.0	        42.2	        4.51	          48
        2360	         244	      -128.5	         9.4	        39.8	        3.90	          48
        2370	         245	      -128.5	         9.4	        39.8	        3.90	          48
        2380	         246	      -114.3	         9.4	        38.6	        3.67	          48
        2390	         247	      -121.0	         8.8	        37.4	        3.67	          48
        2400	         248	      -109.5	         9.0	        36.2	        3.49	          48
        2410	         249	      -104.8	         8.5	        35.2	        3.32	          48
        2420	         250	      -108.8	         8.6	        34.2	        3.32	          48
        2430	         251	       -93.0	         8.3	        33.2	        3.14	          48
        2440	         252	      -104.5	         8.4	        32.2	        3.14	          48
        2450	         253	       -90.5	         8.3	        31.2	        2.96	          48
        2460	         254	       -93.3	         8.3	        29.4	        2.74	          48
        2470	         255	       -93.3	         8.3	        29.4	        2.74	          48
        2480	         256	       -92.0	         8.4	        28.4	        2.59	          48
        2490	         257	       -96.0	         8.2	        27.4	        2.43	          48
        2500	         258	       -88.0	         8.2	        26.6	        2.43	          48
        2510	         259	       -96.5	         8.1	        25.6	        2.28	          48
        2520	         260	       -87.3	         8.1	        24.8	        2.28	          48
        2530	         261	       -92.0	         8.0	        23.8	        2.14	          48
        2540	         262	       -89.5	         7.9	        23.0	        2.02	          48
        2550	         263	       -85.3	         7.9	        22.0	        2.02	          48
        2560	         264	       -83.0	         7.8	        20.4	        1.81	          48
        2570	         265	       -83.0	         7.8	        20.4	        1.81	          48
        2580	         266	       -82.5	         7.6	        19.6	        1.81	          48
        2590	         267	       -79.5	         7.6	        18.8	        1.71	          48
        2600	         268	       -77.5	         7.6	        18.0	        1.71	          48
        2610	         269	       -77.3	         7.5	        17.2	        1.63	          48
        2620	         270	       -72.5	         7.5	        16.4	        1.55	          48
        2630	         271	       -75.5	         7.5	        15.0	        1.48	          48
        2640	         272	       -71.8	         7.5	        14.2	        1.44	          48
        2650	         273	       -71.8	         7.5	        14.2	        1.44	          48
        2660	         274	       -71.0	         7.4	        13.6	        1.44	          48
        2670	         275	       -70.5	         7.4	        12.8	        1.38	          48
        2680	         276	       -70.5	         7.4	        12.2	        1.38	          48
        2690	         277	       -68.0	         7.3	        11.4	        1.32	          48
        2700	         278	       -66.8	         7.3	        10.8	        1.25	          48
        2710	         279	       -66.5	         7.3	        10.2	        1.25	          48
        2720	         280	       -65.3	         7.2	         9.4	        1.22	          48
        2730	         281	       -64.0	         7.2	         8.8	        1.22	          48
        2740	         282	       -62.5	         7.2	         8.2	        1.22	          48
        2750	         283	       -62.5	         7.1	         7.6	        1.16	          48
        2760	         284	       -60.5	         7.1	         6.4	        1.22	          48
        2770	         285	       -60.5	         7.1	         6.4	        1.22	          48
        2780	         286	       -59.5	         7.1	         5.8	        1.22	          48
        2790	         287	       -59.8	         7.1	         5.2	        1.22	          48
        2800	         288	       -59.0	         7.0	         4.6	        1.25	          48
        2810	         289	       -58.0	         7.0	         4.0	        1.19	          48
        2820	         290	       -57.0	         7.0	         3.4	        1.19	          48
        2830	         291	       -56.3	         7.0	         2.8	        1.14	          48
        2840	         292	       -54.8	         6.9	         1.8	        1.04	          48
        2850	         293	       -54.8	         6.9	         1.8	        1.04	          48
        2860	         294	       -54.0	         6.9	         1.2	        1.03	          48
        2870	         295	       -53.5	         6.9	         0.6	        1.03	          48
        2880	         296	       -52.3	         6.8	         0.2	        0.99	          48
        2890	         297	       -51.3	         6.8	         0.0	        0.97	          48
        2900	         298	       -49.5	         6.8	         0.0	        0.97	          48
        2910	         299	       -48.5	         6.8	         0.0	        1.05	          48
        2920	         300	       -47.0	         6.7	         0.0	        1.19	          48
        2930	         301	       -44.8	         6.7	         0.0	        1.19	          48
        2940	         302	       -42.8	         6.7	         0.0	        1.39	          48
        2950	         303	       -39.3	         6.6	         0.0	        1.74	          48
        2960	         304	       -39.3	         6.6	         0.0	        1.74	          48
        2970	         306	       -40.8	         6.7	         0.0	        1.74	          16
        2980	         307	       -36.0	         7.0	         0.0	        2.13	          16
        2990	         308	       -23.0	         7.0	         0.0	        2.48	          16
        3000	         309	       -16.5	         7.1	         0.0	        2.48	          16
        3010	         310	       -12.3	         7.5	         0.0	        3.00	          16
        3020	         311	        -2.0	         7.9	         0.0	        3.45	          16
        3030	         312	        19.5	         8.1	         0.0	        3.45	          16
        3040	         313	        38.0	         7.9	         0.0	        3.87	          16
        3050	         314	        56.0	         7.4	         0.8	        4.26	          16
        3060	         315	        56.0	         7.4	         0.8	        4.26	          16
        3070	         316	        71.5	         7.3	         1.4	        4.61	          16
        3080	         317	        84.0	         7.1	         2.2	        4.93	          16
        3090	         318	        91.8	         6.9	         3.2	        4.93	          16
        3100	         319	        95.5	         6.8	         4.2	        5.22	          16
        3110	         320	       103.5	         6.7	         5.2	        5.22	          16
        3120	         321	       114.5	         6.7	         6.4	        5.48	          16
        3130	         322	       128.0	         6.7	         7.6	        5.48	          16
        3140	         323	       138.5	         6.7	         9.0	        5.72	          16
        3150	         324	       147.3	         6.8	        10.4	        5.94	          16
        3160	         325	       169.0	         7.0	        13.8	        6.14	          16
        3170	         326	       169.0	         7.0	        13.8	        6.14	          16
        3180	         328	       179.3	         7.1	        15.6	        6.72	          16
        3190	         329	       185.3	         7.3	        17.4	        6.72	          16
        3200	         330	       190.5	         7.6	        19.4	        7.67	          16
        3210	         331	       196.0	         7.8	        21.2	        7.67	          16
        3220	         332	       201.0	         8.1	        23.2	        8.56	          16
        3230	         333	       203.0	         8.5	        25.4	        9.78	          16
        3240	         334	       203.3	         9.0	        27.4	        9.78	          16
        3250	         335	       203.3	         9.5	        29.4	       11.31	          16
        3260	         336	       200.3	        10.9	        33.4	       12.28	          16
        3270	         337	       200.3	        10.9	        33.4	       12.28	          16
        3280	         338	       193.0	        11.7	        35.4	       12.76	          16
        3290	         339	       188.8	        12.7	        37.2	       12.76	          16
        3300	         340	       181.8	        13.6	        39.0	       12.77	          16
        3310	         341	       174.8	        14.5	        40.8	       12.38	          16
        3320	         342	       164.5	        15.2	        42.4	       12.38	          16
        3330	         343	       155.3	        15.7	        44.0	       12.33	          16
        3340	         344	       144.0	        16.1	        45.4	       12.57	          16
        3350	         345	       131.5	        16.3	        46.8	       12.57	          16
        3360	         346	       101.0	        16.4	        49.0	       11.87	          16
        3370	         347	       101.0	        16.4	        49.0	       11.87	          16
        3380	         348	        87.3	        16.3	        49.8	       11.87	          16
        3390	         349	        69.5	        16.2	        50.4	       11.48	          16
        3400	         350	        55.5	        15.9	        51.0	       11.48	          16
        3410	         351	        39.8	        15.7	        51.4	       11.19	          16
        3420	         352	        26.0	        15.6	        51.6	       10.87	          16
        3430	         353	        14.5	        15.6	        51.8	       10.87	          16
        3440	         354	         4.8	        15.6	        51.8	       10.44	          16
        3450	         355	        -1.3	        15.6	        51.8	       10.11	          16
        3460	         356	        -7.3	        15.6	        51.8	        9.73	          16
        3470	         357	        -7.3	        15.6	        51.8	        9.73	          16
        3480	         358	        -7.3	        15.6	        51.6	        9.73	          16
        3490	         359	        -6.5	        15.6	        51.6	        9.79	          16
        3500	         360	        -6.5	        15.6	        51.6	        9.66	          16
        3510	         361	        -6.5	        15.6	        51.4	        9.66	          16
        3520	         362	        -7.3	        15.6	        51.4	        9.63	          16
        3530	         363	        -7.5	        15.6	        51.4	        9.61	          16
        3540	         364	        -8.5	        15.7	        51.2	        9.61	          16
        3550	         365	        -9.8	        15.7	        51.2	        9.89	          16
        3560	         366	       -12.3	        15.9	        51.0	        9.94	          16
        3570	         367	       -12.3	        15.9	        51.0	        9.94	          16
        3580	         368	       -13.8	        15.9	        50.8	        9.99	          16
        3590	         369	       -14.5	        16.0	        50.6	        9.99	          16
        3600	         370	       -15.5	        16.1	        50.4	       10.04	          16
        3610	         371	       -16.0	        16.2	        50.4	       10.08	          16
        3620	         372	       -16.5	        16.3	        50.2	       10.08	          16
        3630	         373	       -15.5	        16.5	        49.8	       10.12	          16
        3640	         374	       -15.5	        16.5	        49.8	       10.12	          16
        3650	         375	       -15.0	        16.6	        49.6	       10.16	          16
        3660	         376	       -14.5	        16.6	        49.6	        9.48	          16
        3670	         377	       -13.8	        16.7	        49.4	        9.48	          16
        3680	         378	       -14.3	        16.8	        49.2	        9.02	          16
        3690	         380	       -14.0	        16.7	        49.2	        9.02	          48
        3700	         381	       -16.0	        16.8	        49.0	        8.38	          48
        3710	         382	       -23.0	        16.7	        48.8	        7.86	          48
        3720	         383	       -35.5	        16.5	        48.4	        7.86	          48
        3730	         384	       -52.0	        15.9	        47.8	        7.29	          48
        3740	         385	       -70.5	        14.9	        47.2	        6.73	          48
        3750	         386	       -94.5	        12.2	        45.4	        6.34	          48
        3760	         387	       -94.5	        12.2	        45.4	        6.34	          48
        3770	         388	       -97.0	        10.7	        44.4	        5.84	          48
        3780	         389	       -87.0	         9.7	        43.6	        5.84	          48
        3790	         390	       -84.8	         8.8	        42.6	        5.38	          48
        3800	         391	       -74.3	         8.9	        42.0	        5.38	          48
        3810	         392	       -72.3	         8.6	        41.2	        4.98	          48
        3820	         393	       -81.3	         9.2	        40.4	        4.98	          48
        3830	         394	       -83.0	         9.3	        39.6	        4.54	          48
        3840	         395	       -99.8	         9.6	        37.6	        4.15	          48
        3850	         396	      -108.0	         9.6	        36.4	        3.81	          48
        3860	         397	      -108.0	         9.6	        36.4	        3.81	          48
        3870	         398	      -111.8	         9.4	        35.4	        3.52	          48
        3880	         399	      -103.3	         9.3	        34.2	        3.52	          48
        3890	         400	      -111.0	         9.0	        33.2	        3.28	          48
        3900	         401	       -97.3	         8.8	        32.2	        3.07	          48
        3910	         402	      -104.3	         8.6	        31.2	        3.07	          48
        3920	         403	       -96.0	         8.4	        30.2	        2.80	          48
        3930	         404	       -94.0	         8.4	        29.2	        2.80	          48
        3940	         405	       -96.5	         8.3	        28.4	        2.66	          48
        3950	         406	       -87.0	         8.3	        27.4	        2.55	          48
        3960	         407	       -95.0	         8.3	        26.4	        2.55	          48
        3970	         408	       -95.0	         8.3	        26.4	        2.55	          48
        3980	         409	       -89.3	         8.2	        24.8	        2.38	          48
        3990	         410	       -88.3	         8.2	        23.8	        2.38	          48
        4000	         411	       -83.0	         8.0	        23.0	        2.34	          48
        4010	         412	       -85.8	         8.0	        22.2	        2.33	          48
        4020	         413	       -81.0	         8.0	        21.4	        2.33	          48
        4030	         414	       -82.3	         7.8	        20.6	        2.31	          48
        4040	         415	       -76.0	         7.8	        19.0	        2.30	          48
        4050	         416	       -76.0	         7.8	        19.0	        2.30	          48
        4060	         417	       -78.8	         7.7	        18.2	        2.28	          48
        4070	         418	       -73.3	         7.6	        17.4	        2.28	          48
        4080	         419	       -70.8	         7.6	        16.8	        2.26	          48
        4090	         420	       -69.3	         7.5	        16.0	        2.25	          48
        4100	         421	       -68.5	         7.5	        15.4	        2.25	          48
        4110	         422	       -65.0	         7.4	        14.8	        2.24	          48
        4120	         423	       -60.8	         7.4	        14.2	        2.24	          48
        4130	         424	       -62.3	         7.4	        13.6	        2.23	          48
        4140	         425	       -56.8	         7.3	        12.4	        2.22	          48
        4150	         426	       -56.8	         7.3	        12.4	        2.22	          48
        4160	         427	       -55.3	         7.2	        11.8	        2.21	          48
        4170	         428	       -54.0	         7.2	        11.2	        2.05	          48
        4180	         429	       -52.8	         7.1	        10.8	        2.05	          48
        4190	         430	       -51.0	         7.1	        10.2	        2.00	          48
        4200	         431	       -49.5	         7.1	         9.8	        2.00	          48
        4210	         432	       -49.0	         7.1	         9.2	        1.93	          48
        4220	         433	       -47.8	         7.0	         8.8	        1.77	          48
        4230	         434	       -46.5	         7.0	         8.2	        1.77	          48
        4240	         435	       -45.5	         7.0	         7.8	        1.63	          48
        4250	         436	       -43.0	         6.9	         7.0	        1.54	          48
        4260	         437	       -43.0	         6.9	         7.0	        1.54	          48
        4270	         438	       -41.5	         6.9	         6.6	        1.45	          48
        4280	         439	       -40.5	         6.9	         6.2	        1.36	          48
        4290	         440	       -39.5	         6.9	         5.8	        1.36	          48
        4300	         441	       -39.0	         6.9	         5.4	        1.41	          48
        4310	         442	       -39.0	         6.9	         5.0	        1.41	          48
        4320	         443	       -38.5	         6.9	         4.6	        1.43	          48
        4330	         444	       -38.5	         6.9	         4.2	        1.33	          48
        4340	         445	       -38.8	         6.9	         3.8	        1.33	          48
        4350	         446	       -39.0	         6.9	         3.4	        1.28	          48
        4360	         447	       -38.8	         6.9	         2.6	        1.24	          48
        4370	         448	       -38.8	         6.9	         2.6	        1.24	          48
        4380	         449	       -39.0	         6.9	         2.2	        1.21	          48
        4390	         450	       -39.0	         6.9	         1.8	        1.21	          48
        4400	         451	       -38.8	         6.9	         1.4	        1.25	          48
        4410	         452	       -38.3	         6.8	         1.2	        1.28	          48
        4420	         453	       -38.0	         6.8	         0.8	        1.28	          48
        4430	         454	       -37.8	         6.8	         0.4	        1.25	          48
        4440	         455	       -36.8	         6.8	         0.0	        1.19	          48
        4450	         456	       -35.8	         6.7	         0.0	        1.13	          48
        4460	         457	       -35.8	         6.7	         0.0	        1.13	          48
        4470	         458	       -35.3	         6.7	         0.0	        1.13	          48
        4480	         459	       -34.8	         6.7	         0.0	        1.12	          48
        4490	         460	       -33.5	         6.7	         0.0	        1.12	          48
        4500	         461	       -33.3	         6.7	         0.0	        1.08	          48
        4510	         462	       -33.0	         6.7	         0.0	        1.03	          48
        4520	         463	       -32.5	         6.7	         0.0	        0.97	          48
        4530	         464	       -32.0	         6.7	         0.0	        0.97	          48
        4540	         465	       -31.0	         6.7	         0.0	        0.97	          48
        4550	         466	       -30.0	         6.7	         0.0	        0.89	          48
        4560	         467	       -30.0	         6.7	         0.0	        0.89	          48
        4570	         468	       -28.3	         6.7	         0.0	        0.89	          48
        4580	         469	       -27.5	         6.6	         0.0	        0.85	          48
        4590	         470	       -26.5	         6.6	         0.0	        0.81	          48
        4600	         471	       -25.5	         6.6	         0.0	        0.78	          48
        4610	         472	       -24.8	         6.6	         0.0	        0.75	          48
        4620	         473	       -24.8	         6.6	         0.0	        0.75	          48
        4630	         474	       -25.0	         6.6	         0.0	        0.75	          48
        4640	         475	       -24.8	         6.6	         0.0	        0.73	          48
        4650	         476	       -24.8	         6.6	         0.0	        0.70	          48
        4660	         477	       -24.5	         6.6	         0.0	        0.70	          48
        4670	         478	       -24.0	         6.6	         0.0	        0.68	          48
        4680	         479	       -23.5	         6.6	         0.0	        0.66	          48
        4690	         480	       -23.0	         6.6	         0.0	        0.66	          48
        4700	         481	       -23.0	         6.5	         0.0	        0.69	          48
        4710	         482	       -22.0	         6.5	         0.0	        0.69	          48
        4720	         483	       -21.5	         6.5	         0.0	        0.75	          48
        4730	         484	       -20.5	         6.5	         0.0	        0.76	          48
        4740	         485	       -20.5	         6.5	         0.0	        0.76	          48
        4750	         486	       -20.3	         6.4	         0.0	        0.78	          48
        4760	         487	       -19.0	         6.4	         0.0	        0.80	          48
        4770	         488	       -18.8	         6.4	         0.0	        0.80	          48
        4780	         489	       -18.5	         6.4	         0.0	        0.68	          48
        4790	         490	       -18.0	         6.4	         0.0	        0.68	          48
        4800	         491	       -18.0	         6.4	         0.0	        0.74	          48
        4810	         492	       -17.8	         6.4	         0.0	        0.74	          48
        4820	         493	       -18.0	         6.4	         0.0	        0.77	          48
        4830	         494	       -18.0	         6.4	         0.0	        0.77	          48
        4840	         495	       -17.8	         6.3	         0.0	        0.85	          48
        4850	         496	       -17.0	         6.3	         0.0	        0.85	          48
        4860	         497	       -17.0	         6.3	         0.0	        0.86	          48
        4870	         498	       -16.8	         6.3	         0.0	        0.86	          48
        4880	         499	       -16.5	         6.3	         0.0	        0.87	          48
        4890	         500	       -16.3	         6.3	         0.0	        0.92	          48
        4900	         501	       -15.5	         6.3	         0.0	        0.92	          48
        4910	         502	       -15.8	         6.2	         0.0	        0.96	          48
        4920	         503	       -15.0	         6.2	         0.0	        0.96	          48
        4930	         504	       -13.5	         6.1	         0.0	        1.05	          48
        4940	         505	       -10.8	         6.0	         0.0	        1.18	          48
        4950	         507	       -13.3	         6.0	         0.0	        1.18	          16
        4960	         508	         3.3	         5.8	         0.0	        1.39	          16
        4970	         509	        11.0	         5.7	         0.2	        2.00	          16
        4980	         511	        20.8	         5.7	         0.4	        2.00	          16
        4990	         512	        30.3	         6.2	         0.8	        2.47	          16
        5000	         513	        43.3	         6.7	         1.2	        2.47	          16
        5010	         514	        71.8	         6.9	         1.8	        3.03	          16
        5020	         515	        81.5	         6.7	         2.6	        3.53	          16
        5030	         516	        99.8	         6.6	         3.6	        3.53	          16
        5040	         517	       115.8	         6.5	         4.8	        4.21	          16
        5050	         518	       136.0	         6.4	         6.2	        4.72	          16
        5060	         519	       155.3	         6.2	         7.8	        4.72	          16
        5070	         520	       166.0	         6.0	         9.4	        5.18	          16
        5080	         521	       179.5	         5.7	        11.2	        5.18	          16
        5090	         522	       192.0	         5.7	        13.2	        5.60	          16
        5100	         523	       207.0	         5.7	        15.2	        5.98	          16
        5110	         524	       220.3	         5.8	        17.4	        5.98	          16
        5120	         525	       226.3	         6.1	        19.6	        6.33	          16
        5130	         526	       236.3	         6.4	        22.0	        6.33	          16
        5140	         527	       243.5	         7.3	        26.8	        6.93	          16
        5150	         528	       243.5	         7.3	        26.8	        6.93	          16
        5160	         529	       246.0	         7.8	        29.2	        6.93	          16
        5170	         530	       244.3	         8.4	        31.8	        7.19	          16
        5180	         531	       246.5	         8.9	        34.2	        7.43	          16
        5190	         532	       238.5	         9.5	        36.6	        7.43	          16
        5200	         533	       236.5	        10.1	        39.0	        7.75	          16
        5210	         534	       227.0	        10.6	        41.2	        7.75	          16
        5220	         535	       218.5	        11.1	        43.4	        7.62	          16
        5230	         536	       204.5	        11.7	        45.4	        7.22	          16
        5240	         537	       189.3	        12.2	        47.4	        7.22	          16
        5250	         538	       153.0	        13.1	        50.6	        6.22	          16
        5260	         539	       132.5	        13.5	        52.0	        6.22	          16
        5270	         540	       132.5	        13.5	        52.0	        6.22	          16
        5280	         541	       108.0	        13.9	        53.0	        5.85	          16
        5290	         542	        87.5	        14.2	        53.8	        5.59	          16
        5300	         544	        70.0	        14.4	        54.6	        5.59	          48
        5310	         545	        49.5	        14.1	        55.0	        5.21	          48
        5320	         546	        24.5	        14.4	        55.2	        5.21	          48
        5330	         547	        -7.3	        14.3	        55.2	        4.88	          48
        5340	         548	       -69.3	        13.5	        54.2	        4.65	          48
        5350	         549	       -69.3	        13.5	        54.2	        4.65	          48
        5360	         550	      -101.0	        12.6	        53.2	        4.40	          48
        5370	         551	      -119.5	        11.4	        52.0	        4.13	          48
        5380	         552	      -125.8	        10.3	        50.6	        4.13	          48
        5390	         553	      -123.0	         9.2	        49.4	        3.80	          48
        5400	         554	      -119.5	         8.6	        48.2	        3.80	          48
        5410	         555	      -111.8	         8.5	        47.2	        3.49	          48
        5420	         556	      -109.0	         8.3	        46.0	        3.49	          48
        5430	         557	      -117.0	         8.8	        43.8	        3.03	          48
        5440	         558	      -130.5	         8.9	        42.4	        3.03	          48
        5450	         559	      -130.5	         8.9	        42.4	        3.03	          48
        5460	         560	      -126.3	         9.2	        41.2	        2.76	          48
        5470	         561	      -137.8	         8.9	        39.8	        2.51	          48
        5480	         562	      -129.0	         9.0	        38.6	        2.38	          48
        5490	         563	      -131.0	         8.6	        37.2	        2.38	          48
        5500	         564	      -130.0	         8.7	        36.0	        2.28	          48
        5510	         565	      -120.5	         8.2	        34.6	        2.28	          48
        5520	         566	      -125.0	         8.3	        33.4	        2.47	          48
        5530	         567	      -113.0	         8.0	        32.4	        2.47	          48
        5540	         568	      -118.5	         8.1	        31.2	        2.53	          48
        5550	         569	      -108.8	         7.9	        29.0	        2.53	          48
        5560	         570	      -108.8	         7.9	        29.0	        2.53	          48
        5570	         571	      -107.3	         7.8	        27.8	        2.53	          48
        5580	         572	      -102.0	         7.8	        26.8	        2.37	          48
        5590	         573	      -101.0	         7.8	        25.8	        2.37	          48
        5600	         574	       -98.8	         7.8	        24.8	        2.34	          48
        5610	         575	       -92.0	         7.7	        23.0	        2.30	          48
        5620	         576	       -92.0	         7.7	        23.0	        2.30	          48
        5630	         577	       -92.0	         7.5	        22.0	        2.27	          48
        5640	         578	       -90.0	         7.6	        21.2	        2.27	          48
        5650	         579	       -84.0	         7.3	        20.2	        2.24	          48
        5660	         580	       -82.5	         7.4	        19.4	        2.22	          48
        5670	         581	       -78.0	         7.4	        18.6	        2.22	          48
        5680	         582	       -79.5	         7.2	        17.8	        2.19	          48
        5690	         583	       -67.8	         7.1	        17.2	        2.49	          48
        5700	         584	       -64.8	         7.0	        16.6	        2.49	          48
        5710	         585	       -60.5	         6.8	        16.0	        3.05	          48
        5720	         587	       -55.5	         6.8	        15.4	        3.05	          16
        5730	         588	       -44.5	         7.0	         0.0	        3.62	          16
        5740	         589	       -25.0	         7.0	         0.0	        3.72	          16
        5750	         590	       -10.3	         6.7	         0.0	        3.72	          16
        5760	         591	        -2.0	         6.8	         0.0	        3.97	          16
        5770	         592	         7.3	         7.2	         0.0	        4.48	          16
        5780	         594	        28.8	         7.5	         0.0	        4.48	          16
        5790	         595	        42.5	         7.5	         0.0	        4.84	          16
        5800	         596	        47.0	         7.4	         0.4	        4.96	          16
        5810	         597	        59.0	         7.6	         1.6	        5.43	          16
        5820	         598	        69.0	         7.7	         2.2	        5.43	          16
        5830	         599	        69.0	         7.7	         2.2	        5.43	          16
        5840	         600	        70.3	         7.8	         3.0	        5.72	          16
        5850	         601	        69.5	         7.9	         3.6	        5.72	          16
        5860	         602	        66.5	         8.0	         4.4	        5.56	          16
        5870	         603	        66.0	         8.3	         5.0	        5.24	          16
        5880	         604	        63.8	         8.6	         5.6	        4.97	          16
        5890	         605	        58.5	         8.9	         6.2	        4.97	          16
        5900	         606	        52.5	         9.2	         6.8	        4.68	          16
        5910	         608	        48.5	         9.4	         7.2	        4.68	          48
        5920	         609	        41.8	         9.4	         7.6	        4.44	          48
        5930	         610	        35.5	         9.1	         8.0	        4.22	          48
        5940	         611	         5.8	         9.2	         8.2	        4.02	          48
        5950	         612	         5.8	         9.2	         8.2	        4.02	          48
        5960	         613	       -13.8	         9.2	         8.2	        3.67	          48
        5970	         614	       -36.8	         9.3	         7.8	        3.67	          48
        5980	         615	       -54.8	         9.3	         7.2	        3.67	          48
        5990	         616	       -73.5	         9.1	         6.4	        3.39	          48
        6000	         617	       -81.3	         8.9	         5.6	        3.11	          48
        6010	         618	       -86.8	         8.5	         4.8	        2.86	          48
        6020	         619	       -86.5	         8.2	         4.0	        2.86	          48
        6030	         620	       -84.3	         7.9	         3.0	        2.63	          48
        6040	         621	       -80.3	         7.6	         2.2	        2.63	          48
        6050	         622	       -70.8	         7.2	         0.8	        2.23	          48
        6060	         623	       -70.8	         7.2	         0.8	        2.23	          48
        6070	         624	       -65.5	         7.1	         0.2	        2.23	          48
        6080	         625	       -65.5	         7.1	         0.0	        2.08	          48
        6090	         626	       -63.5	         7.1	         0.0	        2.08	          48
        6100	         627	       -62.8	         7.2	         0.0	        1.95	          48
        6110	         628	       -61.5	         7.2	         0.0	        1.82	          48
        6120	         629	       -60.8	         7.2	         0.0	        1.71	          48
        6130	         630	       -62.5	         7.2	         0.0	        1.71	          48
        6140	         631	       -59.8	         7.2	         0.0	        1.61	          48
        6150	         632	       -58.8	         7.2	         0.0	        1.61	          48
        6160	         633	       -51.0	         6.9	         0.0	        1.44	          48
        6170	         634	       -51.0	         6.9	         0.0	        1.44	          48
        6180	         635	       -50.3	         6.9	         0.0	        1.44	          48
        6190	         636	       -50.0	         7.0	         0.0	        1.36	          48
        6200	         637	       -49.0	         7.0	         0.0	        1.36	          48
        6210	         638	       -47.5	         7.0	         0.0	        1.27	          48
        6220	         639	       -47.8	         6.9	         0.0	        1.17	          48
        6230	         640	       -49.8	         6.9	         0.0	        1.17	          48
        6240	         641	       -49.5	         7.0	         0.0	        1.05	          48
        6250	         642	       -47.5	         7.0	         0.0	        0.99	          48
        6260	         643	       -46.8	         6.9	         0.0	        0.88	          48
        6270	         644	       -46.8	         6.9	         0.0	        0.88	          48
        6280	         645	       -46.8	         6.9	         0.0	        0.81	          48
        6290	         646	       -45.8	         6.9	         0.0	        0.81	          48
        6300	         647	       -45.5	         6.8	         0.0	        0.73	          48
        6310	         648	       -45.0	         6.8	         0.0	        0.73	          48
        6320	         649	       -44.8	         6.8	         0.0	        0.68	          48
        6330	         650	       -44.0	         6.8	         0.0	        0.63	          48
        6340	         651	       -43.5	         6.8	         0.0	        0.63	          48
        6350	         652	       -43.5	         6.7	         0.0	        0.60	          48
        6360	         653	       -42.0	         6.7	         0.0	        0.59	          48
        6370	         654	       -42.0	         6.7	         0.0	        0.59	          48
        6380	         655	       -41.0	         6.7	         0.0	        0.55	          48
        6390	         656	       -40.8	         6.8	         0.0	        0.55	          48
        6400	         657	       -40.5	         6.8	         0.0	        0.51	          48
        6410	         658	       -40.0	         6.8	         0.0	        0.51	          48
        6420	         659	       -39.5	         6.8	         0.0	        0.48	          48
        6430	         660	       -39.5	         6.8	         0.0	        0.44	          48
        6440	         661	       -39.3	         6.8	         0.0	        0.41	          48
        6450	         662	       -38.5	         6.8	         0.0	        0.41	          48
        6460	         663	       -37.3	         6.8	         0.0	        0.36	          48
        6470	         664	       -37.3	         6.8	         0.0	        0.36	          48
        6480	         665	       -37.0	         6.8	         0.0	        0.36	          48
        6490	         666	       -36.5	         6.8	         0.0	        0.31	          48
        6500	         667	       -36.0	         6.8	         0.0	        0.31	          48
        6510	         668	       -36.0	         6.8	         0.0	        0.30	          48
        6520	         669	       -36.0	         6.8	         0.0	        0.30	          48
        6530	         670	       -35.8	         6.8	         0.0	        0.33	          48
        6540	         671	       -35.5	         6.8	         0.0	        0.33	          48
        6550	         672	       -35.0	         6.8	         0.0	        0.34	          48
        6560	         673	       -34.5	         6.7	         0.0	        0.46	          48
        6570	         674	       -33.8	         6.7	         0.0	        0.57	          48
        6580	         675	       -33.5	         6.7	         0.0	        0.57	          48
        6590	         676	       -32.5	         6.6	         0.0	        0.60	          48
        6600	         677	       -31.8	         6.6	         0.0	        0.60	          48
        6610	         678	       -31.5	         6.6	         0.0	        0.60	          48
        6620	         679	       -30.3	         6.5	         0.0	        0.60	          48
        6630	         680	       -30.3	         6.5	         0.0	        0.60	          48
        6640	         681	       -29.3	         6.5	         0.0	        0.60	          48
        6650	         682	       -29.0	         6.5	         0.0	        0.60	          48
        6660	         683	       -28.8	         6.5	         0.0	        0.60	          48
        6670	         684	       -28.8	         6.5	         0.0	        0.60	          48
        6680	         685	       -28.0	         6.4	         0.0	        0.60	          48
        6690	         686	       -27.8	         6.4	         0.0	        0.59	          48
        6700	         687	       -27.3	         6.4	         0.0	        0.62	          48
        6710	         688	       -26.8	         6.3	         0.0	        0.62	          48
        6720	         689	       -25.8	         6.3	         0.0	        0.60	          48
        6730	         690	       -24.3	         6.3	         0.0	        0.67	          48
        6740	         691	       -21.8	         6.2	         0.0	        0.63	          48
        6750	         692	       -20.8	         6.1	         0.0	        0.63	          48
        6760	         693	       -20.8	         6.1	         0.0	        0.63	          48
        6770	         694	       -19.5	         6.0	         0.0	        0.64	          48
        6780	         695	       -18.5	         6.0	         0.0	        0.61	          48
        6790	         696	       -17.5	         5.9	         0.0	        0.61	          48
        6800	         697	       -16.3	         5.9	         0.0	        0.62	          48
        6810	         698	       -15.5	         5.8	         0.0	        0.75	          48
        6820	         699	       -13.0	         5.7	         0.0	        0.75	          48
        6830	         700	       -10.0	         5.5	         0.0	        0.98	          48
        6840	         702	        -7.5	         5.4	         0.0	        0.98	          16
        6850	         703	        20.5	         5.0	         0.4	        1.46	          16
        6860	         704	        26.5	         5.3	         0.6	        1.46	          16
        6870	         705	        26.5	         5.3	         0.6	        1.46	          16
        6880	         706	        39.5	         5.9	         1.0	        1.89	          16
        6890	         707	        62.5	         6.4	         1.6	        2.10	          16
        6900	         708	        91.5	         6.4	         2.6	        2.10	          16
        6910	         709	       109.5	         6.2	         3.6	        2.57	          16
        6920	         710	       118.8	         6.2	         4.8	        2.57	          16
        6930	         711	       143.0	         6.3	         6.2	        3.41	          16
        6940	         712	       162.3	         6.4	         7.8	        3.82	          16
        6950	         713	       172.8	         6.3	         9.6	        3.82	          16
        6960	         714	       178.0	         6.2	        11.4	        4.40	          16
        6970	         715	       197.0	         6.2	        15.2	        4.68	          16
        6980	         716	       197.0	         6.2	        15.2	        4.68	          16
        6990	         718	       206.8	         6.3	        17.2	        5.35	          16
        7000	         719	       211.3	         6.5	        19.4	        5.35	          16
        7010	         720	       215.8	         6.8	        21.6	        6.23	          16
        7020	         721	       218.0	         7.1	        23.6	        6.90	          16
        7030	         722	       218.8	         7.6	        25.8	        6.90	          16
        7040	         723	       222.5	         8.1	        28.2	        7.51	          16
        7050	         724	       220.3	         8.7	        30.4	        7.51	          16
        7060	         725	       218.5	         9.9	        34.6	        8.57	          16
        7070	         726	       218.5	         9.9	        34.6	        8.57	          16
        7080	         727	       216.0	        10.5	        36.8	        8.57	          16
        7090	         728	       214.3	        11.1	        39.0	        9.03	          16
        7100	         729	       207.0	        11.6	        41.0	        9.45	          16
        7110	         730	       199.5	        12.1	        43.0	        9.45	          16
        7120	         731	       191.0	        12.6	        45.0	        9.82	          16
        7130	         732	       176.8	        13.1	        46.8	       10.17	          16
        7140	         733	       163.0	        13.6	        48.4	       10.17	          16
        7150	         734	       146.0	        14.1	        49.8	       10.49	          16
        7160	         735	       111.0	        15.0	        52.2	       10.77	          16
        7170	         736	       111.0	        15.0	        52.2	       10.77	          16
        7180	         737	        92.5	        15.3	        53.2	       11.03	          16
        7190	         738	        75.8	        15.6	        53.8	       11.03	          16
        7200	         739	        58.5	        15.8	        54.4	       11.27	          16
        7210	         740	        42.5	        15.7	        54.8	       11.48	          16
        7220	         741	        28.8	        15.8	        55.2	       11.48	          16
        7230	         742	        13.5	        15.8	        55.4	       11.68	          16
        7240	         743	         1.8	        16.0	        55.4	       11.68	          16
        7250	         744	        -7.8	        16.1	        55.2	       11.86	          16
        7260	         745	       -15.5	        16.4	        55.0	       12.02	          16
        7270	         746	       -15.5	        16.4	        55.0	       12.02	          16
        7280	         747	       -17.3	        16.6	        54.8	       12.17	          16
        7290	         748	       -16.5	        16.7	        54.6	       12.17	          16
        7300	         749	       -17.0	        16.9	        54.4	       11.20	          16
        7310	         751	       -16.5	        17.1	        54.4	       10.21	          48
        7320	         752	       -18.5	        17.2	        54.2	       10.21	          48
        7330	         753	       -22.8	        17.4	        53.8	        9.31	          48
        7340	         754	       -34.8	        17.2	        53.6	        8.49	          48
        7350	         755	       -48.3	        16.8	        53.0	        8.49	          48
        7360	         756	       -68.3	        16.1	        52.4	        7.77	          48
        7370	         757	      -101.3	        13.5	        50.4	        7.10	          48
        7380	         758	      -101.3	        13.5	        50.4	        7.10	          48
        7390	         759	      -111.0	        12.0	        49.4	        6.56	          48
        7400	         760	      -111.5	        10.7	        48.2	        6.56	          48
        7410	         761	      -111.3	         9.8	        47.2	        6.07	          48
        7420	         762	      -104.0	         9.2	        46.2	        5.58	          48
        7430	         763	      -101.0	         9.1	        45.2	        5.58	          48
        7440	         764	      -103.0	         9.1	        44.0	        5.10	          48
        7450	         765	      -107.0	         9.4	        43.0	        4.66	          48
        7460	         766	      -112.3	         9.5	        41.8	        4.66	          48
        7470	         767	      -117.8	         9.7	        40.8	        4.27	          48
        7480	         768	      -120.3	         9.7	        39.6	        4.27	          48
        7490	         769	      -120.5	         9.6	        38.4	        3.91	          48
        7500	         770	      -120.3	         9.4	        37.2	        3.91	          48
        7510	         771	      -116.0	         9.2	        36.0	        3.58	          48
        7520	         772	      -115.3	         9.0	        34.8	        3.26	          48
        7530	         773	      -110.3	         8.8	        33.6	        3.07	          48
        7540	         774	      -105.3	         8.6	        32.6	        3.07	          48
        7550	         775	       -97.0	         8.4	        30.6	        2.86	          48
        7560	         776	       -97.0	         8.4	        30.6	        2.86	          48
        7570	         777	       -94.5	         8.2	        29.6	        2.65	          48
        7580	         778	       -89.5	         8.2	        28.8	        2.48	          48
        7590	         779	       -87.5	         8.2	        28.0	        2.48	          48
        7600	         780	       -88.0	         8.2	        27.0	        2.35	          48
        7610	         781	       -80.8	         8.1	        26.2	        2.28	          48
        7620	         782	       -79.0	         8.0	        24.6	        2.19	          48
        7630	         783	       -79.0	         8.0	        24.6	        2.19	          48
        7640	         784	       -75.8	         7.9	        23.8	        2.11	          48
        7650	         785	       -72.5	         7.9	        23.2	        2.11	          48
        7660	         786	       -69.8	         7.8	        22.4	        2.04	          48
        7670	         787	       -70.0	         7.7	        21.8	        2.04	          48
        7680	         788	       -68.3	         7.7	        21.0	        1.97	          48
        7690	         789	       -67.3	         7.7	        20.4	        1.91	          48
        7700	         790	       -66.0	         7.6	        19.8	        1.91	          48
        7710	         791	       -64.3	         7.6	        19.0	        1.86	          48
        7720	         792	       -62.5	         7.5	        18.4	        1.79	          48
        7730	         793	       -61.0	         7.5	        17.8	        1.79	          48
        7740	         794	       -57.5	         7.3	        16.6	        1.71	          48
        7750	         795	       -57.5	         7.3	        16.6	        1.71	          48
        7760	         796	       -56.0	         7.3	        16.2	        1.58	          48
        7770	         797	       -54.5	         7.2	        15.6	        1.58	          48
        7780	         798	       -53.0	         7.2	        15.0	        1.54	          48
        7790	         799	       -51.0	         7.1	        14.6	        1.57	          48
        7800	         800	       -49.5	         7.1	        14.0	        1.49	          48
        7810	         801	       -48.0	         7.1	        13.6	        1.49	          48
        7820	         802	       -45.3	         7.0	        12.6	        1.37	          48
        7830	         803	       -45.3	         7.0	        12.6	        1.37	          48
        7840	         804	       -44.0	         7.0	        12.2	        1.25	          48
        7850	         805	       -42.5	         7.0	        11.8	        1.18	          48
        7860	         806	       -41.3	         7.0	        11.4	        1.18	          48
        7870	         807	       -39.8	         7.0	        11.0	        1.09	          48
        7880	         808	       -38.5	         7.0	        10.6	        1.06	          48
        7890	         809	       -37.5	         6.9	        10.2	        1.06	          48
        7900	         810	       -36.3	         6.9	         9.8	        0.98	          48
        7910	         811	       -35.3	         6.9	         9.4	        0.98	          48
        7920	         812	       -34.3	         6.9	         9.2	        0.91	          48
        7930	         813	       -33.3	         6.8	         8.8	        0.87	          48
        7940	         814	       -32.5	         6.8	         8.2	        0.82	          48
        7950	         815	       -32.3	         6.8	         7.8	        0.82	          48
        7960	         816	       -32.3	         6.8	         7.8	        0.82	          48
        7970	         817	       -31.8	         6.8	         7.6	        0.77	          48
        7980	         818	       -31.5	         6.8	         7.2	        0.71	          48
        7990	         819	       -31.3	         6.8	         6.8	        0.71	          48
        8000	         820	       -30.0	         6.8	         6.6	        0.67	          48
        8010	         821	       -29.5	         6.8	         6.4	        0.64	          48
        8020	         822	       -28.5	         6.8	         6.0	        0.64	          48
        8030	         823	       -27.8	         6.8	         5.8	        0.68	          48
        8040	         824	       -27.0	         6.8	         5.4	        0.68	          48
        8050	         825	       -25.5	         6.8	         5.0	        0.74	          48
        8060	         826	       -25.5	         6.8	         5.0	        0.74	          48
        8070	         827	       -25.5	         6.8	         4.8	        0.74	          48
        8080	         828	       -25.0	         6.8	         4.4	        0.75	          48
        8090	         829	       -24.5	         6.8	         4.2	        0.76	          48
        8100	         830	       -24.3	         6.8	         4.0	        0.76	          48
        8110	         831	       -23.5	         6.8	         3.8	        0.76	          48
        8120	         832	       -22.5	         6.7	         3.6	        0.76	          48
        8130	         833	       -21.5	         6.7	         3.2	        0.76	          48
        8140	         834	       -20.0	         6.7	         2.8	        0.73	          48
        8150	         835	       -20.0	         6.7	         2.8	        0.73	          48
        8160	         836	       -19.3	         6.6	         2.6	        0.72	          48
        8170	         837	       -18.8	         6.6	         2.6	        0.71	          48
        8180	         838	       -19.0	         6.6	         2.4	        0.71	          48
        8190	         839	       -18.3	         6.6	         2.2	        0.70	          48
        8200	         840	       -18.0	         6.6	         2.0	        0.70	          48
        8210	         841	       -18.0	         6.6	         1.8	        0.70	          48
        8220	         842	       -17.3	         6.5	         1.6	        0.69	          48
        8230	         843	       -16.5	         6.5	         1.4	        0.69	          48
        8240	         844	       -15.5	         6.5	         1.2	        0.65	          48
        8250	         845	       -14.3	         6.4	         1.0	        0.57	          48
        8260	         846	       -13.0	         6.4	         0.8	        0.55	          48
        8270	         847	       -13.0	         6.4	         0.8	        0.55	          48
        8280	         848	       -12.3	         6.3	         0.8	        0.55	          48
        8290	         849	       -11.8	         6.3	         0.6	        0.57	          48
        8300	         850	       -11.0	         6.3	         0.6	        0.58	          48
        8310	         851	       -10.5	         6.2	         0.4	        0.58	          48
        8320	         852	        -9.8	         6.2	         0.4	        0.59	          48
        8330	         853	        -9.0	         6.2	         0.2	        0.56	          48
        8340	         854	        -8.5	         6.1	         0.2	        0.56	          48
        8350	         855	        -7.5	         6.1	         0.0	        0.54	          48
        8360	         856	        -4.5	         5.9	         0.0	        0.58	          48
        8370	         857	        -4.5	         5.9	         0.0	        0.58	          48
        8380	         858	        -2.5	         5.8	         0.0	        0.67	          48
        8390	         859	         0.8	         5.6	         0.0	        0.67	          48
        8400	         860	         5.0	         5.4	         0.0	        0.89	          48
        8410	         861	        12.0	         5.1	         0.2	        1.42	          48
        8420	         863	        18.3	         4.7	         0.4	        1.42	          16
        8430	         864	        36.5	         4.3	         0.8	        2.30	          16
        8440	         865	        52.0	         3.8	         1.2	        2.30	          16
        8450	         866	        58.0	         4.0	         1.8	        2.97	          16
        8460	         867	        84.3	         5.3	         3.4	        3.16	          16
        8470	         868	        84.3	         5.3	         3.4	        3.16	          16
        8480	         869	       110.0	         5.8	         4.4	        3.31	          16
        8490	         870	       121.3	         6.0	         5.6	        3.30	          16
        8500	         871	       135.5	         6.1	         7.0	        3.30	          16
        8510	         872	       156.5	         6.4	         8.6	        3.64	          16
        8520	         873	       172.0	         6.6	        10.4	        3.64	          16
        8530	         874	       187.5	         6.8	        12.2	        4.27	          16
        8540	         875	       189.8	         6.8	        14.0	        4.49	          16
        8550	         876	       193.8	         6.9	        16.0	        4.49	          16
        8560	         877	       197.0	         7.1	        18.0	        4.78	          16
        8570	         878	       206.0	         7.4	        22.0	        5.42	          16
        8580	         879	       206.0	         7.4	        22.0	        5.42	          16
        8590	         881	       206.5	         7.6	        24.2	        5.68	          16
        8600	         882	       207.5	         7.8	        26.2	        5.68	          16
        8610	         883	       208.5	         8.1	        28.4	        6.08	          16
        8620	         884	       210.3	         8.3	        30.4	        6.44	          16
        8630	         885	       209.5	         8.6	        32.6	        6.44	          16
        8640	         886	       208.3	         8.9	        34.6	        6.22	          16
        8650	         887	       206.0	         9.2	        36.6	        6.21	          16
        8660	         888	       201.5	         9.6	        38.6	        6.21	          16
        8670	         889	       196.5	         9.9	        40.6	        6.20	          16
        8680	         890	       178.8	        10.6	        44.4	        6.19	          16
        8690	         891	       178.8	        10.6	        44.4	        6.19	          16
        8700	         892	       167.0	        11.0	        46.0	        6.18	          16
        8710	         893	       152.3	        11.4	        47.6	        6.18	          16
        8720	         894	       136.8	        11.7	        48.8	        6.17	          16
        8730	         895	       119.0	        12.1	        50.0	        6.17	          16
        8740	         896	       101.3	        12.4	        51.0	        6.17	          16
        8750	         897	        82.3	        12.7	        51.8	        5.78	          16
        8760	         898	        62.3	        12.9	        52.6	        5.78	          16
        8770	         899	        45.0	        12.9	        53.0	        5.35	          16
        8780	         900	        25.8	        13.0	        53.2	        4.98	          16
        8790	         901	         5.5	        13.3	        53.2	        4.98	          16
        8800	         903	       -10.5	        13.6	        53.2	        4.62	          48
        8810	         904	       -24.0	        13.9	        53.0	        4.62	          48
        8820	         905	       -41.0	        14.2	        52.6	        4.24	          48
        8830	         906	       -59.8	        14.0	        52.0	        3.90	          48
        8840	         907	       -74.5	        13.4	        51.2	        3.90	          48
        8850	         908	       -87.5	        12.6	        50.4	        3.68	          48
        8860	         909	      -100.0	        11.4	        49.4	        3.42	          48
        8870	         910	      -106.0	        10.2	        48.2	        3.42	          48
        8880	         911	      -101.5	         8.4	        46.2	        3.01	          48
        8890	         912	      -101.5	         8.4	        46.2	        3.01	          48
        8900	         913	       -96.0	         7.9	        45.2	        3.01	          48
        8910	         914	       -90.5	         7.8	        44.4	        2.78	          48
        8920	         915	       -87.3	         7.9	        43.4	        2.78	          48
        8930	         916	       -90.3	         8.1	        42.6	        2.56	          48
        8940	         917	       -92.3	         8.3	        41.6	        2.45	          48
        8950	         918	       -93.3	         8.4	        40.6	        2.45	          48
        8960	         919	       -94.5	         8.4	        39.8	        2.30	          48
        8970	         920	       -93.5	         8.3	        38.8	        2.11	          48
        8980	         921	       -91.5	         8.2	        37.8	        2.11	          48
        8990	         922	       -86.3	         8.0	        36.2	        2.00	          48
        9000	         923	       -83.8	         7.8	        35.4	        1.92	          48
        9010	         924	       -83.8	         7.8	        35.4	        1.92	          48
        9020	         925	       -82.0	         7.7	        34.4	        1.90	          48
        9030	         926	       -79.8	         7.6	        33.6	        1.90	          48
        9040	         927	       -77.5	         7.6	        33.0	        1.86	          48
        9050	         928	       -75.5	         7.5	        32.2	        1.77	          48
        9060	         929	       -74.0	         7.5	        31.4	        1.77	          48
        9070	         930	       -72.5	         7.5	        30.6	        1.63	          48
        9080	         931	       -70.8	         7.5	        30.0	        1.59	          48
        9090	         932	       -69.3	         7.4	        29.2	        1.59	          48
        9100	         933	       -68.5	         7.4	        28.6	        1.57	          48
        9110	         934	       -65.3	         7.4	        27.2	        1.51	          48
        9120	         935	       -65.3	         7.4	        27.2	        1.51	          48
        9130	         936	       -64.0	         7.3	        26.6	        1.42	          48
        9140	         937	       -63.3	         7.3	        26.0	        1.42	          48
        9150	         938	       -62.0	         7.3	        25.4	        1.41	          48
        9160	         939	       -60.0	         7.2	        24.8	        1.41	          48
        9170	         940	       -56.8	         7.0	        24.2	        1.38	          48
        9180	         941	       -52.5	         6.9	        23.6	        1.33	          48
        9190	         942	       -51.0	         7.0	        23.2	        1.33	          48
        9200	         943	       -51.0	         7.1	        22.6	        1.30	          48
        9210	         944	       -49.8	         7.1	        21.6	        1.27	          48
        9220	         945	       -49.8	         7.1	        21.6	        1.27	          48
        9230	         946	       -50.8	         7.1	        21.2	        1.24	          48
        9240	         947	       -52.8	         7.1	        20.6	        1.24	          48
        9250	         948	       -51.3	         7.0	        20.2	        1.22	          48
        9260	         949	       -45.8	         6.9	        19.6	        1.19	          48
        9270	         950	       -42.0	         6.8	        19.2	        1.19	          48
        9280	         951	       -42.5	         6.9	        18.8	        1.11	          48
        9290	         952	       -42.8	         6.9	        18.4	        1.06	          48
        9300	         953	       -42.5	         6.9	        18.0	        1.06	          48
        9310	         954	       -42.3	         7.0	        17.6	        0.99	          48
        9320	         955	       -45.0	         6.9	        16.6	        0.88	          48
        9330	         956	       -45.0	         6.9	        16.6	        0.88	          48
        9340	         957	       -43.0	         6.9	        16.2	        0.80	          48
        9350	         958	       -40.5	         6.8	        15.8	        0.80	          48
        9360	         959	       -39.0	         6.8	        15.4	        0.76	          48
        9370	         960	       -38.0	         6.8	        15.0	        0.66	          48
        9380	         961	       -37.5	         6.7	        14.6	        0.66	          48
        9390	         962	       -37.0	         6.7	        14.4	        0.71	          48
        9400	         963	       -36.0	         6.7	        14.0	        0.71	          48
        9410	         964	       -35.5	         6.7	        13.6	        0.69	          48
        9420	         965	       -34.0	         6.7	        13.0	        0.61	          48
        9430	         966	       -34.0	         6.7	        13.0	        0.61	          48
        9440	         967	       -33.3	         6.7	        12.6	        0.54	          48
        9450	         968	       -32.3	         6.7	        12.2	        0.52	          48
        9460	         969	       -32.3	         6.7	        12.0	        0.52	          48
        9470	         970	       -31.8	         6.7	        11.6	        0.50	          48
        9480	         971	       -31.5	         6.7	        11.2	        0.50	          48
        9490	         972	       -30.5	         6.7	        11.0	        0.50	          48
        9500	         973	       -30.3	         6.7	        10.6	        0.54	          48
        9510	         974	       -30.5	         6.7	        10.4	        0.54	          48
        9520	         975	       -30.0	         6.7	        10.0	        0.51	          48
        9530	         976	       -29.5	         6.7	         9.8	        0.54	          48
        9540	         977	       -28.5	         6.7	         9.6	        0.54	          48
        9550	         978	       -27.8	         6.8	         9.0	        0.49	          48
        9560	         979	       -27.8	         6.8	         9.0	        0.49	          48
        9570	         980	       -26.5	         6.7	         8.6	        0.49	          48
        9580	         981	       -25.5	         6.7	         8.4	        0.50	          48
        9590	         982	       -25.8	         6.8	         8.2	        0.50	          48
        9600	         983	       -25.5	         6.8	         8.0	        0.51	          48
        9610	         984	       -24.5	         6.7	         7.4	        0.54	          48
        9620	         985	       -24.5	         6.7	         7.4	        0.54	          48
        9630	         986	       -24.5	         6.7	         7.2	        0.53	          48
        9640	         987	       -24.0	         6.7	         7.0	        0.53	          48
        9650	         988	       -22.8	         6.7	         6.8	        0.50	          48
        9660	         989	       -22.8	         6.7	         6.4	        0.55	          48
        9670	         990	       -22.0	         6.7	         6.2	        0.55	          48
        9680	         991	       -20.8	         6.6	         6.0	        0.63	          48
        9690	         992	       -20.3	         6.6	         5.8	        0.65	          48
        9700	         993	       -19.5	         6.6	         5.6	        0.65	          48
        9710	         994	       -19.0	         6.5	         5.4	        0.65	          48
        9720	         995	       -17.5	         6.5	         5.2	        0.65	          48
        9730	         996	       -15.0	         6.4	         5.0	        0.65	          48
        9740	         997	       -12.8	         6.3	         4.8	        0.65	          48
        9750	         998	       -12.8	         6.3	         4.8	        0.65	          48
        9760	         999	        -9.5	         6.1	         4.8	        0.65	          48
        9770	        1000	        -5.3	         5.9	         4.6	        0.65	          48
