%% Timestamp	     Counter	      Ch_000	      Ch_001	      Ch_002	      Ch_003	       Phase
        9780	        1001	         0.8	         5.7	         4.6	        0.65	          48
        9790	        1002	         7.8	         5.4	         4.6	        0.65	          48
        9800	        1003	        16.0	         5.0	         4.6	        1.10	          48
        9810	        1004	        25.5	         4.5	         0.4	        1.10	          48
        9820	        1006	        40.5	         4.0	         0.8	        1.92	          16
        9830	        1007	        55.8	         3.5	         1.2	        1.92	          16
        9840	        1008	        68.5	         4.3	         2.6	        2.41	          16
        9850	        1009	        68.5	         4.3	         2.6	        2.41	          16
        9860	        1010	        80.3	         5.2	         3.4	        2.52	          16
        9870	        1011	       100.0	         5.9	         4.4	        2.64	          16
        9880	        1012	       114.3	         6.2	         5.6	        2.82	          16
        9890	        1013	       121.8	         6.5	         6.8	        2.82	          16
        9900	        1014	       139.8	         6.9	         8.2	        2.81	          16
        9910	        1015	       156.5	         7.3	         9.6	        2.81	          16
        9920	        1016	       170.5	         7.5	        11.4	        2.84	          16
        9930	        1017	       172.0	         7.5	        13.2	        2.84	          16
        9940	        1018	       172.0	         7.6	        14.8	        3.06	          16
        9950	        1019	       176.3	         7.6	        16.6	        3.46	          16
        9960	        1020	       177.8	         7.7	        18.4	        3.46	          16
        9970	        1021	       177.8	         7.7	        18.4	        3.46	          16
        9980	        1022	       172.5	         7.9	        21.8	        3.64	          16
        9990	        1024	       169.8	         8.0	        23.6	        3.64	          16
       10000	        1025	       166.0	         8.2	        25.2	        3.83	          16
       10010	        1026	       163.0	         8.3	        26.8	        3.83	          16
       10020	        1027	       158.8	         8.4	        28.4	        3.86	          16
       10030	        1028	       152.5	         8.5	        30.0	        3.86	          16
       10040	        1029	       145.3	         8.7	        31.4	        3.86	          16
       10050	        1030	       136.8	         8.9	        32.8	        3.87	          16
       10060	        1031	       114.0	         9.5	        35.2	        3.67	          16
       10070	        1032	       114.0	         9.5	        35.2	        3.67	          16
       10080	        1033	        99.5	         9.8	        36.2	        3.54	          16
       10090	        1034	        86.0	        10.1	        37.0	        3.32	          16
       10100	        1035	        70.0	        10.4	        37.8	        3.32	          16
       10110	        1036	        52.5	        10.7	        38.2	        3.05	          16
       10120	        1037	        37.5	        11.1	        38.6	        2.83	          16
       10130	        1039	        23.5	        11.3	        38.8	        2.83	          48
       10140	        1040	         6.5	        11.5	        39.0	        2.73	          48
       10150	        1041	       -36.5	        12.2	        38.4	        2.59	          48
       10160	        1042	       -36.5	        12.2	        38.4	        2.59	          48
       10170	        1043	       -55.0	        12.1	        38.0	        2.47	          48
       10180	        1044	       -77.5	        11.8	        37.2	        2.47	          48
       10190	        1045	       -97.8	        11.2	        36.2	        2.25	          48
       10200	        1046	      -107.8	        10.4	        35.0	        2.25	          48
       10210	        1047	      -111.0	         9.4	        34.0	        2.13	          48
       10220	        1048	      -104.3	         8.6	        33.0	        2.13	          48
       10230	        1049	      -100.3	         7.9	        32.0	        2.02	          48
       10240	        1050	       -91.0	         7.5	        31.0	        1.91	          48
       10250	        1051	       -81.5	         7.4	        29.4	        1.82	          48
       10260	        1052	       -83.8	         7.7	        28.6	        1.74	          48
       10270	        1053	       -83.8	         7.7	        28.6	        1.74	          48
       10280	        1054	       -87.3	         7.9	        27.6	        1.74	          48
       10290	        1055	       -88.3	         8.1	        26.8	        1.66	          48
       10300	        1056	       -90.5	         8.1	        25.8	        1.66	          48
       10310	        1057	       -91.5	         8.1	        25.0	        1.60	          48
       10320	        1058	       -90.8	         8.0	        24.0	        1.52	          48
       10330	        1059	       -88.8	         7.9	        23.2	        1.52	          48
       10340	        1060	       -86.0	         7.8	        22.4	        1.48	          48
       10350	        1061	       -84.3	         7.6	        21.4	        1.50	          48
       10360	        1062	       -78.0	         7.4	        19.8	        1.42	          48
       10370	        1063	       -78.0	         7.4	        19.8	        1.42	          48
       10380	        1064	       -74.5	         7.3	        19.2	        1.39	          48
       10390	        1065	       -71.3	         7.3	        18.4	        1.39	          48
       10400	        1066	       -68.5	         7.2	        17.8	        1.39	          48
       10410	        1067	       -65.5	         7.2	        17.0	        1.39	          48
       10420	        1068	       -63.8	         7.2	        16.4	        1.34	          48
       10430	        1069	       -62.5	         7.2	        15.8	        1.25	          48
       10440	        1070	       -61.0	         7.2	        15.2	        1.16	          48
       10450	        1071	       -58.0	         7.2	        14.0	        1.09	          48
       10460	        1072	       -57.0	         7.1	        13.4	        1.09	          48
       10470	        1073	       -57.0	         7.1	        13.4	        1.09	          48
       10480	        1074	       -56.3	         7.1	        12.8	        1.09	          48
       10490	        1075	       -55.0	         7.1	        12.4	        1.09	          48
       10500	        1076	       -54.3	         7.1	        11.8	        1.05	          48
       10510	        1077	       -53.0	         7.0	        11.2	        1.02	          48
       10520	        1078	       -51.8	         7.0	        10.8	        0.96	          48
       10530	        1079	       -50.8	         6.9	        10.2	        0.96	          48
       10540	        1080	       -49.5	         6.9	         9.8	        0.96	          48
       10550	        1081	       -47.3	         6.9	         8.8	        0.92	          48
       10560	        1082	       -47.3	         6.9	         8.8	        0.92	          48
       10570	        1083	       -45.8	         6.9	         8.4	        0.85	          48
       10580	        1084	       -45.3	         6.8	         7.8	        0.85	          48
       10590	        1085	       -44.3	         6.8	         7.4	        0.82	          48
       10600	        1086	       -43.0	         6.8	         7.0	        0.90	          48
       10610	        1087	       -42.0	         6.8	         6.6	        0.90	          48
       10620	        1088	       -39.8	         6.7	         5.8	        0.92	          48
       10630	        1089	       -39.8	         6.7	         5.8	        0.92	          48
       10640	        1090	       -38.8	         6.7	         5.4	        0.88	          48
       10650	        1091	       -37.5	         6.7	         5.0	        0.81	          48
       10660	        1092	       -36.3	         6.7	         4.6	        0.81	          48
       10670	        1093	       -35.3	         6.7	         4.4	        1.16	          48
       10680	        1094	       -34.5	         6.7	         4.0	        1.16	          48
       10690	        1095	       -32.8	         6.6	         3.6	        1.16	          48
       10700	        1096	       -30.5	         6.5	         3.4	        1.16	          48
       10710	        1097	       -27.0	         6.5	         3.0	        1.16	          48
       10720	        1098	       -25.0	         6.4	         2.8	        1.15	          48
       10730	        1099	       -23.8	         6.4	         2.6	        1.15	          48
       10740	        1100	       -23.0	         6.5	         2.4	        1.15	          48
       10750	        1101	       -20.5	         6.4	         2.0	        1.15	          48
       10760	        1102	       -20.5	         6.4	         2.0	        1.15	          48
       10770	        1103	       -19.8	         6.3	         1.8	        1.15	          48
       10780	        1104	       -17.0	         6.2	         1.6	        1.15	          48
       10790	        1105	       -12.0	         6.0	         1.4	        1.15	          48
       10800	        1106	        -4.0	         5.8	         1.4	        1.15	          48
       10810	        1107	         4.5	         5.4	         1.4	        1.56	          48
       10820	        1109	        11.8	         5.0	         0.2	        1.56	          16
       10830	        1110	        30.0	         4.6	         0.4	        1.94	          16
       10840	        1111	        45.8	         4.1	         1.0	        1.94	          16
       10850	        1112	        61.0	         4.7	         2.0	        2.61	          16
       10860	        1113	        61.0	         4.7	         2.0	        2.61	          16
       10870	        1114	        74.3	         5.5	         2.8	        2.61	          16
       10880	        1115	        95.8	         6.1	         3.8	        3.01	          16
       10890	        1116	       108.8	         6.3	         4.8	        3.46	          16
       10900	        1117	       121.5	         6.4	         6.0	        3.46	          16
       10910	        1118	       138.0	         6.6	         7.4	        3.54	          16
       10920	        1119	       156.0	         6.9	         9.0	        4.04	          16
       10930	        1120	       169.8	         7.0	        10.8	        4.04	          16
       10940	        1121	       175.5	         7.0	        12.4	        4.33	          16
       10950	        1122	       176.0	         7.1	        14.2	        4.33	          16
       10960	        1123	       185.3	         7.3	        17.8	        4.73	          16
       10970	        1124	       185.3	         7.3	        17.8	        4.73	          16
       10980	        1126	       186.0	         7.5	        19.8	        5.27	          16
       10990	        1127	       183.3	         7.7	        21.6	        5.48	          16
       11000	        1128	       178.8	         8.0	        23.4	        5.48	          16
       11010	        1129	       176.8	         8.3	        25.2	        5.71	          16
       11020	        1130	       171.3	         8.8	        26.8	        5.91	          16
       11030	        1131	       164.0	         9.2	        28.4	        5.91	          16
       11040	        1132	       155.8	         9.7	        30.0	        5.72	          16
       11050	        1133	       132.5	        10.8	        32.8	        5.45	          16
       11060	        1134	       132.5	        10.8	        32.8	        5.45	          16
       11070	        1135	       117.0	        11.3	        34.0	        5.04	          16
       11080	        1136	       100.3	        11.8	        35.0	        5.04	          16
       11090	        1137	        81.0	        12.3	        35.8	        4.67	          16
       11100	        1138	        66.8	        12.7	        36.4	        4.39	          16
       11110	        1140	        53.0	        12.8	        37.0	        4.39	          48
       11120	        1141	        31.5	        12.8	        37.2	        4.09	          48
       11130	        1142	         8.0	        13.1	        37.4	        4.09	          48
       11140	        1143	       -42.0	        13.2	        36.8	        3.52	          48
       11150	        1144	       -42.0	        13.2	        36.8	        3.52	          48
       11160	        1145	       -72.0	        12.8	        36.0	        3.52	          48
       11170	        1146	       -97.0	        12.1	        35.0	        3.31	          48
       11180	        1147	      -107.5	        11.1	        34.0	        3.16	          48
       11190	        1148	      -111.0	        10.1	        32.8	        3.16	          48
       11200	        1149	      -106.5	         9.1	        31.8	        2.97	          48
       11210	        1150	      -100.0	         8.4	        30.8	        2.97	          48
       11220	        1151	       -90.8	         7.9	        30.0	        2.83	          48
       11230	        1152	       -83.0	         7.7	        29.0	        2.70	          48
       11240	        1153	       -81.8	         7.9	        28.2	        2.58	          48
       11250	        1154	       -89.5	         8.4	        26.6	        2.47	          48
       11260	        1155	       -91.3	         8.6	        25.6	        2.47	          48
       11270	        1156	       -91.3	         8.6	        25.6	        2.47	          48
       11280	        1157	       -92.8	         8.6	        24.8	        2.37	          48
       11290	        1158	       -94.5	         8.5	        23.8	        2.28	          48
       11300	        1159	       -93.3	         8.4	        22.8	        2.28	          48
       11310	        1160	       -90.3	         8.2	        22.0	        2.15	          48
       11320	        1161	       -85.5	         8.0	        21.0	        2.15	          48
       11330	        1162	       -82.8	         7.9	        20.2	        2.13	          48
       11340	        1163	       -78.8	         7.7	        19.4	        2.07	          48
       11350	        1164	       -75.5	         7.6	        18.6	        2.07	          48
       11360	        1165	       -72.0	         7.5	        18.0	        2.10	          48
       11370	        1166	       -68.5	         7.5	        17.2	        2.06	          48
       11380	        1167	       -65.8	         7.5	        16.6	        2.06	          48
       11390	        1168	       -63.0	         7.5	        16.0	        2.18	          48
       11400	        1169	       -60.8	         7.4	        15.4	        2.18	          48
       11410	        1170	       -58.5	         7.4	        14.8	        2.25	          48
       11420	        1171	       -56.3	         7.4	        14.2	        2.30	          48
       11430	        1172	       -54.5	         7.4	        13.8	        2.30	          48
       11440	        1173	       -53.0	         7.3	        13.2	        2.17	          48
       11450	        1174	       -50.8	         7.3	        12.2	        2.05	          48
       11460	        1175	       -50.0	         7.2	        11.6	        1.93	          48
       11470	        1176	       -50.0	         7.2	        11.6	        1.93	          48
       11480	        1177	       -49.3	         7.2	        11.2	        1.93	          48
       11490	        1178	       -48.0	         7.1	        10.6	        1.79	          48
       11500	        1179	       -46.8	         7.1	        10.2	        1.71	          48
       11510	        1180	       -44.3	         7.0	         9.8	        1.71	          48
       11520	        1181	       -40.5	         6.9	         9.4	        1.59	          48
       11530	        1182	       -39.3	         7.0	         9.0	        1.45	          48
       11540	        1183	       -40.3	         7.0	         8.6	        1.45	          48
       11550	        1184	       -38.5	         7.0	         7.8	        1.34	          48
       11560	        1185	       -38.5	         7.0	         7.8	        1.34	          48
       11570	        1186	       -39.0	         7.0	         7.4	        1.34	          48
       11580	        1187	       -40.5	         7.0	         7.0	        1.35	          48
       11590	        1188	       -39.8	         7.0	         6.6	        1.35	          48
       11600	        1189	       -37.0	         6.9	         6.2	        1.38	          48
       11610	        1190	       -35.3	         6.8	         5.6	        1.45	          48
       11620	        1191	       -34.5	         6.8	         5.2	        1.48	          48
       11630	        1192	       -34.5	         6.8	         5.2	        1.48	          48
       11640	        1193	       -34.0	         6.8	         4.8	        1.48	          48
       11650	        1194	       -33.0	         6.8	         4.4	        1.50	          48
       11660	        1195	       -32.5	         6.7	         4.2	        1.45	          48
       11670	        1196	       -32.3	         6.7	         3.8	        1.45	          48
       11680	        1197	       -31.8	         6.7	         3.6	        1.46	          48
       11690	        1198	       -31.0	         6.7	         3.2	        1.45	          48
       11700	        1199	       -29.8	         6.7	         3.0	        1.45	          48
       11710	        1200	       -29.5	         6.7	         2.6	        1.43	          48
       11720	        1201	       -28.5	         6.7	         2.4	        1.43	          48
       11730	        1202	       -27.0	         6.7	         2.0	        1.40	          48
       11740	        1203	       -26.0	         6.7	         1.8	        1.39	          48
       11750	        1204	       -24.0	         6.6	         1.6	        1.39	          48
       11760	        1205	       -22.3	         6.6	         1.4	        1.39	          48
       11770	        1206	       -20.5	         6.5	         1.2	        1.38	          48
       11780	        1207	       -19.8	         6.5	         1.0	        1.38	          48
       11790	        1208	       -19.5	         6.5	         0.8	        1.38	          48
       11800	        1209	       -18.3	         6.5	         0.6	        1.37	          48
       11810	        1210	       -19.5	         6.5	         0.2	        1.56	          48
       11820	        1211	       -20.0	         6.5	         0.0	        1.56	          48
       11830	        1212	       -20.0	         6.5	         0.0	        1.56	          48
       11840	        1213	       -20.3	         6.5	         0.0	        1.42	          48
       11850	        1214	       -20.0	         6.5	         0.0	        1.42	          48
       11860	        1215	       -20.0	         6.5	         0.0	        1.34	          48
       11870	        1216	       -19.8	         6.5	         0.0	        1.26	          48
       11880	        1217	       -19.0	         6.5	         0.0	        1.23	          48
       11890	        1218	       -18.5	         6.5	         0.0	        1.23	          48
       11900	        1219	       -17.8	         6.5	         0.0	        1.62	          48
       11910	        1220	       -17.3	         6.5	         0.0	        1.62	          48
       11920	        1221	       -16.8	         6.4	         0.0	        1.94	          48
       11930	        1223	       -20.5	         6.6	         0.0	        1.96	          16
       11940	        1224	       -16.8	         6.7	         0.0	        1.96	          16
       11950	        1225	       -11.3	         6.8	         0.0	        1.85	          16
       11960	        1226	       -16.8	         7.2	         0.0	        1.85	          16
       11970	        1227	       -18.5	         8.0	         0.0	        1.70	          16
       11980	        1229	       -18.8	         8.8	         0.0	        1.55	          16
       11990	        1230	        -9.5	         9.2	         0.0	        1.55	          16
       12000	        1231	        -5.5	         9.4	         0.0	        1.45	          16
       12010	        1233	        -4.5	         9.3	         0.0	        1.43	          48
       12020	        1234	         9.0	         9.1	         0.0	        1.41	          48
       12030	        1235	         9.0	         9.1	         0.0	        1.41	          48
       12040	        1236	        13.3	         8.9	         0.0	        1.30	          48
       12050	        1237	        11.5	         8.7	         0.0	        1.30	          48
       12060	        1238	         7.3	         8.5	         0.0	        1.21	          48
       12070	        1239	         3.5	         8.3	         0.0	        1.21	          48
       12080	        1240	         2.5	         8.1	         0.0	        1.14	          48
       12090	        1241	         2.5	         7.9	         0.0	        1.14	          48
       12100	        1242	         0.5	         7.7	         0.0	        1.10	          48
       12110	        1243	        -1.5	         7.5	         0.0	        1.04	          48
       12120	        1244	        -3.0	         7.4	         0.0	        1.04	          48
       12130	        1245	        -5.0	         7.3	         0.0	        1.08	          48
       12140	        1246	        -8.5	         7.1	         0.0	        1.20	          48
       12150	        1247	        -8.5	         7.1	         0.0	        1.20	          48
       12160	        1248	        -9.8	         7.1	         0.0	        1.14	          48
       12170	        1249	       -11.0	         7.0	         0.0	        1.14	          48
       12180	        1250	       -11.5	         6.9	         0.0	        1.09	          48
       12190	        1251	       -11.0	         6.9	         0.0	        1.08	          48
       12200	        1252	       -11.3	         6.8	         0.0	        1.08	          48
       12210	        1253	       -10.5	         6.8	         0.0	        1.05	          48
       12220	        1254	        -9.8	         6.7	         0.0	        1.03	          48
       12230	        1255	        -9.3	         6.7	         0.0	        1.03	          48
       12240	        1256	        -8.8	         6.6	         0.0	        0.96	          48
       12250	        1257	        -7.8	         6.5	         0.0	        0.93	          48
       12260	        1258	        -7.8	         6.5	         0.0	        0.93	          48
       12270	        1259	        -7.5	         6.5	         0.0	        0.90	          48
       12280	        1260	        -7.3	         6.5	         0.0	        0.90	          48
       12290	        1261	        -7.0	         6.4	         0.0	        0.88	          48
       12300	        1262	        -6.5	         6.4	         0.0	        0.86	          48
       12310	        1263	        -6.3	         6.4	         0.0	        0.86	          48
       12320	        1264	        -5.8	         6.4	         0.0	        0.83	          48
       12330	        1265	        -5.3	         6.3	         0.0	        0.83	          48
       12340	        1266	        -5.0	         6.3	         0.0	        0.82	          48
       12350	        1267	        -5.0	         6.3	         0.0	        0.87	          48
       12360	        1268	        -4.3	         6.3	         0.0	        0.93	          48
       12370	        1269	        -4.3	         6.3	         0.0	        0.93	          48
       12380	        1270	        -3.8	         6.3	         0.0	        0.89	          48
       12390	        1271	        -3.0	         6.3	         0.0	        0.89	          48
       12400	        1272	        -1.8	         6.3	         0.0	        0.89	          48
       12410	        1273	         0.5	         6.2	         0.0	        0.89	          48
       12420	        1274	         3.5	         6.1	         0.0	        0.94	          48
       12430	        1275	         8.3	         5.9	         0.2	        1.16	          48
       12440	        1277	        15.5	         5.7	         0.2	        1.41	          16
       12450	        1278	        40.5	         4.9	         1.0	        1.76	          16
       12460	        1279	        40.5	         4.9	         1.0	        1.76	          16
       12470	        1280	        56.5	         4.5	         1.6	        1.76	          16
       12480	        1281	        69.3	         4.5	         2.2	        2.46	          16
       12490	        1282	        86.8	         4.8	         3.0	        3.16	          16
       12500	        1283	       104.8	         5.2	         4.2	        3.16	          16
       12510	        1284	       128.5	         5.7	         5.4	        3.82	          16
       12520	        1285	       149.0	         5.9	         7.0	        4.03	          16
       12530	        1286	       169.3	         6.2	         8.6	        4.03	          16
       12540	        1287	       191.0	         6.6	        10.6	        4.44	          16
       12550	        1288	       208.0	         7.1	        12.6	        4.44	          16
       12560	        1289	       234.5	         7.9	        17.2	        5.89	          16
       12570	        1290	       234.5	         7.9	        17.2	        5.89	          16
       12580	        1291	       242.3	         8.2	        19.6	        5.89	          16
       12590	        1292	       248.5	         8.6	        22.0	        6.65	          16
       12600	        1293	       254.0	         9.0	        24.6	        6.65	          16
       12610	        1294	       258.3	         9.5	        27.2	        6.91	          16
       12620	        1295	       258.5	        10.5	        32.4	        7.18	          16
       12630	        1296	       258.5	        10.5	        32.4	        7.18	          16
       12640	        1297	       259.0	        10.9	        35.0	        7.84	          16
       12650	        1298	       257.8	        11.3	        37.6	        7.84	          16
       12660	        1299	       256.0	        11.6	        40.2	        8.42	          16
       12670	        1300	       251.0	        12.0	        42.6	        8.88	          16
       12680	        1301	       246.3	        12.5	        45.0	        8.88	          16
       12690	        1302	       238.3	        12.9	        47.4	        9.33	          16
       12700	        1303	       229.5	        13.3	        49.8	        9.33	          16
       12710	        1304	       220.3	        13.7	        52.0	        9.75	          16
       12720	        1305	       210.8	        14.1	        54.0	       10.12	          16
       12730	        1306	       201.8	        14.4	        56.0	       10.12	          16
       12740	        1307	       181.0	        15.0	        59.8	       10.77	          16
       12750	        1308	       181.0	        15.0	        59.8	       10.77	          16
       12760	        1309	       169.3	        15.3	        61.6	       10.77	          16
       12770	        1310	       158.0	        15.5	        63.0	       11.06	          16
       12780	        1311	       146.8	        15.8	        64.6	       11.31	          16
       12790	        1312	       137.3	        15.9	        66.0	       11.31	          16
       12800	        1313	       126.3	        16.0	        67.2	       11.55	          16
       12810	        1314	       118.0	        16.0	        68.4	       11.55	          16
       12820	        1315	       109.8	        16.1	        69.4	       11.76	          16
       12830	        1316	       101.0	        16.1	        70.4	       11.81	          16
       12840	        1317	        94.5	        16.0	        71.4	       11.81	          16
       12850	        1318	        82.3	        15.9	        73.2	       11.67	          16
       12860	        1319	        82.3	        15.9	        73.2	       11.67	          16
       12870	        1320	        76.8	        15.8	        74.0	       11.67	          16
       12880	        1321	        74.0	        15.6	        74.6	       11.85	          16
       12890	        1322	        70.8	        15.5	        75.4	       11.91	          16
       12900	        1323	        68.0	        15.4	        76.0	       11.91	          16
       12910	        1324	        66.0	        15.2	        76.6	       11.77	          16
       12920	        1325	        65.5	        15.1	        77.4	       11.77	          16
       12930	        1326	        65.0	        15.0	        78.0	       12.06	          16
       12940	        1327	        64.5	        14.9	        78.6	       12.75	          16
       12950	        1328	        67.8	        14.7	        80.0	       13.21	          16
       12960	        1329	        67.8	        14.7	        80.0	       13.21	          16
       12970	        1330	        69.0	        14.6	        80.6	       14.06	          16
       12980	        1331	        70.8	        14.7	        81.4	       14.06	          16
       12990	        1332	        75.0	        14.8	        82.2	       15.07	          16
       13000	        1333	        78.8	        15.0	        83.0	       15.07	          16
       13010	        1334	        84.5	        15.2	        83.8	       15.62	          16
       13020	        1335	        89.5	        15.4	        84.6	       15.62	          16
       13030	        1336	        96.0	        15.7	        85.6	       16.55	          16
       13040	        1337	       102.5	        16.1	        86.6	       16.97	          16
       13050	        1338	       109.0	        16.4	        87.8	       16.97	          16
       13060	        1339	       114.0	        16.8	        88.8	       17.61	          16
       13070	        1340	       117.8	        17.2	        90.0	       18.37	          16
       13080	        1341	       121.0	        17.6	        91.2	       18.63	          16
       13090	        1342	       122.8	        18.1	        92.4	       18.63	          16
       13100	        1343	       120.8	        18.6	        93.8	       18.45	          16
       13110	        1344	       115.3	        19.1	        94.8	       18.45	          16
       13120	        1345	       108.3	        19.8	        96.0	       17.86	          16
       13130	        1346	        96.8	        20.4	        97.0	       16.91	          16
       13140	        1347	        82.0	        21.0	        97.8	       16.91	          16
       13150	        1348	        64.0	        21.6	        98.4	       15.70	          16
       13160	        1349	        15.5	        22.6	        99.0	       14.77	          16
       13170	        1350	        15.5	        22.6	        99.0	       14.77	          16
       13180	        1351	       -13.8	        23.3	        98.8	       13.92	          16
       13190	        1353	       -39.5	        24.0	        98.4	       13.92	          48
       13200	        1354	       -68.0	        24.9	        97.8	       13.15	          48
       13210	        1355	      -106.5	        25.8	        96.6	       12.43	          48
       13220	        1356	      -146.5	        25.3	        95.2	       12.43	          48
       13230	        1357	      -160.8	        23.7	        93.6	       11.70	          48
       13240	        1358	      -168.3	        21.2	        91.8	       11.70	          48
       13250	        1359	      -170.5	        18.3	        90.2	       11.04	          48
       13260	        1360	      -164.0	        15.8	        88.6	       10.43	          48
       13270	        1361	      -151.3	        13.9	        87.0	       10.43	          48
       13280	        1362	      -128.5	        12.6	        85.8	        9.88	          48
       13290	        1363	      -141.3	        12.1	        84.4	        9.38	          48
       13300	        1364	      -157.5	        12.2	        82.8	        9.38	          48
       13310	        1365	      -184.3	        12.2	        81.0	        9.09	          48
       13320	        1366	      -232.0	        12.5	        76.4	        9.21	          48
       13330	        1367	      -232.0	        12.5	        76.4	        9.21	          48
       13340	        1368	      -251.3	        12.4	        74.0	        9.16	          48
       13350	        1369	      -255.0	        12.1	        71.4	        9.16	          48
       13360	        1370	      -256.0	        11.8	        68.8	        8.69	          48
       13370	        1371	      -245.5	        11.5	        66.4	        8.69	          48
       13380	        1372	      -243.5	        11.1	        64.0	        8.35	          48
       13390	        1373	      -233.0	        10.8	        61.6	        7.79	          48
       13400	        1374	      -225.3	        10.5	        59.4	        7.43	          48
       13410	        1375	      -215.8	        10.2	        57.2	        7.43	          48
       13420	        1376	      -197.0	         9.6	        53.2	        7.06	          48
       13430	        1377	      -178.0	         9.5	        51.4	        6.74	          48
       13440	        1378	      -178.0	         9.5	        51.4	        6.74	          48
       13450	        1379	      -171.0	         9.3	        49.8	        6.20	          48
       13460	        1380	      -158.3	         9.2	        48.2	        6.20	          48
       13470	        1381	      -148.0	         9.1	        46.6	        5.80	          48
       13480	        1382	      -139.5	         9.0	        45.2	        5.80	          48
       13490	        1383	      -134.8	         9.2	        44.0	        5.86	          48
       13500	        1384	      -142.0	         9.2	        42.4	        6.02	          48
       13510	        1385	      -132.3	         9.0	        41.2	        6.02	          48
       13520	        1386	      -131.0	         8.9	        39.8	        6.33	          48
       13530	        1388	      -142.5	         8.8	        38.4	        6.33	          16
       13540	        1389	      -129.8	         9.8	         0.0	        6.68	          16
       13550	        1390	      -129.8	         9.8	         0.0	        6.68	          16
       13560	        1391	      -118.8	        10.4	         0.0	        7.15	          16
       13570	        1392	      -107.8	        11.0	         0.0	        7.15	          16
       13580	        1394	       -93.0	        11.4	         0.0	        7.85	          16
       13590	        1395	       -49.0	        11.4	         0.0	        7.85	          16
       13600	        1396	       -26.0	        10.9	         0.0	        8.77	          16
       13610	        1397	         2.5	        10.3	         0.0	        9.19	          16
       13620	        1398	        30.8	         9.7	         0.0	        9.19	          16
       13630	        1399	        62.5	         8.4	         0.0	        9.33	          16
       13640	        1400	        65.0	         7.5	         0.0	        9.05	          16
       13650	        1401	        65.0	         7.5	         0.0	        9.05	          16
       13660	        1402	        62.0	         6.7	         0.0	        8.89	          16
       13670	        1403	        59.8	         6.4	         0.0	        8.89	          16
       13680	        1404	        56.0	         6.4	         0.0	        8.87	          16
       13690	        1405	        57.0	         6.6	         0.0	        8.79	          16
       13700	        1406	        57.5	         6.8	         0.0	        8.79	          16
       13710	        1407	        55.3	         7.0	         0.0	        8.71	          16
       13720	        1408	        55.3	         7.2	         0.0	        8.71	          16
       13730	        1409	        58.5	         7.6	         0.2	        8.99	          16
       13740	        1410	        63.5	         8.0	         0.8	        9.11	          16
       13750	        1411	        63.5	         8.4	         1.4	        9.11	          16
       13760	        1412	        55.0	         9.0	         2.6	        9.30	          16
       13770	        1413	        55.0	         9.0	         2.6	        9.30	          16
       13780	        1414	        49.8	         9.4	         3.0	        9.30	          16
       13790	        1415	        43.5	         9.7	         3.6	        9.39	          16
       13800	        1416	        33.5	        10.0	         3.8	        9.39	          16
       13810	        1417	        21.3	        10.3	         4.0	        9.47	          16
       13820	        1418	         8.5	        10.6	         4.2	        9.54	          16
       13830	        1419	        -8.5	        10.7	         4.0	        9.54	          16
       13840	        1420	       -40.0	        11.4	         3.4	        8.78	          16
       13850	        1421	       -54.0	        11.9	         3.0	        8.09	          16
       13860	        1422	       -54.0	        11.9	         3.0	        8.09	          16
       13870	        1424	       -64.3	        12.3	         2.2	        7.37	          48
       13880	        1425	       -75.0	        12.7	         1.6	        7.37	          48
       13890	        1426	       -80.5	        13.0	         0.8	        6.79	          48
       13900	        1427	       -88.0	        12.9	         0.0	        6.19	          48
       13910	        1428	       -95.0	        12.6	         0.0	        6.19	          48
       13920	        1429	      -102.8	        12.0	         0.0	        5.66	          48
       13930	        1430	      -107.8	        11.2	         0.0	        5.66	          48
       13940	        1431	      -107.5	        10.2	         0.0	        5.21	          48
       13950	        1432	      -103.0	         9.2	         0.0	        4.74	          48
       13960	        1433	       -90.3	         7.9	         0.0	        4.31	          48
       13970	        1434	       -90.3	         7.9	         0.0	        4.31	          48
       13980	        1435	       -79.8	         7.7	         0.0	        3.96	          48
       13990	        1436	       -80.0	         7.8	         0.0	        3.96	          48
       14000	        1437	       -84.5	         8.1	         0.0	        3.63	          48
       14010	        1438	       -88.8	         8.2	         0.0	        3.63	          48
       14020	        1439	       -88.0	         8.2	         0.0	        3.36	          48
       14030	        1440	       -91.8	         8.3	         0.0	        3.36	          48
       14040	        1441	       -96.3	         8.4	         0.0	        2.84	          48
       14050	        1442	       -91.8	         8.2	         0.0	        2.63	          48
       14060	        1443	       -91.8	         8.2	         0.0	        2.63	          48
       14070	        1444	       -89.5	         8.1	         0.0	        2.63	          48
       14080	        1445	       -92.3	         7.9	         0.0	        2.38	          48
       14090	        1446	       -89.3	         7.8	         0.0	        2.19	          48
       14100	        1447	       -87.3	         7.7	         0.0	        2.19	          48
       14110	        1448	       -83.0	         7.6	         0.0	        2.02	          48
       14120	        1449	       -80.3	         7.5	         0.0	        2.02	          48
       14130	        1450	       -78.3	         7.4	         0.0	        1.86	          48
       14140	        1451	       -75.3	         7.4	         0.0	        1.74	          48
       14150	        1452	       -72.5	         7.4	         0.0	        1.74	          48
       14160	        1453	       -69.5	         7.3	         0.0	        1.64	          48
       14170	        1454	       -69.5	         7.3	         0.0	        1.64	          48
       14180	        1455	       -65.0	         7.3	         0.0	        1.51	          48
       14190	        1456	       -62.8	         7.2	         0.0	        1.47	          48
       14200	        1457	       -60.8	         7.2	         0.0	        1.39	          48
       14210	        1458	       -59.0	         7.2	         0.0	        1.39	          48
       14220	        1459	       -57.5	         7.1	         0.0	        1.37	          48
       14230	        1460	       -55.5	         7.1	         0.0	        1.37	          48
       14240	        1461	       -52.3	         7.0	         0.0	        1.28	          48
       14250	        1462	       -52.3	         7.0	         0.0	        1.28	          48
       14260	        1463	       -50.8	         7.0	         0.0	        1.28	          48
       14270	        1464	       -49.0	         6.9	         0.0	        1.24	          48
       14280	        1465	       -47.8	         6.9	         0.0	        1.24	          48
       14290	        1466	       -46.5	         6.9	         0.0	        1.21	          48
       14300	        1467	       -45.0	         6.9	         0.0	        1.18	          48
       14310	        1468	       -43.5	         6.8	         0.0	        1.18	          48
       14320	        1469	       -42.5	         6.8	         0.0	        1.15	          48
       14330	        1470	       -41.3	         6.8	         0.0	        1.12	          48
       14340	        1471	       -39.5	         6.8	         0.0	        1.12	          48
       14350	        1472	       -36.3	         6.7	         0.0	        1.10	          48
       14360	        1473	       -36.3	         6.7	         0.0	        1.10	          48
       14370	        1474	       -34.5	         6.7	         0.0	        0.97	          48
       14380	        1475	       -33.0	         6.6	         0.0	        0.90	          48
       14390	        1476	       -31.8	         6.6	         0.0	        0.90	          48
       14400	        1477	       -30.8	         6.6	         0.0	        0.86	          48
       14410	        1478	       -30.3	         6.6	         0.0	        0.81	          48
       14420	        1479	       -29.8	         6.5	         0.0	        0.81	          48
       14430	        1480	       -29.0	         6.5	         0.0	        0.81	          48
       14440	        1481	       -28.3	         6.5	         0.0	        0.81	          48
       14450	        1482	       -26.0	         6.4	         0.0	        0.89	          48
       14460	        1483	       -26.0	         6.4	         0.0	        0.89	          48
       14470	        1484	       -24.3	         6.3	         0.0	        0.89	          48
       14480	        1485	       -23.5	         6.3	         0.0	        0.92	          48
       14490	        1486	       -22.5	         6.3	         0.0	        0.98	          48
       14500	        1487	       -21.5	         6.2	         0.0	        0.98	          48
       14510	        1488	       -20.5	         6.2	         0.0	        1.01	          48
       14520	        1489	       -20.0	         6.2	         0.0	        1.01	          48
       14530	        1490	       -20.0	         6.1	         0.0	        1.02	          48
       14540	        1491	       -19.5	         6.1	         0.0	        0.99	          48
       14550	        1492	       -19.3	         6.0	         0.0	        0.99	          48
       14560	        1493	       -20.0	         6.0	         0.0	        0.95	          48
       14570	        1494	       -20.0	         6.0	         0.0	        0.95	          48
       14580	        1495	       -20.8	         6.0	         0.0	        0.95	          48
       14590	        1496	       -21.0	         6.1	         0.0	        1.07	          48
       14600	        1497	       -21.5	         6.1	         0.0	        1.07	          48
       14610	        1498	       -22.0	         6.1	         0.0	        1.32	          48
       14620	        1500	       -22.3	         6.5	         0.0	        1.51	          16
       14630	        1501	       -22.3	         6.5	         0.0	        1.51	          16
       14640	        1502	       -16.3	         6.8	         0.0	        1.52	          16
       14650	        1503	       -22.5	         7.4	         0.0	        1.40	          16
       14660	        1504	       -20.3	         8.2	         0.0	        1.40	          16
       14670	        1505	       -16.0	         8.9	         0.0	        1.44	          16
       14680	        1506	        -4.5	         9.2	         0.0	        1.44	          16
       14690	        1507	         0.5	         9.3	         0.0	        1.42	          16
       14700	        1508	        -1.0	         9.3	         0.0	        1.38	          16
       14710	        1510	        10.3	         9.3	         0.0	        1.38	          48
       14720	        1511	        11.8	         9.3	         0.0	        1.37	          48
       14730	        1512	         2.8	         9.2	         0.0	        1.42	          48
       14740	        1513	         2.8	         9.2	         0.0	        1.42	          48
       14750	        1514	        -4.8	         9.1	         0.0	        1.44	          48
       14760	        1515	        -9.8	         9.0	         0.0	        1.44	          48
       14770	        1516	       -16.0	         8.8	         0.0	        1.45	          48
       14780	        1518	       -21.5	         8.6	         0.0	        1.46	          48
       14790	        1519	       -24.8	         8.4	         0.0	        1.46	          48
       14800	        1520	       -28.3	         8.1	         0.0	        1.47	          48
       14810	        1521	       -29.5	         7.9	         0.0	        1.47	          48
       14820	        1522	       -30.0	         7.7	         0.0	        1.48	          48
       14830	        1523	       -30.0	         7.5	         0.0	        1.49	          48
       14840	        1524	       -28.5	         7.2	         0.0	        1.50	          48
       14850	        1525	       -28.5	         7.2	         0.0	        1.50	          48
       14860	        1526	       -27.3	         7.1	         0.0	        1.51	          48
       14870	        1527	       -26.5	         7.1	         0.0	        1.51	          48
       14880	        1528	       -25.8	         7.0	         0.0	        1.52	          48
       14890	        1529	       -24.5	         7.0	         0.0	        1.52	          48
       14900	        1530	       -22.5	         6.9	         0.0	        1.64	          48
       14910	        1531	       -20.3	         6.8	         0.0	        1.67	          48
       14920	        1532	       -18.0	         6.8	         0.0	        1.67	          48
       14930	        1533	       -15.5	         6.7	         0.0	        1.64	          48
       14940	        1534	       -12.0	         6.6	         0.0	        1.64	          48
       14950	        1535	        -8.5	         6.4	         0.0	        1.83	          48
       14960	        1536	        -5.8	         6.2	         0.0	        1.97	          48
       14970	        1537	        -5.8	         6.2	         0.0	        1.97	          48
       14980	        1539	         5.8	         6.1	         0.2	        2.23	          16
       14990	        1540	        18.3	         5.9	         0.2	        2.47	          16
       15000	        1541	        20.5	         5.9	         0.4	        2.47	          16
       15010	        1542	        26.8	         6.4	         0.8	        2.83	          16
       15020	        1543	        36.8	         6.9	         1.2	        3.36	          16
       15030	        1544	        59.5	         7.2	         1.8	        3.36	          16
       15040	        1545	        72.0	         7.1	         2.4	        3.81	          16
       15050	        1546	        83.5	         6.9	         3.2	        4.57	          16
       15060	        1547	       124.8	         6.6	         5.6	        5.68	          16
       15070	        1548	       124.8	         6.6	         5.6	        5.68	          16
       15080	        1549	       143.3	         6.4	         7.0	        5.68	          16
       15090	        1550	       151.3	         6.2	         8.6	        6.27	          16
       15100	        1551	       165.3	         6.0	        10.2	        6.27	          16
       15110	        1552	       172.3	         6.1	        11.8	        7.22	          16
       15120	        1553	       172.8	         6.6	        13.6	        7.79	          16
       15130	        1554	       184.0	         7.0	        15.4	        7.79	          16
       15140	        1555	       200.3	         7.8	        19.4	        8.83	          16
       15150	        1556	       200.3	         7.8	        19.4	        8.83	          16
       15160	        1557	       196.8	         8.3	        21.4	        9.16	          16
       15170	        1558	       207.8	         8.7	        23.4	        9.16	          16
       15180	        1559	       221.0	         9.2	        25.6	        9.03	          16
       15190	        1560	       220.8	         9.6	        27.8	        9.03	          16
       15200	        1561	       222.3	        10.1	        30.0	        8.68	          16
       15210	        1562	       216.0	        10.6	        32.2	        8.36	          16
       15220	        1563	       213.3	        11.1	        34.4	        8.36	          16
       15230	        1564	       201.5	        11.6	        36.4	        8.07	          16
       15240	        1565	       190.3	        12.1	        38.2	        7.80	          16
       15250	        1566	       161.5	        12.9	        41.6	        7.17	          16
       15260	        1567	       161.5	        12.9	        41.6	        7.17	          16
       15270	        1568	       145.0	        13.2	        43.0	        7.17	          16
       15280	        1569	       125.8	        13.5	        44.4	        6.79	          16
       15290	        1571	       110.0	        13.4	        45.4	        6.79	          48
       15300	        1572	        93.0	        12.8	        46.4	        6.44	          48
       15310	        1573	        68.5	        12.5	        47.0	        6.13	          48
       15320	        1574	        42.5	        12.2	        47.4	        5.84	          48
       15330	        1575	        12.5	        12.0	        47.6	        5.84	          48
       15340	        1576	       -16.0	        11.7	        47.4	        5.58	          48
       15350	        1577	       -44.5	        11.2	        47.0	        5.58	          48
       15360	        1578	       -78.8	         9.8	        45.6	        5.35	          48
       15370	        1579	       -78.8	         9.8	        45.6	        5.35	          48
       15380	        1580	       -81.0	         9.0	        44.8	        4.92	          48
       15390	        1581	       -63.8	         7.8	        44.0	        4.63	          48
       15400	        1582	       -41.3	         6.9	        43.6	        4.63	          48
       15410	        1583	       -21.5	         6.9	        43.4	        4.37	          48
       15420	        1584	       -38.0	         7.5	        43.0	        4.16	          48
       15430	        1585	       -59.0	         8.9	        42.0	        3.97	          48
       15440	        1586	       -82.8	         9.3	        41.2	        3.97	          48
       15450	        1587	       -82.8	         9.3	        41.2	        3.97	          48
       15460	        1588	      -101.0	         9.3	        40.2	        3.91	          48
       15470	        1589	      -124.5	         9.1	        39.0	        3.67	          48
       15480	        1590	      -108.0	         8.7	        37.8	        3.49	          48
       15490	        1591	       -99.5	         8.4	        36.8	        3.49	          48
       15500	        1592	       -96.8	         8.0	        35.8	        3.29	          48
       15510	        1593	       -85.0	         7.7	        35.0	        3.29	          48
       15520	        1594	       -89.8	         7.6	        34.2	        3.08	          48
       15530	        1595	       -82.0	         7.4	        33.4	        2.95	          48
       15540	        1596	       -77.8	         7.5	        32.6	        2.95	          48
       15550	        1597	       -71.8	         7.5	        31.0	        2.97	          48
       15560	        1598	       -71.8	         7.5	        31.0	        2.97	          48
       15570	        1599	       -70.0	         7.5	        30.4	        3.00	          48
       15580	        1600	       -64.0	         7.5	        29.6	        2.90	          48
       15590	        1601	       -65.8	         7.6	        29.0	        2.90	          48
       15600	        1602	       -62.8	         7.5	        28.4	        2.78	          48
       15610	        1603	       -57.0	         7.5	        27.8	        2.65	          48
       15620	        1604	       -56.5	         7.4	        27.2	        2.65	          48
       15630	        1605	       -55.0	         7.3	        26.2	        2.55	          48
       15640	        1606	       -55.0	         7.3	        26.2	        2.55	          48
       15650	        1607	       -51.5	         7.2	        25.6	        2.34	          48
       15660	        1608	       -52.0	         7.2	        25.0	        2.27	          48
       15670	        1609	       -51.0	         7.2	        24.6	        2.27	          48
       15680	        1610	       -50.5	         7.2	        24.0	        2.15	          48
       15690	        1611	       -49.8	         7.1	        23.6	        1.98	          48
       15700	        1612	       -49.0	         7.1	        23.0	        1.98	          48
       15710	        1613	       -48.8	         7.1	        22.6	        1.85	          48
       15720	        1614	       -48.3	         7.1	        22.2	        1.85	          48
       15730	        1615	       -47.5	         7.1	        21.2	        1.63	          48
       15740	        1616	       -47.5	         7.1	        21.2	        1.63	          48
       15750	        1617	       -47.5	         7.1	        20.6	        1.63	          48
       15760	        1618	       -47.0	         7.0	        20.2	        1.53	          48
       15770	        1619	       -46.3	         7.0	        19.8	        1.44	          48
       15780	        1620	       -45.3	         7.0	        19.4	        1.44	          48
       15790	        1621	       -44.5	         6.9	        18.8	        1.36	          48
       15800	        1622	       -43.5	         6.9	        18.4	        1.36	          48
       15810	        1623	       -42.0	         6.9	        18.0	        1.29	          48
       15820	        1624	       -41.0	         6.8	        17.6	        1.23	          48
       15830	        1625	       -39.5	         6.8	        16.8	        1.17	          48
       15840	        1626	       -39.5	         6.8	        16.8	        1.17	          48
       15850	        1627	       -38.5	         6.8	        16.4	        1.11	          48
       15860	        1628	       -37.5	         6.8	        16.0	        1.11	          48
       15870	        1629	       -36.8	         6.7	        15.6	        1.06	          48
       15880	        1630	       -35.8	         6.7	        15.4	        1.13	          48
       15890	        1631	       -34.8	         6.7	        15.0	        1.13	          48
       15900	        1632	       -33.0	         6.7	        14.6	        1.12	          48
       15910	        1633	       -31.5	         6.6	        14.4	        1.12	          48
       15920	        1634	       -31.0	         6.6	        14.0	        1.01	          48
       15930	        1635	       -30.0	         6.6	        13.8	        0.91	          48
       15940	        1636	       -29.5	         6.6	        13.4	        0.91	          48
       15950	        1637	       -28.3	         6.6	        12.8	        0.80	          48
       15960	        1638	       -28.3	         6.6	        12.8	        0.80	          48
       15970	        1639	       -28.0	         6.6	        12.6	        0.80	          48
       15980	        1640	       -27.8	         6.7	        12.2	        0.76	          48
       15990	        1641	       -27.8	         6.7	        12.0	        0.76	          48
       16000	        1642	       -27.5	         6.7	        11.8	        0.67	          48
       16010	        1643	       -28.0	         6.7	        11.4	        0.67	          48
       16020	        1644	       -28.3	         6.7	        11.2	        0.66	          48
       16030	        1645	       -28.5	         6.7	        10.8	        0.65	          48
       16040	        1646	       -28.5	         6.7	        10.6	        0.62	          48
       16050	        1647	       -28.8	         6.7	        10.0	        0.57	          48
       16060	        1648	       -28.8	         6.7	        10.0	        0.57	          48
       16070	        1649	       -28.3	         6.7	         9.8	        0.57	          48
       16080	        1650	       -28.5	         6.6	         9.4	        0.58	          48
       16090	        1651	       -28.8	         6.6	         9.2	        0.48	          48
       16100	        1652	       -28.8	         6.6	         8.8	        0.48	          48
       16110	        1653	       -28.8	         6.6	         8.6	        0.46	          48
       16120	        1654	       -28.5	         6.6	         8.4	        0.46	          48
       16130	        1655	       -29.0	         6.6	         8.0	        0.46	          48
       16140	        1656	       -28.3	         6.6	         7.8	        0.43	          48
       16150	        1657	       -27.0	         6.5	         7.4	        0.43	          48
       16160	        1658	       -23.3	         6.4	         7.0	        0.59	          48
       16170	        1659	       -23.3	         6.4	         7.0	        0.59	          48
       16180	        1660	       -21.3	         6.4	         6.8	        0.59	          48
       16190	        1661	       -21.0	         6.4	         6.6	        0.59	          48
       16200	        1662	       -21.0	         6.4	         6.4	        0.58	          48
       16210	        1663	       -21.0	         6.5	         6.2	        0.58	          48
       16220	        1664	       -22.5	         6.5	         6.0	        0.51	          48
       16230	        1665	       -22.5	         6.5	         5.8	        0.51	          48
       16240	        1666	       -22.3	         6.5	         5.2	        0.45	          48
       16250	        1667	       -22.3	         6.5	         5.2	        0.45	          48
       16260	        1668	       -21.0	         6.5	         5.0	        0.45	          48
       16270	        1669	       -19.3	         6.4	         4.8	        0.41	          48
       16280	        1670	       -17.0	         6.4	         4.6	        0.38	          48
       16290	        1671	       -15.5	         6.3	         4.6	        0.38	          48
       16300	        1672	       -13.5	         6.2	         4.4	        0.35	          48
       16310	        1673	       -12.0	         6.2	         4.2	        0.35	          48
       16320	        1674	       -10.3	         6.1	         4.2	        0.33	          48
       16330	        1675	        -9.0	         6.1	         4.0	        0.33	          48
       16340	        1676	        -7.5	         6.0	         4.0	        0.28	          48
       16350	        1677	        -7.5	         6.0	         4.0	        0.28	          48
       16360	        1678	        -6.3	         5.9	         3.8	        0.26	          48
       16370	        1679	        -4.5	         5.8	         3.8	        0.26	          48
       16380	        1680	        -2.3	         5.7	         3.8	        0.24	          48
       16390	        1681	         0.8	         5.6	         3.8	        0.24	          48
       16400	        1682	         5.3	         5.3	         3.8	        0.50	          48
       16410	        1683	        10.8	         5.1	         3.8	        0.50	          48
       16420	        1684	        18.0	         4.7	         0.2	        0.79	          48
       16430	        1686	        26.5	         4.4	         0.4	        1.14	          16
       16440	        1687	        42.0	         3.9	         1.0	        1.45	          16
       16450	        1688	        58.0	         4.1	         2.0	        1.73	          16
       16460	        1689	        58.0	         4.1	         2.0	        1.73	          16
       16470	        1690	        72.8	         4.9	         2.8	        1.73	          16
       16480	        1691	        91.3	         5.6	         3.6	        2.42	          16
       16490	        1692	       114.3	         5.9	         4.8	        3.21	          16
       16500	        1693	       128.5	         6.1	         6.2	        3.21	          16
       16510	        1694	       143.5	         6.4	         7.6	        3.81	          16
       16520	        1695	       165.8	         6.6	         9.2	        3.81	          16
       16530	        1696	       186.3	         6.7	        11.0	        4.79	          16
       16540	        1697	       192.5	         6.6	        13.0	        5.25	          16
       16550	        1698	       202.5	         6.7	        15.0	        5.25	          16
       16560	        1699	       212.5	         7.1	        19.2	        5.29	          16
       16570	        1700	       212.5	         7.1	        19.2	        5.29	          16
       16580	        1702	       217.5	         7.5	        21.4	        5.35	          16
       16590	        1703	       199.5	         8.3	        23.4	        5.62	          16
       16600	        1704	       204.0	         9.1	        27.4	        5.59	          16
       16610	        1705	       204.0	         9.1	        27.4	        5.59	          16
       16620	        1706	       204.8	         9.2	        29.4	        5.59	          16
       16630	        1707	       201.8	         9.4	        31.4	        5.45	          16
       16640	        1708	       184.5	         9.7	        33.4	        5.25	          16
       16650	        1709	       201.8	        10.0	        35.4	        4.93	          16
       16660	        1710	       187.5	        10.2	        37.2	        4.93	          16
       16670	        1711	       172.5	        10.4	        39.0	        4.58	          16
       16680	        1712	       158.3	        10.7	        40.6	        4.58	          16
       16690	        1713	       138.0	        11.2	        42.0	        4.24	          16
       16700	        1714	       138.0	        11.6	        43.2	        4.12	          16
       16710	        1716	       113.8	        11.9	        44.4	        4.12	          48
       16720	        1717	        92.0	        11.2	        45.4	        3.91	          48
       16730	        1718	        74.8	        11.1	        46.2	        3.72	          48
       16740	        1719	        49.0	        10.7	        46.6	        3.72	          48
       16750	        1720	        24.5	        10.5	        46.8	        3.55	          48
       16760	        1721	        -7.8	        10.3	        46.8	        3.55	          48
       16770	        1722	       -38.3	         9.9	        46.4	        3.39	          48
       16780	        1723	       -53.8	         9.5	        45.8	        3.25	          48
       16790	        1724	       -75.0	         9.1	        45.0	        3.25	          48
       16800	        1725	       -81.3	         8.7	        44.2	        3.12	          48
       16810	        1726	       -76.5	         7.8	        42.6	        3.00	          48
       16820	        1727	       -73.8	         7.3	        42.0	        2.90	          48
       16830	        1728	       -73.8	         7.3	        42.0	        2.90	          48
       16840	        1729	       -66.8	         7.4	        41.2	        2.90	          48
       16850	        1730	       -69.3	         7.4	        40.6	        2.80	          48
       16860	        1731	       -66.0	         7.5	        40.0	        2.71	          48
       16870	        1732	       -69.0	         7.8	        39.2	        2.71	          48
       16880	        1733	       -76.8	         7.8	        38.4	        2.66	          48
       16890	        1734	       -72.5	         7.8	        37.8	        2.66	          48
       16900	        1735	       -83.0	         7.9	        37.0	        2.51	          48
       16910	        1736	       -81.5	         7.9	        36.2	        2.41	          48
       16920	        1737	       -78.5	         7.6	        35.4	        2.25	          48
       16930	        1738	       -79.3	         7.7	        33.8	        2.08	          48
       16940	        1739	       -79.3	         7.7	        33.8	        2.08	          48
       16950	        1740	       -81.8	         7.4	        33.0	        2.08	          48
       16960	        1741	       -76.3	         7.4	        32.2	        1.94	          48
       16970	        1742	       -76.5	         7.5	        31.4	        1.94	          48
       16980	        1743	       -83.0	         7.5	        30.6	        1.75	          48
       16990	        1744	       -76.8	         7.3	        29.8	        1.63	          48
       17000	        1745	       -71.0	         7.3	        29.0	        1.58	          48
       17010	        1746	       -74.3	         7.4	        28.4	        1.58	          48
       17020	        1747	       -76.5	         7.3	        27.6	        1.49	          48
       17030	        1748	       -70.0	         7.2	        26.8	        1.49	          48
       17040	        1749	       -68.0	         7.1	        25.6	        1.32	          48
       17050	        1750	       -68.0	         7.1	        25.6	        1.32	          48
       17060	        1751	       -67.3	         7.2	        24.8	        1.32	          48
       17070	        1752	       -63.3	         7.1	        24.2	        1.23	          48
       17080	        1753	       -59.8	         7.1	        23.6	        1.23	          48
       17090	        1754	       -59.5	         7.1	        23.0	        1.17	          48
       17100	        1755	       -62.3	         7.0	        22.4	        1.10	          48
       17110	        1756	       -58.3	         7.0	        21.8	        1.10	          48
       17120	        1757	       -56.8	         7.0	        21.2	        1.12	          48
       17130	        1758	       -55.8	         6.9	        20.8	        1.13	          48
       17140	        1759	       -55.0	         6.9	        20.2	        1.13	          48
       17150	        1760	       -53.5	         6.9	        19.2	        1.06	          48
       17160	        1761	       -53.5	         6.9	        19.2	        1.06	          48
       17170	        1762	       -53.0	         6.9	        18.6	        0.98	          48
       17180	        1763	       -52.0	         6.8	        18.0	        0.88	          48
       17190	        1764	       -51.3	         6.8	        17.6	        0.88	          48
       17200	        1765	       -50.0	         6.8	        17.0	        0.86	          48
       17210	        1766	       -49.0	         6.8	        16.6	        0.84	          48
       17220	        1767	       -48.0	         6.8	        16.0	        0.84	          48
       17230	        1768	       -46.5	         6.8	        15.6	        0.79	          48
       17240	        1769	       -45.5	         6.8	        15.2	        0.79	          48
       17250	        1770	       -44.3	         6.7	        14.8	        0.75	          48
       17260	        1771	       -41.8	         6.7	        13.8	        0.72	          48
       17270	        1772	       -41.8	         6.7	        13.8	        0.72	          48
       17280	        1773	       -40.3	         6.7	        13.4	        0.70	          48
       17290	        1774	       -39.3	         6.6	        13.0	        0.67	          48
       17300	        1775	       -38.5	         6.6	        12.6	        0.67	          48
       17310	        1776	       -38.0	         6.6	        12.4	        0.65	          48
       17320	        1777	       -37.0	         6.6	        12.0	        0.63	          48
       17330	        1778	       -36.5	         6.6	        11.6	        0.63	          48
       17340	        1779	       -35.5	         6.6	        11.2	        0.61	          48
       17350	        1780	       -34.5	         6.6	        10.8	        0.61	          48
       17360	        1781	       -33.8	         6.6	        10.6	        0.60	          48
       17370	        1782	       -32.5	         6.6	        10.2	        0.58	          48
       17380	        1783	       -31.5	         6.6	         9.8	        0.58	          48
       17390	        1784	       -30.8	         6.6	         9.6	        0.64	          48
       17400	        1785	       -29.8	         6.5	         9.2	        0.66	          48
       17410	        1786	       -28.5	         6.5	         9.0	        0.66	          48
       17420	        1787	       -27.5	         6.5	         8.8	        0.62	          48
       17430	        1788	       -26.8	         6.5	         8.4	        0.62	          48
       17440	        1789	       -25.8	         6.5	         8.2	        0.57	          48
       17450	        1790	       -23.5	         6.5	         7.8	        0.55	          48
       17460	        1791	       -23.5	         6.5	         7.8	        0.55	          48
       17470	        1792	       -22.5	         6.5	         7.6	        0.56	          48
       17480	        1793	       -21.5	         6.5	         7.2	        0.55	          48
       17490	        1794	       -20.3	         6.5	         7.0	        0.55	          48
       17500	        1795	       -19.5	         6.5	         6.8	        0.56	          48
       17510	        1796	       -19.0	         6.5	         6.6	        0.56	          48
       17520	        1797	       -18.3	         6.4	         6.6	        0.53	          48
       17530	        1798	       -17.3	         6.4	         6.4	        0.51	          48
       17540	        1799	       -16.8	         6.4	         6.2	        0.51	          48
       17550	        1800	       -16.0	         6.4	         5.8	        0.50	          48
       17560	        1801	       -16.0	         6.4	         5.8	        0.50	          48
       17570	        1802	       -15.3	         6.4	         5.8	        0.49	          48
       17580	        1803	       -14.8	         6.4	         5.6	        0.49	          48
       17590	        1804	       -15.0	         6.4	         5.4	        0.49	          48
       17600	        1805	       -14.5	         6.3	         5.2	        0.50	          48
       17610	        1806	       -13.5	         6.3	         5.2	        0.50	          48
       17620	        1807	       -12.5	         6.3	         4.8	        0.47	          48
       17630	        1808	       -12.3	         6.3	         4.8	        0.48	          48
       17640	        1809	       -12.3	         6.3	         4.8	        0.48	          48
       17650	        1810	       -11.5	         6.2	         4.6	        0.48	          48
       17660	        1811	       -10.5	         6.2	         4.6	        0.52	          48
       17670	        1812	        -9.8	         6.1	         4.4	        0.52	          48
       17680	        1813	        -9.3	         6.1	         4.4	        0.54	          48
       17690	        1814	        -8.8	         6.1	         4.2	        0.49	          48
       17700	        1815	        -8.5	         6.1	         4.2	        0.49	          48
       17710	        1816	        -8.5	         6.1	         4.0	        0.50	          48
       17720	        1817	        -9.3	         6.1	         4.0	        0.50	          48
       17730	        1818	        -9.8	         6.1	         3.8	        0.54	          48
       17740	        1819	       -10.3	         6.1	         3.8	        0.57	          48
       17750	        1820	       -10.5	         6.1	         3.6	        0.57	          48
       17760	        1821	       -10.5	         6.1	         3.4	        0.57	          48
       17770	        1822	       -10.5	         6.1	         3.4	        0.57	          48
       17780	        1823	       -10.0	         6.1	         3.4	        0.57	          48
       17790	        1824	        -9.8	         6.1	         3.2	        0.57	          48
       17800	        1825	        -9.3	         6.1	         3.2	        0.57	          48
       17810	        1826	        -9.0	         6.1	         3.0	        0.57	          48
       17820	        1827	        -9.0	         6.1	         3.0	        0.57	          48
       17830	        1828	        -9.0	         6.1	         2.8	        0.57	          48
       17840	        1829	        -9.3	         6.1	         2.8	        0.57	          48
       17850	        1830	        -9.3	         6.1	         2.8	        0.57	          48
       17860	        1831	        -9.3	         6.1	         2.6	        0.57	          48
       17870	        1832	        -9.5	         6.1	         2.6	        0.57	          48
       17880	        1833	        -9.3	         6.1	         2.4	        0.57	          48
       17890	        1834	        -9.0	         6.1	         2.4	        0.57	          48
       17900	        1835	        -8.0	         6.1	         2.2	        0.61	          48
       17910	        1836	        -7.5	         6.0	         2.2	        0.61	          48
       17920	        1837	        -6.8	         6.0	         2.2	        0.65	          48
       17930	        1838	        -6.0	         6.0	         2.0	        0.69	          48
       17940	        1839	        -5.5	         6.0	         2.0	        0.69	          48
       17950	        1840	        -5.3	         5.9	         2.0	        0.80	          48
       17960	        1841	        -5.0	         5.9	         1.8	        0.76	          48
       17970	        1842	        -5.0	         5.9	         1.8	        0.76	          48
       17980	        1843	        -4.8	         5.9	         1.8	        0.79	          48
       17990	        1844	        -4.8	         5.9	         1.8	        0.79	          48
       18000	        1845	        -4.5	         5.9	         1.8	        0.85	          48
       18010	        1846	        -4.8	         5.9	         1.6	        0.85	          48
       18020	        1847	        -4.5	         5.9	         1.6	        0.89	          48
       18030	        1848	        -4.8	         5.9	         1.6	        1.02	          48
       18040	        1850	        -6.8	         5.9	         1.6	        1.02	          16
       18050	        1851	        -6.5	         6.1	         0.0	        1.03	          16
       18060	        1852	        -1.8	         6.2	         0.0	        1.03	          16
       18070	        1853	        -4.5	         6.5	         0.0	        1.08	          16
       18080	        1854	        -9.0	         7.4	         0.0	        1.18	          16
       18090	        1855	        -8.5	         8.3	         0.0	        1.18	          16
       18100	        1856	         0.3	         8.9	         0.0	        1.08	          16
       18110	        1857	         7.3	         9.1	         0.0	        1.17	          16
       18120	        1858	         9.5	         9.1	         0.0	        1.39	          16
       18130	        1859	        16.0	         9.2	         0.0	        1.39	          16
       18140	        1860	        30.3	         9.1	         0.6	        1.37	          16
       18150	        1861	        30.3	         9.1	         0.6	        1.37	          16
       18160	        1862	        28.3	         8.9	         1.0	        1.44	          16
       18170	        1863	        25.5	         8.7	         1.2	        1.44	          16
       18180	        1865	        21.3	         8.6	         1.4	        1.47	          16
       18190	        1866	        20.8	         8.6	         1.6	        1.61	          16
       18200	        1867	        18.5	         8.5	         1.8	        1.60	          16
       18210	        1868	        17.0	         8.5	         2.0	        1.60	          16
       18220	        1869	        14.5	         8.5	         2.0	        1.70	          16
       18230	        1870	        12.5	         8.5	         2.2	        1.70	          16
       18240	        1871	        13.0	         8.5	         2.4	        1.68	          16
       18250	        1872	        13.5	         8.4	         2.6	        1.72	          16
       18260	        1873	        13.5	         8.4	         2.6	        1.72	          16
       18270	        1874	        12.5	         8.4	         2.8	        1.76	          16
       18280	        1875	        13.0	         8.4	         2.8	        1.76	          16
       18290	        1876	        13.5	         8.4	         3.0	        1.79	          16
       18300	        1877	        13.8	         8.4	         3.2	        1.82	          16
       18310	        1878	        14.5	         8.4	         3.2	        1.82	          16
       18320	        1879	        16.8	         8.4	         3.4	        1.84	          16
       18330	        1880	        19.8	         8.2	         3.6	        1.87	          16
       18340	        1881	        24.0	         8.1	         3.8	        1.87	          16
       18350	        1882	        31.5	         7.9	         4.2	        1.89	          16
       18360	        1883	        51.3	         7.3	         5.2	        1.91	          16
       18370	        1884	        51.3	         7.3	         5.2	        1.91	          16
       18380	        1885	        63.0	         7.0	         5.8	        1.93	          16
       18390	        1886	        77.8	         6.6	         6.6	        1.93	          16
       18400	        1887	        93.5	         6.1	         7.4	        2.31	          16
       18410	        1888	       108.3	         5.8	         8.6	        2.65	          16
       18420	        1889	       124.3	         5.5	         9.8	        2.65	          16
       18430	        1890	       138.8	         5.3	        11.2	        2.95	          16
       18440	        1891	       157.5	         5.6	        14.0	        3.31	          16
       18450	        1892	       157.5	         5.6	        14.0	        3.31	          16
       18460	        1893	       165.8	         5.7	        15.8	        3.55	          16
       18470	        1894	       177.5	         5.7	        17.4	        3.55	          16
       18480	        1895	       179.5	         6.0	        19.2	        3.88	          16
       18490	        1896	       185.0	         6.2	        21.2	        4.22	          16
       18500	        1897	       211.0	         6.4	        23.2	        4.22	          16
       18510	        1898	       200.5	         6.9	        25.2	        4.70	          16
       18520	        1899	       197.8	         7.2	        27.2	        4.70	          16
       18530	        1900	       199.5	         7.5	        29.2	        5.18	          16
       18540	        1901	       202.0	         7.9	        31.2	        5.47	          16
       18550	        1902	       201.8	         8.6	        35.4	        5.42	          16
       18560	        1903	       201.8	         8.6	        35.4	        5.42	          16
       18570	        1904	       198.0	         9.0	        37.2	        5.31	          16
       18580	        1905	       198.5	         9.3	        39.2	        5.31	          16
       18590	        1906	       186.3	         9.7	        41.2	        5.05	          16
       18600	        1907	       181.0	        10.0	        43.0	        5.05	          16
       18610	        1908	       167.0	        10.2	        44.6	        4.77	          16
       18620	        1909	       156.3	        10.6	        46.2	        4.55	          16
       18630	        1910	       128.0	        11.2	        48.8	        4.27	          16
       18640	        1911	       128.0	        11.2	        48.8	        4.27	          16
       18650	        1912	       113.3	        11.5	        50.0	        3.89	          16
       18660	        1914	       100.0	        11.7	        51.0	        3.89	          48
       18670	        1915	        87.3	        11.4	        51.8	        3.67	          48
       18680	        1916	        65.5	        11.0	        52.6	        3.67	          48
       18690	        1917	        39.5	        10.8	        53.0	        3.45	          48
       18700	        1918	        16.5	        10.4	        53.2	        3.29	          48
       18710	        1919	       -11.0	        10.1	        53.0	        3.29	          48
       18720	        1920	       -38.0	         9.7	        52.6	        3.12	          48
       18730	        1921	       -62.5	         9.2	        52.0	        2.97	          48
       18740	        1922	       -73.3	         8.7	        51.2	        2.97	          48
       18750	        1923	       -77.8	         8.3	        50.4	        2.83	          48
       18760	        1924	       -82.3	         8.0	        49.6	        2.70	          48
       18770	        1925	       -79.3	         7.7	        48.8	        2.70	          48
       18780	        1926	       -79.5	         7.5	        47.2	        2.59	          48
       18790	        1927	       -79.5	         7.5	        47.2	        2.59	          48
       18800	        1928	       -81.0	         7.5	        46.4	        2.48	          48
       18810	        1929	       -82.0	         7.5	        45.6	        2.48	          48
       18820	        1930	       -82.0	         7.6	        44.8	        2.39	          48
       18830	        1931	       -81.3	         7.6	        44.0	        2.39	          48
       18840	        1932	       -80.5	         7.6	        43.2	        2.23	          48
       18850	        1933	       -79.0	         7.6	        42.4	        2.23	          48
       18860	        1934	       -77.3	         7.5	        41.6	        2.15	          48
       18870	        1935	       -75.3	         7.4	        41.0	        2.15	          48
       18880	        1936	       -73.5	         7.4	        40.2	        2.30	          48
       18890	        1937	       -72.3	         7.3	        39.4	        2.30	          48
       18900	        1938	       -70.3	         7.3	        38.8	        2.47	          48
       18910	        1939	       -68.8	         7.3	        38.0	        2.48	          48
       18920	        1940	       -67.5	         7.2	        37.4	        2.48	          48
       18930	        1941	       -65.3	         7.2	        36.8	        2.45	          48
       18940	        1942	       -63.0	         7.1	        36.2	        2.49	          48
       18950	        1943	       -60.5	         7.1	        35.4	        2.49	          48
       18960	        1944	       -56.5	         7.0	        34.4	        2.84	          48
       18970	        1945	       -56.5	         7.0	        34.4	        2.84	          48
       18980	        1947	       -61.5	         7.1	        33.8	        2.84	          16
       18990	        1948	       -62.8	         7.4	         0.0	        3.10	          16
       19000	        1949	       -64.5	         8.1	         0.0	        3.05	          16
       19010	        1950	       -64.5	         8.2	         0.0	        3.05	          16
       19020	        1951	       -70.3	         8.7	         0.0	        2.93	          16
       19030	        1952	       -74.5	         9.2	         0.0	        2.93	          16
       19040	        1953	       -65.0	         9.6	         0.0	        3.01	          16
       19050	        1954	       -59.5	        10.0	         0.0	        3.00	          16
       19060	        1955	       -59.5	        10.0	         0.0	        3.00	          16
       19070	        1956	       -59.3	        10.3	         0.0	        3.05	          16
       19080	        1957	       -52.5	        10.5	         0.0	        3.05	          16
       19090	        1958	       -45.5	        10.7	         0.0	        3.01	          16
       19100	        1959	       -46.3	        10.9	         0.0	        2.94	          16
       19110	        1960	       -46.3	        11.0	         0.0	        2.94	          16
       19120	        1961	       -45.0	        11.2	         0.0	        2.80	          16
       19130	        1963	       -43.5	        11.3	         0.0	        2.75	          48
       19140	        1964	       -44.5	        11.4	         0.0	        2.70	          48
       19150	        1965	       -48.0	        11.4	         0.0	        2.70	          48
       19160	        1966	       -48.0	        11.4	         0.0	        2.70	          48
       19170	        1967	       -52.3	        11.2	         0.0	        2.64	          48
       19180	        1969	       -58.8	        10.9	         0.0	        2.65	          48
       19190	        1970	       -66.0	        10.5	         0.0	        2.65	          48
       19200	        1971	       -74.8	         9.9	         0.0	        2.55	          48
       19210	        1972	       -78.3	         9.3	         0.0	        2.50	          48
       19220	        1973	       -77.8	         8.7	         0.0	        2.50	          48
       19230	        1974	       -74.8	         8.1	         0.0	        2.43	          48
       19240	        1975	       -68.5	         7.7	         0.0	        2.43	          48
       19250	        1976	       -63.0	         7.4	         0.0	        2.38	          48
       19260	        1977	       -55.0	         7.3	         0.0	        2.32	          48
       19270	        1978	       -55.0	         7.3	         0.0	        2.32	          48
       19280	        1979	       -55.3	         7.3	         0.0	        2.27	          48
       19290	        1980	       -56.0	         7.4	         0.0	        2.27	          48
       19300	        1981	       -56.8	         7.4	         0.0	        2.23	          48
       19310	        1982	       -55.3	         7.4	         0.0	        2.19	          48
       19320	        1983	       -53.5	         7.4	         0.0	        2.19	          48
       19330	        1984	       -50.5	         7.4	         0.0	        2.15	          48
       19340	        1985	       -48.3	         7.4	         0.0	        2.12	          48
       19350	        1986	       -43.5	         7.3	         0.0	        2.09	          48
       19360	        1987	       -43.5	         7.3	         0.0	        2.09	          48
       19370	        1988	       -42.5	         7.2	         0.0	        2.09	          48
       19380	        1989	       -41.5	         7.2	         0.0	        2.06	          48
       19390	        1990	       -41.0	         7.2	         0.0	        1.87	          48
       19400	        1991	       -40.0	         7.1	         0.0	        1.87	          48
       19410	        1992	       -39.5	         7.1	         0.0	        1.68	          48
       19420	        1993	       -39.0	         7.1	         0.0	        1.54	          48
       19430	        1994	       -38.8	         7.1	         0.0	        1.54	          48
       19440	        1995	       -38.3	         7.0	         0.0	        1.40	          48
       19450	        1996	       -38.3	         7.0	         0.0	        1.37	          48
       19460	        1997	       -38.3	         7.0	         0.0	        1.37	          48
       19470	        1998	       -38.3	         7.0	         0.0	        1.31	          48
       19480	        1999	       -38.5	         7.0	         0.0	        1.31	          48
       19490	        2000	       -38.5	         7.0	         0.0	        1.20	          48
       19500	        2001	       -39.0	         7.0	         0.0	        1.11	          48
       19510	        2002	       -39.5	         7.0	         0.0	        1.11	          48
       19520	        2003	       -40.0	         7.0	         0.0	        1.03	          48
       19530	        2004	       -40.5	         7.0	         0.0	        0.96	          48
       19540	        2005	       -40.8	         7.0	         0.0	        0.96	          48
       19550	        2006	       -41.0	         7.0	         0.0	        0.77	          48
       19560	        2007	       -41.0	         7.0	         0.0	        0.77	          48
       19570	        2008	       -41.0	         7.0	         0.0	        0.77	          48
       19580	        2009	       -40.8	         7.0	         0.0	        0.71	          48
       19590	        2010	       -41.0	         7.0	         0.0	        0.71	          48
       19600	        2011	       -41.3	         7.0	         0.0	        0.64	          48
       19610	        2012	       -41.8	         7.0	         0.0	        0.62	          48
       19620	        2013	       -41.5	         7.0	         0.0	        0.61	          48
       19630	        2014	       -41.5	         7.0	         0.0	        0.61	          48
       19640	        2015	       -41.0	         7.0	         0.0	        0.61	          48
       19650	        2016	       -40.3	         6.9	         0.0	        0.67	          48
       19660	        2017	       -39.0	         6.9	         0.0	        0.74	          48
       19670	        2018	       -37.8	         6.8	         0.0	        0.74	          48
       19680	        2019	       -36.0	         6.7	         0.0	        0.78	          48
       19690	        2020	       -33.5	         6.6	         0.0	        0.86	          48
       19700	        2021	       -30.8	         6.5	         0.0	        0.86	          48
       19710	        2022	       -27.0	         6.3	         0.0	        0.89	          48
       19720	        2023	       -21.8	         6.0	         0.0	        0.89	          48
       19730	        2024	       -14.3	         5.7	         0.0	        1.20	          48
       19740	        2026	        22.3	         4.9	         0.2	        1.34	          16
       19750	        2027	        22.3	         4.9	         0.2	        1.34	          16
       19760	        2028	        41.0	         4.6	         0.6	        1.47	          16
       19770	        2029	        53.0	         4.9	         1.2	        1.47	          16
       19780	        2031	        74.5	         5.4	         2.0	        1.59	          16
