%% Timestamp	     Counter	      Ch_000	      Ch_001	      Ch_002	      Ch_003	       Phase
       19790	        2032	       101.8	         5.7	         3.0	        1.70	          16
       19800	        2033	       118.0	         5.7	         4.2	        1.80	          16
       19810	        2034	       137.3	         5.6	         5.6	        1.80	          16
       19820	        2035	       152.5	         5.6	         7.0	        1.89	          16
       19830	        2036	       172.8	         5.8	         8.8	        1.89	          16
       19840	        2037	       195.5	         6.1	        12.6	        2.04	          16
       19850	        2038	       195.5	         6.1	        12.6	        2.04	          16
       19860	        2039	       203.5	         6.2	        14.6	        2.04	          16
       19870	        2040	       208.0	         6.3	        16.8	        2.11	          16
       19880	        2041	       217.0	         6.4	        18.8	        2.37	          16
       19890	        2042	       225.5	         6.5	        21.2	        2.37	          16
       19900	        2043	       230.0	         6.6	        23.4	        2.57	          16
       19910	        2044	       229.3	         6.8	        25.8	        2.57	          16
       19920	        2045	       228.5	         7.0	        28.0	        2.76	          16
       19930	        2046	       227.5	         7.2	        30.2	        2.76	          16
       19940	        2047	       223.0	         7.5	        32.6	        2.71	          16
       19950	        2048	       218.5	         7.8	        34.8	        2.88	          16
       19960	        2049	       203.3	         8.5	        38.8	        2.88	          16
       19970	        2050	       203.3	         8.5	        38.8	        2.88	          16
       19980	        2051	       193.5	         8.9	        40.8	        2.98	          16
       19990	        2052	       183.3	         9.2	        42.6	        2.98	          16
       20000	        2053	       170.5	         9.5	        44.4	        2.96	          16
       20010	        2054	       156.0	         9.9	        45.8	        2.96	          16
       20020	        2055	       141.0	        10.2	        47.2	        2.94	          16
       20030	        2056	       123.5	        10.5	        48.6	        2.86	          16
       20040	        2057	       107.5	        10.8	        49.6	        2.79	          16
       20050	        2058	        89.0	        11.0	        50.4	        2.79	          16
       20060	        2059	        57.5	        11.2	        51.8	        2.64	          16
       20070	        2060	        57.5	        11.2	        51.8	        2.64	          16
       20080	        2061	        38.3	        11.1	        52.2	        2.46	          16
       20090	        2062	        22.3	        11.2	        52.4	        2.34	          16
       20100	        2064	         6.8	        11.4	        52.4	        2.34	          48
       20110	        2065	        -5.5	        11.6	        52.4	        2.19	          48
       20120	        2066	       -26.8	        11.9	        52.2	        2.19	          48
       20130	        2067	       -48.3	        11.6	        51.6	        2.12	          48
       20140	        2068	       -62.3	        11.0	        51.0	        2.04	          48
       20150	        2069	       -90.3	         9.4	        49.4	        2.01	          48
       20160	        2070	       -90.3	         9.4	        49.4	        2.01	          48
       20170	        2071	       -95.3	         8.3	        48.4	        1.99	          48
       20180	        2072	       -82.3	         7.6	        47.6	        1.99	          48
       20190	        2073	       -79.0	         6.7	        46.8	        2.02	          48
       20200	        2074	       -50.3	         6.1	        46.2	        2.02	          48
       20210	        2075	       -33.8	         6.0	        46.0	        2.02	          48
       20220	        2076	       -36.0	         6.5	        45.6	        2.02	          48
       20230	        2077	       -43.0	         7.4	        45.2	        2.02	          48
       20240	        2078	       -54.0	         7.7	        44.6	        2.02	          48
       20250	        2079	       -75.8	         8.3	        43.2	        2.02	          48
       20260	        2080	       -93.5	         8.2	        42.4	        2.02	          48
       20270	        2081	       -93.5	         8.2	        42.4	        2.02	          48
       20280	        2082	       -81.8	         8.1	        41.6	        2.02	          48
       20290	        2083	       -81.5	         7.9	        40.6	        2.02	          48
       20300	        2084	       -76.5	         7.6	        40.0	        2.02	          48
       20310	        2085	       -70.8	         7.5	        39.2	        2.02	          48
       20320	        2086	       -78.8	         7.2	        38.4	        2.02	          48
       20330	        2087	       -69.5	         7.2	        37.8	        2.02	          48
       20340	        2088	       -76.8	         7.0	        37.0	        2.02	          48
       20350	        2089	       -67.3	         7.0	        36.4	        1.84	          48
       20360	        2090	       -73.5	         7.1	        35.6	        1.73	          48
       20370	        2091	       -66.0	         7.1	        34.2	        1.71	          48
       20380	        2092	       -66.0	         7.1	        34.2	        1.71	          48
       20390	        2093	       -68.0	         7.1	        33.6	        1.71	          48
       20400	        2094	       -62.0	         7.0	        33.0	        1.72	          48
       20410	        2095	       -61.0	         7.1	        32.4	        1.72	          48
       20420	        2096	       -58.3	         7.1	        31.8	        1.64	          48
       20430	        2097	       -61.3	         7.1	        31.2	        1.57	          48
       20440	        2098	       -60.8	         7.1	        30.6	        1.44	          48
       20450	        2099	       -58.5	         7.1	        30.0	        1.44	          48
       20460	        2100	       -59.5	         7.1	        29.4	        1.39	          48
       20470	        2101	       -62.0	         7.0	        28.8	        1.39	          48
       20480	        2102	       -56.8	         7.0	        27.6	        1.23	          48
       20490	        2103	       -56.8	         7.0	        27.6	        1.23	          48
       20500	        2104	       -57.5	         6.9	        27.0	        1.23	          48
       20510	        2105	       -56.0	         6.9	        26.4	        1.20	          48
       20520	        2106	       -52.8	         6.7	        25.8	        1.20	          48
       20530	        2107	       -49.5	         6.7	        25.4	        1.16	          48
       20540	        2108	       -47.8	         6.7	        25.0	        1.16	          48
       20550	        2109	       -48.5	         6.7	        24.4	        1.16	          48
       20560	        2110	       -47.5	         6.8	        24.0	        1.10	          48
       20570	        2111	       -47.0	         6.8	        23.4	        1.00	          48
       20580	        2112	       -50.3	         6.9	        22.4	        0.93	          48
       20590	        2113	       -50.3	         6.9	        22.4	        0.93	          48
       20600	        2114	       -50.8	         6.9	        22.0	        0.86	          48
       20610	        2115	       -48.5	         6.8	        21.6	        0.86	          48
       20620	        2116	       -47.5	         6.8	        21.0	        0.84	          48
       20630	        2117	       -47.3	         6.8	        20.6	        0.84	          48
       20640	        2118	       -46.8	         6.8	        20.0	        0.80	          48
       20650	        2119	       -46.3	         6.8	        19.6	        0.86	          48
       20660	        2120	       -45.8	         6.7	        19.2	        0.86	          48
       20670	        2121	       -45.5	         6.7	        18.8	        0.89	          48
       20680	        2122	       -44.8	         6.7	        18.2	        0.89	          48
       20690	        2123	       -43.8	         6.6	        17.8	        0.82	          48
       20700	        2124	       -41.5	         6.6	        17.0	        0.77	          48
       20710	        2125	       -41.5	         6.6	        17.0	        0.77	          48
       20720	        2126	       -40.5	         6.6	        16.6	        0.72	          48
       20730	        2127	       -39.3	         6.6	        16.2	        0.67	          48
       20740	        2128	       -38.3	         6.6	        15.8	        0.67	          48
       20750	        2129	       -37.0	         6.6	        15.4	        0.63	          48
       20760	        2130	       -36.3	         6.6	        15.0	        0.63	          48
       20770	        2131	       -35.3	         6.6	        14.8	        0.59	          48
       20780	        2132	       -34.5	         6.6	        14.4	        0.56	          48
       20790	        2133	       -33.8	         6.6	        14.0	        0.56	          48
       20800	        2134	       -33.0	         6.6	        13.8	        0.52	          48
       20810	        2135	       -32.0	         6.6	        13.0	        0.50	          48
       20820	        2136	       -32.0	         6.6	        13.0	        0.50	          48
       20830	        2137	       -31.8	         6.6	        12.8	        0.47	          48
       20840	        2138	       -31.0	         6.5	        12.4	        0.47	          48
       20850	        2139	       -30.0	         6.5	        12.2	        0.44	          48
       20860	        2140	       -29.3	         6.5	        11.8	        0.44	          48
       20870	        2141	       -28.3	         6.5	        11.6	        0.44	          48
       20880	        2142	       -27.8	         6.5	        11.2	        0.47	          48
       20890	        2143	       -27.0	         6.4	        11.0	        0.48	          48
       20900	        2144	       -26.5	         6.4	        10.8	        0.48	          48
       20910	        2145	       -25.5	         6.4	        10.6	        0.48	          48
       20920	        2146	       -23.3	         6.4	        10.0	        0.47	          48
       20930	        2147	       -23.3	         6.4	        10.0	        0.47	          48
       20940	        2148	       -22.0	         6.4	         9.8	        0.49	          48
       20950	        2149	       -21.0	         6.4	         9.6	        0.49	          48
       20960	        2150	       -19.5	         6.3	         9.4	        0.47	          48
       20970	        2151	       -18.5	         6.3	         9.2	        0.43	          48
       20980	        2152	       -18.0	         6.3	         9.0	        0.43	          48
       20990	        2153	       -18.0	         6.3	         8.8	        0.39	          48
       21000	        2154	       -17.0	         6.3	         8.6	        0.41	          48
       21010	        2155	       -16.0	         6.3	         8.6	        0.41	          48
       21020	        2156	       -15.5	         6.3	         8.4	        0.43	          48
       21030	        2157	       -15.3	         6.3	         8.2	        0.43	          48
       21040	        2158	       -14.0	         6.3	         8.0	        0.44	          48
       21050	        2159	       -14.0	         6.3	         8.0	        0.44	          48
       21060	        2160	       -14.5	         6.3	         7.8	        0.44	          48
       21070	        2161	       -14.8	         6.3	         7.6	        0.44	          48
       21080	        2162	       -14.8	         6.3	         7.4	        0.48	          48
       21090	        2163	       -14.8	         6.3	         7.4	        0.48	          48
       21100	        2164	       -14.8	         6.3	         7.2	        0.51	          48
       21110	        2165	       -14.0	         6.3	         7.0	        0.51	          48
       21120	        2166	       -13.0	         6.3	         7.0	        0.51	          48
       21130	        2167	       -13.0	         6.3	         6.8	        0.53	          48
       21140	        2168	       -12.3	         6.2	         6.6	        0.53	          48
       21150	        2169	       -11.3	         6.2	         6.4	        0.55	          48
       21160	        2170	       -11.5	         6.2	         6.4	        0.55	          48
       21170	        2171	       -11.5	         6.2	         6.4	        0.55	          48
       21180	        2172	       -11.3	         6.2	         6.2	        0.54	          48
       21190	        2173	       -11.0	         6.2	         6.2	        0.54	          48
       21200	        2174	       -11.0	         6.2	         6.0	        0.55	          48
       21210	        2175	       -11.0	         6.2	         5.8	        0.55	          48
       21220	        2176	       -10.8	         6.2	         5.8	        0.55	          48
       21230	        2177	       -10.5	         6.2	         5.6	        0.55	          48
       21240	        2178	        -9.5	         6.2	         5.6	        0.55	          48
       21250	        2179	        -9.3	         6.2	         5.4	        0.55	          48
       21260	        2180	        -8.3	         6.1	         5.4	        0.55	          48
       21270	        2181	        -8.3	         6.1	         5.4	        0.55	          48
       21280	        2182	        -8.0	         6.1	         5.2	        0.55	          48
       21290	        2183	        -8.0	         6.1	         5.2	        0.55	          48
       21300	        2184	        -8.5	         6.1	         5.0	        0.55	          48
       21310	        2185	        -8.5	         6.1	         5.0	        0.55	          48
       21320	        2186	        -9.0	         6.1	         5.0	        0.55	          48
       21330	        2187	        -9.0	         6.1	         4.8	        0.55	          48
       21340	        2188	        -9.0	         6.1	         4.8	        0.55	          48
       21350	        2189	        -9.0	         6.1	         4.6	        0.55	          48
       21360	        2190	        -9.0	         6.1	         4.6	        0.55	          48
       21370	        2191	        -8.8	         6.1	         4.4	        0.51	          48
       21380	        2192	        -8.5	         6.1	         4.4	        0.51	          48
       21390	        2193	        -8.3	         6.1	         4.2	        0.49	          48
       21400	        2194	        -8.0	         6.1	         4.2	        0.49	          48
       21410	        2195	        -8.3	         6.1	         4.2	        0.45	          48
       21420	        2196	        -8.3	         6.1	         4.0	        0.41	          48
       21430	        2197	        -8.3	         6.1	         4.0	        0.41	          48
       21440	        2198	        -8.3	         6.1	         3.8	        0.40	          48
       21450	        2199	        -8.0	         6.1	         3.8	        0.39	          48
       21460	        2200	        -8.0	         6.1	         3.8	        0.39	          48
       21470	        2201	        -7.5	         6.1	         3.6	        0.41	          48
       21480	        2202	        -7.0	         6.0	         3.6	        0.41	          48
       21490	        2203	        -6.8	         6.0	         3.4	        0.37	          48
       21500	        2204	        -6.0	         6.0	         3.4	        0.34	          48
       21510	        2205	        -5.0	         6.0	         3.4	        0.34	          48
       21520	        2206	        -4.0	         5.9	         3.4	        0.36	          48
       21530	        2207	        -3.0	         5.8	         3.4	        0.36	          48
       21540	        2208	        -1.8	         5.8	         3.4	        0.44	          48
       21550	        2209	         0.5	         5.7	         3.4	        0.54	          48
       21560	        2210	         8.5	         5.3	         3.4	        0.59	          48
       21570	        2211	         8.5	         5.3	         3.4	        0.59	          48
       21580	        2212	        13.8	         5.0	         3.4	        0.80	          48
       21590	        2213	        20.8	         4.7	         0.2	        0.80	          48
       21600	        2215	        34.5	         4.2	         0.6	        1.07	          16
       21610	        2216	        45.5	         3.7	         1.0	        1.43	          16
       21620	        2217	        78.3	         2.8	         2.6	        1.72	          16
       21630	        2218	        93.3	         3.4	         3.4	        1.72	          16
       21640	        2219	        93.3	         3.4	         3.4	        1.72	          16
       21650	        2220	       108.0	         4.5	         4.6	        1.89	          16
       21660	        2221	       121.8	         5.6	         5.8	        2.33	          16
       21670	        2222	       150.8	         6.2	         7.2	        2.33	          16
       21680	        2223	       137.5	         7.0	         8.6	        2.51	          16
       21690	        2224	       174.8	         7.7	        10.4	        2.96	          16
       21700	        2225	       185.0	         8.2	        12.2	        2.96	          16
       21710	        2226	       210.5	         8.4	        14.4	        3.23	          16
       21720	        2227	       216.0	         8.6	        16.6	        3.47	          16
       21730	        2228	       212.5	         8.9	        18.6	        3.47	          16
       21740	        2229	       237.0	         9.1	        21.0	        3.70	          16
       21750	        2230	       237.8	         9.2	        25.6	        3.90	          16
       21760	        2231	       237.8	         9.2	        25.6	        3.90	          16
       21770	        2232	       227.0	         9.3	        28.0	        3.90	          16
       21780	        2234	       230.3	         9.4	        30.2	        4.08	          16
       21790	        2235	       229.3	         9.6	        32.6	        4.25	          16
       21800	        2236	       225.0	         9.8	        34.8	        4.25	          16
       21810	        2237	       220.0	        10.1	        37.0	        4.40	          16
       21820	        2238	       208.8	        10.5	        39.0	        4.40	          16
       21830	        2239	       198.8	        10.9	        41.0	        4.54	          16
       21840	        2240	       190.8	        11.4	        43.0	        4.67	          16
       21850	        2241	       165.5	        12.2	        46.4	        4.52	          16
       21860	        2242	       165.5	        12.2	        46.4	        4.52	          16
       21870	        2243	       149.0	        12.6	        47.8	        4.28	          16
       21880	        2244	       137.8	        12.9	        49.2	        4.04	          16
       21890	        2245	       125.3	        13.1	        50.4	        4.04	          16
       21900	        2246	       109.5	        13.3	        51.6	        3.75	          16
       21910	        2247	        97.0	        13.4	        52.6	        3.75	          16
       21920	        2248	        86.3	        13.4	        53.4	        3.47	          16
       21930	        2250	        77.5	        13.0	        54.2	        3.47	          48
       21940	        2251	        61.0	        12.7	        54.8	        3.27	          48
       21950	        2252	        44.0	        12.4	        55.2	        3.11	          48
       21960	        2253	         6.5	        11.6	        55.6	        3.07	          48
       21970	        2254	         6.5	        11.6	        55.6	        3.07	          48
       21980	        2255	       -15.8	        11.1	        55.4	        2.88	          48
       21990	        2256	       -33.8	        10.5	        55.0	        2.88	          48
       22000	        2257	       -45.0	         9.8	        54.6	        2.78	          48
       22010	        2258	       -49.8	         9.2	        54.2	        2.66	          48
       22020	        2259	       -52.8	         8.6	        53.6	        2.66	          48
       22030	        2260	       -51.0	         8.2	        53.0	        2.60	          48
       22040	        2261	       -51.0	         7.8	        52.0	        2.51	          48
       22050	        2262	       -51.0	         7.8	        52.0	        2.51	          48
       22060	        2263	       -52.5	         7.8	        51.6	        2.43	          48
       22070	        2264	       -54.8	         7.8	        51.0	        2.43	          48
       22080	        2265	       -57.8	         7.9	        50.4	        2.38	          48
       22090	        2266	       -59.8	         8.0	        49.8	        2.22	          48
       22100	        2267	       -61.8	         8.0	        49.2	        2.22	          48
       22110	        2268	       -63.0	         8.1	        48.6	        2.11	          48
       22120	        2269	       -65.3	         8.1	        48.0	        2.11	          48
       22130	        2270	       -66.5	         8.1	        47.2	        2.02	          48
       22140	        2271	       -69.8	         8.0	        45.8	        1.89	          48
       22150	        2272	       -69.8	         8.0	        45.8	        1.89	          48
       22160	        2273	       -71.5	         7.9	        45.2	        1.87	          48
       22170	        2274	       -73.0	         7.9	        44.4	        1.77	          48
       22180	        2275	       -73.0	         7.8	        43.8	        1.77	          48
       22190	        2276	       -73.8	         7.7	        43.0	        1.75	          48
       22200	        2277	       -74.0	         7.7	        42.2	        1.75	          48
       22210	        2278	       -74.0	         7.6	        41.4	        1.70	          48
       22220	        2279	       -73.0	         7.6	        40.8	        1.65	          48
       22230	        2280	       -72.0	         7.5	        40.0	        1.61	          48
       22240	        2281	       -71.8	         7.5	        39.4	        1.61	          48
       22250	        2282	       -69.5	         7.4	        38.0	        1.57	          48
       22260	        2283	       -69.5	         7.4	        38.0	        1.57	          48
       22270	        2284	       -68.5	         7.3	        37.2	        1.54	          48
       22280	        2285	       -67.0	         7.3	        36.6	        1.54	          48
       22290	        2286	       -66.0	         7.3	        36.0	        1.51	          48
       22300	        2287	       -65.0	         7.3	        35.2	        1.48	          48
       22310	        2288	       -64.0	         7.2	        34.6	        1.48	          48
       22320	        2289	       -63.0	         7.2	        34.0	        1.45	          48
       22330	        2290	       -61.5	         7.2	        33.4	        1.43	          48
       22340	        2291	       -56.5	         7.1	        32.2	        1.40	          48
       22350	        2292	       -56.5	         7.1	        32.2	        1.40	          48
       22360	        2293	       -57.0	         7.1	        31.6	        1.40	          48
       22370	        2294	       -56.3	         7.1	        31.0	        1.34	          48
       22380	        2295	       -52.5	         7.0	        30.6	        1.25	          48
       22390	        2296	       -54.0	         7.1	        30.0	        1.25	          48
       22400	        2297	       -53.3	         7.1	        29.4	        1.15	          48
       22410	        2298	       -54.0	         7.0	        29.0	        1.08	          48
       22420	        2299	       -54.3	         7.0	        28.4	        1.08	          48
       22430	        2300	       -54.0	         7.1	        27.8	        1.02	          48
       22440	        2301	       -58.3	         7.1	        27.2	        1.00	          48
       22450	        2302	       -56.0	         7.1	        26.2	        0.99	          48
       22460	        2303	       -56.0	         7.1	        26.2	        0.99	          48
       22470	        2304	       -59.8	         7.0	        25.6	        0.99	          48
       22480	        2305	       -57.0	         7.0	        25.0	        0.92	          48
       22490	        2306	       -57.5	         7.0	        24.4	        0.87	          48
       22500	        2307	       -56.0	         6.9	        23.8	        0.87	          48
       22510	        2308	       -56.5	         6.9	        23.2	        0.84	          48
       22520	        2309	       -55.5	         6.9	        22.8	        0.78	          48
       22530	        2310	       -53.3	         6.8	        22.2	        0.78	          48
       22540	        2311	       -51.0	         6.7	        21.6	        0.78	          48
       22550	        2312	       -47.3	         6.7	        21.2	        0.77	          48
       22560	        2313	       -42.5	         6.6	        20.4	        0.70	          48
       22570	        2314	       -42.5	         6.6	        20.4	        0.70	          48
       22580	        2315	       -43.3	         6.8	        20.0	        0.68	          48
       22590	        2316	       -44.0	         6.8	        19.4	        0.67	          48
       22600	        2317	       -46.3	         6.9	        19.0	        0.67	          48
       22610	        2318	       -48.3	         6.9	        18.6	        0.67	          48
       22620	        2319	       -50.0	         6.9	        18.0	        0.65	          48
       22630	        2320	       -48.3	         6.9	        17.0	        0.57	          48
       22640	        2321	       -48.3	         6.9	        17.0	        0.57	          48
       22650	        2322	       -47.3	         6.8	        16.6	        0.55	          48
       22660	        2323	       -46.5	         6.8	        16.0	        0.55	          48
       22670	        2324	       -46.8	         6.8	        15.6	        0.53	          48
       22680	        2325	       -46.8	         6.7	        15.2	        0.54	          48
       22690	        2326	       -45.8	         6.7	        14.8	        0.54	          48
       22700	        2327	       -46.5	         6.7	        14.2	        0.56	          48
       22710	        2328	       -46.5	         6.7	        13.8	        0.56	          48
       22720	        2329	       -47.3	         6.7	        13.4	        0.60	          48
       22730	        2330	       -46.5	         6.7	        12.8	        0.60	          48
       22740	        2331	       -45.8	         6.7	        12.4	        0.60	          48
       22750	        2332	       -45.0	         6.6	        11.4	        0.60	          48
       22760	        2333	       -45.0	         6.6	        11.4	        0.60	          48
       22770	        2334	       -43.8	         6.6	        11.0	        0.60	          48
       22780	        2335	       -41.8	         6.6	        10.6	        0.60	          48
       22790	        2336	       -41.0	         6.6	        10.2	        0.60	          48
       22800	        2337	       -40.3	         6.6	         9.8	        0.60	          48
       22810	        2338	       -39.0	         6.5	         9.4	        0.60	          48
       22820	        2339	       -38.0	         6.5	         9.0	        0.60	          48
       22830	        2340	       -37.0	         6.6	         8.6	        0.60	          48
       22840	        2341	       -36.3	         6.6	         8.4	        0.60	          48
       22850	        2342	       -33.5	         6.5	         7.6	        0.60	          48
       22860	        2343	       -33.5	         6.5	         7.6	        0.60	          48
       22870	        2344	       -32.8	         6.5	         7.2	        0.60	          48
       22880	        2345	       -31.8	         6.5	         7.0	        0.60	          48
       22890	        2346	       -29.8	         6.4	         6.6	        0.61	          48
       22900	        2347	       -27.8	         6.4	         6.4	        0.61	          48
       22910	        2348	       -25.3	         6.3	         6.2	        0.62	          48
       22920	        2349	       -22.5	         6.3	         6.0	        0.62	          48
       22930	        2350	       -19.0	         6.2	         5.8	        0.66	          48
       22940	        2351	       -15.8	         6.1	         5.6	        0.68	          48
       22950	        2352	       -12.3	         6.0	         5.4	        0.68	          48
       22960	        2353	        -3.8	         5.7	         5.4	        1.23	          48
       22970	        2354	        -3.8	         5.7	         5.4	        1.23	          48
       22980	        2356	         0.0	         5.5	         5.4	        1.23	          16
       22990	        2357	        10.0	         5.3	         0.2	        1.78	          16
       23000	        2358	        23.0	         5.0	         0.4	        1.78	          16
       23010	        2359	        36.5	         4.9	         0.8	        2.45	          16
       23020	        2360	        47.5	         5.2	         1.2	        2.83	          16
       23030	        2361	        67.0	         5.7	         1.8	        2.83	          16
       23040	        2362	        93.5	         5.8	         2.8	        3.55	          16
       23050	        2363	       137.5	         5.5	         5.4	        4.25	          16
       23060	        2364	       137.5	         5.5	         5.4	        4.25	          16
       23070	        2365	       153.3	         5.5	         7.0	        5.30	          16
       23080	        2366	       176.0	         5.7	         8.6	        5.30	          16
       23090	        2367	       187.0	         5.8	        10.6	        6.56	          16
       23100	        2368	       194.8	         6.2	        12.4	        7.27	          16
       23110	        2369	       200.3	         6.5	        14.4	        7.27	          16
       23120	        2370	       207.5	         6.9	        16.6	        7.56	          16
       23130	        2371	       215.8	         7.5	        18.8	        7.56	          16
       23140	        2372	       221.0	         8.1	        21.0	        7.89	          16
       23150	        2373	       230.0	         9.3	        25.6	        7.93	          16
       23160	        2374	       230.0	         9.3	        25.6	        7.93	          16
       23170	        2375	       231.0	         9.9	        27.8	        8.20	          16
       23180	        2377	       226.0	        10.5	        30.0	        8.28	          16
       23190	        2378	       227.5	        10.9	        32.4	        8.28	          16
       23200	        2379	       218.0	        11.3	        34.6	        8.44	          16
       23210	        2380	       209.0	        11.7	        36.6	        8.44	          16
       23220	        2381	       195.3	        12.2	        38.6	        8.58	          16
       23230	        2382	       178.5	        12.7	        40.4	        8.71	          16
       23240	        2383	       163.5	        13.1	        42.0	        8.83	          16
       23250	        2384	       118.3	        14.0	        44.6	        8.94	          16
       23260	        2385	       118.3	        14.0	        44.6	        8.94	          16
       23270	        2386	        94.0	        14.5	        45.6	        8.94	          16
       23280	        2387	        69.3	        14.9	        46.2	        9.03	          16
       23290	        2388	        46.5	        15.3	        46.6	        9.12	          16
       23300	        2389	        20.5	        15.4	        46.8	        9.12	          16
       23310	        2391	         1.0	        15.6	        46.8	        9.20	          48
       23320	        2392	       -19.3	        16.1	        46.6	        9.20	          48
       23330	        2393	       -39.3	        16.3	        46.2	        9.28	          48
       23340	        2394	       -57.8	        16.2	        45.8	        9.35	          48
       23350	        2395	       -77.5	        15.7	        45.0	        9.35	          48
       23360	        2396	      -104.5	        13.6	        43.0	        7.85	          48
       23370	        2397	      -104.5	        13.6	        43.0	        7.85	          48
       23380	        2398	      -106.0	        12.1	        42.0	        7.85	          48
       23390	        2399	       -96.0	        10.3	        41.0	        7.16	          48
       23400	        2400	       -80.8	         8.9	        40.2	        7.16	          48
       23410	        2401	       -59.0	         8.3	        39.6	        6.61	          48
       23420	        2402	       -45.5	         7.8	        39.0	        6.08	          48
       23430	        2403	       -43.5	         8.1	        38.6	        6.08	          48
       23440	        2404	       -48.8	         9.1	        38.2	        5.59	          48
       23450	        2405	       -83.3	         9.8	        36.6	        5.15	          48
       23460	        2406	       -83.3	         9.8	        36.6	        5.15	          48
       23470	        2407	       -99.0	         9.8	        35.6	        4.71	          48
       23480	        2408	      -111.5	         9.8	        34.6	        4.31	          48
       23490	        2409	      -112.5	         9.6	        33.4	        4.31	          48
       23500	        2410	      -110.0	         9.3	        32.4	        3.96	          48
       23510	        2411	      -107.0	         9.0	        31.2	        3.96	          48
       23520	        2412	       -99.3	         8.5	        30.2	        3.64	          48
       23530	        2413	      -100.3	         8.4	        29.2	        3.37	          48
       23540	        2414	       -95.0	         8.1	        28.4	        3.37	          48
       23550	        2415	       -88.5	         8.1	        27.4	        3.24	          48
       23560	        2416	       -93.3	         8.1	        26.6	        3.24	          48
       23570	        2417	       -83.8	         8.1	        25.6	        3.02	          48
       23580	        2418	       -89.3	         8.2	        24.8	        3.02	          48
       23590	        2419	       -89.8	         8.2	        23.8	        2.82	          48
       23600	        2420	       -84.5	         8.2	        23.0	        2.65	          48
       23610	        2421	       -91.8	         8.2	        22.2	        2.51	          48
       23620	        2422	       -84.3	         8.1	        21.2	        2.51	          48
       23630	        2423	       -85.5	         8.0	        19.6	        2.35	          48
       23640	        2424	       -85.5	         8.0	        19.6	        2.35	          48
       23650	        2425	       -83.8	         7.9	        18.8	        2.25	          48
       23660	        2426	       -82.0	         7.8	        18.0	        2.10	          48
       23670	        2427	       -79.3	         7.7	        17.2	        2.10	          48
       23680	        2428	       -81.0	         7.8	        16.4	        2.00	          48
       23690	        2429	       -82.0	         7.7	        15.4	        1.87	          48
       23700	        2430	       -76.0	         7.6	        14.8	        1.87	          48
       23710	        2431	       -74.5	         7.6	        14.0	        1.77	          48
       23720	        2432	       -77.5	         7.5	        13.2	        1.77	          48
       23730	        2433	       -72.5	         7.4	        12.4	        1.68	          48
       23740	        2434	       -69.5	         7.4	        11.8	        1.59	          48
       23750	        2435	       -64.8	         7.3	        10.4	        1.52	          48
       23760	        2436	       -64.8	         7.3	        10.4	        1.52	          48
       23770	        2437	       -64.8	         7.3	        10.4	        1.52	          48
       23780	        2438	       -58.0	         7.2	         9.2	        1.45	          48
       23790	        2439	       -55.8	         7.1	         8.8	        1.38	          48
       23800	        2440	       -53.0	         7.1	         8.2	        1.38	          48
       23810	        2441	       -50.3	         7.0	         7.6	        1.33	          48
       23820	        2442	       -49.3	         7.0	         7.2	        1.27	          48
       23830	        2443	       -47.5	         7.0	         6.8	        1.27	          48
       23840	        2444	       -45.5	         7.0	         6.2	        1.23	          48
       23850	        2445	       -43.0	         6.9	         5.8	        1.13	          48
       23860	        2446	       -38.0	         6.8	         5.0	        1.08	          48
       23870	        2447	       -38.0	         6.8	         5.0	        1.08	          48
       23880	        2448	       -36.8	         6.9	         4.6	        1.08	          48
       23890	        2449	       -35.8	         6.9	         4.4	        1.09	          48
       23900	        2450	       -35.0	         6.9	         4.0	        1.05	          48
       23910	        2451	       -34.5	         6.9	         3.6	        1.05	          48
       23920	        2452	       -35.3	         6.9	         3.2	        1.05	          48
       23930	        2453	       -35.0	         6.9	         3.0	        0.98	          48
       23940	        2454	       -33.3	         6.9	         2.6	        0.98	          48
       23950	        2455	       -32.5	         6.9	         2.2	        0.90	          48
       23960	        2456	       -31.5	         6.9	         2.0	        0.87	          48
       23970	        2457	       -30.0	         6.9	         1.4	        0.86	          48
       23980	        2458	       -30.0	         6.9	         1.4	        0.86	          48
       23990	        2459	       -29.0	         6.9	         1.0	        0.86	          48
       24000	        2460	       -28.3	         6.8	         0.8	        0.81	          48
       24010	        2461	       -27.5	         6.8	         0.6	        0.81	          48
       24020	        2462	       -27.0	         6.8	         0.2	        0.78	          48
       24030	        2463	       -26.5	         6.8	         0.0	        0.78	          48
       24040	        2464	       -26.3	         6.8	         0.0	        0.76	          48
       24050	        2465	       -26.0	         6.8	         0.0	        0.76	          48
       24060	        2466	       -26.0	         6.8	         0.0	        0.72	          48
       24070	        2467	       -25.0	         6.8	         0.0	        0.72	          48
       24080	        2468	       -23.8	         6.7	         0.0	        0.70	          48
       24090	        2469	       -23.8	         6.7	         0.0	        0.70	          48
       24100	        2470	       -23.0	         6.7	         0.0	        0.70	          48
       24110	        2471	       -22.5	         6.7	         0.0	        0.71	          48
       24120	        2472	       -22.0	         6.7	         0.0	        0.75	          48
       24130	        2473	       -21.5	         6.6	         0.0	        0.75	          48
       24140	        2474	       -20.8	         6.6	         0.0	        0.69	          48
       24150	        2475	       -20.3	         6.6	         0.0	        0.69	          48
       24160	        2476	       -20.3	         6.6	         0.0	        0.63	          48
       24170	        2477	       -20.0	         6.6	         0.0	        0.57	          48
       24180	        2478	       -19.8	         6.6	         0.0	        0.54	          48
       24190	        2479	       -19.8	         6.6	         0.0	        0.54	          48
       24200	        2480	       -20.0	         6.6	         0.0	        0.51	          48
       24210	        2481	       -19.5	         6.5	         0.0	        0.51	          48
       24220	        2482	       -18.8	         6.5	         0.0	        0.47	          48
       24230	        2483	       -17.5	         6.5	         0.0	        0.47	          48
       24240	        2484	       -16.5	         6.4	         0.0	        0.44	          48
       24250	        2485	       -15.8	         6.4	         0.0	        0.44	          48
       24260	        2486	       -14.5	         6.3	         0.0	        0.41	          48
       24270	        2487	       -13.8	         6.3	         0.0	        0.39	          48
       24280	        2488	       -13.0	         6.3	         0.0	        0.36	          48
       24290	        2489	       -12.5	         6.2	         0.0	        0.36	          48
       24300	        2490	       -11.0	         6.1	         0.0	        0.34	          48
       24310	        2491	       -11.0	         6.1	         0.0	        0.34	          48
       24320	        2492	       -10.3	         6.1	         0.0	        0.32	          48
       24330	        2493	        -9.8	         6.1	         0.0	        0.30	          48
       24340	        2494	        -9.0	         6.0	         0.0	        0.30	          48
       24350	        2495	        -8.5	         6.0	         0.0	        0.29	          48
       24360	        2496	        -8.3	         6.0	         0.0	        0.29	          48
       24370	        2497	        -7.8	         5.9	         0.0	        0.35	          48
       24380	        2498	        -6.8	         5.9	         0.0	        0.39	          48
       24390	        2499	        -6.0	         5.8	         0.0	        0.39	          48
       24400	        2500	        -5.0	         5.8	         0.0	        0.42	          48
       24410	        2501	        -1.8	         5.6	         0.0	        0.60	          48
       24420	        2502	         1.3	         5.4	         0.0	        1.06	          48
       24430	        2503	         1.3	         5.4	         0.0	        1.06	          48
       24440	        2505	         3.8	         5.4	         0.0	        1.06	          16
       24450	        2506	        12.5	         5.2	         0.2	        1.55	          16
       24460	        2507	        21.8	         5.2	         0.4	        2.20	          16
       24470	        2508	        27.5	         5.5	         0.8	        2.20	          16
       24480	        2509	        36.3	         6.2	         1.0	        2.42	          16
       24490	        2510	        57.0	         6.7	         1.6	        2.42	          16
       24500	        2511	        77.5	         6.8	         2.4	        2.86	          16
       24510	        2512	        95.0	         6.7	         3.4	        3.45	          16
       24520	        2513	       126.3	         6.7	         5.8	        4.03	          16
       24530	        2514	       126.3	         6.7	         5.8	        4.03	          16
       24540	        2515	       144.3	         6.8	         7.2	        4.46	          16
       24550	        2516	       150.3	         6.8	         8.6	        4.46	          16
       24560	        2517	       150.5	         6.9	        10.2	        5.18	          16
       24570	        2518	       159.8	         7.1	        11.8	        5.80	          16
       24580	        2520	       154.0	         7.4	        13.2	        5.80	          16
       24590	        2521	       168.8	         7.8	        15.0	        6.77	          16
       24600	        2522	       172.0	         8.0	        16.8	        6.77	          16
       24610	        2523	       180.5	         8.1	        18.6	        7.50	          16
       24620	        2524	       185.0	         8.9	        22.2	        8.42	          16
       24630	        2525	       185.0	         8.9	        22.2	        8.42	          16
       24640	        2526	       203.8	         9.2	        24.2	        8.85	          16
       24650	        2527	       200.8	         9.5	        26.2	        9.40	          16
       24660	        2528	       203.0	        10.0	        28.2	        9.40	          16
       24670	        2529	       199.5	        10.4	        30.2	        9.51	          16
       24680	        2530	       209.0	        10.9	        32.4	        9.51	          16
       24690	        2531	       202.8	        11.4	        34.4	        9.80	          16
       24700	        2532	       196.5	        11.9	        36.4	       10.07	          16
       24710	        2533	       190.0	        12.4	        38.2	       10.07	          16
       24720	        2534	       183.5	        12.8	        40.0	       10.32	          16
       24730	        2535	       173.5	        13.2	        41.8	       10.32	          16
       24740	        2536	       146.8	        14.0	        44.8	       10.74	          16
       24750	        2537	       132.8	        14.4	        46.2	       10.74	          16
       24760	        2538	       132.8	        14.4	        46.2	       10.74	          16
       24770	        2539	       115.0	        14.8	        47.4	       10.93	          16
       24780	        2540	        97.0	        15.1	        48.4	       11.09	          16
       24790	        2541	        78.8	        15.4	        49.2	       11.09	          16
       24800	        2542	        61.0	        15.7	        49.8	       11.25	          16
       24810	        2543	        46.0	        15.8	        50.2	       11.25	          16
       24820	        2544	        29.0	        15.8	        50.4	       11.39	          16
       24830	        2545	        13.3	        15.9	        50.6	       10.47	          16
       24840	        2546	        -9.0	        16.3	        50.6	        9.59	          16
       24850	        2547	        -9.0	        16.3	        50.6	        9.59	          16
       24860	        2548	       -15.5	        16.5	        50.4	        8.79	          16
       24870	        2549	       -20.3	        16.6	        50.2	        8.79	          16
       24880	        2551	       -20.5	        16.7	        50.0	        8.07	          48
       24890	        2552	       -18.0	        16.8	        49.8	        7.36	          48
       24900	        2553	       -23.3	        16.8	        49.6	        7.36	          48
       24910	        2554	       -29.0	        16.5	        49.2	        6.72	          48
       24920	        2555	       -43.3	        16.0	        48.8	        6.17	          48
       24930	        2556	       -58.0	        15.0	        48.2	        6.17	          48
       24940	        2557	       -71.5	        13.8	        47.6	        5.65	          48
       24950	        2558	       -83.0	        11.1	        45.8	        5.18	          48
       24960	        2559	       -85.8	        10.0	        45.0	        4.71	          48
       24970	        2560	       -85.8	        10.0	        45.0	        4.71	          48
       24980	        2561	       -79.0	         9.2	        44.2	        4.71	          48
       24990	        2562	       -67.3	         8.4	        43.6	        4.34	          48
       25000	        2563	       -57.3	         8.4	        43.0	        4.34	          48
       25010	        2564	       -60.8	         8.4	        42.4	        3.96	          48
       25020	        2565	       -65.8	         9.0	        41.8	        3.62	          48
       25030	        2566	       -68.8	         9.3	        41.0	        3.62	          48
       25040	        2567	       -74.5	         9.4	        40.2	        3.33	          48
       25050	        2568	       -78.0	         9.5	        39.6	        3.08	          48
       25060	        2569	       -90.5	         9.4	        37.6	        2.88	          48
       25070	        2570	       -90.5	         9.4	        37.6	        2.88	          48
       25080	        2571	       -84.5	         9.0	        36.8	        2.88	          48
       25090	        2572	       -85.8	         8.8	        36.0	        2.66	          48
       25100	        2573	       -82.8	         8.8	        35.2	        2.47	          48
       25110	        2574	       -89.0	         8.6	        34.2	        2.47	          48
       25120	        2575	       -82.0	         8.3	        33.4	        2.25	          48
       25130	        2576	       -76.5	         8.3	        32.6	        2.10	          48
       25140	        2577	       -82.0	         8.2	        31.8	        2.10	          48
       25150	        2578	       -76.0	         8.1	        30.4	        1.90	          48
       25160	        2579	       -74.0	         8.1	        29.6	        1.71	          48
       25170	        2580	       -74.0	         8.1	        29.6	        1.71	          48
       25180	        2581	       -75.0	         8.1	        28.8	        1.53	          48
       25190	        2582	       -75.5	         8.1	        28.0	        1.53	          48
       25200	        2583	       -72.5	         8.0	        27.4	        1.37	          48
       25210	        2584	       -71.0	         7.9	        26.6	        1.22	          48
       25220	        2585	       -70.0	         7.9	        26.0	        1.22	          48
       25230	        2586	       -67.5	         7.8	        25.2	        1.09	          48
       25240	        2587	       -65.8	         7.7	        24.6	        0.97	          48
       25250	        2588	       -64.5	         7.7	        24.0	        0.97	          48
       25260	        2589	       -62.5	         7.6	        22.8	        0.86	          48
       25270	        2590	       -62.5	         7.6	        22.8	        0.86	          48
       25280	        2591	       -61.3	         7.6	        22.2	        0.76	          48
       25290	        2592	       -60.8	         7.5	        21.4	        0.76	          48
       25300	        2593	       -60.3	         7.5	        20.8	        0.67	          48
       25310	        2594	       -59.0	         7.4	        20.4	        0.58	          48
       25320	        2595	       -57.5	         7.4	        19.8	        0.51	          48
       25330	        2596	       -55.5	         7.3	        19.2	        0.51	          48
       25340	        2597	       -53.3	         7.2	        18.6	        0.49	          48
       25350	        2598	       -47.0	         7.1	        17.6	        0.47	          48
       25360	        2599	       -47.0	         7.1	        17.6	        0.47	          48
       25370	        2600	       -46.5	         7.1	        17.2	        0.46	          48
       25380	        2601	       -45.8	         7.2	        16.8	        0.46	          48
       25390	        2602	       -45.3	         7.2	        16.4	        0.50	          48
       25400	        2603	       -44.8	         7.2	        15.8	        0.50	          48
       25410	        2604	       -45.5	         7.1	        15.4	        0.55	          48
       25420	        2605	       -45.8	         7.1	        15.0	        0.52	          48
       25430	        2606	       -43.5	         7.1	        14.6	        0.52	          48
       25440	        2607	       -41.8	         7.0	        14.0	        0.53	          48
       25450	        2608	       -40.0	         7.0	        13.6	        0.53	          48
       25460	        2609	       -37.8	         6.9	        13.0	        0.51	          48
       25470	        2610	       -37.8	         6.9	        13.0	        0.51	          48
       25480	        2611	       -36.0	         6.8	        12.6	        0.51	          48
       25490	        2612	       -34.8	         6.8	        12.2	        0.49	          48
       25500	        2613	       -33.8	         6.8	        11.8	        0.49	          48
       25510	        2614	       -33.0	         6.8	        11.6	        0.49	          48
       25520	        2615	       -32.5	         6.8	        11.2	        0.48	          48
       25530	        2616	       -31.8	         6.8	        11.0	        0.44	          48
       25540	        2617	       -31.0	         6.8	        10.6	        0.44	          48
       25550	        2618	       -30.3	         6.8	        10.2	        0.48	          48
       25560	        2619	       -29.0	         6.8	        10.0	        0.48	          48
       25570	        2620	       -28.3	         6.8	         9.8	        0.45	          48
       25580	        2621	       -27.5	         6.8	         9.4	        0.47	          48
       25590	        2622	       -26.5	         6.8	         9.2	        0.47	          48
       25600	        2623	       -25.5	         6.8	         9.0	        0.52	          48
       25610	        2624	       -25.0	         6.8	         8.6	        0.48	          48
       25620	        2625	       -24.5	         6.8	         8.4	        0.48	          48
       25630	        2626	       -24.0	         6.8	         8.2	        0.45	          48
       25640	        2627	       -23.5	         6.8	         8.0	        0.45	          48
       25650	        2628	       -23.0	         6.8	         7.8	        0.45	          48
       25660	        2629	       -23.0	         6.8	         7.4	        0.42	          48
       25670	        2630	       -22.5	         6.8	         7.2	        0.42	          48
       25680	        2631	       -22.0	         6.7	         7.0	        0.44	          48
       25690	        2632	       -21.3	         6.7	         6.6	        0.43	          48
       25700	        2633	       -21.0	         6.7	         6.4	        0.42	          48
       25710	        2634	       -21.0	         6.7	         6.4	        0.42	          48
       25720	        2635	       -19.8	         6.7	         6.2	        0.42	          48
       25730	        2636	       -19.0	         6.6	         6.0	        0.41	          48
       25740	        2637	       -18.8	         6.6	         5.8	        0.41	          48
       25750	        2638	       -18.0	         6.6	         5.6	        0.41	          48
       25760	        2639	       -17.8	         6.6	         5.4	        0.40	          48
       25770	        2640	       -17.5	         6.6	         5.4	        0.40	          48
       25780	        2641	       -17.8	         6.6	         5.2	        0.40	          48
       25790	        2642	       -18.3	         6.6	         5.0	        0.39	          48
       25800	        2643	       -18.0	         6.6	         4.8	        0.39	          48
       25810	        2644	       -17.5	         6.6	         4.4	        0.38	          48
       25820	        2645	       -17.5	         6.6	         4.4	        0.38	          48
       25830	        2646	       -17.0	         6.5	         4.2	        0.38	          48
       25840	        2647	       -16.3	         6.5	         4.0	        0.42	          48
       25850	        2648	       -15.8	         6.5	         4.0	        0.41	          48
       25860	        2649	       -15.0	         6.5	         3.8	        0.41	          48
       25870	        2650	       -14.8	         6.4	         3.6	        0.42	          48
       25880	        2651	       -14.0	         6.4	         3.4	        0.42	          48
       25890	        2652	       -13.8	         6.4	         3.4	        0.47	          48
       25900	        2653	       -13.8	         6.4	         3.2	        0.50	          48
       25910	        2654	       -13.3	         6.4	         3.0	        0.50	          48
       25920	        2655	       -13.0	         6.4	         3.0	        0.49	          48
       25930	        2656	       -12.5	         6.3	         2.6	        0.51	          48
       25940	        2657	       -12.5	         6.3	         2.6	        0.51	          48
       25950	        2658	       -12.0	         6.3	         2.6	        0.49	          48
       25960	        2659	       -11.3	         6.3	         2.4	        0.49	          48
       25970	        2660	       -11.0	         6.3	         2.4	        0.49	          48
       25980	        2661	       -10.3	         6.2	         2.2	        0.42	          48
       25990	        2662	        -9.8	         6.2	         2.2	        0.42	          48
       26000	        2663	        -9.5	         6.2	         2.0	        0.44	          48
       26010	        2664	        -8.5	         6.1	         2.0	        0.44	          48
       26020	        2665	        -7.5	         6.1	         1.8	        0.53	          48
       26030	        2666	        -5.0	         6.0	         1.8	        0.86	          48
       26040	        2667	        -2.0	         5.8	         1.8	        1.45	          48
       26050	        2669	         4.0	         5.6	         1.8	        1.45	          16
       26060	        2670	         8.0	         5.5	         0.2	        2.24	          16
       26070	        2671	        20.8	         5.2	         0.4	        2.24	          16
       26080	        2672	        29.0	         5.1	         0.6	        2.86	          16
       26090	        2673	        31.5	         5.6	         1.0	        3.31	          16
       26100	        2674	        42.3	         6.3	         1.4	        3.31	          16
       26110	        2675	        58.0	         6.8	         2.0	        4.09	          16
       26120	        2676	        79.0	         6.9	         2.8	        4.09	          16
       26130	        2677	       101.5	         7.0	         4.6	        4.98	          16
       26140	        2678	       122.5	         7.2	         5.8	        5.39	          16
       26150	        2679	       122.5	         7.2	         5.8	        5.39	          16
       26160	        2680	       128.3	         7.5	         7.2	        5.56	          16
       26170	        2681	       141.0	         7.8	         8.6	        5.56	          16
       26180	        2683	       140.0	         7.9	        10.0	        5.90	          16
       26190	        2684	       151.0	         8.2	        11.4	        6.11	          16
       26200	        2685	       156.8	         8.4	        13.0	        6.11	          16
       26210	        2686	       169.3	         8.3	        14.8	        6.30	          16
       26220	        2687	       183.0	         8.3	        16.6	        6.48	          16
       26230	        2688	       184.0	         8.3	        18.4	        6.48	          16
       26240	        2689	       191.0	         8.7	        22.2	        6.64	          16
       26250	        2690	       191.0	         8.7	        22.2	        6.64	          16
       26260	        2691	       199.5	         8.8	        24.2	        6.79	          16
       26270	        2692	       194.3	         8.9	        26.2	        6.92	          16
       26280	        2693	       195.5	         9.1	        28.0	        6.92	          16
       26290	        2694	       193.5	         9.3	        30.0	        7.04	          16
       26300	        2695	       201.8	         9.5	        32.0	        7.15	          16
       26310	        2696	       194.8	         9.8	        34.0	        7.15	          16
       26320	        2697	       187.3	        10.1	        35.8	        7.25	          16
       26330	        2698	       185.0	        10.3	        37.6	        7.25	          16
       26340	        2699	       176.5	        10.6	        39.4	        6.78	          16
       26350	        2700	       168.5	        11.0	        41.2	        6.26	          16
       26360	        2701	       143.3	        11.7	        44.2	        5.76	          16
       26370	        2702	       143.3	        11.7	        44.2	        5.76	          16
       26380	        2703	       131.5	        12.0	        45.4	        5.26	          16
       26390	        2705	       120.5	        12.3	        46.6	        5.26	          48
       26400	        2706	       105.0	        11.9	        47.6	        4.88	          48
       26410	        2707	        90.8	        11.4	        48.6	        4.88	          48
       26420	        2708	        64.0	        11.0	        49.2	        4.50	          48
       26430	        2709	        41.0	        10.8	        49.6	        4.13	          48
       26440	        2710	         8.3	        10.6	        49.8	        3.87	          48
       26450	        2711	       -26.3	        10.4	        49.4	        3.87	          48
       26460	        2712	       -74.5	         9.6	        48.2	        3.64	          48
       26470	        2713	       -74.5	         9.6	        48.2	        3.64	          48
       26480	        2714	       -82.5	         9.2	        47.4	        3.42	          48
       26490	        2715	       -93.8	         8.7	        46.4	        3.15	          48
       26500	        2716	       -91.5	         8.3	        45.6	        3.15	          48
       26510	        2717	       -90.5	         8.0	        44.6	        3.01	          48
       26520	        2718	       -90.3	         7.7	        43.8	        3.01	          48
       26530	        2719	       -87.8	         7.6	        42.8	        2.82	          48
       26540	        2720	       -87.3	         7.5	        42.0	        2.82	          48
       26550	        2721	       -84.8	         7.6	        40.2	        2.36	          48
       26560	        2722	       -84.8	         7.6	        40.2	        2.36	          48
       26570	        2723	       -82.3	         7.7	        39.4	        2.17	          48
       26580	        2724	       -80.8	         7.7	        38.6	        2.17	          48
       26590	        2725	       -80.3	         7.7	        37.8	        1.99	          48
       26600	        2726	       -77.8	         7.6	        37.0	        1.99	          48
       26610	        2727	       -75.0	         7.6	        36.4	        1.88	          48
       26620	        2728	       -72.0	         7.5	        35.6	        1.68	          48
       26630	        2729	       -68.5	         7.4	        34.2	        1.56	          48
       26640	        2730	       -68.5	         7.4	        34.2	        1.56	          48
       26650	        2731	       -66.8	         7.4	        33.6	        1.56	          48
       26660	        2732	       -64.8	         7.3	        32.8	        1.49	          48
       26670	        2733	       -62.5	         7.3	        32.2	        1.40	          48
       26680	        2734	       -60.3	         7.2	        31.6	        1.40	          48
       26690	        2735	       -57.0	         7.2	        31.2	        1.33	          48
       26700	        2736	       -54.3	         7.1	        30.6	        1.26	          48
       26710	        2737	       -51.5	         7.1	        30.0	        1.26	          48
       26720	        2738	       -48.8	         7.0	        29.6	        1.18	          48
       26730	        2739	       -46.5	         7.0	        29.0	        1.11	          48
       26740	        2740	       -44.3	         7.0	        28.6	        1.11	          48
       26750	        2741	       -40.8	         6.9	        27.8	        0.99	          48
       26760	        2742	       -39.5	         6.9	        27.4	        0.99	          48
       26770	        2743	       -39.5	         6.9	        27.4	        0.99	          48
       26780	        2744	       -38.5	         6.9	        27.0	        0.93	          48
       26790	        2745	       -37.5	         6.9	        26.6	        0.93	          48
       26800	        2746	       -36.8	         6.9	        26.2	        0.89	          48
       26810	        2747	       -35.5	         6.9	        26.0	        0.89	          48
       26820	        2748	       -35.3	         6.8	        25.6	        0.84	          48
       26830	        2749	       -34.8	         6.8	        25.2	        0.77	          48
       26840	        2750	       -34.3	         6.8	        24.8	        0.74	          48
       26850	        2751	       -34.0	         6.8	        24.6	        0.74	          48
       26860	        2752	       -34.0	         6.8	        23.8	        0.71	          48
       26870	        2753	       -34.0	         6.8	        23.8	        0.71	          48
       26880	        2754	       -33.3	         6.8	        23.6	        0.68	          48
       26890	        2755	       -32.5	         6.8	        23.2	        0.68	          48
       26900	        2756	       -32.3	         6.8	        22.8	        0.67	          48
       26910	        2757	       -32.3	         6.8	        22.6	        0.62	          48
       26920	        2758	       -31.0	         6.8	        22.2	        0.53	          48
       26930	        2759	       -29.8	         6.8	        22.0	        0.53	          48
       26940	        2760	       -28.3	         6.8	        21.6	        0.48	          48
       26950	        2761	       -26.3	         6.7	        21.4	        0.48	          48
       26960	        2762	       -25.0	         6.7	        21.2	        0.46	          48
       26970	        2763	       -23.5	         6.7	        21.0	        0.44	          48
       26980	        2764	       -22.8	         6.7	        20.4	        0.52	          48
       26990	        2765	       -22.8	         6.7	        20.4	        0.52	          48
       27000	        2766	       -24.0	         6.7	        20.2	        0.52	          48
       27010	        2767	       -24.3	         6.7	        20.0	        0.57	          48
       27020	        2768	       -25.3	         6.8	        19.8	        0.54	          48
       27030	        2769	       -27.3	         6.8	        19.4	        0.54	          48
       27040	        2770	       -28.0	         6.9	        19.2	        0.59	          48
       27050	        2771	       -29.3	         6.9	        18.8	        0.64	          48
       27060	        2772	       -29.0	         6.9	        18.6	        0.64	          48
       27070	        2773	       -30.0	         6.9	        18.4	        0.63	          48
       27080	        2774	       -29.5	         6.9	        18.0	        0.63	          48
       27090	        2775	       -26.0	         6.8	        17.4	        0.61	          48
       27100	        2776	       -26.0	         6.8	        17.4	        0.61	          48
       27110	        2777	       -25.0	         6.8	        17.2	        0.61	          48
       27120	        2778	       -24.5	         6.8	        17.0	        0.53	          48
       27130	        2779	       -24.0	         6.8	        16.8	        0.52	          48
       27140	        2780	       -23.8	         6.7	        16.6	        0.52	          48
       27150	        2781	       -24.0	         6.7	        16.2	        0.49	          48
       27160	        2782	       -23.8	         6.7	        16.0	        0.49	          48
       27170	        2783	       -23.5	         6.7	        15.8	        0.49	          48
       27180	        2784	       -23.0	         6.6	        15.6	        0.48	          48
       27190	        2785	       -19.8	         6.5	        15.2	        0.47	          48
       27200	        2786	       -18.0	         6.4	        15.0	        0.46	          48
       27210	        2787	       -18.0	         6.4	        15.0	        0.46	          48
       27220	        2788	       -17.0	         6.4	        14.8	        0.46	          48
       27230	        2789	       -15.8	         6.3	        14.6	        0.45	          48
       27240	        2790	       -14.5	         6.3	        14.4	        0.45	          48
       27250	        2791	       -14.5	         6.3	        14.4	        0.44	          48
       27260	        2792	       -14.5	         6.3	        14.2	        0.44	          48
       27270	        2793	       -14.5	         6.2	        14.0	        0.44	          48
       27280	        2794	       -14.5	         6.2	        14.0	        0.43	          48
       27290	        2795	       -14.5	         6.2	        13.8	        0.42	          48
       27300	        2796	       -14.3	         6.2	        13.6	        0.42	          48
       27310	        2797	       -14.5	         6.2	        13.4	        0.42	          48
       27320	        2798	       -12.5	         6.1	        13.2	        0.38	          48
       27330	        2799	       -12.5	         6.1	        13.2	        0.38	          48
       27340	        2800	       -12.0	         6.2	        13.2	        0.37	          48
       27350	        2801	       -13.0	         6.2	        13.0	        0.37	          48
       27360	        2802	       -13.0	         6.2	        12.8	        0.34	          48
       27370	        2803	       -12.8	         6.2	        12.8	        0.36	          48
       27380	        2804	       -13.8	         6.2	        12.6	        0.36	          48
       27390	        2805	       -14.0	         6.2	        12.4	        0.34	          48
       27400	        2806	       -13.3	         6.2	        12.4	        0.34	          48
       27410	        2807	       -11.8	         6.2	        12.2	        0.42	          48
       27420	        2808	       -10.5	         6.1	        12.0	        0.46	          48
       27430	        2809	       -10.3	         6.1	        11.8	        0.45	          48
       27440	        2810	       -10.3	         6.1	        11.8	        0.45	          48
       27450	        2811	       -10.0	         6.1	        11.8	        0.43	          48
       27460	        2812	       -10.3	         6.1	        11.6	        0.43	          48
       27470	        2813	       -10.0	         6.1	        11.6	        0.40	          48
       27480	        2814	       -10.0	         6.1	        11.4	        0.40	          48
       27490	        2815	       -10.0	         6.1	        11.4	        0.38	          48
       27500	        2816	        -9.5	         6.1	        11.2	        0.34	          48
       27510	        2817	        -9.5	         6.1	        11.2	        0.34	          48
       27520	        2818	        -9.0	         6.1	        11.0	        0.30	          48
       27530	        2819	        -9.0	         6.1	        11.0	        0.32	          48
       27540	        2820	        -9.3	         6.1	        11.0	        0.32	          48
       27550	        2821	        -9.5	         6.1	        10.8	        0.46	          48
       27560	        2822	        -9.5	         6.1	        10.8	        0.46	          48
       27570	        2823	        -9.8	         6.1	        10.6	        0.46	          48
       27580	        2824	       -10.0	         6.1	        10.6	        0.46	          48
       27590	        2825	       -10.0	         6.1	        10.4	        0.46	          48
       27600	        2826	        -9.8	         6.1	        10.4	        0.40	          48
       27610	        2827	        -9.5	         6.1	        10.2	        0.32	          48
       27620	        2828	        -9.5	         6.1	        10.2	        0.32	          48
       27630	        2829	        -9.3	         6.1	        10.0	        0.34	          48
       27640	        2830	        -8.5	         6.0	        10.0	        0.34	          48
       27650	        2831	        -8.5	         6.0	         9.8	        0.43	          48
       27660	        2832	        -8.3	         6.0	         9.8	        0.42	          48
       27670	        2833	        -8.3	         6.0	         9.8	        0.42	          48
       27680	        2834	        -8.5	         6.0	         9.6	        0.51	          48
       27690	        2835	        -8.8	         6.0	         9.6	        0.51	          48
       27700	        2836	        -8.5	         6.0	         9.4	        0.51	          48
       27710	        2837	        -8.0	         6.0	         9.4	        0.51	          48
       27720	        2838	        -7.3	         5.9	         9.2	        0.51	          48
       27730	        2839	        -4.8	         5.8	         9.2	        0.51	          48
       27740	        2840	        -2.0	         5.7	         9.2	        0.51	          48
       27750	        2841	        -2.0	         5.7	         9.2	        0.51	          48
       27760	        2842	         0.3	         5.6	         9.2	        0.51	          48
       27770	        2843	         4.0	         5.4	         9.2	        0.51	          48
       27780	        2844	         8.0	         5.2	         9.2	        0.51	          48
       27790	        2845	        13.8	         5.0	         9.2	        0.51	          48
       27800	        2846	        20.0	         4.6	         9.2	        0.51	          48
       27810	        2847	        30.0	         4.1	         0.4	        0.51	          48
       27820	        2849	        45.8	         3.5	         0.8	        0.51	          16
       27830	        2850	        75.5	         2.7	         2.2	        0.99	          16
       27840	        2851	        75.5	         2.7	         2.2	        0.99	          16
       27850	        2852	        85.3	         3.1	         3.0	        0.99	          16
       27860	        2853	       103.3	         3.7	         4.0	        1.58	          16
       27870	        2854	       127.5	         4.2	         5.4	        2.10	          16
       27880	        2855	       134.5	         5.0	         6.6	        2.98	          16
       27890	        2856	       149.5	         6.0	         8.2	        2.98	          16
       27900	        2857	       165.0	         7.1	         9.8	        4.11	          16
       27910	        2858	       187.3	         8.1	        11.8	        4.11	          16
       27920	        2859	       205.0	         8.8	        13.8	        4.74	          16
       27930	        2860	       208.0	         9.3	        15.8	        4.74	          16
       27940	        2861	       224.0	         9.9	        18.0	        5.15	          16
       27950	        2862	       237.0	        10.6	        22.8	        7.02	          16
       27960	        2863	       240.0	        10.9	        25.2	        7.02	          16
       27970	        2864	       240.0	        10.9	        25.2	        7.02	          16
       27980	        2866	       237.3	        11.0	        27.6	        7.62	          16
       27990	        2867	       236.5	        11.3	        29.8	        7.62	          16
       28000	        2868	       232.5	        11.6	        32.2	        8.19	          16
       28010	        2869	       228.8	        12.0	        34.4	        8.19	          16
       28020	        2870	       223.8	        12.4	        36.8	        8.31	          16
       28030	        2871	       217.3	        12.8	        38.8	        8.01	          16
       28040	        2872	       210.5	        13.2	        41.0	        8.01	          16
       28050	        2873	       195.3	        13.8	        45.0	        8.17	          16
       28060	        2874	       195.3	        13.8	        45.0	        8.17	          16
       28070	        2875	       187.5	        14.1	        46.8	        8.17	          16
       28080	        2876	       176.5	        14.4	        48.6	        8.29	          16
       28090	        2877	       165.5	        14.6	        50.2	        8.21	          16
       28100	        2878	       152.5	        14.8	        51.8	        8.21	          16
       28110	        2879	       136.3	        14.9	        53.2	        7.85	          16
       28120	        2880	       124.8	        15.1	        54.4	        7.85	          16
       28130	        2881	       108.0	        15.2	        55.6	        7.47	          16
       28140	        2882	        93.3	        15.3	        56.4	        7.04	          16
       28150	        2883	        76.8	        15.4	        57.2	        7.04	          16
       28160	        2884	        48.8	        15.4	        58.4	        6.33	          16
       28170	        2885	        48.8	        15.4	        58.4	        6.33	          16
       28180	        2886	        35.0	        15.3	        58.6	        6.33	          16
       28190	        2887	        23.5	        15.2	        58.8	        6.02	          16
       28200	        2889	        13.5	        15.1	        59.0	        5.73	          48
       28210	        2890	         7.0	        15.1	        59.2	        5.73	          48
       28220	        2891	        -5.0	        15.1	        59.0	        5.47	          48
       28230	        2892	       -16.3	        14.8	        58.8	        5.47	          48
       28240	        2893	       -31.0	        14.2	        58.6	        5.24	          48
       28250	        2894	       -64.3	        12.6	        57.4	        5.02	          48
       28260	        2895	       -64.3	        12.6	        57.4	        5.02	          48
       28270	        2896	       -75.5	        11.5	        56.8	        4.83	          48
       28280	        2897	       -79.5	        10.4	        56.0	        4.83	          48
       28290	        2898	       -84.5	         9.5	        55.0	        4.65	          48
       28300	        2899	       -84.3	         8.9	        54.2	        4.48	          48
       28310	        2900	       -82.8	         8.5	        53.4	        4.48	          48
       28320	        2901	       -80.0	         8.4	        52.6	        4.33	          48
       28330	        2902	       -84.3	         8.5	        51.8	        4.33	          48
       28340	        2903	       -90.3	         8.7	        50.8	        4.17	          48
       28350	        2904	       -94.5	         8.8	        50.0	        3.93	          48
       28360	        2905	      -101.5	         9.0	        48.0	        3.60	          48
       28370	        2906	      -101.5	         9.0	        48.0	        3.60	          48
       28380	        2907	      -104.0	         8.9	        46.8	        3.60	          48
       28390	        2908	      -104.0	         8.8	        45.8	        3.32	          48
       28400	        2909	      -103.0	         8.6	        44.8	        3.06	          48
       28410	        2910	      -101.8	         8.5	        43.8	        2.89	          48
       28420	        2911	      -100.3	         8.3	        42.8	        2.89	          48
       28430	        2912	       -99.0	         8.2	        41.8	        2.68	          48
       28440	        2913	       -97.5	         8.1	        40.8	        2.68	          48
       28450	        2914	       -94.8	         8.0	        38.8	        2.35	          48
       28460	        2915	       -94.8	         8.0	        38.8	        2.35	          48
       28470	        2916	       -93.3	         7.9	        38.0	        2.35	          48
       28480	        2917	       -91.8	         7.9	        37.0	        2.18	          48
       28490	        2918	       -89.5	         7.9	        36.2	        2.18	          48
       28500	        2919	       -87.8	         7.8	        35.2	        1.98	          48
       28510	        2920	       -86.0	         7.8	        34.4	        1.79	          48
       28520	        2921	       -84.5	         7.7	        33.6	        1.69	          48
       28530	        2922	       -82.8	         7.7	        32.8	        1.69	          48
       28540	        2923	       -81.3	         7.6	        32.0	        1.69	          48
       28550	        2924	       -80.0	         7.6	        31.2	        1.61	          48
       28560	        2925	       -79.5	         7.6	        30.4	        1.51	          48
       28570	        2926	       -78.5	         7.5	        28.8	        1.42	          48
       28580	        2927	       -78.5	         7.5	        28.8	        1.42	          48
       28590	        2928	       -78.8	         7.5	        28.0	        1.30	          48
       28600	        2929	       -78.5	         7.5	        27.2	        1.24	          48
       28610	        2930	       -77.5	         7.4	        26.4	        1.24	          48
       28620	        2931	       -76.5	         7.4	        25.6	        1.13	          48
       28630	        2932	       -75.5	         7.4	        24.8	        1.13	          48
       28640	        2933	       -74.0	         7.3	        24.2	        1.07	          48
       28650	        2934	       -72.8	         7.3	        23.4	        1.07	          48
       28660	        2935	       -71.8	         7.3	        22.8	        1.03	          48
       28670	        2936	       -71.0	         7.2	        22.0	        0.93	          48
       28680	        2937	       -69.5	         7.2	        20.6	        0.95	          48
       28690	        2938	       -69.5	         7.2	        20.6	        0.95	          48
       28700	        2939	       -69.0	         7.1	        20.0	        0.92	          48
       28710	        2940	       -67.3	         7.1	        19.2	        0.92	          48
       28720	        2941	       -65.8	         7.1	        18.6	        0.89	          48
       28730	        2942	       -64.5	         7.0	        18.0	        0.86	          48
       28740	        2943	       -63.0	         7.0	        17.4	        0.86	          48
       28750	        2944	       -60.8	         7.0	        16.6	        0.83	          48
       28760	        2945	       -58.8	         6.9	        16.2	        0.83	          48
       28770	        2946	       -57.5	         6.9	        15.6	        0.81	          48
       28780	        2947	       -56.0	         6.9	        15.0	        0.79	          48
       28790	        2948	       -52.8	         6.8	        14.0	        0.77	          48
       28800	        2949	       -52.8	         6.8	        14.0	        0.77	          48
       28810	        2950	       -52.0	         6.8	        13.4	        0.75	          48
       28820	        2951	       -51.0	         6.8	        12.8	        0.75	          48
       28830	        2952	       -49.3	         6.8	        12.4	        0.78	          48
       28840	        2953	       -47.5	         6.7	        12.0	        0.78	          48
       28850	        2954	       -46.5	         6.7	        11.4	        0.76	          48
       28860	        2955	       -44.5	         6.7	        11.0	        0.75	          48
       28870	        2956	       -42.5	         6.6	        10.6	        0.75	          48
       28880	        2957	       -41.0	         6.6	        10.2	        0.69	          48
       28890	        2958	       -40.0	         6.6	         9.8	        0.66	          48
       28900	        2959	       -38.3	         6.6	         9.0	        0.63	          48
       28910	        2960	       -38.3	         6.6	         9.0	        0.63	          48
       28920	        2961	       -37.5	         6.6	         8.6	        0.63	          48
       28930	        2962	       -36.3	         6.6	         8.2	        0.54	          48
       28940	        2963	       -35.0	         6.6	         7.8	        0.53	          48
       28950	        2964	       -33.5	         6.6	         7.6	        0.53	          48
       28960	        2965	       -32.3	         6.6	         7.2	        0.44	          48
       28970	        2966	       -30.8	         6.6	         7.0	        0.47	          48
       28980	        2967	       -29.5	         6.6	         6.6	        0.47	          48
       28990	        2968	       -28.8	         6.6	         6.4	        0.48	          48
       29000	        2969	       -26.8	         6.6	         5.8	        0.57	          48
       29010	        2970	       -26.8	         6.6	         5.8	        0.57	          48
       29020	        2971	       -26.0	         6.5	         5.6	        0.58	          48
       29030	        2972	       -25.3	         6.5	         5.2	        0.58	          48
       29040	        2973	       -25.0	         6.5	         5.0	        0.68	          48
       29050	        2974	       -24.8	         6.5	         4.8	        0.68	          48
       29060	        2975	       -24.3	         6.5	         4.6	        0.68	          48
       29070	        2976	       -24.3	         6.6	         4.4	        0.65	          48
       29080	        2977	       -24.0	         6.6	         4.0	        0.65	          48
       29090	        2978	       -24.3	         6.5	         3.8	        0.64	          48
       29100	        2979	       -23.3	         6.5	         3.6	        0.64	          48
       29110	        2980	       -22.0	         6.5	         3.2	        0.65	          48
       29120	        2981	       -22.0	         6.5	         3.2	        0.65	          48
       29130	        2982	       -21.5	         6.5	         3.0	        0.60	          48
       29140	        2983	       -20.8	         6.5	         2.8	        0.60	          48
       29150	        2984	       -20.5	         6.5	         2.6	        0.59	          48
       29160	        2985	       -20.5	         6.5	         2.4	        0.59	          48
       29170	        2986	       -20.3	         6.5	         2.2	        0.56	          48
       29180	        2987	       -20.3	         6.5	         2.0	        0.53	          48
       29190	        2988	       -20.3	         6.5	         1.8	        0.53	          48
       29200	        2989	       -20.0	         6.4	         1.6	        0.57	          48
       29210	        2990	       -19.5	         6.4	         1.4	        0.58	          48
       29220	        2991	       -19.0	         6.4	         1.2	        0.58	          48
       29230	        2992	       -18.5	         6.4	         1.0	        0.58	          48
       29240	        2993	       -17.8	         6.4	         0.8	        0.58	          48
       29250	        2994	       -17.3	         6.3	         0.6	        0.58	          48
       29260	        2995	       -16.8	         6.3	         0.4	        0.58	          48
       29270	        2996	       -17.0	         6.3	         0.2	        0.58	          48
       29280	        2997	       -16.3	         6.3	         0.0	        0.58	          48
       29290	        2998	       -16.0	         6.3	         0.0	        0.58	          48
       29300	        2999	       -16.0	         6.2	         0.0	        0.58	          48
       29310	        3000	       -15.0	         6.2	         0.0	        0.58	          48
       29320	        3001	       -11.3	         6.1	         0.0	        0.58	          48
       29330	        3002	       -11.3	         6.1	         0.0	        0.58	          48
       29340	        3003	        -8.8	         5.9	         0.0	        0.63	          48
       29350	        3004	        -5.3	         5.8	         0.0	        0.63	          48
       29360	        3005	        -0.3	         5.6	         0.0	        0.85	          48
       29370	        3006	         5.5	         5.3	         0.0	        0.85	          48
       29380	        3007	        12.5	         5.0	         0.2	        1.46	          48
       29390	        3009	        21.0	         4.6	         0.4	        2.41	          16
       29400	        3010	        35.5	         4.1	         0.8	        2.41	          16
       29410	        3011	        47.0	         3.9	         1.2	        3.49	          16
       29420	        3012	        63.0	         5.2	         2.4	        4.18	          16
       29430	        3013	        63.0	         5.2	         2.4	        4.18	          16
       29440	        3014	        80.5	         5.8	         3.2	        5.20	          16
       29450	        3015	       103.3	         6.1	         4.2	        5.20	          16
       29460	        3016	       116.5	         6.3	         5.4	        5.89	          16
       29470	        3017	       127.0	         6.7	         6.6	        6.12	          16
       29480	        3018	       151.8	         7.2	         8.2	        6.12	          16
       29490	        3019	       164.3	         7.7	         9.8	        6.33	          16
       29500	        3020	       170.3	         8.2	        11.4	        6.92	          16
       29510	        3021	       174.5	         8.5	        13.2	        6.92	          16
       29520	        3022	       179.8	         8.7	        15.0	        7.61	          16
       29530	        3023	       189.3	         9.0	        17.0	        8.65	          16
       29540	        3024	       194.8	         9.5	        20.8	        9.19	          16
       29550	        3025	       196.5	         9.9	        22.8	        9.19	          16
       29560	        3026	       196.5	         9.9	        22.8	        9.19	          16
       29570	        3027	       192.0	        10.4	        24.6	        9.28	          16
       29580	        3029	       189.8	        10.9	        26.6	        9.28	          16
       29590	        3030	       187.5	        11.3	        28.4	        9.76	          16
       29600	        3031	       186.0	        11.7	        30.2	       10.10	          16
       29610	        3032	       181.5	        12.0	        32.0	       10.10	          16
       29620	        3033	       178.0	        12.3	        33.8	       10.00	          16
       29630	        3034	       172.3	        12.6	        35.6	        9.55	          16
       29640	        3035	       164.8	        12.9	        37.2	        9.00	          16
       29650	        3036	       156.3	        13.1	        38.8	        9.00	          16
       29660	        3037	       144.3	        13.4	        40.2	        8.40	          16
       29670	        3038	       132.0	        13.6	        41.6	        8.40	          16
       29680	        3039	       117.0	        13.9	        42.8	        7.91	          16
       29690	        3040	       102.5	        14.1	        43.8	        7.91	          16
       29700	        3041	        86.8	        14.3	        44.6	        7.46	          16
       29710	        3042	        77.3	        14.4	        45.4	        7.04	          16
       29720	        3044	        67.0	        14.4	        46.0	        7.04	          48
       29730	        3045	        32.5	        14.0	        47.0	        6.33	          48
       29740	        3046	        32.5	        14.0	        47.0	        6.33	          48
       29750	        3047	        13.8	        14.0	        47.0	        6.33	          48
       29760	        3048	       -11.0	        13.8	        47.0	        6.02	          48
       29770	        3049	       -41.0	        13.5	        46.6	        6.02	          48
       29780	        3050	       -68.3	        12.8	        45.8	        5.74	          48
       29790	        3051	       -84.5	        12.0	        45.0	        5.48	          48
